[2025-03-31T13:45:43.950+0000] {local_task_job_runner.py:123} INFO - ::group::Pre task execution logs
[2025-03-31T13:45:43.973+0000] {taskinstance.py:2612} INFO - Dependencies all met for dep_context=non-requeueable deps ti=<TaskInstance: forecast_sales_dag.forecast_aggregate_sales manual__2025-03-31T13:45:40.444259+00:00 [queued]>
[2025-03-31T13:45:43.987+0000] {taskinstance.py:2612} INFO - Dependencies all met for dep_context=requeueable deps ti=<TaskInstance: forecast_sales_dag.forecast_aggregate_sales manual__2025-03-31T13:45:40.444259+00:00 [queued]>
[2025-03-31T13:45:43.990+0000] {taskinstance.py:2865} INFO - Starting attempt 1 of 2
[2025-03-31T13:45:44.030+0000] {taskinstance.py:2888} INFO - Executing <Task(PythonOperator): forecast_aggregate_sales> on 2025-03-31 13:45:40.444259+00:00
[2025-03-31T13:45:44.040+0000] {standard_task_runner.py:72} INFO - Started process 5186 to run task
[2025-03-31T13:45:44.046+0000] {standard_task_runner.py:104} INFO - Running: ['***', 'tasks', 'run', 'forecast_sales_dag', 'forecast_aggregate_sales', 'manual__2025-03-31T13:45:40.444259+00:00', '--job-id', '310', '--raw', '--subdir', 'DAGS_FOLDER/forecast_etl.py', '--cfg-path', '/tmp/tmpjvvezkvw']
[2025-03-31T13:45:44.052+0000] {standard_task_runner.py:105} INFO - Job 310: Subtask forecast_aggregate_sales
[2025-03-31T13:45:44.153+0000] {task_command.py:467} INFO - Running <TaskInstance: forecast_sales_dag.forecast_aggregate_sales manual__2025-03-31T13:45:40.444259+00:00 [running]> on host 2eb76630dc09
[2025-03-31T13:45:44.307+0000] {taskinstance.py:3131} INFO - Exporting env vars: AIRFLOW_CTX_DAG_OWNER='***' AIRFLOW_CTX_DAG_ID='forecast_sales_dag' AIRFLOW_CTX_TASK_ID='forecast_aggregate_sales' AIRFLOW_CTX_EXECUTION_DATE='2025-03-31T13:45:40.444259+00:00' AIRFLOW_CTX_TRY_NUMBER='1' AIRFLOW_CTX_DAG_RUN_ID='manual__2025-03-31T13:45:40.444259+00:00'
[2025-03-31T13:45:44.310+0000] {logging_mixin.py:190} INFO - Task instance is in running state
[2025-03-31T13:45:44.314+0000] {logging_mixin.py:190} INFO -  Previous state of the Task instance: queued
[2025-03-31T13:45:44.316+0000] {logging_mixin.py:190} INFO - Current task name:forecast_aggregate_sales state:running start_date:2025-03-31 13:45:43.976106+00:00
[2025-03-31T13:45:44.319+0000] {logging_mixin.py:190} INFO - Dag name:forecast_sales_dag and current dag run status:running
[2025-03-31T13:45:44.322+0000] {taskinstance.py:731} INFO - ::endgroup::
[2025-03-31T13:45:44.408+0000] {forecaster.py:961} INFO - Disabling daily seasonality. Run prophet with daily_seasonality=True to override this.
[2025-03-31T13:45:44.439+0000] {filesystem.py:118} DEBUG - input tempfile: /tmp/tmpz13tqqgv/mh7j5kte.json
[2025-03-31T13:45:44.591+0000] {filesystem.py:118} DEBUG - input tempfile: /tmp/tmpz13tqqgv/wwhtvp2z.json
[2025-03-31T13:45:44.595+0000] {model.py:2042} DEBUG - idx 0
[2025-03-31T13:45:44.598+0000] {model.py:2043} DEBUG - running CmdStan, num_threads: None
[2025-03-31T13:45:44.600+0000] {model.py:2055} DEBUG - CmdStan args: ['/home/***/.local/lib/python3.9/site-packages/prophet/stan_model/prophet_model.bin', 'random', 'seed=27078', 'data', 'file=/tmp/tmpz13tqqgv/mh7j5kte.json', 'init=/tmp/tmpz13tqqgv/wwhtvp2z.json', 'output', 'file=/tmp/tmpz13tqqgv/prophet_modelvm754aio/prophet_model-20250331134544.csv', 'method=optimize', 'algorithm=lbfgs', 'iter=10000']
[2025-03-31T13:45:44.602+0000] {logging_mixin.py:190} WARNING - 13:45:44 - cmdstanpy - INFO - Chain [1] start processing
[2025-03-31T13:45:44.602+0000] {model.py:2058} INFO - Chain [1] start processing
[2025-03-31T13:45:44.669+0000] {logging_mixin.py:190} WARNING - 13:45:44 - cmdstanpy - INFO - Chain [1] done processing
[2025-03-31T13:45:44.668+0000] {model.py:2115} INFO - Chain [1] done processing
[2025-03-31T13:45:45.147+0000] {logging_mixin.py:190} INFO - Aggregate sales forecast completed and results saved.
[2025-03-31T13:45:45.149+0000] {python.py:240} INFO - Done. Returned value was: None
[2025-03-31T13:45:45.163+0000] {taskinstance.py:340} INFO - ::group::Post task execution logs
[2025-03-31T13:45:45.165+0000] {taskinstance.py:352} INFO - Marking task as SUCCESS. dag_id=forecast_sales_dag, task_id=forecast_aggregate_sales, run_id=manual__2025-03-31T13:45:40.444259+00:00, execution_date=20250331T134540, start_date=20250331T134543, end_date=20250331T134545
[2025-03-31T13:45:45.202+0000] {logging_mixin.py:190} INFO - Task instance in success state
[2025-03-31T13:45:45.205+0000] {logging_mixin.py:190} INFO -  Previous state of the Task instance: running
[2025-03-31T13:45:45.207+0000] {logging_mixin.py:190} INFO - Dag name:forecast_sales_dag queued_at:2025-03-31 13:45:40.463362+00:00
[2025-03-31T13:45:45.209+0000] {logging_mixin.py:190} INFO - Task hostname:2eb76630dc09 operator:PythonOperator
[2025-03-31T13:45:45.235+0000] {local_task_job_runner.py:266} INFO - Task exited with return code 0
[2025-03-31T13:45:45.261+0000] {taskinstance.py:3900} INFO - 1 downstream tasks scheduled from follow-on schedule check
[2025-03-31T13:45:45.293+0000] {local_task_job_runner.py:245} INFO - ::endgroup::
