[2025-03-31T13:09:43.035+0000] {local_task_job_runner.py:123} INFO - ::group::Pre task execution logs
[2025-03-31T13:09:43.053+0000] {taskinstance.py:2612} INFO - Dependencies all met for dep_context=non-requeueable deps ti=<TaskInstance: forecast_sales_dag.forecast_aggregate_sales manual__2025-03-31T13:04:34.642613+00:00 [queued]>
[2025-03-31T13:09:43.064+0000] {taskinstance.py:2612} INFO - Dependencies all met for dep_context=requeueable deps ti=<TaskInstance: forecast_sales_dag.forecast_aggregate_sales manual__2025-03-31T13:04:34.642613+00:00 [queued]>
[2025-03-31T13:09:43.113+0000] {taskinstance.py:2865} INFO - Starting attempt 2 of 2
[2025-03-31T13:09:43.187+0000] {taskinstance.py:2888} INFO - Executing <Task(PythonOperator): forecast_aggregate_sales> on 2025-03-31 13:04:34.642613+00:00
[2025-03-31T13:09:43.203+0000] {standard_task_runner.py:72} INFO - Started process 4299 to run task
[2025-03-31T13:09:43.211+0000] {standard_task_runner.py:104} INFO - Running: ['***', 'tasks', 'run', 'forecast_sales_dag', 'forecast_aggregate_sales', 'manual__2025-03-31T13:04:34.642613+00:00', '--job-id', '279', '--raw', '--subdir', 'DAGS_FOLDER/forecast_etl.py', '--cfg-path', '/tmp/tmprpwj3npv']
[2025-03-31T13:09:43.215+0000] {standard_task_runner.py:105} INFO - Job 279: Subtask forecast_aggregate_sales
[2025-03-31T13:09:43.359+0000] {task_command.py:467} INFO - Running <TaskInstance: forecast_sales_dag.forecast_aggregate_sales manual__2025-03-31T13:04:34.642613+00:00 [running]> on host 2eb76630dc09
[2025-03-31T13:09:43.526+0000] {taskinstance.py:3131} INFO - Exporting env vars: AIRFLOW_CTX_DAG_OWNER='***' AIRFLOW_CTX_DAG_ID='forecast_sales_dag' AIRFLOW_CTX_TASK_ID='forecast_aggregate_sales' AIRFLOW_CTX_EXECUTION_DATE='2025-03-31T13:04:34.642613+00:00' AIRFLOW_CTX_TRY_NUMBER='2' AIRFLOW_CTX_DAG_RUN_ID='manual__2025-03-31T13:04:34.642613+00:00'
[2025-03-31T13:09:43.530+0000] {logging_mixin.py:190} INFO - Task instance is in running state
[2025-03-31T13:09:43.533+0000] {logging_mixin.py:190} INFO -  Previous state of the Task instance: queued
[2025-03-31T13:09:43.535+0000] {logging_mixin.py:190} INFO - Current task name:forecast_aggregate_sales state:running start_date:2025-03-31 13:09:43.055508+00:00
[2025-03-31T13:09:43.537+0000] {logging_mixin.py:190} INFO - Dag name:forecast_sales_dag and current dag run status:running
[2025-03-31T13:09:43.540+0000] {taskinstance.py:731} INFO - ::endgroup::
[2025-03-31T13:09:43.610+0000] {forecaster.py:961} INFO - Disabling daily seasonality. Run prophet with daily_seasonality=True to override this.
[2025-03-31T13:09:43.639+0000] {filesystem.py:118} DEBUG - input tempfile: /tmp/tmpar98ssrk/xng6sq0l.json
[2025-03-31T13:09:43.744+0000] {filesystem.py:118} DEBUG - input tempfile: /tmp/tmpar98ssrk/oqcau7_9.json
[2025-03-31T13:09:43.747+0000] {model.py:2042} DEBUG - idx 0
[2025-03-31T13:09:43.749+0000] {model.py:2043} DEBUG - running CmdStan, num_threads: None
[2025-03-31T13:09:43.751+0000] {model.py:2055} DEBUG - CmdStan args: ['/home/***/.local/lib/python3.9/site-packages/prophet/stan_model/prophet_model.bin', 'random', 'seed=28023', 'data', 'file=/tmp/tmpar98ssrk/xng6sq0l.json', 'init=/tmp/tmpar98ssrk/oqcau7_9.json', 'output', 'file=/tmp/tmpar98ssrk/prophet_model49djyj5z/prophet_model-20250331130943.csv', 'method=optimize', 'algorithm=lbfgs', 'iter=10000']
[2025-03-31T13:09:43.753+0000] {logging_mixin.py:190} WARNING - 13:09:43 - cmdstanpy - INFO - Chain [1] start processing
[2025-03-31T13:09:43.753+0000] {model.py:2058} INFO - Chain [1] start processing
[2025-03-31T13:09:43.815+0000] {logging_mixin.py:190} WARNING - 13:09:43 - cmdstanpy - INFO - Chain [1] done processing
[2025-03-31T13:09:43.815+0000] {model.py:2115} INFO - Chain [1] done processing
[2025-03-31T13:09:44.258+0000] {logging_mixin.py:190} INFO - Aggregate sales forecast completed and results saved.
[2025-03-31T13:09:44.261+0000] {python.py:240} INFO - Done. Returned value was: None
[2025-03-31T13:09:44.285+0000] {taskinstance.py:340} INFO - ::group::Post task execution logs
[2025-03-31T13:09:44.289+0000] {taskinstance.py:352} INFO - Marking task as SUCCESS. dag_id=forecast_sales_dag, task_id=forecast_aggregate_sales, run_id=manual__2025-03-31T13:04:34.642613+00:00, execution_date=20250331T130434, start_date=20250331T130943, end_date=20250331T130944
[2025-03-31T13:09:44.334+0000] {logging_mixin.py:190} INFO - Task instance in success state
[2025-03-31T13:09:44.338+0000] {logging_mixin.py:190} INFO -  Previous state of the Task instance: running
[2025-03-31T13:09:44.342+0000] {logging_mixin.py:190} INFO - Dag name:forecast_sales_dag queued_at:2025-03-31 13:04:34.663426+00:00
[2025-03-31T13:09:44.345+0000] {logging_mixin.py:190} INFO - Task hostname:2eb76630dc09 operator:PythonOperator
[2025-03-31T13:09:44.378+0000] {local_task_job_runner.py:266} INFO - Task exited with return code 0
[2025-03-31T13:09:44.431+0000] {taskinstance.py:3900} INFO - 1 downstream tasks scheduled from follow-on schedule check
[2025-03-31T13:09:44.456+0000] {local_task_job_runner.py:245} INFO - ::endgroup::
