[2025-05-21T20:27:16.679+0000] {local_task_job_runner.py:123} INFO - ::group::Pre task execution logs
[2025-05-21T20:27:16.702+0000] {taskinstance.py:2612} INFO - Dependencies all met for dep_context=non-requeueable deps ti=<TaskInstance: superstore_dag.compare_and_save_records manual__2025-05-21T20:27:07.342752+00:00 [queued]>
[2025-05-21T20:27:16.716+0000] {taskinstance.py:2612} INFO - Dependencies all met for dep_context=requeueable deps ti=<TaskInstance: superstore_dag.compare_and_save_records manual__2025-05-21T20:27:07.342752+00:00 [queued]>
[2025-05-21T20:27:16.721+0000] {taskinstance.py:2865} INFO - Starting attempt 1 of 2
[2025-05-21T20:27:16.759+0000] {taskinstance.py:2888} INFO - Executing <Task(PythonOperator): compare_and_save_records> on 2025-05-21 20:27:07.342752+00:00
[2025-05-21T20:27:16.768+0000] {standard_task_runner.py:72} INFO - Started process 105 to run task
[2025-05-21T20:27:16.773+0000] {standard_task_runner.py:104} INFO - Running: ['***', 'tasks', 'run', 'superstore_dag', 'compare_and_save_records', 'manual__2025-05-21T20:27:07.342752+00:00', '--job-id', '344', '--raw', '--subdir', 'DAGS_FOLDER/superstore_dag.py', '--cfg-path', '/tmp/tmp_biu8tq7']
[2025-05-21T20:27:16.777+0000] {standard_task_runner.py:105} INFO - Job 344: Subtask compare_and_save_records
[2025-05-21T20:27:16.859+0000] {task_command.py:467} INFO - Running <TaskInstance: superstore_dag.compare_and_save_records manual__2025-05-21T20:27:07.342752+00:00 [running]> on host f99110ea561c
[2025-05-21T20:27:16.994+0000] {taskinstance.py:3131} INFO - Exporting env vars: AIRFLOW_CTX_DAG_OWNER='***' AIRFLOW_CTX_DAG_ID='superstore_dag' AIRFLOW_CTX_TASK_ID='compare_and_save_records' AIRFLOW_CTX_EXECUTION_DATE='2025-05-21T20:27:07.342752+00:00' AIRFLOW_CTX_TRY_NUMBER='1' AIRFLOW_CTX_DAG_RUN_ID='manual__2025-05-21T20:27:07.342752+00:00'
[2025-05-21T20:27:16.998+0000] {logging_mixin.py:190} INFO - Task instance is in running state
[2025-05-21T20:27:17.000+0000] {logging_mixin.py:190} INFO -  Previous state of the Task instance: queued
[2025-05-21T20:27:17.003+0000] {logging_mixin.py:190} INFO - Current task name:compare_and_save_records state:running start_date:2025-05-21 20:27:16.705033+00:00
[2025-05-21T20:27:17.005+0000] {logging_mixin.py:190} INFO - Dag name:superstore_dag and current dag run status:running
[2025-05-21T20:27:17.007+0000] {taskinstance.py:731} INFO - ::endgroup::
[2025-05-21T20:27:17.711+0000] {logging_mixin.py:190} INFO - Number of new records/rows added: 0
[2025-05-21T20:27:17.713+0000] {logging_mixin.py:190} INFO - Number of old records modified: 0
[2025-05-21T20:27:17.979+0000] {python.py:240} INFO - Done. Returned value was:       Row ID        Order ID  Order Date  ... Quantity Discount    Profit
0          1  CA-2016-152156  2016-11-08  ...        2     0.00   41.9136
1          2  CA-2016-152156  2016-11-08  ...        3     0.00  219.5820
2          3  CA-2016-138688  2016-06-12  ...        2     0.00    6.8714
3          4  US-2015-108966  2015-10-11  ...        5     0.45 -383.0310
4          5  US-2015-108966  2015-10-11  ...        2     0.20    2.5164
...      ...             ...         ...  ...      ...      ...       ...
9989    9990  CA-2014-110422  2014-01-21  ...        3     0.20    4.1028
9990    9991  CA-2017-121258  2017-02-26  ...        2     0.00   15.6332
9991    9992  CA-2017-121258  2017-02-26  ...        2     0.20   19.3932
9992    9993  CA-2017-121258  2017-02-26  ...        4     0.00   13.3200
9993    9994  CA-2017-119914  2017-05-04  ...        2     0.00   72.9480

[9994 rows x 21 columns]
[2025-05-21T20:27:18.167+0000] {taskinstance.py:340} INFO - ::group::Post task execution logs
[2025-05-21T20:27:18.170+0000] {taskinstance.py:352} INFO - Marking task as SUCCESS. dag_id=superstore_dag, task_id=compare_and_save_records, run_id=manual__2025-05-21T20:27:07.342752+00:00, execution_date=20250521T202707, start_date=20250521T202716, end_date=20250521T202718
[2025-05-21T20:27:18.207+0000] {logging_mixin.py:190} INFO - Task instance in success state
[2025-05-21T20:27:18.211+0000] {logging_mixin.py:190} INFO -  Previous state of the Task instance: running
[2025-05-21T20:27:18.213+0000] {logging_mixin.py:190} INFO - Dag name:superstore_dag queued_at:2025-05-21 20:27:07.370739+00:00
[2025-05-21T20:27:18.216+0000] {logging_mixin.py:190} INFO - Task hostname:f99110ea561c operator:PythonOperator
[2025-05-21T20:27:18.237+0000] {local_task_job_runner.py:266} INFO - Task exited with return code 0
[2025-05-21T20:27:18.270+0000] {taskinstance.py:3900} INFO - 1 downstream tasks scheduled from follow-on schedule check
[2025-05-21T20:27:18.293+0000] {local_task_job_runner.py:245} INFO - ::endgroup::
