[2025-03-28T07:02:27.845+0000] {local_task_job_runner.py:123} INFO - ::group::Pre task execution logs
[2025-03-28T07:02:27.866+0000] {taskinstance.py:2612} INFO - Dependencies all met for dep_context=non-requeueable deps ti=<TaskInstance: superstore_dag.write_data_to_csv manual__2025-03-28T07:02:16.574940+00:00 [queued]>
[2025-03-28T07:02:27.880+0000] {taskinstance.py:2612} INFO - Dependencies all met for dep_context=requeueable deps ti=<TaskInstance: superstore_dag.write_data_to_csv manual__2025-03-28T07:02:16.574940+00:00 [queued]>
[2025-03-28T07:02:27.885+0000] {taskinstance.py:2865} INFO - Starting attempt 1 of 2
[2025-03-28T07:02:27.926+0000] {taskinstance.py:2888} INFO - Executing <Task(PythonOperator): write_data_to_csv> on 2025-03-28 07:02:16.574940+00:00
[2025-03-28T07:02:27.936+0000] {standard_task_runner.py:72} INFO - Started process 639 to run task
[2025-03-28T07:02:27.940+0000] {standard_task_runner.py:104} INFO - Running: ['***', 'tasks', 'run', 'superstore_dag', 'write_data_to_csv', 'manual__2025-03-28T07:02:16.574940+00:00', '--job-id', '49', '--raw', '--subdir', 'DAGS_FOLDER/superstore_dag.py', '--cfg-path', '/tmp/tmpehk6fhsy']
[2025-03-28T07:02:27.945+0000] {standard_task_runner.py:105} INFO - Job 49: Subtask write_data_to_csv
[2025-03-28T07:02:28.035+0000] {task_command.py:467} INFO - Running <TaskInstance: superstore_dag.write_data_to_csv manual__2025-03-28T07:02:16.574940+00:00 [running]> on host e0cefe7bdbf4
[2025-03-28T07:02:28.186+0000] {taskinstance.py:3131} INFO - Exporting env vars: AIRFLOW_CTX_DAG_OWNER='***' AIRFLOW_CTX_DAG_ID='superstore_dag' AIRFLOW_CTX_TASK_ID='write_data_to_csv' AIRFLOW_CTX_EXECUTION_DATE='2025-03-28T07:02:16.574940+00:00' AIRFLOW_CTX_TRY_NUMBER='1' AIRFLOW_CTX_DAG_RUN_ID='manual__2025-03-28T07:02:16.574940+00:00'
[2025-03-28T07:02:28.190+0000] {logging_mixin.py:190} INFO - Task instance is in running state
[2025-03-28T07:02:28.193+0000] {logging_mixin.py:190} INFO -  Previous state of the Task instance: queued
[2025-03-28T07:02:28.196+0000] {logging_mixin.py:190} INFO - Current task name:write_data_to_csv state:running start_date:2025-03-28 07:02:27.869085+00:00
[2025-03-28T07:02:28.198+0000] {logging_mixin.py:190} INFO - Dag name:superstore_dag and current dag run status:running
[2025-03-28T07:02:28.200+0000] {taskinstance.py:731} INFO - ::endgroup::
[2025-03-28T07:02:28.383+0000] {logging_mixin.py:190} INFO - Fact and dimension tables saved as CSV in the extract folder.
[2025-03-28T07:02:28.387+0000] {python.py:240} INFO - Done. Returned value was: None
[2025-03-28T07:02:28.400+0000] {taskinstance.py:340} INFO - ::group::Post task execution logs
[2025-03-28T07:02:28.404+0000] {taskinstance.py:352} INFO - Marking task as SUCCESS. dag_id=superstore_dag, task_id=write_data_to_csv, run_id=manual__2025-03-28T07:02:16.574940+00:00, execution_date=20250328T070216, start_date=20250328T070227, end_date=20250328T070228
[2025-03-28T07:02:28.441+0000] {logging_mixin.py:190} INFO - Task instance in success state
[2025-03-28T07:02:28.445+0000] {logging_mixin.py:190} INFO -  Previous state of the Task instance: running
[2025-03-28T07:02:28.447+0000] {logging_mixin.py:190} INFO - Dag name:superstore_dag queued_at:2025-03-28 07:02:16.588237+00:00
[2025-03-28T07:02:28.449+0000] {logging_mixin.py:190} INFO - Task hostname:e0cefe7bdbf4 operator:PythonOperator
[2025-03-28T07:02:28.477+0000] {local_task_job_runner.py:266} INFO - Task exited with return code 0
[2025-03-28T07:02:28.507+0000] {taskinstance.py:3900} INFO - 1 downstream tasks scheduled from follow-on schedule check
[2025-03-28T07:02:28.530+0000] {local_task_job_runner.py:245} INFO - ::endgroup::
