[2025-03-31T13:49:29.869+0000] {local_task_job_runner.py:123} INFO - ::group::Pre task execution logs
[2025-03-31T13:49:29.890+0000] {taskinstance.py:2612} INFO - Dependencies all met for dep_context=non-requeueable deps ti=<TaskInstance: forecast_sales_dag.forecast_aggregate_sales manual__2025-03-31T13:49:25.727436+00:00 [queued]>
[2025-03-31T13:49:29.905+0000] {taskinstance.py:2612} INFO - Dependencies all met for dep_context=requeueable deps ti=<TaskInstance: forecast_sales_dag.forecast_aggregate_sales manual__2025-03-31T13:49:25.727436+00:00 [queued]>
[2025-03-31T13:49:29.908+0000] {taskinstance.py:2865} INFO - Starting attempt 1 of 2
[2025-03-31T13:49:29.962+0000] {taskinstance.py:2888} INFO - Executing <Task(PythonOperator): forecast_aggregate_sales> on 2025-03-31 13:49:25.727436+00:00
[2025-03-31T13:49:29.972+0000] {standard_task_runner.py:72} INFO - Started process 5317 to run task
[2025-03-31T13:49:29.977+0000] {standard_task_runner.py:104} INFO - Running: ['***', 'tasks', 'run', 'forecast_sales_dag', 'forecast_aggregate_sales', 'manual__2025-03-31T13:49:25.727436+00:00', '--job-id', '316', '--raw', '--subdir', 'DAGS_FOLDER/forecast_etl.py', '--cfg-path', '/tmp/tmp2psx3qk9']
[2025-03-31T13:49:29.981+0000] {standard_task_runner.py:105} INFO - Job 316: Subtask forecast_aggregate_sales
[2025-03-31T13:49:30.062+0000] {task_command.py:467} INFO - Running <TaskInstance: forecast_sales_dag.forecast_aggregate_sales manual__2025-03-31T13:49:25.727436+00:00 [running]> on host 2eb76630dc09
[2025-03-31T13:49:30.195+0000] {taskinstance.py:3131} INFO - Exporting env vars: AIRFLOW_CTX_DAG_OWNER='***' AIRFLOW_CTX_DAG_ID='forecast_sales_dag' AIRFLOW_CTX_TASK_ID='forecast_aggregate_sales' AIRFLOW_CTX_EXECUTION_DATE='2025-03-31T13:49:25.727436+00:00' AIRFLOW_CTX_TRY_NUMBER='1' AIRFLOW_CTX_DAG_RUN_ID='manual__2025-03-31T13:49:25.727436+00:00'
[2025-03-31T13:49:30.198+0000] {logging_mixin.py:190} INFO - Task instance is in running state
[2025-03-31T13:49:30.200+0000] {logging_mixin.py:190} INFO -  Previous state of the Task instance: queued
[2025-03-31T13:49:30.202+0000] {logging_mixin.py:190} INFO - Current task name:forecast_aggregate_sales state:running start_date:2025-03-31 13:49:29.892830+00:00
[2025-03-31T13:49:30.204+0000] {logging_mixin.py:190} INFO - Dag name:forecast_sales_dag and current dag run status:running
[2025-03-31T13:49:30.206+0000] {taskinstance.py:731} INFO - ::endgroup::
[2025-03-31T13:49:30.286+0000] {forecaster.py:961} INFO - Disabling daily seasonality. Run prophet with daily_seasonality=True to override this.
[2025-03-31T13:49:30.317+0000] {filesystem.py:118} DEBUG - input tempfile: /tmp/tmpu73it51u/bkayouri.json
[2025-03-31T13:49:30.429+0000] {filesystem.py:118} DEBUG - input tempfile: /tmp/tmpu73it51u/z5i1_d8f.json
[2025-03-31T13:49:30.433+0000] {model.py:2042} DEBUG - idx 0
[2025-03-31T13:49:30.435+0000] {model.py:2043} DEBUG - running CmdStan, num_threads: None
[2025-03-31T13:49:30.437+0000] {model.py:2055} DEBUG - CmdStan args: ['/home/***/.local/lib/python3.9/site-packages/prophet/stan_model/prophet_model.bin', 'random', 'seed=42016', 'data', 'file=/tmp/tmpu73it51u/bkayouri.json', 'init=/tmp/tmpu73it51u/z5i1_d8f.json', 'output', 'file=/tmp/tmpu73it51u/prophet_model11hm5zfw/prophet_model-20250331134930.csv', 'method=optimize', 'algorithm=lbfgs', 'iter=10000']
[2025-03-31T13:49:30.440+0000] {logging_mixin.py:190} WARNING - 13:49:30 - cmdstanpy - INFO - Chain [1] start processing
[2025-03-31T13:49:30.440+0000] {model.py:2058} INFO - Chain [1] start processing
[2025-03-31T13:49:30.508+0000] {logging_mixin.py:190} WARNING - 13:49:30 - cmdstanpy - INFO - Chain [1] done processing
[2025-03-31T13:49:30.508+0000] {model.py:2115} INFO - Chain [1] done processing
[2025-03-31T13:49:31.105+0000] {logging_mixin.py:190} INFO - Aggregate sales forecast completed and results saved.
[2025-03-31T13:49:31.111+0000] {python.py:240} INFO - Done. Returned value was: None
[2025-03-31T13:49:31.145+0000] {taskinstance.py:340} INFO - ::group::Post task execution logs
[2025-03-31T13:49:31.149+0000] {taskinstance.py:352} INFO - Marking task as SUCCESS. dag_id=forecast_sales_dag, task_id=forecast_aggregate_sales, run_id=manual__2025-03-31T13:49:25.727436+00:00, execution_date=20250331T134925, start_date=20250331T134929, end_date=20250331T134931
[2025-03-31T13:49:31.204+0000] {logging_mixin.py:190} INFO - Task instance in success state
[2025-03-31T13:49:31.210+0000] {logging_mixin.py:190} INFO -  Previous state of the Task instance: running
[2025-03-31T13:49:31.215+0000] {logging_mixin.py:190} INFO - Dag name:forecast_sales_dag queued_at:2025-03-31 13:49:25.743064+00:00
[2025-03-31T13:49:31.219+0000] {logging_mixin.py:190} INFO - Task hostname:2eb76630dc09 operator:PythonOperator
[2025-03-31T13:49:31.251+0000] {local_task_job_runner.py:266} INFO - Task exited with return code 0
[2025-03-31T13:49:31.281+0000] {taskinstance.py:3900} INFO - 1 downstream tasks scheduled from follow-on schedule check
[2025-03-31T13:49:31.303+0000] {local_task_job_runner.py:245} INFO - ::endgroup::
