[2025-03-31T13:30:03.270+0000] {local_task_job_runner.py:123} INFO - ::group::Pre task execution logs
[2025-03-31T13:30:03.288+0000] {taskinstance.py:2612} INFO - Dependencies all met for dep_context=non-requeueable deps ti=<TaskInstance: forecast_sales_dag.forecast_aggregate_sales manual__2025-03-31T13:29:59.979272+00:00 [queued]>
[2025-03-31T13:30:03.299+0000] {taskinstance.py:2612} INFO - Dependencies all met for dep_context=requeueable deps ti=<TaskInstance: forecast_sales_dag.forecast_aggregate_sales manual__2025-03-31T13:29:59.979272+00:00 [queued]>
[2025-03-31T13:30:03.303+0000] {taskinstance.py:2865} INFO - Starting attempt 1 of 2
[2025-03-31T13:30:03.341+0000] {taskinstance.py:2888} INFO - Executing <Task(PythonOperator): forecast_aggregate_sales> on 2025-03-31 13:29:59.979272+00:00
[2025-03-31T13:30:03.350+0000] {standard_task_runner.py:72} INFO - Started process 4806 to run task
[2025-03-31T13:30:03.355+0000] {standard_task_runner.py:104} INFO - Running: ['***', 'tasks', 'run', 'forecast_sales_dag', 'forecast_aggregate_sales', 'manual__2025-03-31T13:29:59.979272+00:00', '--job-id', '297', '--raw', '--subdir', 'DAGS_FOLDER/forecast_etl.py', '--cfg-path', '/tmp/tmp8g00kkrk']
[2025-03-31T13:30:03.359+0000] {standard_task_runner.py:105} INFO - Job 297: Subtask forecast_aggregate_sales
[2025-03-31T13:30:03.441+0000] {task_command.py:467} INFO - Running <TaskInstance: forecast_sales_dag.forecast_aggregate_sales manual__2025-03-31T13:29:59.979272+00:00 [running]> on host 2eb76630dc09
[2025-03-31T13:30:03.627+0000] {taskinstance.py:3131} INFO - Exporting env vars: AIRFLOW_CTX_DAG_OWNER='***' AIRFLOW_CTX_DAG_ID='forecast_sales_dag' AIRFLOW_CTX_TASK_ID='forecast_aggregate_sales' AIRFLOW_CTX_EXECUTION_DATE='2025-03-31T13:29:59.979272+00:00' AIRFLOW_CTX_TRY_NUMBER='1' AIRFLOW_CTX_DAG_RUN_ID='manual__2025-03-31T13:29:59.979272+00:00'
[2025-03-31T13:30:03.630+0000] {logging_mixin.py:190} INFO - Task instance is in running state
[2025-03-31T13:30:03.632+0000] {logging_mixin.py:190} INFO -  Previous state of the Task instance: queued
[2025-03-31T13:30:03.634+0000] {logging_mixin.py:190} INFO - Current task name:forecast_aggregate_sales state:running start_date:2025-03-31 13:30:03.291187+00:00
[2025-03-31T13:30:03.635+0000] {logging_mixin.py:190} INFO - Dag name:forecast_sales_dag and current dag run status:running
[2025-03-31T13:30:03.638+0000] {taskinstance.py:731} INFO - ::endgroup::
[2025-03-31T13:30:03.702+0000] {forecaster.py:961} INFO - Disabling daily seasonality. Run prophet with daily_seasonality=True to override this.
[2025-03-31T13:30:03.730+0000] {filesystem.py:118} DEBUG - input tempfile: /tmp/tmp3f7dwkeq/ufkyvz5x.json
[2025-03-31T13:30:03.834+0000] {filesystem.py:118} DEBUG - input tempfile: /tmp/tmp3f7dwkeq/m8eigvib.json
[2025-03-31T13:30:03.837+0000] {model.py:2042} DEBUG - idx 0
[2025-03-31T13:30:03.839+0000] {model.py:2043} DEBUG - running CmdStan, num_threads: None
[2025-03-31T13:30:03.841+0000] {model.py:2055} DEBUG - CmdStan args: ['/home/***/.local/lib/python3.9/site-packages/prophet/stan_model/prophet_model.bin', 'random', 'seed=62088', 'data', 'file=/tmp/tmp3f7dwkeq/ufkyvz5x.json', 'init=/tmp/tmp3f7dwkeq/m8eigvib.json', 'output', 'file=/tmp/tmp3f7dwkeq/prophet_model1_5epv4y/prophet_model-20250331133003.csv', 'method=optimize', 'algorithm=lbfgs', 'iter=10000']
[2025-03-31T13:30:03.844+0000] {logging_mixin.py:190} WARNING - 13:30:03 - cmdstanpy - INFO - Chain [1] start processing
[2025-03-31T13:30:03.844+0000] {model.py:2058} INFO - Chain [1] start processing
[2025-03-31T13:30:03.906+0000] {logging_mixin.py:190} WARNING - 13:30:03 - cmdstanpy - INFO - Chain [1] done processing
[2025-03-31T13:30:03.906+0000] {model.py:2115} INFO - Chain [1] done processing
[2025-03-31T13:30:04.381+0000] {logging_mixin.py:190} INFO - Aggregate sales forecast completed and results saved.
[2025-03-31T13:30:04.384+0000] {python.py:240} INFO - Done. Returned value was: None
[2025-03-31T13:30:04.403+0000] {taskinstance.py:340} INFO - ::group::Post task execution logs
[2025-03-31T13:30:04.406+0000] {taskinstance.py:352} INFO - Marking task as SUCCESS. dag_id=forecast_sales_dag, task_id=forecast_aggregate_sales, run_id=manual__2025-03-31T13:29:59.979272+00:00, execution_date=20250331T132959, start_date=20250331T133003, end_date=20250331T133004
[2025-03-31T13:30:04.451+0000] {logging_mixin.py:190} INFO - Task instance in success state
[2025-03-31T13:30:04.454+0000] {logging_mixin.py:190} INFO -  Previous state of the Task instance: running
[2025-03-31T13:30:04.457+0000] {logging_mixin.py:190} INFO - Dag name:forecast_sales_dag queued_at:2025-03-31 13:29:59.997442+00:00
[2025-03-31T13:30:04.460+0000] {logging_mixin.py:190} INFO - Task hostname:2eb76630dc09 operator:PythonOperator
[2025-03-31T13:30:04.491+0000] {local_task_job_runner.py:266} INFO - Task exited with return code 0
[2025-03-31T13:30:04.536+0000] {taskinstance.py:3900} INFO - 1 downstream tasks scheduled from follow-on schedule check
[2025-03-31T13:30:04.559+0000] {local_task_job_runner.py:245} INFO - ::endgroup::
