[2025-03-29T04:54:38.745+0000] {local_task_job_runner.py:123} INFO - ::group::Pre task execution logs
[2025-03-29T04:54:38.763+0000] {taskinstance.py:2612} INFO - Dependencies all met for dep_context=non-requeueable deps ti=<TaskInstance: forecast_sales_dag.forecast_aggregate_sales manual__2025-03-29T04:49:32.275060+00:00 [queued]>
[2025-03-29T04:54:38.771+0000] {taskinstance.py:2612} INFO - Dependencies all met for dep_context=requeueable deps ti=<TaskInstance: forecast_sales_dag.forecast_aggregate_sales manual__2025-03-29T04:49:32.275060+00:00 [queued]>
[2025-03-29T04:54:38.774+0000] {taskinstance.py:2865} INFO - Starting attempt 2 of 2
[2025-03-29T04:54:38.826+0000] {taskinstance.py:2888} INFO - Executing <Task(PythonOperator): forecast_aggregate_sales> on 2025-03-29 04:49:32.275060+00:00
[2025-03-29T04:54:38.843+0000] {standard_task_runner.py:72} INFO - Started process 706 to run task
[2025-03-29T04:54:38.854+0000] {standard_task_runner.py:104} INFO - Running: ['***', 'tasks', 'run', 'forecast_sales_dag', 'forecast_aggregate_sales', 'manual__2025-03-29T04:49:32.275060+00:00', '--job-id', '226', '--raw', '--subdir', 'DAGS_FOLDER/forecast_etl.py', '--cfg-path', '/tmp/tmp0i2939yl']
[2025-03-29T04:54:38.860+0000] {standard_task_runner.py:105} INFO - Job 226: Subtask forecast_aggregate_sales
[2025-03-29T04:54:38.962+0000] {task_command.py:467} INFO - Running <TaskInstance: forecast_sales_dag.forecast_aggregate_sales manual__2025-03-29T04:49:32.275060+00:00 [running]> on host 2eb76630dc09
[2025-03-29T04:54:39.094+0000] {taskinstance.py:3131} INFO - Exporting env vars: AIRFLOW_CTX_DAG_OWNER='***' AIRFLOW_CTX_DAG_ID='forecast_sales_dag' AIRFLOW_CTX_TASK_ID='forecast_aggregate_sales' AIRFLOW_CTX_EXECUTION_DATE='2025-03-29T04:49:32.275060+00:00' AIRFLOW_CTX_TRY_NUMBER='2' AIRFLOW_CTX_DAG_RUN_ID='manual__2025-03-29T04:49:32.275060+00:00'
[2025-03-29T04:54:39.097+0000] {logging_mixin.py:190} INFO - Task instance is in running state
[2025-03-29T04:54:39.100+0000] {logging_mixin.py:190} INFO -  Previous state of the Task instance: queued
[2025-03-29T04:54:39.102+0000] {logging_mixin.py:190} INFO - Current task name:forecast_aggregate_sales state:running start_date:2025-03-29 04:54:38.764691+00:00
[2025-03-29T04:54:39.104+0000] {logging_mixin.py:190} INFO - Dag name:forecast_sales_dag and current dag run status:running
[2025-03-29T04:54:39.106+0000] {taskinstance.py:731} INFO - ::endgroup::
[2025-03-29T04:54:39.188+0000] {forecaster.py:961} INFO - Disabling daily seasonality. Run prophet with daily_seasonality=True to override this.
[2025-03-29T04:54:39.211+0000] {filesystem.py:118} DEBUG - input tempfile: /tmp/tmpjgz9lk7u/rgmy38tg.json
[2025-03-29T04:54:39.304+0000] {filesystem.py:118} DEBUG - input tempfile: /tmp/tmpjgz9lk7u/djxdztg4.json
[2025-03-29T04:54:39.307+0000] {model.py:2042} DEBUG - idx 0
[2025-03-29T04:54:39.310+0000] {model.py:2043} DEBUG - running CmdStan, num_threads: None
[2025-03-29T04:54:39.312+0000] {model.py:2055} DEBUG - CmdStan args: ['/home/***/.local/lib/python3.9/site-packages/prophet/stan_model/prophet_model.bin', 'random', 'seed=25834', 'data', 'file=/tmp/tmpjgz9lk7u/rgmy38tg.json', 'init=/tmp/tmpjgz9lk7u/djxdztg4.json', 'output', 'file=/tmp/tmpjgz9lk7u/prophet_model4o1gn4r5/prophet_model-20250329045439.csv', 'method=optimize', 'algorithm=lbfgs', 'iter=10000']
[2025-03-29T04:54:39.315+0000] {logging_mixin.py:190} WARNING - 04:54:39 - cmdstanpy - INFO - Chain [1] start processing
[2025-03-29T04:54:39.314+0000] {model.py:2058} INFO - Chain [1] start processing
[2025-03-29T04:54:39.373+0000] {logging_mixin.py:190} WARNING - 04:54:39 - cmdstanpy - INFO - Chain [1] done processing
[2025-03-29T04:54:39.373+0000] {model.py:2115} INFO - Chain [1] done processing
[2025-03-29T04:54:39.808+0000] {logging_mixin.py:190} INFO - Aggregate sales forecast completed and results saved.
[2025-03-29T04:54:39.811+0000] {python.py:240} INFO - Done. Returned value was: None
[2025-03-29T04:54:39.827+0000] {taskinstance.py:340} INFO - ::group::Post task execution logs
[2025-03-29T04:54:39.830+0000] {taskinstance.py:352} INFO - Marking task as SUCCESS. dag_id=forecast_sales_dag, task_id=forecast_aggregate_sales, run_id=manual__2025-03-29T04:49:32.275060+00:00, execution_date=20250329T044932, start_date=20250329T045438, end_date=20250329T045439
[2025-03-29T04:54:39.863+0000] {logging_mixin.py:190} INFO - Task instance in success state
[2025-03-29T04:54:39.865+0000] {logging_mixin.py:190} INFO -  Previous state of the Task instance: running
[2025-03-29T04:54:39.868+0000] {logging_mixin.py:190} INFO - Dag name:forecast_sales_dag queued_at:2025-03-29 04:49:32.290234+00:00
[2025-03-29T04:54:39.870+0000] {logging_mixin.py:190} INFO - Task hostname:2eb76630dc09 operator:PythonOperator
[2025-03-29T04:54:39.917+0000] {local_task_job_runner.py:266} INFO - Task exited with return code 0
[2025-03-29T04:54:39.943+0000] {taskinstance.py:3900} INFO - 1 downstream tasks scheduled from follow-on schedule check
[2025-03-29T04:54:39.964+0000] {local_task_job_runner.py:245} INFO - ::endgroup::
