[2025-03-29T04:33:48.437+0000] {local_task_job_runner.py:123} INFO - ::group::Pre task execution logs
[2025-03-29T04:33:48.457+0000] {taskinstance.py:2612} INFO - Dependencies all met for dep_context=non-requeueable deps ti=<TaskInstance: forecast_sales_dag.load_data_to_prod_db manual__2025-03-29T04:33:40.735078+00:00 [queued]>
[2025-03-29T04:33:48.469+0000] {taskinstance.py:2612} INFO - Dependencies all met for dep_context=requeueable deps ti=<TaskInstance: forecast_sales_dag.load_data_to_prod_db manual__2025-03-29T04:33:40.735078+00:00 [queued]>
[2025-03-29T04:33:48.472+0000] {taskinstance.py:2865} INFO - Starting attempt 1 of 2
[2025-03-29T04:33:48.584+0000] {taskinstance.py:2888} INFO - Executing <Task(PythonOperator): load_data_to_prod_db> on 2025-03-29 04:33:40.735078+00:00
[2025-03-29T04:33:48.594+0000] {standard_task_runner.py:72} INFO - Started process 312 to run task
[2025-03-29T04:33:48.598+0000] {standard_task_runner.py:104} INFO - Running: ['***', 'tasks', 'run', 'forecast_sales_dag', 'load_data_to_prod_db', 'manual__2025-03-29T04:33:40.735078+00:00', '--job-id', '216', '--raw', '--subdir', 'DAGS_FOLDER/forecast_etl.py', '--cfg-path', '/tmp/tmp79dbs0rf']
[2025-03-29T04:33:48.600+0000] {standard_task_runner.py:105} INFO - Job 216: Subtask load_data_to_prod_db
[2025-03-29T04:33:48.674+0000] {task_command.py:467} INFO - Running <TaskInstance: forecast_sales_dag.load_data_to_prod_db manual__2025-03-29T04:33:40.735078+00:00 [running]> on host 2eb76630dc09
[2025-03-29T04:33:48.802+0000] {taskinstance.py:3131} INFO - Exporting env vars: AIRFLOW_CTX_DAG_OWNER='***' AIRFLOW_CTX_DAG_ID='forecast_sales_dag' AIRFLOW_CTX_TASK_ID='load_data_to_prod_db' AIRFLOW_CTX_EXECUTION_DATE='2025-03-29T04:33:40.735078+00:00' AIRFLOW_CTX_TRY_NUMBER='1' AIRFLOW_CTX_DAG_RUN_ID='manual__2025-03-29T04:33:40.735078+00:00'
[2025-03-29T04:33:48.805+0000] {logging_mixin.py:190} INFO - Task instance is in running state
[2025-03-29T04:33:48.807+0000] {logging_mixin.py:190} INFO -  Previous state of the Task instance: queued
[2025-03-29T04:33:48.810+0000] {logging_mixin.py:190} INFO - Current task name:load_data_to_prod_db state:running start_date:2025-03-29 04:33:48.460768+00:00
[2025-03-29T04:33:48.812+0000] {logging_mixin.py:190} INFO - Dag name:forecast_sales_dag and current dag run status:running
[2025-03-29T04:33:48.814+0000] {taskinstance.py:731} INFO - ::endgroup::
[2025-03-29T04:33:48.848+0000] {warnings.py:109} WARNING - /opt/***/dags/forecast_etl.py:65: FutureWarning: Passing literal json to 'read_json' is deprecated and will be removed in a future version. To read from a literal string, wrap it in a 'StringIO' object.
  forecast_metrics_df = pd.read_json(forecast_metrics_json, orient='records')

[2025-03-29T04:33:48.860+0000] {logging_mixin.py:190} INFO - Checking and potentially creating table: forecast_past_future_sales
[2025-03-29T04:33:48.871+0000] {logging_mixin.py:190} INFO - Error creating table forecast_past_future_sales: The conn_id `mssql_prod2` isn't defined
[2025-03-29T04:33:48.873+0000] {logging_mixin.py:190} INFO - Checking and potentially creating table: forecast_metrics
[2025-03-29T04:33:48.881+0000] {logging_mixin.py:190} INFO - Error creating table forecast_metrics: The conn_id `mssql_prod2` isn't defined
[2025-03-29T04:33:48.883+0000] {logging_mixin.py:190} INFO - Truncating table: forecast_past_future_sales
[2025-03-29T04:33:48.902+0000] {taskinstance.py:3310} ERROR - Task failed with exception
Traceback (most recent call last):
  File "/home/airflow/.local/lib/python3.9/site-packages/airflow/models/taskinstance.py", line 767, in _execute_task
    result = _execute_callable(context=context, **execute_callable_kwargs)
  File "/home/airflow/.local/lib/python3.9/site-packages/airflow/models/taskinstance.py", line 733, in _execute_callable
    return ExecutionCallableRunner(
  File "/home/airflow/.local/lib/python3.9/site-packages/airflow/utils/operator_helpers.py", line 252, in run
    return self.func(*args, **kwargs)
  File "/home/airflow/.local/lib/python3.9/site-packages/airflow/models/baseoperator.py", line 406, in wrapper
    return func(self, *args, **kwargs)
  File "/home/airflow/.local/lib/python3.9/site-packages/airflow/operators/python.py", line 238, in execute
    return_value = self.execute_callable()
  File "/home/airflow/.local/lib/python3.9/site-packages/airflow/operators/python.py", line 256, in execute_callable
    return runner.run(*self.op_args, **self.op_kwargs)
  File "/home/airflow/.local/lib/python3.9/site-packages/airflow/utils/operator_helpers.py", line 252, in run
    return self.func(*args, **kwargs)
  File "/opt/airflow/dags/forecast_etl.py", line 105, in load_data_to_prod_db
    load_df_to_mssql('forecast_past_future_sales', past_future_sales_df, hook)
  File "/opt/airflow/dags/forecast_etl.py", line 97, in load_df_to_mssql
    hook.run(f"TRUNCATE TABLE {table_name}")
  File "/home/airflow/.local/lib/python3.9/site-packages/airflow/providers/common/sql/hooks/sql.py", line 576, in run
    with self._create_autocommit_connection(autocommit) as conn:
  File "/usr/local/lib/python3.9/contextlib.py", line 119, in __enter__
    return next(self.gen)
  File "/home/airflow/.local/lib/python3.9/site-packages/airflow/providers/common/sql/hooks/sql.py", line 684, in _create_autocommit_connection
    with closing(self.get_conn()) as conn:
  File "/home/airflow/.local/lib/python3.9/site-packages/airflow/providers/microsoft/mssql/hooks/mssql.py", line 101, in get_conn
    conn = self.connection
  File "/home/airflow/.local/lib/python3.9/site-packages/airflow/providers/common/sql/hooks/sql.py", line 242, in connection
    self._connection = self.get_connection(self.get_conn_id())
  File "/home/airflow/.local/lib/python3.9/site-packages/airflow/hooks/base.py", line 83, in get_connection
    conn = Connection.get_connection_from_secrets(conn_id)
  File "/home/airflow/.local/lib/python3.9/site-packages/airflow/models/connection.py", line 537, in get_connection_from_secrets
    raise AirflowNotFoundException(f"The conn_id `{conn_id}` isn't defined")
airflow.exceptions.AirflowNotFoundException: The conn_id `mssql_prod2` isn't defined
[2025-03-29T04:33:48.917+0000] {logging_mixin.py:190} INFO - Task instance in failure state
[2025-03-29T04:33:48.919+0000] {logging_mixin.py:190} INFO - Task start:2025-03-29 04:33:48.460768+00:00 end:2025-03-29 04:33:48.916604+00:00 duration:0.455836
[2025-03-29T04:33:48.921+0000] {logging_mixin.py:190} INFO - Task:<Task(PythonOperator): load_data_to_prod_db> dag:<DAG: forecast_sales_dag> dagrun:<DagRun forecast_sales_dag @ 2025-03-29 04:33:40.735078+00:00: manual__2025-03-29T04:33:40.735078+00:00, state:running, queued_at: 2025-03-29 04:33:40.754034+00:00. externally triggered: True>
[2025-03-29T04:33:48.923+0000] {logging_mixin.py:190} INFO - Failure caused by The conn_id `mssql_prod2` isn't defined
[2025-03-29T04:33:48.926+0000] {taskinstance.py:1225} INFO - Marking task as UP_FOR_RETRY. dag_id=forecast_sales_dag, task_id=load_data_to_prod_db, run_id=manual__2025-03-29T04:33:40.735078+00:00, execution_date=20250329T043340, start_date=20250329T043348, end_date=20250329T043348
[2025-03-29T04:33:49.009+0000] {taskinstance.py:340} INFO - ::group::Post task execution logs
[2025-03-29T04:33:49.012+0000] {standard_task_runner.py:124} ERROR - Failed to execute job 216 for task load_data_to_prod_db (The conn_id `mssql_prod2` isn't defined; 312)
Traceback (most recent call last):
  File "/home/airflow/.local/lib/python3.9/site-packages/airflow/task/task_runner/standard_task_runner.py", line 117, in _start_by_fork
    ret = args.func(args, dag=self.dag)
  File "/home/airflow/.local/lib/python3.9/site-packages/airflow/cli/cli_config.py", line 49, in command
    return func(*args, **kwargs)
  File "/home/airflow/.local/lib/python3.9/site-packages/airflow/utils/cli.py", line 115, in wrapper
    return f(*args, **kwargs)
  File "/home/airflow/.local/lib/python3.9/site-packages/airflow/cli/commands/task_command.py", line 483, in task_run
    task_return_code = _run_task_by_selected_method(args, _dag, ti)
  File "/home/airflow/.local/lib/python3.9/site-packages/airflow/cli/commands/task_command.py", line 256, in _run_task_by_selected_method
    return _run_raw_task(args, ti)
  File "/home/airflow/.local/lib/python3.9/site-packages/airflow/cli/commands/task_command.py", line 341, in _run_raw_task
    return ti._run_raw_task(
  File "/home/airflow/.local/lib/python3.9/site-packages/airflow/utils/session.py", line 97, in wrapper
    return func(*args, session=session, **kwargs)
  File "/home/airflow/.local/lib/python3.9/site-packages/airflow/models/taskinstance.py", line 3004, in _run_raw_task
    return _run_raw_task(
  File "/home/airflow/.local/lib/python3.9/site-packages/airflow/models/taskinstance.py", line 273, in _run_raw_task
    TaskInstance._execute_task_with_callbacks(
  File "/home/airflow/.local/lib/python3.9/site-packages/airflow/models/taskinstance.py", line 3158, in _execute_task_with_callbacks
    result = self._execute_task(context, task_orig)
  File "/home/airflow/.local/lib/python3.9/site-packages/airflow/models/taskinstance.py", line 3182, in _execute_task
    return _execute_task(self, context, task_orig)
  File "/home/airflow/.local/lib/python3.9/site-packages/airflow/models/taskinstance.py", line 767, in _execute_task
    result = _execute_callable(context=context, **execute_callable_kwargs)
  File "/home/airflow/.local/lib/python3.9/site-packages/airflow/models/taskinstance.py", line 733, in _execute_callable
    return ExecutionCallableRunner(
  File "/home/airflow/.local/lib/python3.9/site-packages/airflow/utils/operator_helpers.py", line 252, in run
    return self.func(*args, **kwargs)
  File "/home/airflow/.local/lib/python3.9/site-packages/airflow/models/baseoperator.py", line 406, in wrapper
    return func(self, *args, **kwargs)
  File "/home/airflow/.local/lib/python3.9/site-packages/airflow/operators/python.py", line 238, in execute
    return_value = self.execute_callable()
  File "/home/airflow/.local/lib/python3.9/site-packages/airflow/operators/python.py", line 256, in execute_callable
    return runner.run(*self.op_args, **self.op_kwargs)
  File "/home/airflow/.local/lib/python3.9/site-packages/airflow/utils/operator_helpers.py", line 252, in run
    return self.func(*args, **kwargs)
  File "/opt/airflow/dags/forecast_etl.py", line 105, in load_data_to_prod_db
    load_df_to_mssql('forecast_past_future_sales', past_future_sales_df, hook)
  File "/opt/airflow/dags/forecast_etl.py", line 97, in load_df_to_mssql
    hook.run(f"TRUNCATE TABLE {table_name}")
  File "/home/airflow/.local/lib/python3.9/site-packages/airflow/providers/common/sql/hooks/sql.py", line 576, in run
    with self._create_autocommit_connection(autocommit) as conn:
  File "/usr/local/lib/python3.9/contextlib.py", line 119, in __enter__
    return next(self.gen)
  File "/home/airflow/.local/lib/python3.9/site-packages/airflow/providers/common/sql/hooks/sql.py", line 684, in _create_autocommit_connection
    with closing(self.get_conn()) as conn:
  File "/home/airflow/.local/lib/python3.9/site-packages/airflow/providers/microsoft/mssql/hooks/mssql.py", line 101, in get_conn
    conn = self.connection
  File "/home/airflow/.local/lib/python3.9/site-packages/airflow/providers/common/sql/hooks/sql.py", line 242, in connection
    self._connection = self.get_connection(self.get_conn_id())
  File "/home/airflow/.local/lib/python3.9/site-packages/airflow/hooks/base.py", line 83, in get_connection
    conn = Connection.get_connection_from_secrets(conn_id)
  File "/home/airflow/.local/lib/python3.9/site-packages/airflow/models/connection.py", line 537, in get_connection_from_secrets
    raise AirflowNotFoundException(f"The conn_id `{conn_id}` isn't defined")
airflow.exceptions.AirflowNotFoundException: The conn_id `mssql_prod2` isn't defined
[2025-03-29T04:33:49.054+0000] {local_task_job_runner.py:266} INFO - Task exited with return code 1
[2025-03-29T04:33:49.072+0000] {taskinstance.py:3900} INFO - 0 downstream tasks scheduled from follow-on schedule check
[2025-03-29T04:33:49.094+0000] {local_task_job_runner.py:245} INFO - ::endgroup::
