[2025-03-28T13:38:57.965+0000] {local_task_job_runner.py:123} INFO - ::group::Pre task execution logs
[2025-03-28T13:38:57.983+0000] {taskinstance.py:2612} INFO - Dependencies all met for dep_context=non-requeueable deps ti=<TaskInstance: superstore_dag.forecast_aggregate_sales manual__2025-03-28T13:38:29.844343+00:00 [queued]>
[2025-03-28T13:38:57.994+0000] {taskinstance.py:2612} INFO - Dependencies all met for dep_context=requeueable deps ti=<TaskInstance: superstore_dag.forecast_aggregate_sales manual__2025-03-28T13:38:29.844343+00:00 [queued]>
[2025-03-28T13:38:57.997+0000] {taskinstance.py:2865} INFO - Starting attempt 1 of 2
[2025-03-28T13:38:58.032+0000] {taskinstance.py:2888} INFO - Executing <Task(PythonOperator): forecast_aggregate_sales> on 2025-03-28 13:38:29.844343+00:00
[2025-03-28T13:38:58.042+0000] {standard_task_runner.py:72} INFO - Started process 241 to run task
[2025-03-28T13:38:58.046+0000] {standard_task_runner.py:104} INFO - Running: ['***', 'tasks', 'run', 'superstore_dag', 'forecast_aggregate_sales', 'manual__2025-03-28T13:38:29.844343+00:00', '--job-id', '65', '--raw', '--subdir', 'DAGS_FOLDER/superstore_dag.py', '--cfg-path', '/tmp/tmpcbme0tmm']
[2025-03-28T13:38:58.050+0000] {standard_task_runner.py:105} INFO - Job 65: Subtask forecast_aggregate_sales
[2025-03-28T13:38:58.163+0000] {task_command.py:467} INFO - Running <TaskInstance: superstore_dag.forecast_aggregate_sales manual__2025-03-28T13:38:29.844343+00:00 [running]> on host b7fc87b83960
[2025-03-28T13:38:58.313+0000] {taskinstance.py:3131} INFO - Exporting env vars: AIRFLOW_CTX_DAG_OWNER='***' AIRFLOW_CTX_DAG_ID='superstore_dag' AIRFLOW_CTX_TASK_ID='forecast_aggregate_sales' AIRFLOW_CTX_EXECUTION_DATE='2025-03-28T13:38:29.844343+00:00' AIRFLOW_CTX_TRY_NUMBER='1' AIRFLOW_CTX_DAG_RUN_ID='manual__2025-03-28T13:38:29.844343+00:00'
[2025-03-28T13:38:58.317+0000] {logging_mixin.py:190} INFO - Task instance is in running state
[2025-03-28T13:38:58.319+0000] {logging_mixin.py:190} INFO -  Previous state of the Task instance: queued
[2025-03-28T13:38:58.322+0000] {logging_mixin.py:190} INFO - Current task name:forecast_aggregate_sales state:running start_date:2025-03-28 13:38:57.985592+00:00
[2025-03-28T13:38:58.324+0000] {logging_mixin.py:190} INFO - Dag name:superstore_dag and current dag run status:running
[2025-03-28T13:38:58.326+0000] {taskinstance.py:731} INFO - ::endgroup::
[2025-03-28T13:38:58.396+0000] {forecaster.py:961} INFO - Disabling daily seasonality. Run prophet with daily_seasonality=True to override this.
[2025-03-28T13:38:58.432+0000] {filesystem.py:118} DEBUG - input tempfile: /tmp/tmpys3c2tbm/mjmxarf3.json
[2025-03-28T13:38:58.536+0000] {filesystem.py:118} DEBUG - input tempfile: /tmp/tmpys3c2tbm/5qegtvgr.json
[2025-03-28T13:38:58.539+0000] {model.py:2042} DEBUG - idx 0
[2025-03-28T13:38:58.542+0000] {model.py:2043} DEBUG - running CmdStan, num_threads: None
[2025-03-28T13:38:58.544+0000] {model.py:2055} DEBUG - CmdStan args: ['/home/***/.local/lib/python3.9/site-packages/prophet/stan_model/prophet_model.bin', 'random', 'seed=33911', 'data', 'file=/tmp/tmpys3c2tbm/mjmxarf3.json', 'init=/tmp/tmpys3c2tbm/5qegtvgr.json', 'output', 'file=/tmp/tmpys3c2tbm/prophet_modelxkx25iau/prophet_model-20250328133858.csv', 'method=optimize', 'algorithm=lbfgs', 'iter=10000']
[2025-03-28T13:38:58.546+0000] {logging_mixin.py:190} WARNING - 13:38:58 - cmdstanpy - INFO - Chain [1] start processing
[2025-03-28T13:38:58.546+0000] {model.py:2058} INFO - Chain [1] start processing
[2025-03-28T13:38:58.610+0000] {logging_mixin.py:190} WARNING - 13:38:58 - cmdstanpy - INFO - Chain [1] done processing
[2025-03-28T13:38:58.609+0000] {model.py:2115} INFO - Chain [1] done processing
[2025-03-28T13:38:59.222+0000] {logging_mixin.py:190} INFO - Aggregate sales forecast completed and results saved.
[2025-03-28T13:38:59.224+0000] {python.py:240} INFO - Done. Returned value was: None
[2025-03-28T13:38:59.235+0000] {taskinstance.py:340} INFO - ::group::Post task execution logs
[2025-03-28T13:38:59.236+0000] {taskinstance.py:352} INFO - Marking task as SUCCESS. dag_id=superstore_dag, task_id=forecast_aggregate_sales, run_id=manual__2025-03-28T13:38:29.844343+00:00, execution_date=20250328T133829, start_date=20250328T133857, end_date=20250328T133859
[2025-03-28T13:38:59.269+0000] {logging_mixin.py:190} INFO - Task instance in success state
[2025-03-28T13:38:59.272+0000] {logging_mixin.py:190} INFO -  Previous state of the Task instance: running
[2025-03-28T13:38:59.273+0000] {logging_mixin.py:190} INFO - Dag name:superstore_dag queued_at:2025-03-28 13:38:29.874927+00:00
[2025-03-28T13:38:59.275+0000] {logging_mixin.py:190} INFO - Task hostname:b7fc87b83960 operator:PythonOperator
[2025-03-28T13:38:59.308+0000] {local_task_job_runner.py:266} INFO - Task exited with return code 0
[2025-03-28T13:38:59.334+0000] {taskinstance.py:3900} INFO - 1 downstream tasks scheduled from follow-on schedule check
[2025-03-28T13:38:59.356+0000] {local_task_job_runner.py:245} INFO - ::endgroup::
