[2025-03-28T14:31:33.748+0000] {local_task_job_runner.py:123} INFO - ::group::Pre task execution logs
[2025-03-28T14:31:33.765+0000] {taskinstance.py:2612} INFO - Dependencies all met for dep_context=non-requeueable deps ti=<TaskInstance: superstore_dag.extract_superstore_data manual__2025-03-28T14:31:30.119149+00:00 [queued]>
[2025-03-28T14:31:33.776+0000] {taskinstance.py:2612} INFO - Dependencies all met for dep_context=requeueable deps ti=<TaskInstance: superstore_dag.extract_superstore_data manual__2025-03-28T14:31:30.119149+00:00 [queued]>
[2025-03-28T14:31:33.778+0000] {taskinstance.py:2865} INFO - Starting attempt 1 of 2
[2025-03-28T14:31:33.830+0000] {taskinstance.py:2888} INFO - Executing <Task(PythonOperator): extract_superstore_data> on 2025-03-28 14:31:30.119149+00:00
[2025-03-28T14:31:33.839+0000] {standard_task_runner.py:72} INFO - Started process 1197 to run task
[2025-03-28T14:31:33.844+0000] {standard_task_runner.py:104} INFO - Running: ['***', 'tasks', 'run', 'superstore_dag', 'extract_superstore_data', 'manual__2025-03-28T14:31:30.119149+00:00', '--job-id', '80', '--raw', '--subdir', 'DAGS_FOLDER/superstore_dag.py', '--cfg-path', '/tmp/tmpocjma8yl']
[2025-03-28T14:31:33.847+0000] {standard_task_runner.py:105} INFO - Job 80: Subtask extract_superstore_data
[2025-03-28T14:31:33.921+0000] {task_command.py:467} INFO - Running <TaskInstance: superstore_dag.extract_superstore_data manual__2025-03-28T14:31:30.119149+00:00 [running]> on host b7fc87b83960
[2025-03-28T14:31:34.052+0000] {taskinstance.py:3131} INFO - Exporting env vars: AIRFLOW_CTX_DAG_OWNER='***' AIRFLOW_CTX_DAG_ID='superstore_dag' AIRFLOW_CTX_TASK_ID='extract_superstore_data' AIRFLOW_CTX_EXECUTION_DATE='2025-03-28T14:31:30.119149+00:00' AIRFLOW_CTX_TRY_NUMBER='1' AIRFLOW_CTX_DAG_RUN_ID='manual__2025-03-28T14:31:30.119149+00:00'
[2025-03-28T14:31:34.055+0000] {logging_mixin.py:190} INFO - Task instance is in running state
[2025-03-28T14:31:34.057+0000] {logging_mixin.py:190} INFO -  Previous state of the Task instance: queued
[2025-03-28T14:31:34.058+0000] {logging_mixin.py:190} INFO - Current task name:extract_superstore_data state:running start_date:2025-03-28 14:31:33.767546+00:00
[2025-03-28T14:31:34.060+0000] {logging_mixin.py:190} INFO - Dag name:superstore_dag and current dag run status:running
[2025-03-28T14:31:34.061+0000] {taskinstance.py:731} INFO - ::endgroup::
[2025-03-28T14:31:34.072+0000] {base.py:84} INFO - Retrieving connection '***_maj_db'
[2025-03-28T14:31:34.108+0000] {warnings.py:109} WARNING - /home/***/.local/lib/python3.9/site-packages/***/providers/common/sql/hooks/sql.py:400: UserWarning: pandas only supports SQLAlchemy connectable (engine/connection) or database string URI or sqlite3 DBAPI2 connection. Other DBAPI2 objects are not tested. Please consider using SQLAlchemy.
  return psql.read_sql(sql, con=conn, params=parameters, **kwargs)

[2025-03-28T14:31:34.333+0000] {python.py:240} INFO - Done. Returned value was:       Row ID        Order ID  Order Date  ... Quantity Discount    Profit
0          1  CA-2016-152156  2016-11-08  ...        2     0.00   41.9136
1          2  CA-2016-152156  2016-11-08  ...        3     0.00  219.5820
2          3  CA-2016-138688  2016-06-12  ...        2     0.00    6.8714
3          4  US-2015-108966  2015-10-11  ...        5     0.45 -383.0310
4          5  US-2015-108966  2015-10-11  ...        2     0.20    2.5164
...      ...             ...         ...  ...      ...      ...       ...
4995    4996  CA-2014-132227  2014-11-04  ...        4     0.20   18.8732
4996    4997  CA-2017-155824  2017-03-10  ...        1     0.20    3.6588
4997    4998  CA-2017-155824  2017-03-10  ...        4     0.70  -10.0372
4998    4999  CA-2016-129238  2016-01-31  ...        1     0.20    8.2194
4999    5000  CA-2016-129238  2016-01-31  ...        5     0.00   27.7830

[5000 rows x 21 columns]
[2025-03-28T14:31:34.501+0000] {taskinstance.py:340} INFO - ::group::Post task execution logs
[2025-03-28T14:31:34.503+0000] {taskinstance.py:352} INFO - Marking task as SUCCESS. dag_id=superstore_dag, task_id=extract_superstore_data, run_id=manual__2025-03-28T14:31:30.119149+00:00, execution_date=20250328T143130, start_date=20250328T143133, end_date=20250328T143134
[2025-03-28T14:31:34.536+0000] {logging_mixin.py:190} INFO - Task instance in success state
[2025-03-28T14:31:34.538+0000] {logging_mixin.py:190} INFO -  Previous state of the Task instance: running
[2025-03-28T14:31:34.540+0000] {logging_mixin.py:190} INFO - Dag name:superstore_dag queued_at:2025-03-28 14:31:30.128800+00:00
[2025-03-28T14:31:34.542+0000] {logging_mixin.py:190} INFO - Task hostname:b7fc87b83960 operator:PythonOperator
[2025-03-28T14:31:34.581+0000] {local_task_job_runner.py:266} INFO - Task exited with return code 0
[2025-03-28T14:31:34.619+0000] {taskinstance.py:3900} INFO - 1 downstream tasks scheduled from follow-on schedule check
[2025-03-28T14:31:34.641+0000] {local_task_job_runner.py:245} INFO - ::endgroup::
