[2025-03-29T05:03:18.507+0000] {local_task_job_runner.py:123} INFO - ::group::Pre task execution logs
[2025-03-29T05:03:18.526+0000] {taskinstance.py:2612} INFO - Dependencies all met for dep_context=non-requeueable deps ti=<TaskInstance: forecast_sales_dag.forecast_aggregate_sales manual__2025-03-29T05:03:14.686574+00:00 [queued]>
[2025-03-29T05:03:18.536+0000] {taskinstance.py:2612} INFO - Dependencies all met for dep_context=requeueable deps ti=<TaskInstance: forecast_sales_dag.forecast_aggregate_sales manual__2025-03-29T05:03:14.686574+00:00 [queued]>
[2025-03-29T05:03:18.539+0000] {taskinstance.py:2865} INFO - Starting attempt 1 of 2
[2025-03-29T05:03:18.577+0000] {taskinstance.py:2888} INFO - Executing <Task(PythonOperator): forecast_aggregate_sales> on 2025-03-29 05:03:14.686574+00:00
[2025-03-29T05:03:18.586+0000] {standard_task_runner.py:72} INFO - Started process 890 to run task
[2025-03-29T05:03:18.590+0000] {standard_task_runner.py:104} INFO - Running: ['***', 'tasks', 'run', 'forecast_sales_dag', 'forecast_aggregate_sales', 'manual__2025-03-29T05:03:14.686574+00:00', '--job-id', '231', '--raw', '--subdir', 'DAGS_FOLDER/forecast_etl.py', '--cfg-path', '/tmp/tmpwlchvtr6']
[2025-03-29T05:03:18.593+0000] {standard_task_runner.py:105} INFO - Job 231: Subtask forecast_aggregate_sales
[2025-03-29T05:03:18.665+0000] {task_command.py:467} INFO - Running <TaskInstance: forecast_sales_dag.forecast_aggregate_sales manual__2025-03-29T05:03:14.686574+00:00 [running]> on host 2eb76630dc09
[2025-03-29T05:03:18.798+0000] {taskinstance.py:3131} INFO - Exporting env vars: AIRFLOW_CTX_DAG_OWNER='***' AIRFLOW_CTX_DAG_ID='forecast_sales_dag' AIRFLOW_CTX_TASK_ID='forecast_aggregate_sales' AIRFLOW_CTX_EXECUTION_DATE='2025-03-29T05:03:14.686574+00:00' AIRFLOW_CTX_TRY_NUMBER='1' AIRFLOW_CTX_DAG_RUN_ID='manual__2025-03-29T05:03:14.686574+00:00'
[2025-03-29T05:03:18.801+0000] {logging_mixin.py:190} INFO - Task instance is in running state
[2025-03-29T05:03:18.804+0000] {logging_mixin.py:190} INFO -  Previous state of the Task instance: queued
[2025-03-29T05:03:18.806+0000] {logging_mixin.py:190} INFO - Current task name:forecast_aggregate_sales state:running start_date:2025-03-29 05:03:18.528306+00:00
[2025-03-29T05:03:18.808+0000] {logging_mixin.py:190} INFO - Dag name:forecast_sales_dag and current dag run status:running
[2025-03-29T05:03:18.810+0000] {taskinstance.py:731} INFO - ::endgroup::
[2025-03-29T05:03:18.909+0000] {forecaster.py:961} INFO - Disabling daily seasonality. Run prophet with daily_seasonality=True to override this.
[2025-03-29T05:03:18.952+0000] {filesystem.py:118} DEBUG - input tempfile: /tmp/tmpc1j_xq1g/5sp48xxp.json
[2025-03-29T05:03:19.083+0000] {filesystem.py:118} DEBUG - input tempfile: /tmp/tmpc1j_xq1g/15oampuh.json
[2025-03-29T05:03:19.086+0000] {model.py:2042} DEBUG - idx 0
[2025-03-29T05:03:19.088+0000] {model.py:2043} DEBUG - running CmdStan, num_threads: None
[2025-03-29T05:03:19.089+0000] {model.py:2055} DEBUG - CmdStan args: ['/home/***/.local/lib/python3.9/site-packages/prophet/stan_model/prophet_model.bin', 'random', 'seed=97642', 'data', 'file=/tmp/tmpc1j_xq1g/5sp48xxp.json', 'init=/tmp/tmpc1j_xq1g/15oampuh.json', 'output', 'file=/tmp/tmpc1j_xq1g/prophet_modeljb0ca6dp/prophet_model-20250329050319.csv', 'method=optimize', 'algorithm=lbfgs', 'iter=10000']
[2025-03-29T05:03:19.091+0000] {logging_mixin.py:190} WARNING - 05:03:19 - cmdstanpy - INFO - Chain [1] start processing
[2025-03-29T05:03:19.091+0000] {model.py:2058} INFO - Chain [1] start processing
[2025-03-29T05:03:19.153+0000] {logging_mixin.py:190} WARNING - 05:03:19 - cmdstanpy - INFO - Chain [1] done processing
[2025-03-29T05:03:19.152+0000] {model.py:2115} INFO - Chain [1] done processing
[2025-03-29T05:03:19.553+0000] {logging_mixin.py:190} INFO - Aggregate sales forecast completed and results saved.
[2025-03-29T05:03:19.556+0000] {python.py:240} INFO - Done. Returned value was: None
[2025-03-29T05:03:19.566+0000] {taskinstance.py:340} INFO - ::group::Post task execution logs
[2025-03-29T05:03:19.569+0000] {taskinstance.py:352} INFO - Marking task as SUCCESS. dag_id=forecast_sales_dag, task_id=forecast_aggregate_sales, run_id=manual__2025-03-29T05:03:14.686574+00:00, execution_date=20250329T050314, start_date=20250329T050318, end_date=20250329T050319
[2025-03-29T05:03:19.600+0000] {logging_mixin.py:190} INFO - Task instance in success state
[2025-03-29T05:03:19.602+0000] {logging_mixin.py:190} INFO -  Previous state of the Task instance: running
[2025-03-29T05:03:19.605+0000] {logging_mixin.py:190} INFO - Dag name:forecast_sales_dag queued_at:2025-03-29 05:03:14.703046+00:00
[2025-03-29T05:03:19.607+0000] {logging_mixin.py:190} INFO - Task hostname:2eb76630dc09 operator:PythonOperator
[2025-03-29T05:03:19.651+0000] {local_task_job_runner.py:266} INFO - Task exited with return code 0
[2025-03-29T05:03:19.663+0000] {local_task_job_runner.py:245} INFO - ::endgroup::
