[2025-03-29T04:33:43.849+0000] {local_task_job_runner.py:123} INFO - ::group::Pre task execution logs
[2025-03-29T04:33:43.870+0000] {taskinstance.py:2612} INFO - Dependencies all met for dep_context=non-requeueable deps ti=<TaskInstance: forecast_sales_dag.forecast_aggregate_sales manual__2025-03-29T04:33:40.735078+00:00 [queued]>
[2025-03-29T04:33:43.883+0000] {taskinstance.py:2612} INFO - Dependencies all met for dep_context=requeueable deps ti=<TaskInstance: forecast_sales_dag.forecast_aggregate_sales manual__2025-03-29T04:33:40.735078+00:00 [queued]>
[2025-03-29T04:33:43.886+0000] {taskinstance.py:2865} INFO - Starting attempt 1 of 2
[2025-03-29T04:33:43.925+0000] {taskinstance.py:2888} INFO - Executing <Task(PythonOperator): forecast_aggregate_sales> on 2025-03-29 04:33:40.735078+00:00
[2025-03-29T04:33:43.933+0000] {standard_task_runner.py:72} INFO - Started process 293 to run task
[2025-03-29T04:33:43.937+0000] {standard_task_runner.py:104} INFO - Running: ['***', 'tasks', 'run', 'forecast_sales_dag', 'forecast_aggregate_sales', 'manual__2025-03-29T04:33:40.735078+00:00', '--job-id', '215', '--raw', '--subdir', 'DAGS_FOLDER/forecast_etl.py', '--cfg-path', '/tmp/tmpabqru2c7']
[2025-03-29T04:33:43.940+0000] {standard_task_runner.py:105} INFO - Job 215: Subtask forecast_aggregate_sales
[2025-03-29T04:33:44.015+0000] {task_command.py:467} INFO - Running <TaskInstance: forecast_sales_dag.forecast_aggregate_sales manual__2025-03-29T04:33:40.735078+00:00 [running]> on host 2eb76630dc09
[2025-03-29T04:33:44.147+0000] {taskinstance.py:3131} INFO - Exporting env vars: AIRFLOW_CTX_DAG_OWNER='***' AIRFLOW_CTX_DAG_ID='forecast_sales_dag' AIRFLOW_CTX_TASK_ID='forecast_aggregate_sales' AIRFLOW_CTX_EXECUTION_DATE='2025-03-29T04:33:40.735078+00:00' AIRFLOW_CTX_TRY_NUMBER='1' AIRFLOW_CTX_DAG_RUN_ID='manual__2025-03-29T04:33:40.735078+00:00'
[2025-03-29T04:33:44.150+0000] {logging_mixin.py:190} INFO - Task instance is in running state
[2025-03-29T04:33:44.153+0000] {logging_mixin.py:190} INFO -  Previous state of the Task instance: queued
[2025-03-29T04:33:44.155+0000] {logging_mixin.py:190} INFO - Current task name:forecast_aggregate_sales state:running start_date:2025-03-29 04:33:43.873389+00:00
[2025-03-29T04:33:44.157+0000] {logging_mixin.py:190} INFO - Dag name:forecast_sales_dag and current dag run status:running
[2025-03-29T04:33:44.159+0000] {taskinstance.py:731} INFO - ::endgroup::
[2025-03-29T04:33:44.335+0000] {forecaster.py:961} INFO - Disabling daily seasonality. Run prophet with daily_seasonality=True to override this.
[2025-03-29T04:33:44.404+0000] {filesystem.py:118} DEBUG - input tempfile: /tmp/tmppsuc8dqi/3d8a8zg9.json
[2025-03-29T04:33:44.504+0000] {filesystem.py:118} DEBUG - input tempfile: /tmp/tmppsuc8dqi/v7ueaew7.json
[2025-03-29T04:33:44.507+0000] {model.py:2042} DEBUG - idx 0
[2025-03-29T04:33:44.509+0000] {model.py:2043} DEBUG - running CmdStan, num_threads: None
[2025-03-29T04:33:44.512+0000] {model.py:2055} DEBUG - CmdStan args: ['/home/***/.local/lib/python3.9/site-packages/prophet/stan_model/prophet_model.bin', 'random', 'seed=91716', 'data', 'file=/tmp/tmppsuc8dqi/3d8a8zg9.json', 'init=/tmp/tmppsuc8dqi/v7ueaew7.json', 'output', 'file=/tmp/tmppsuc8dqi/prophet_model4mjyngt1/prophet_model-20250329043344.csv', 'method=optimize', 'algorithm=lbfgs', 'iter=10000']
[2025-03-29T04:33:44.514+0000] {logging_mixin.py:190} WARNING - 04:33:44 - cmdstanpy - INFO - Chain [1] start processing
[2025-03-29T04:33:44.514+0000] {model.py:2058} INFO - Chain [1] start processing
[2025-03-29T04:33:44.592+0000] {logging_mixin.py:190} WARNING - 04:33:44 - cmdstanpy - INFO - Chain [1] done processing
[2025-03-29T04:33:44.592+0000] {model.py:2115} INFO - Chain [1] done processing
[2025-03-29T04:33:45.109+0000] {logging_mixin.py:190} INFO - Aggregate sales forecast completed and results saved.
[2025-03-29T04:33:45.112+0000] {python.py:240} INFO - Done. Returned value was: None
[2025-03-29T04:33:45.124+0000] {taskinstance.py:340} INFO - ::group::Post task execution logs
[2025-03-29T04:33:45.126+0000] {taskinstance.py:352} INFO - Marking task as SUCCESS. dag_id=forecast_sales_dag, task_id=forecast_aggregate_sales, run_id=manual__2025-03-29T04:33:40.735078+00:00, execution_date=20250329T043340, start_date=20250329T043343, end_date=20250329T043345
[2025-03-29T04:33:45.160+0000] {logging_mixin.py:190} INFO - Task instance in success state
[2025-03-29T04:33:45.163+0000] {logging_mixin.py:190} INFO -  Previous state of the Task instance: running
[2025-03-29T04:33:45.165+0000] {logging_mixin.py:190} INFO - Dag name:forecast_sales_dag queued_at:2025-03-29 04:33:40.754034+00:00
[2025-03-29T04:33:45.166+0000] {logging_mixin.py:190} INFO - Task hostname:2eb76630dc09 operator:PythonOperator
[2025-03-29T04:33:45.199+0000] {local_task_job_runner.py:266} INFO - Task exited with return code 0
[2025-03-29T04:33:45.223+0000] {taskinstance.py:3900} INFO - 1 downstream tasks scheduled from follow-on schedule check
[2025-03-29T04:33:45.245+0000] {local_task_job_runner.py:245} INFO - ::endgroup::
