[2025-03-28T17:35:06.297+0000] {local_task_job_runner.py:123} INFO - ::group::Pre task execution logs
[2025-03-28T17:35:06.318+0000] {taskinstance.py:2612} INFO - Dependencies all met for dep_context=non-requeueable deps ti=<TaskInstance: superstore_dag.forecast_aggregate_sales manual__2025-03-28T17:29:40.416205+00:00 [queued]>
[2025-03-28T17:35:06.332+0000] {taskinstance.py:2612} INFO - Dependencies all met for dep_context=requeueable deps ti=<TaskInstance: superstore_dag.forecast_aggregate_sales manual__2025-03-28T17:29:40.416205+00:00 [queued]>
[2025-03-28T17:35:06.334+0000] {taskinstance.py:2865} INFO - Starting attempt 2 of 2
[2025-03-28T17:35:06.374+0000] {taskinstance.py:2888} INFO - Executing <Task(PythonOperator): forecast_aggregate_sales> on 2025-03-28 17:29:40.416205+00:00
[2025-03-28T17:35:06.384+0000] {standard_task_runner.py:72} INFO - Started process 4815 to run task
[2025-03-28T17:35:06.388+0000] {standard_task_runner.py:104} INFO - Running: ['***', 'tasks', 'run', 'superstore_dag', 'forecast_aggregate_sales', 'manual__2025-03-28T17:29:40.416205+00:00', '--job-id', '178', '--raw', '--subdir', 'DAGS_FOLDER/superstore_dag.py', '--cfg-path', '/tmp/tmp4f93u32v']
[2025-03-28T17:35:06.391+0000] {standard_task_runner.py:105} INFO - Job 178: Subtask forecast_aggregate_sales
[2025-03-28T17:35:06.486+0000] {task_command.py:467} INFO - Running <TaskInstance: superstore_dag.forecast_aggregate_sales manual__2025-03-28T17:29:40.416205+00:00 [running]> on host b7fc87b83960
[2025-03-28T17:35:06.626+0000] {taskinstance.py:3131} INFO - Exporting env vars: AIRFLOW_CTX_DAG_OWNER='***' AIRFLOW_CTX_DAG_ID='superstore_dag' AIRFLOW_CTX_TASK_ID='forecast_aggregate_sales' AIRFLOW_CTX_EXECUTION_DATE='2025-03-28T17:29:40.416205+00:00' AIRFLOW_CTX_TRY_NUMBER='2' AIRFLOW_CTX_DAG_RUN_ID='manual__2025-03-28T17:29:40.416205+00:00'
[2025-03-28T17:35:06.629+0000] {logging_mixin.py:190} INFO - Task instance is in running state
[2025-03-28T17:35:06.632+0000] {logging_mixin.py:190} INFO -  Previous state of the Task instance: queued
[2025-03-28T17:35:06.635+0000] {logging_mixin.py:190} INFO - Current task name:forecast_aggregate_sales state:running start_date:2025-03-28 17:35:06.320706+00:00
[2025-03-28T17:35:06.636+0000] {logging_mixin.py:190} INFO - Dag name:superstore_dag and current dag run status:running
[2025-03-28T17:35:06.638+0000] {taskinstance.py:731} INFO - ::endgroup::
[2025-03-28T17:35:06.707+0000] {forecaster.py:961} INFO - Disabling daily seasonality. Run prophet with daily_seasonality=True to override this.
[2025-03-28T17:35:06.747+0000] {filesystem.py:118} DEBUG - input tempfile: /tmp/tmpp0s37ds5/xtqg42_f.json
[2025-03-28T17:35:06.856+0000] {filesystem.py:118} DEBUG - input tempfile: /tmp/tmpp0s37ds5/fhbd1c3m.json
[2025-03-28T17:35:06.860+0000] {model.py:2042} DEBUG - idx 0
[2025-03-28T17:35:06.861+0000] {model.py:2043} DEBUG - running CmdStan, num_threads: None
[2025-03-28T17:35:06.863+0000] {model.py:2055} DEBUG - CmdStan args: ['/home/***/.local/lib/python3.9/site-packages/prophet/stan_model/prophet_model.bin', 'random', 'seed=17877', 'data', 'file=/tmp/tmpp0s37ds5/xtqg42_f.json', 'init=/tmp/tmpp0s37ds5/fhbd1c3m.json', 'output', 'file=/tmp/tmpp0s37ds5/prophet_model4bvvygzg/prophet_model-20250328173506.csv', 'method=optimize', 'algorithm=lbfgs', 'iter=10000']
[2025-03-28T17:35:06.865+0000] {logging_mixin.py:190} WARNING - 17:35:06 - cmdstanpy - INFO - Chain [1] start processing
[2025-03-28T17:35:06.865+0000] {model.py:2058} INFO - Chain [1] start processing
[2025-03-28T17:35:06.935+0000] {logging_mixin.py:190} WARNING - 17:35:06 - cmdstanpy - INFO - Chain [1] done processing
[2025-03-28T17:35:06.934+0000] {model.py:2115} INFO - Chain [1] done processing
[2025-03-28T17:35:07.499+0000] {logging_mixin.py:190} INFO - Aggregate sales forecast completed and results saved.
[2025-03-28T17:35:07.501+0000] {python.py:240} INFO - Done. Returned value was: None
[2025-03-28T17:35:07.514+0000] {taskinstance.py:340} INFO - ::group::Post task execution logs
[2025-03-28T17:35:07.516+0000] {taskinstance.py:352} INFO - Marking task as SUCCESS. dag_id=superstore_dag, task_id=forecast_aggregate_sales, run_id=manual__2025-03-28T17:29:40.416205+00:00, execution_date=20250328T172940, start_date=20250328T173506, end_date=20250328T173507
[2025-03-28T17:35:07.591+0000] {logging_mixin.py:190} INFO - Task instance in success state
[2025-03-28T17:35:07.593+0000] {logging_mixin.py:190} INFO -  Previous state of the Task instance: running
[2025-03-28T17:35:07.595+0000] {logging_mixin.py:190} INFO - Dag name:superstore_dag queued_at:2025-03-28 17:29:40.431251+00:00
[2025-03-28T17:35:07.597+0000] {logging_mixin.py:190} INFO - Task hostname:b7fc87b83960 operator:PythonOperator
[2025-03-28T17:35:07.649+0000] {local_task_job_runner.py:266} INFO - Task exited with return code 0
[2025-03-28T17:35:07.678+0000] {taskinstance.py:3900} INFO - 1 downstream tasks scheduled from follow-on schedule check
[2025-03-28T17:35:07.700+0000] {local_task_job_runner.py:245} INFO - ::endgroup::
