[2025-03-28T07:02:30.907+0000] {local_task_job_runner.py:123} INFO - ::group::Pre task execution logs
[2025-03-28T07:02:30.935+0000] {taskinstance.py:2612} INFO - Dependencies all met for dep_context=non-requeueable deps ti=<TaskInstance: superstore_dag.load_data_to_prod_db manual__2025-03-28T07:02:16.574940+00:00 [queued]>
[2025-03-28T07:02:30.950+0000] {taskinstance.py:2612} INFO - Dependencies all met for dep_context=requeueable deps ti=<TaskInstance: superstore_dag.load_data_to_prod_db manual__2025-03-28T07:02:16.574940+00:00 [queued]>
[2025-03-28T07:02:30.955+0000] {taskinstance.py:2865} INFO - Starting attempt 1 of 2
[2025-03-28T07:02:30.997+0000] {taskinstance.py:2888} INFO - Executing <Task(PythonOperator): load_data_to_prod_db> on 2025-03-28 07:02:16.574940+00:00
[2025-03-28T07:02:31.008+0000] {standard_task_runner.py:72} INFO - Started process 652 to run task
[2025-03-28T07:02:31.014+0000] {standard_task_runner.py:104} INFO - Running: ['***', 'tasks', 'run', 'superstore_dag', 'load_data_to_prod_db', 'manual__2025-03-28T07:02:16.574940+00:00', '--job-id', '50', '--raw', '--subdir', 'DAGS_FOLDER/superstore_dag.py', '--cfg-path', '/tmp/tmpiqd_ujaa']
[2025-03-28T07:02:31.016+0000] {standard_task_runner.py:105} INFO - Job 50: Subtask load_data_to_prod_db
[2025-03-28T07:02:31.109+0000] {task_command.py:467} INFO - Running <TaskInstance: superstore_dag.load_data_to_prod_db manual__2025-03-28T07:02:16.574940+00:00 [running]> on host e0cefe7bdbf4
[2025-03-28T07:02:31.279+0000] {taskinstance.py:3131} INFO - Exporting env vars: AIRFLOW_CTX_DAG_OWNER='***' AIRFLOW_CTX_DAG_ID='superstore_dag' AIRFLOW_CTX_TASK_ID='load_data_to_prod_db' AIRFLOW_CTX_EXECUTION_DATE='2025-03-28T07:02:16.574940+00:00' AIRFLOW_CTX_TRY_NUMBER='1' AIRFLOW_CTX_DAG_RUN_ID='manual__2025-03-28T07:02:16.574940+00:00'
[2025-03-28T07:02:31.281+0000] {logging_mixin.py:190} INFO - Task instance is in running state
[2025-03-28T07:02:31.285+0000] {logging_mixin.py:190} INFO -  Previous state of the Task instance: queued
[2025-03-28T07:02:31.286+0000] {logging_mixin.py:190} INFO - Current task name:load_data_to_prod_db state:running start_date:2025-03-28 07:02:30.937856+00:00
[2025-03-28T07:02:31.288+0000] {logging_mixin.py:190} INFO - Dag name:superstore_dag and current dag run status:running
[2025-03-28T07:02:31.290+0000] {taskinstance.py:731} INFO - ::endgroup::
[2025-03-28T07:02:31.309+0000] {logging_mixin.py:190} INFO - Checking and potentially creating table: prod_fact_table
[2025-03-28T07:02:31.323+0000] {base.py:84} INFO - Retrieving connection '***_default'
[2025-03-28T07:02:31.355+0000] {sql.py:624} INFO - Running statement: 
            IF NOT EXISTS (SELECT * FROM INFORMATION_SCHEMA.TABLES WHERE TABLE_NAME = 'prod_fact_table')
            BEGIN
                CREATE TABLE prod_fact_table ([OrderID_SK] INT, [ProductID_SK] INT, [CustomerID_SK] INT, [LocationID_SK] INT, [DateID_SK] INT, [Sales] FLOAT, [Quantity] INT, [Discount] FLOAT, [Profit] FLOAT, [unit_price] FLOAT);
                PRINT 'Table prod_fact_table created successfully.';
            END
            , parameters: None
[2025-03-28T07:02:31.381+0000] {logging_mixin.py:190} INFO - Table prod_fact_table exists or was just created.
[2025-03-28T07:02:31.390+0000] {logging_mixin.py:190} INFO - Checking and potentially creating table: prod_dim_product
[2025-03-28T07:02:31.416+0000] {sql.py:624} INFO - Running statement: 
            IF NOT EXISTS (SELECT * FROM INFORMATION_SCHEMA.TABLES WHERE TABLE_NAME = 'prod_dim_product')
            BEGIN
                CREATE TABLE prod_dim_product ([Product ID] VARCHAR(MAX), [Category] VARCHAR(MAX), [Sub-Category] VARCHAR(MAX), [Product Name] VARCHAR(MAX), [ProductID_SK] INT);
                PRINT 'Table prod_dim_product created successfully.';
            END
            , parameters: None
[2025-03-28T07:02:31.431+0000] {logging_mixin.py:190} INFO - Table prod_dim_product exists or was just created.
[2025-03-28T07:02:31.439+0000] {logging_mixin.py:190} INFO - Checking and potentially creating table: prod_dim_order
[2025-03-28T07:02:31.463+0000] {sql.py:624} INFO - Running statement: 
            IF NOT EXISTS (SELECT * FROM INFORMATION_SCHEMA.TABLES WHERE TABLE_NAME = 'prod_dim_order')
            BEGIN
                CREATE TABLE prod_dim_order ([Order ID] VARCHAR(MAX), [Ship Date] VARCHAR(MAX), [Ship Mode] VARCHAR(MAX), [OrderID_SK] INT);
                PRINT 'Table prod_dim_order created successfully.';
            END
            , parameters: None
[2025-03-28T07:02:31.479+0000] {logging_mixin.py:190} INFO - Table prod_dim_order exists or was just created.
[2025-03-28T07:02:31.497+0000] {logging_mixin.py:190} INFO - Checking and potentially creating table: prod_dim_customer
[2025-03-28T07:02:31.520+0000] {sql.py:624} INFO - Running statement: 
            IF NOT EXISTS (SELECT * FROM INFORMATION_SCHEMA.TABLES WHERE TABLE_NAME = 'prod_dim_customer')
            BEGIN
                CREATE TABLE prod_dim_customer ([Customer ID] VARCHAR(MAX), [Customer Name] VARCHAR(MAX), [Segment] VARCHAR(MAX), [CustomerID_SK] INT);
                PRINT 'Table prod_dim_customer created successfully.';
            END
            , parameters: None
[2025-03-28T07:02:31.536+0000] {logging_mixin.py:190} INFO - Table prod_dim_customer exists or was just created.
[2025-03-28T07:02:31.545+0000] {logging_mixin.py:190} INFO - Checking and potentially creating table: prod_dim_location
[2025-03-28T07:02:31.567+0000] {sql.py:624} INFO - Running statement: 
            IF NOT EXISTS (SELECT * FROM INFORMATION_SCHEMA.TABLES WHERE TABLE_NAME = 'prod_dim_location')
            BEGIN
                CREATE TABLE prod_dim_location ([Postal Code] INT, [City] VARCHAR(MAX), [State] VARCHAR(MAX), [Country] VARCHAR(MAX), [Region] VARCHAR(MAX), [LocationID_SK] INT);
                PRINT 'Table prod_dim_location created successfully.';
            END
            , parameters: None
[2025-03-28T07:02:31.579+0000] {logging_mixin.py:190} INFO - Table prod_dim_location exists or was just created.
[2025-03-28T07:02:31.588+0000] {logging_mixin.py:190} INFO - Checking and potentially creating table: prod_dim_date
[2025-03-28T07:02:31.615+0000] {sql.py:624} INFO - Running statement: 
            IF NOT EXISTS (SELECT * FROM INFORMATION_SCHEMA.TABLES WHERE TABLE_NAME = 'prod_dim_date')
            BEGIN
                CREATE TABLE prod_dim_date ([Order Date] VARCHAR(MAX), [DateID_SK] INT, [Order Year] INT, [Order Month] INT, [Order Day] INT);
                PRINT 'Table prod_dim_date created successfully.';
            END
            , parameters: None
[2025-03-28T07:02:31.627+0000] {logging_mixin.py:190} INFO - Table prod_dim_date exists or was just created.
[2025-03-28T07:02:31.638+0000] {logging_mixin.py:190} INFO - Truncating table: prod_fact_table
[2025-03-28T07:02:31.663+0000] {sql.py:624} INFO - Running statement: TRUNCATE TABLE prod_fact_table, parameters: None
[2025-03-28T07:02:31.671+0000] {logging_mixin.py:190} INFO - Loading 1000 rows into prod_fact_table
[2025-03-28T07:02:33.939+0000] {sql.py:757} INFO - Loaded 1000 rows into prod_fact_table so far
[2025-03-28T07:02:33.945+0000] {sql.py:760} INFO - Done loading. Loaded a total of 1000 rows into prod_fact_table
[2025-03-28T07:02:33.958+0000] {logging_mixin.py:190} INFO - Truncating table: prod_dim_product
[2025-03-28T07:02:33.990+0000] {sql.py:624} INFO - Running statement: TRUNCATE TABLE prod_dim_product, parameters: None
[2025-03-28T07:02:34.005+0000] {logging_mixin.py:190} INFO - Loading 764 rows into prod_dim_product
[2025-03-28T07:02:35.988+0000] {sql.py:760} INFO - Done loading. Loaded a total of 764 rows into prod_dim_product
[2025-03-28T07:02:35.999+0000] {logging_mixin.py:190} INFO - Truncating table: prod_dim_order
[2025-03-28T07:02:36.028+0000] {sql.py:624} INFO - Running statement: TRUNCATE TABLE prod_dim_order, parameters: None
[2025-03-28T07:02:36.041+0000] {logging_mixin.py:190} INFO - Loading 479 rows into prod_dim_order
[2025-03-28T07:02:37.088+0000] {sql.py:760} INFO - Done loading. Loaded a total of 479 rows into prod_dim_order
[2025-03-28T07:02:37.097+0000] {logging_mixin.py:190} INFO - Truncating table: prod_dim_customer
[2025-03-28T07:02:37.120+0000] {sql.py:624} INFO - Running statement: TRUNCATE TABLE prod_dim_customer, parameters: None
[2025-03-28T07:02:37.129+0000] {logging_mixin.py:190} INFO - Loading 362 rows into prod_dim_customer
[2025-03-28T07:02:38.012+0000] {sql.py:760} INFO - Done loading. Loaded a total of 362 rows into prod_dim_customer
[2025-03-28T07:02:38.022+0000] {logging_mixin.py:190} INFO - Truncating table: prod_dim_location
[2025-03-28T07:02:38.050+0000] {sql.py:624} INFO - Running statement: TRUNCATE TABLE prod_dim_location, parameters: None
[2025-03-28T07:02:38.057+0000] {logging_mixin.py:190} INFO - Loading 221 rows into prod_dim_location
[2025-03-28T07:02:38.550+0000] {sql.py:760} INFO - Done loading. Loaded a total of 221 rows into prod_dim_location
[2025-03-28T07:02:38.565+0000] {logging_mixin.py:190} INFO - Truncating table: prod_dim_date
[2025-03-28T07:02:38.595+0000] {sql.py:624} INFO - Running statement: TRUNCATE TABLE prod_dim_date, parameters: None
[2025-03-28T07:02:38.606+0000] {logging_mixin.py:190} INFO - Loading 373 rows into prod_dim_date
[2025-03-28T07:02:39.650+0000] {sql.py:760} INFO - Done loading. Loaded a total of 373 rows into prod_dim_date
[2025-03-28T07:02:39.652+0000] {python.py:240} INFO - Done. Returned value was: None
[2025-03-28T07:02:39.669+0000] {taskinstance.py:340} INFO - ::group::Post task execution logs
[2025-03-28T07:02:39.671+0000] {taskinstance.py:352} INFO - Marking task as SUCCESS. dag_id=superstore_dag, task_id=load_data_to_prod_db, run_id=manual__2025-03-28T07:02:16.574940+00:00, execution_date=20250328T070216, start_date=20250328T070230, end_date=20250328T070239
[2025-03-28T07:02:39.708+0000] {logging_mixin.py:190} INFO - Task instance in success state
[2025-03-28T07:02:39.710+0000] {logging_mixin.py:190} INFO -  Previous state of the Task instance: running
[2025-03-28T07:02:39.712+0000] {logging_mixin.py:190} INFO - Dag name:superstore_dag queued_at:2025-03-28 07:02:16.588237+00:00
[2025-03-28T07:02:39.716+0000] {logging_mixin.py:190} INFO - Task hostname:e0cefe7bdbf4 operator:PythonOperator
[2025-03-28T07:02:39.735+0000] {local_task_job_runner.py:266} INFO - Task exited with return code 0
[2025-03-28T07:02:39.756+0000] {taskinstance.py:3900} INFO - 0 downstream tasks scheduled from follow-on schedule check
[2025-03-28T07:02:39.780+0000] {local_task_job_runner.py:245} INFO - ::endgroup::
