[2025-03-28T16:56:00.976+0000] {local_task_job_runner.py:123} INFO - ::group::Pre task execution logs
[2025-03-28T16:56:00.995+0000] {taskinstance.py:2612} INFO - Dependencies all met for dep_context=non-requeueable deps ti=<TaskInstance: superstore_dag.write_data_to_csv manual__2025-03-28T16:55:42.978218+00:00 [queued]>
[2025-03-28T16:56:01.007+0000] {taskinstance.py:2612} INFO - Dependencies all met for dep_context=requeueable deps ti=<TaskInstance: superstore_dag.write_data_to_csv manual__2025-03-28T16:55:42.978218+00:00 [queued]>
[2025-03-28T16:56:01.015+0000] {taskinstance.py:2865} INFO - Starting attempt 1 of 2
[2025-03-28T16:56:01.067+0000] {taskinstance.py:2888} INFO - Executing <Task(PythonOperator): write_data_to_csv> on 2025-03-28 16:55:42.978218+00:00
[2025-03-28T16:56:01.078+0000] {standard_task_runner.py:72} INFO - Started process 3129 to run task
[2025-03-28T16:56:01.083+0000] {standard_task_runner.py:104} INFO - Running: ['***', 'tasks', 'run', 'superstore_dag', 'write_data_to_csv', 'manual__2025-03-28T16:55:42.978218+00:00', '--job-id', '122', '--raw', '--subdir', 'DAGS_FOLDER/superstore_dag.py', '--cfg-path', '/tmp/tmpq8a1zvek']
[2025-03-28T16:56:01.086+0000] {standard_task_runner.py:105} INFO - Job 122: Subtask write_data_to_csv
[2025-03-28T16:56:01.193+0000] {task_command.py:467} INFO - Running <TaskInstance: superstore_dag.write_data_to_csv manual__2025-03-28T16:55:42.978218+00:00 [running]> on host b7fc87b83960
[2025-03-28T16:56:01.327+0000] {taskinstance.py:3131} INFO - Exporting env vars: AIRFLOW_CTX_DAG_OWNER='***' AIRFLOW_CTX_DAG_ID='superstore_dag' AIRFLOW_CTX_TASK_ID='write_data_to_csv' AIRFLOW_CTX_EXECUTION_DATE='2025-03-28T16:55:42.978218+00:00' AIRFLOW_CTX_TRY_NUMBER='1' AIRFLOW_CTX_DAG_RUN_ID='manual__2025-03-28T16:55:42.978218+00:00'
[2025-03-28T16:56:01.332+0000] {logging_mixin.py:190} INFO - Task instance is in running state
[2025-03-28T16:56:01.334+0000] {logging_mixin.py:190} INFO -  Previous state of the Task instance: queued
[2025-03-28T16:56:01.336+0000] {logging_mixin.py:190} INFO - Current task name:write_data_to_csv state:running start_date:2025-03-28 16:56:00.998441+00:00
[2025-03-28T16:56:01.338+0000] {logging_mixin.py:190} INFO - Dag name:superstore_dag and current dag run status:running
[2025-03-28T16:56:01.340+0000] {taskinstance.py:731} INFO - ::endgroup::
[2025-03-28T16:56:01.522+0000] {logging_mixin.py:190} INFO - Fact, dimension, and aggregate sales tables saved as CSV in the extract folder.
[2025-03-28T16:56:01.525+0000] {python.py:240} INFO - Done. Returned value was: None
[2025-03-28T16:56:01.537+0000] {taskinstance.py:340} INFO - ::group::Post task execution logs
[2025-03-28T16:56:01.538+0000] {taskinstance.py:352} INFO - Marking task as SUCCESS. dag_id=superstore_dag, task_id=write_data_to_csv, run_id=manual__2025-03-28T16:55:42.978218+00:00, execution_date=20250328T165542, start_date=20250328T165600, end_date=20250328T165601
[2025-03-28T16:56:01.570+0000] {logging_mixin.py:190} INFO - Task instance in success state
[2025-03-28T16:56:01.573+0000] {logging_mixin.py:190} INFO -  Previous state of the Task instance: running
[2025-03-28T16:56:01.575+0000] {logging_mixin.py:190} INFO - Dag name:superstore_dag queued_at:2025-03-28 16:55:43.009382+00:00
[2025-03-28T16:56:01.578+0000] {logging_mixin.py:190} INFO - Task hostname:b7fc87b83960 operator:PythonOperator
[2025-03-28T16:56:01.621+0000] {local_task_job_runner.py:266} INFO - Task exited with return code 0
[2025-03-28T16:56:01.695+0000] {taskinstance.py:3900} INFO - 1 downstream tasks scheduled from follow-on schedule check
[2025-03-28T16:56:01.719+0000] {local_task_job_runner.py:245} INFO - ::endgroup::
