[2025-03-28T13:39:02.781+0000] {local_task_job_runner.py:123} INFO - ::group::Pre task execution logs
[2025-03-28T13:39:02.801+0000] {taskinstance.py:2612} INFO - Dependencies all met for dep_context=non-requeueable deps ti=<TaskInstance: superstore_dag.load_data_to_prod_db manual__2025-03-28T13:38:29.844343+00:00 [queued]>
[2025-03-28T13:39:02.813+0000] {taskinstance.py:2612} INFO - Dependencies all met for dep_context=requeueable deps ti=<TaskInstance: superstore_dag.load_data_to_prod_db manual__2025-03-28T13:38:29.844343+00:00 [queued]>
[2025-03-28T13:39:02.816+0000] {taskinstance.py:2865} INFO - Starting attempt 1 of 2
[2025-03-28T13:39:02.854+0000] {taskinstance.py:2888} INFO - Executing <Task(PythonOperator): load_data_to_prod_db> on 2025-03-28 13:38:29.844343+00:00
[2025-03-28T13:39:02.872+0000] {standard_task_runner.py:72} INFO - Started process 263 to run task
[2025-03-28T13:39:02.884+0000] {standard_task_runner.py:104} INFO - Running: ['***', 'tasks', 'run', 'superstore_dag', 'load_data_to_prod_db', 'manual__2025-03-28T13:38:29.844343+00:00', '--job-id', '66', '--raw', '--subdir', 'DAGS_FOLDER/superstore_dag.py', '--cfg-path', '/tmp/tmpvctj4cke']
[2025-03-28T13:39:02.889+0000] {standard_task_runner.py:105} INFO - Job 66: Subtask load_data_to_prod_db
[2025-03-28T13:39:03.002+0000] {task_command.py:467} INFO - Running <TaskInstance: superstore_dag.load_data_to_prod_db manual__2025-03-28T13:38:29.844343+00:00 [running]> on host b7fc87b83960
[2025-03-28T13:39:03.150+0000] {taskinstance.py:3131} INFO - Exporting env vars: AIRFLOW_CTX_DAG_OWNER='***' AIRFLOW_CTX_DAG_ID='superstore_dag' AIRFLOW_CTX_TASK_ID='load_data_to_prod_db' AIRFLOW_CTX_EXECUTION_DATE='2025-03-28T13:38:29.844343+00:00' AIRFLOW_CTX_TRY_NUMBER='1' AIRFLOW_CTX_DAG_RUN_ID='manual__2025-03-28T13:38:29.844343+00:00'
[2025-03-28T13:39:03.152+0000] {logging_mixin.py:190} INFO - Task instance is in running state
[2025-03-28T13:39:03.153+0000] {logging_mixin.py:190} INFO -  Previous state of the Task instance: queued
[2025-03-28T13:39:03.155+0000] {logging_mixin.py:190} INFO - Current task name:load_data_to_prod_db state:running start_date:2025-03-28 13:39:02.803330+00:00
[2025-03-28T13:39:03.156+0000] {logging_mixin.py:190} INFO - Dag name:superstore_dag and current dag run status:running
[2025-03-28T13:39:03.158+0000] {taskinstance.py:731} INFO - ::endgroup::
[2025-03-28T13:39:03.176+0000] {logging_mixin.py:190} INFO - Checking and potentially creating table: prod_fact_table
[2025-03-28T13:39:03.190+0000] {base.py:84} INFO - Retrieving connection '***_default'
[2025-03-28T13:39:03.222+0000] {sql.py:624} INFO - Running statement: 
            IF NOT EXISTS (SELECT * FROM INFORMATION_SCHEMA.TABLES WHERE TABLE_NAME = 'prod_fact_table')
            BEGIN
                CREATE TABLE prod_fact_table ([OrderID_SK] INT, [ProductID_SK] INT, [CustomerID_SK] INT, [LocationID_SK] INT, [DateID_SK] INT, [Sales] FLOAT, [Quantity] INT, [Discount] FLOAT, [Profit] FLOAT, [unit_price] FLOAT);
                PRINT 'Table prod_fact_table created successfully.';
            END
            , parameters: None
[2025-03-28T13:39:03.267+0000] {logging_mixin.py:190} INFO - Table prod_fact_table exists or was just created.
[2025-03-28T13:39:03.279+0000] {logging_mixin.py:190} INFO - Checking and potentially creating table: prod_dim_product
[2025-03-28T13:39:03.302+0000] {sql.py:624} INFO - Running statement: 
            IF NOT EXISTS (SELECT * FROM INFORMATION_SCHEMA.TABLES WHERE TABLE_NAME = 'prod_dim_product')
            BEGIN
                CREATE TABLE prod_dim_product ([Product ID] VARCHAR(MAX), [Category] VARCHAR(MAX), [Sub-Category] VARCHAR(MAX), [Product Name] VARCHAR(MAX), [ProductID_SK] INT);
                PRINT 'Table prod_dim_product created successfully.';
            END
            , parameters: None
[2025-03-28T13:39:03.317+0000] {logging_mixin.py:190} INFO - Table prod_dim_product exists or was just created.
[2025-03-28T13:39:03.331+0000] {logging_mixin.py:190} INFO - Checking and potentially creating table: prod_dim_order
[2025-03-28T13:39:03.354+0000] {sql.py:624} INFO - Running statement: 
            IF NOT EXISTS (SELECT * FROM INFORMATION_SCHEMA.TABLES WHERE TABLE_NAME = 'prod_dim_order')
            BEGIN
                CREATE TABLE prod_dim_order ([Order ID] VARCHAR(MAX), [Ship Date] VARCHAR(MAX), [Ship Mode] VARCHAR(MAX), [OrderID_SK] INT);
                PRINT 'Table prod_dim_order created successfully.';
            END
            , parameters: None
[2025-03-28T13:39:03.367+0000] {logging_mixin.py:190} INFO - Table prod_dim_order exists or was just created.
[2025-03-28T13:39:03.382+0000] {logging_mixin.py:190} INFO - Checking and potentially creating table: prod_dim_customer
[2025-03-28T13:39:03.409+0000] {sql.py:624} INFO - Running statement: 
            IF NOT EXISTS (SELECT * FROM INFORMATION_SCHEMA.TABLES WHERE TABLE_NAME = 'prod_dim_customer')
            BEGIN
                CREATE TABLE prod_dim_customer ([Customer ID] VARCHAR(MAX), [Customer Name] VARCHAR(MAX), [Segment] VARCHAR(MAX), [CustomerID_SK] INT);
                PRINT 'Table prod_dim_customer created successfully.';
            END
            , parameters: None
[2025-03-28T13:39:03.432+0000] {logging_mixin.py:190} INFO - Table prod_dim_customer exists or was just created.
[2025-03-28T13:39:03.448+0000] {logging_mixin.py:190} INFO - Checking and potentially creating table: prod_dim_location
[2025-03-28T13:39:03.479+0000] {sql.py:624} INFO - Running statement: 
            IF NOT EXISTS (SELECT * FROM INFORMATION_SCHEMA.TABLES WHERE TABLE_NAME = 'prod_dim_location')
            BEGIN
                CREATE TABLE prod_dim_location ([Postal Code] INT, [City] VARCHAR(MAX), [State] VARCHAR(MAX), [Country] VARCHAR(MAX), [Region] VARCHAR(MAX), [LocationID_SK] INT);
                PRINT 'Table prod_dim_location created successfully.';
            END
            , parameters: None
[2025-03-28T13:39:03.494+0000] {logging_mixin.py:190} INFO - Table prod_dim_location exists or was just created.
[2025-03-28T13:39:03.510+0000] {logging_mixin.py:190} INFO - Checking and potentially creating table: prod_dim_date
[2025-03-28T13:39:03.540+0000] {sql.py:624} INFO - Running statement: 
            IF NOT EXISTS (SELECT * FROM INFORMATION_SCHEMA.TABLES WHERE TABLE_NAME = 'prod_dim_date')
            BEGIN
                CREATE TABLE prod_dim_date ([Order Date] VARCHAR(MAX), [DateID_SK] INT, [Order Year] INT, [Order Month] INT, [Order Day] INT);
                PRINT 'Table prod_dim_date created successfully.';
            END
            , parameters: None
[2025-03-28T13:39:03.554+0000] {logging_mixin.py:190} INFO - Table prod_dim_date exists or was just created.
[2025-03-28T13:39:03.584+0000] {logging_mixin.py:190} INFO - Truncating table: prod_fact_table
[2025-03-28T13:39:03.614+0000] {sql.py:624} INFO - Running statement: TRUNCATE TABLE prod_fact_table, parameters: None
[2025-03-28T13:39:03.637+0000] {logging_mixin.py:190} INFO - Loading 9994 rows into prod_fact_table
[2025-03-28T13:39:05.745+0000] {sql.py:757} INFO - Loaded 1000 rows into prod_fact_table so far
[2025-03-28T13:39:07.513+0000] {sql.py:757} INFO - Loaded 2000 rows into prod_fact_table so far
[2025-03-28T13:39:09.819+0000] {sql.py:757} INFO - Loaded 3000 rows into prod_fact_table so far
[2025-03-28T13:39:11.677+0000] {sql.py:757} INFO - Loaded 4000 rows into prod_fact_table so far
[2025-03-28T13:39:13.413+0000] {sql.py:757} INFO - Loaded 5000 rows into prod_fact_table so far
[2025-03-28T13:39:15.197+0000] {sql.py:757} INFO - Loaded 6000 rows into prod_fact_table so far
[2025-03-28T13:39:17.190+0000] {sql.py:757} INFO - Loaded 7000 rows into prod_fact_table so far
[2025-03-28T13:39:19.013+0000] {sql.py:757} INFO - Loaded 8000 rows into prod_fact_table so far
[2025-03-28T13:39:20.939+0000] {sql.py:757} INFO - Loaded 9000 rows into prod_fact_table so far
[2025-03-28T13:39:22.959+0000] {sql.py:760} INFO - Done loading. Loaded a total of 9994 rows into prod_fact_table
[2025-03-28T13:39:22.972+0000] {logging_mixin.py:190} INFO - Truncating table: prod_dim_product
[2025-03-28T13:39:22.999+0000] {sql.py:624} INFO - Running statement: TRUNCATE TABLE prod_dim_product, parameters: None
[2025-03-28T13:39:23.009+0000] {logging_mixin.py:190} INFO - Loading 1862 rows into prod_dim_product
[2025-03-28T13:39:25.313+0000] {sql.py:757} INFO - Loaded 1000 rows into prod_dim_product so far
[2025-03-28T13:39:27.289+0000] {sql.py:760} INFO - Done loading. Loaded a total of 1862 rows into prod_dim_product
[2025-03-28T13:39:27.307+0000] {logging_mixin.py:190} INFO - Truncating table: prod_dim_order
[2025-03-28T13:39:27.338+0000] {sql.py:624} INFO - Running statement: TRUNCATE TABLE prod_dim_order, parameters: None
[2025-03-28T13:39:27.346+0000] {logging_mixin.py:190} INFO - Loading 5009 rows into prod_dim_order
[2025-03-28T13:39:29.093+0000] {sql.py:757} INFO - Loaded 1000 rows into prod_dim_order so far
[2025-03-28T13:39:30.723+0000] {sql.py:757} INFO - Loaded 2000 rows into prod_dim_order so far
[2025-03-28T13:39:32.339+0000] {sql.py:757} INFO - Loaded 3000 rows into prod_dim_order so far
[2025-03-28T13:39:34.299+0000] {sql.py:757} INFO - Loaded 4000 rows into prod_dim_order so far
[2025-03-28T13:39:35.795+0000] {sql.py:757} INFO - Loaded 5000 rows into prod_dim_order so far
[2025-03-28T13:39:35.810+0000] {sql.py:760} INFO - Done loading. Loaded a total of 5009 rows into prod_dim_order
[2025-03-28T13:39:35.820+0000] {logging_mixin.py:190} INFO - Truncating table: prod_dim_customer
[2025-03-28T13:39:35.849+0000] {sql.py:624} INFO - Running statement: TRUNCATE TABLE prod_dim_customer, parameters: None
[2025-03-28T13:39:35.856+0000] {logging_mixin.py:190} INFO - Loading 793 rows into prod_dim_customer
[2025-03-28T13:39:37.115+0000] {sql.py:760} INFO - Done loading. Loaded a total of 793 rows into prod_dim_customer
[2025-03-28T13:39:37.125+0000] {logging_mixin.py:190} INFO - Truncating table: prod_dim_location
[2025-03-28T13:39:37.147+0000] {sql.py:624} INFO - Running statement: TRUNCATE TABLE prod_dim_location, parameters: None
[2025-03-28T13:39:37.156+0000] {logging_mixin.py:190} INFO - Loading 631 rows into prod_dim_location
[2025-03-28T13:39:38.384+0000] {sql.py:760} INFO - Done loading. Loaded a total of 631 rows into prod_dim_location
[2025-03-28T13:39:38.392+0000] {logging_mixin.py:190} INFO - Truncating table: prod_dim_date
[2025-03-28T13:39:38.417+0000] {sql.py:624} INFO - Running statement: TRUNCATE TABLE prod_dim_date, parameters: None
[2025-03-28T13:39:38.428+0000] {logging_mixin.py:190} INFO - Loading 1237 rows into prod_dim_date
[2025-03-28T13:39:40.042+0000] {sql.py:757} INFO - Loaded 1000 rows into prod_dim_date so far
[2025-03-28T13:39:40.420+0000] {sql.py:760} INFO - Done loading. Loaded a total of 1237 rows into prod_dim_date
[2025-03-28T13:39:40.454+0000] {logging_mixin.py:190} INFO - Checking and potentially creating table: forecast_past_future_sales
[2025-03-28T13:39:40.465+0000] {logging_mixin.py:190} INFO - Error creating table forecast_past_future_sales: The conn_id `***_prod2` isn't defined
[2025-03-28T13:39:40.480+0000] {logging_mixin.py:190} INFO - Checking and potentially creating table: forecast_metrics
[2025-03-28T13:39:40.490+0000] {logging_mixin.py:190} INFO - Error creating table forecast_metrics: The conn_id `***_prod2` isn't defined
[2025-03-28T13:39:40.504+0000] {logging_mixin.py:190} INFO - Truncating table: forecast_past_future_sales
[2025-03-28T13:39:40.525+0000] {taskinstance.py:3310} ERROR - Task failed with exception
Traceback (most recent call last):
  File "/home/airflow/.local/lib/python3.9/site-packages/airflow/models/taskinstance.py", line 767, in _execute_task
    result = _execute_callable(context=context, **execute_callable_kwargs)
  File "/home/airflow/.local/lib/python3.9/site-packages/airflow/models/taskinstance.py", line 733, in _execute_callable
    return ExecutionCallableRunner(
  File "/home/airflow/.local/lib/python3.9/site-packages/airflow/utils/operator_helpers.py", line 252, in run
    return self.func(*args, **kwargs)
  File "/home/airflow/.local/lib/python3.9/site-packages/airflow/models/baseoperator.py", line 406, in wrapper
    return func(self, *args, **kwargs)
  File "/home/airflow/.local/lib/python3.9/site-packages/airflow/operators/python.py", line 238, in execute
    return_value = self.execute_callable()
  File "/home/airflow/.local/lib/python3.9/site-packages/airflow/operators/python.py", line 256, in execute_callable
    return runner.run(*self.op_args, **self.op_kwargs)
  File "/home/airflow/.local/lib/python3.9/site-packages/airflow/utils/operator_helpers.py", line 252, in run
    return self.func(*args, **kwargs)
  File "/opt/airflow/dags/superstore_dag.py", line 305, in load_data_to_prod_db
    load_csv_to_mssql('forecast_past_future_sales', past_future_sales_file_path, forecast_hook)
  File "/opt/airflow/dags/superstore_dag.py", line 281, in load_csv_to_mssql
    hook.run(f"TRUNCATE TABLE {table_name}")
  File "/home/airflow/.local/lib/python3.9/site-packages/airflow/providers/common/sql/hooks/sql.py", line 576, in run
    with self._create_autocommit_connection(autocommit) as conn:
  File "/usr/local/lib/python3.9/contextlib.py", line 119, in __enter__
    return next(self.gen)
  File "/home/airflow/.local/lib/python3.9/site-packages/airflow/providers/common/sql/hooks/sql.py", line 684, in _create_autocommit_connection
    with closing(self.get_conn()) as conn:
  File "/home/airflow/.local/lib/python3.9/site-packages/airflow/providers/microsoft/mssql/hooks/mssql.py", line 101, in get_conn
    conn = self.connection
  File "/home/airflow/.local/lib/python3.9/site-packages/airflow/providers/common/sql/hooks/sql.py", line 242, in connection
    self._connection = self.get_connection(self.get_conn_id())
  File "/home/airflow/.local/lib/python3.9/site-packages/airflow/hooks/base.py", line 83, in get_connection
    conn = Connection.get_connection_from_secrets(conn_id)
  File "/home/airflow/.local/lib/python3.9/site-packages/airflow/models/connection.py", line 537, in get_connection_from_secrets
    raise AirflowNotFoundException(f"The conn_id `{conn_id}` isn't defined")
airflow.exceptions.AirflowNotFoundException: The conn_id `***_prod2` isn't defined
[2025-03-28T13:39:40.548+0000] {logging_mixin.py:190} INFO - Task instance in failure state
[2025-03-28T13:39:40.551+0000] {logging_mixin.py:190} INFO - Task start:2025-03-28 13:39:02.803330+00:00 end:2025-03-28 13:39:40.547638+00:00 duration:37.744308
[2025-03-28T13:39:40.553+0000] {logging_mixin.py:190} INFO - Task:<Task(PythonOperator): load_data_to_prod_db> dag:<DAG: superstore_dag> dagrun:<DagRun superstore_dag @ 2025-03-28 13:38:29.844343+00:00: manual__2025-03-28T13:38:29.844343+00:00, state:running, queued_at: 2025-03-28 13:38:29.874927+00:00. externally triggered: True>
[2025-03-28T13:39:40.555+0000] {logging_mixin.py:190} INFO - Failure caused by The conn_id `***_prod2` isn't defined
[2025-03-28T13:39:40.557+0000] {taskinstance.py:1225} INFO - Marking task as UP_FOR_RETRY. dag_id=superstore_dag, task_id=load_data_to_prod_db, run_id=manual__2025-03-28T13:38:29.844343+00:00, execution_date=20250328T133829, start_date=20250328T133902, end_date=20250328T133940
[2025-03-28T13:39:40.608+0000] {taskinstance.py:340} INFO - ::group::Post task execution logs
[2025-03-28T13:39:40.610+0000] {standard_task_runner.py:124} ERROR - Failed to execute job 66 for task load_data_to_prod_db (The conn_id `***_prod2` isn't defined; 263)
Traceback (most recent call last):
  File "/home/airflow/.local/lib/python3.9/site-packages/airflow/task/task_runner/standard_task_runner.py", line 117, in _start_by_fork
    ret = args.func(args, dag=self.dag)
  File "/home/airflow/.local/lib/python3.9/site-packages/airflow/cli/cli_config.py", line 49, in command
    return func(*args, **kwargs)
  File "/home/airflow/.local/lib/python3.9/site-packages/airflow/utils/cli.py", line 115, in wrapper
    return f(*args, **kwargs)
  File "/home/airflow/.local/lib/python3.9/site-packages/airflow/cli/commands/task_command.py", line 483, in task_run
    task_return_code = _run_task_by_selected_method(args, _dag, ti)
  File "/home/airflow/.local/lib/python3.9/site-packages/airflow/cli/commands/task_command.py", line 256, in _run_task_by_selected_method
    return _run_raw_task(args, ti)
  File "/home/airflow/.local/lib/python3.9/site-packages/airflow/cli/commands/task_command.py", line 341, in _run_raw_task
    return ti._run_raw_task(
  File "/home/airflow/.local/lib/python3.9/site-packages/airflow/utils/session.py", line 97, in wrapper
    return func(*args, session=session, **kwargs)
  File "/home/airflow/.local/lib/python3.9/site-packages/airflow/models/taskinstance.py", line 3004, in _run_raw_task
    return _run_raw_task(
  File "/home/airflow/.local/lib/python3.9/site-packages/airflow/models/taskinstance.py", line 273, in _run_raw_task
    TaskInstance._execute_task_with_callbacks(
  File "/home/airflow/.local/lib/python3.9/site-packages/airflow/models/taskinstance.py", line 3158, in _execute_task_with_callbacks
    result = self._execute_task(context, task_orig)
  File "/home/airflow/.local/lib/python3.9/site-packages/airflow/models/taskinstance.py", line 3182, in _execute_task
    return _execute_task(self, context, task_orig)
  File "/home/airflow/.local/lib/python3.9/site-packages/airflow/models/taskinstance.py", line 767, in _execute_task
    result = _execute_callable(context=context, **execute_callable_kwargs)
  File "/home/airflow/.local/lib/python3.9/site-packages/airflow/models/taskinstance.py", line 733, in _execute_callable
    return ExecutionCallableRunner(
  File "/home/airflow/.local/lib/python3.9/site-packages/airflow/utils/operator_helpers.py", line 252, in run
    return self.func(*args, **kwargs)
  File "/home/airflow/.local/lib/python3.9/site-packages/airflow/models/baseoperator.py", line 406, in wrapper
    return func(self, *args, **kwargs)
  File "/home/airflow/.local/lib/python3.9/site-packages/airflow/operators/python.py", line 238, in execute
    return_value = self.execute_callable()
  File "/home/airflow/.local/lib/python3.9/site-packages/airflow/operators/python.py", line 256, in execute_callable
    return runner.run(*self.op_args, **self.op_kwargs)
  File "/home/airflow/.local/lib/python3.9/site-packages/airflow/utils/operator_helpers.py", line 252, in run
    return self.func(*args, **kwargs)
  File "/opt/airflow/dags/superstore_dag.py", line 305, in load_data_to_prod_db
    load_csv_to_mssql('forecast_past_future_sales', past_future_sales_file_path, forecast_hook)
  File "/opt/airflow/dags/superstore_dag.py", line 281, in load_csv_to_mssql
    hook.run(f"TRUNCATE TABLE {table_name}")
  File "/home/airflow/.local/lib/python3.9/site-packages/airflow/providers/common/sql/hooks/sql.py", line 576, in run
    with self._create_autocommit_connection(autocommit) as conn:
  File "/usr/local/lib/python3.9/contextlib.py", line 119, in __enter__
    return next(self.gen)
  File "/home/airflow/.local/lib/python3.9/site-packages/airflow/providers/common/sql/hooks/sql.py", line 684, in _create_autocommit_connection
    with closing(self.get_conn()) as conn:
  File "/home/airflow/.local/lib/python3.9/site-packages/airflow/providers/microsoft/mssql/hooks/mssql.py", line 101, in get_conn
    conn = self.connection
  File "/home/airflow/.local/lib/python3.9/site-packages/airflow/providers/common/sql/hooks/sql.py", line 242, in connection
    self._connection = self.get_connection(self.get_conn_id())
  File "/home/airflow/.local/lib/python3.9/site-packages/airflow/hooks/base.py", line 83, in get_connection
    conn = Connection.get_connection_from_secrets(conn_id)
  File "/home/airflow/.local/lib/python3.9/site-packages/airflow/models/connection.py", line 537, in get_connection_from_secrets
    raise AirflowNotFoundException(f"The conn_id `{conn_id}` isn't defined")
airflow.exceptions.AirflowNotFoundException: The conn_id `***_prod2` isn't defined
[2025-03-28T13:39:40.654+0000] {local_task_job_runner.py:266} INFO - Task exited with return code 1
[2025-03-28T13:39:40.672+0000] {taskinstance.py:3900} INFO - 0 downstream tasks scheduled from follow-on schedule check
[2025-03-28T13:39:40.696+0000] {local_task_job_runner.py:245} INFO - ::endgroup::
