[2025-03-29T04:32:00.489+0000] {local_task_job_runner.py:123} INFO - ::group::Pre task execution logs
[2025-03-29T04:32:00.513+0000] {taskinstance.py:2612} INFO - Dependencies all met for dep_context=non-requeueable deps ti=<TaskInstance: superstore_dag.write_data_to_csv manual__2025-03-29T04:31:47.288971+00:00 [queued]>
[2025-03-29T04:32:00.529+0000] {taskinstance.py:2612} INFO - Dependencies all met for dep_context=requeueable deps ti=<TaskInstance: superstore_dag.write_data_to_csv manual__2025-03-29T04:31:47.288971+00:00 [queued]>
[2025-03-29T04:32:00.540+0000] {taskinstance.py:2865} INFO - Starting attempt 1 of 2
[2025-03-29T04:32:00.599+0000] {taskinstance.py:2888} INFO - Executing <Task(PythonOperator): write_data_to_csv> on 2025-03-29 04:31:47.288971+00:00
[2025-03-29T04:32:00.605+0000] {standard_task_runner.py:72} INFO - Started process 239 to run task
[2025-03-29T04:32:00.609+0000] {standard_task_runner.py:104} INFO - Running: ['***', 'tasks', 'run', 'superstore_dag', 'write_data_to_csv', 'manual__2025-03-29T04:31:47.288971+00:00', '--job-id', '213', '--raw', '--subdir', 'DAGS_FOLDER/superstore_dag.py', '--cfg-path', '/tmp/tmpunwxhm3f']
[2025-03-29T04:32:00.612+0000] {standard_task_runner.py:105} INFO - Job 213: Subtask write_data_to_csv
[2025-03-29T04:32:00.701+0000] {task_command.py:467} INFO - Running <TaskInstance: superstore_dag.write_data_to_csv manual__2025-03-29T04:31:47.288971+00:00 [running]> on host 2eb76630dc09
[2025-03-29T04:32:00.828+0000] {taskinstance.py:3131} INFO - Exporting env vars: AIRFLOW_CTX_DAG_OWNER='***' AIRFLOW_CTX_DAG_ID='superstore_dag' AIRFLOW_CTX_TASK_ID='write_data_to_csv' AIRFLOW_CTX_EXECUTION_DATE='2025-03-29T04:31:47.288971+00:00' AIRFLOW_CTX_TRY_NUMBER='1' AIRFLOW_CTX_DAG_RUN_ID='manual__2025-03-29T04:31:47.288971+00:00'
[2025-03-29T04:32:00.831+0000] {logging_mixin.py:190} INFO - Task instance is in running state
[2025-03-29T04:32:00.833+0000] {logging_mixin.py:190} INFO -  Previous state of the Task instance: queued
[2025-03-29T04:32:00.836+0000] {logging_mixin.py:190} INFO - Current task name:write_data_to_csv state:running start_date:2025-03-29 04:32:00.515154+00:00
[2025-03-29T04:32:00.838+0000] {logging_mixin.py:190} INFO - Dag name:superstore_dag and current dag run status:running
[2025-03-29T04:32:00.840+0000] {taskinstance.py:731} INFO - ::endgroup::
[2025-03-29T04:32:01.121+0000] {logging_mixin.py:190} INFO - Fact, dimension, and aggregate sales tables saved as CSV in the extract folder.
[2025-03-29T04:32:01.123+0000] {python.py:240} INFO - Done. Returned value was: None
[2025-03-29T04:32:01.135+0000] {taskinstance.py:340} INFO - ::group::Post task execution logs
[2025-03-29T04:32:01.137+0000] {taskinstance.py:352} INFO - Marking task as SUCCESS. dag_id=superstore_dag, task_id=write_data_to_csv, run_id=manual__2025-03-29T04:31:47.288971+00:00, execution_date=20250329T043147, start_date=20250329T043200, end_date=20250329T043201
[2025-03-29T04:32:01.168+0000] {logging_mixin.py:190} INFO - Task instance in success state
[2025-03-29T04:32:01.170+0000] {logging_mixin.py:190} INFO -  Previous state of the Task instance: running
[2025-03-29T04:32:01.171+0000] {logging_mixin.py:190} INFO - Dag name:superstore_dag queued_at:2025-03-29 04:31:47.307965+00:00
[2025-03-29T04:32:01.173+0000] {logging_mixin.py:190} INFO - Task hostname:2eb76630dc09 operator:PythonOperator
[2025-03-29T04:32:01.226+0000] {local_task_job_runner.py:266} INFO - Task exited with return code 0
[2025-03-29T04:32:01.252+0000] {taskinstance.py:3900} INFO - 1 downstream tasks scheduled from follow-on schedule check
[2025-03-29T04:32:01.274+0000] {local_task_job_runner.py:245} INFO - ::endgroup::
