[2025-05-21T20:27:27.134+0000] {local_task_job_runner.py:123} INFO - ::group::Pre task execution logs
[2025-05-21T20:27:27.161+0000] {taskinstance.py:2612} INFO - Dependencies all met for dep_context=non-requeueable deps ti=<TaskInstance: superstore_dag.load_data_to_prod_db manual__2025-05-21T20:27:07.342752+00:00 [queued]>
[2025-05-21T20:27:27.176+0000] {taskinstance.py:2612} INFO - Dependencies all met for dep_context=requeueable deps ti=<TaskInstance: superstore_dag.load_data_to_prod_db manual__2025-05-21T20:27:07.342752+00:00 [queued]>
[2025-05-21T20:27:27.179+0000] {taskinstance.py:2865} INFO - Starting attempt 1 of 2
[2025-05-21T20:27:27.238+0000] {taskinstance.py:2888} INFO - Executing <Task(PythonOperator): load_data_to_prod_db> on 2025-05-21 20:27:07.342752+00:00
[2025-05-21T20:27:27.245+0000] {standard_task_runner.py:72} INFO - Started process 161 to run task
[2025-05-21T20:27:27.250+0000] {standard_task_runner.py:104} INFO - Running: ['***', 'tasks', 'run', 'superstore_dag', 'load_data_to_prod_db', 'manual__2025-05-21T20:27:07.342752+00:00', '--job-id', '347', '--raw', '--subdir', 'DAGS_FOLDER/superstore_dag.py', '--cfg-path', '/tmp/tmpcygq7u31']
[2025-05-21T20:27:27.253+0000] {standard_task_runner.py:105} INFO - Job 347: Subtask load_data_to_prod_db
[2025-05-21T20:27:27.334+0000] {task_command.py:467} INFO - Running <TaskInstance: superstore_dag.load_data_to_prod_db manual__2025-05-21T20:27:07.342752+00:00 [running]> on host f99110ea561c
[2025-05-21T20:27:27.473+0000] {taskinstance.py:3131} INFO - Exporting env vars: AIRFLOW_CTX_DAG_OWNER='***' AIRFLOW_CTX_DAG_ID='superstore_dag' AIRFLOW_CTX_TASK_ID='load_data_to_prod_db' AIRFLOW_CTX_EXECUTION_DATE='2025-05-21T20:27:07.342752+00:00' AIRFLOW_CTX_TRY_NUMBER='1' AIRFLOW_CTX_DAG_RUN_ID='manual__2025-05-21T20:27:07.342752+00:00'
[2025-05-21T20:27:27.476+0000] {logging_mixin.py:190} INFO - Task instance is in running state
[2025-05-21T20:27:27.478+0000] {logging_mixin.py:190} INFO -  Previous state of the Task instance: queued
[2025-05-21T20:27:27.482+0000] {logging_mixin.py:190} INFO - Current task name:load_data_to_prod_db state:running start_date:2025-05-21 20:27:27.163940+00:00
[2025-05-21T20:27:27.484+0000] {logging_mixin.py:190} INFO - Dag name:superstore_dag and current dag run status:running
[2025-05-21T20:27:27.487+0000] {taskinstance.py:731} INFO - ::endgroup::
[2025-05-21T20:27:27.513+0000] {logging_mixin.py:190} INFO - Checking and potentially creating table: prod_fact_table
[2025-05-21T20:27:27.526+0000] {base.py:84} INFO - Retrieving connection '***_default'
[2025-05-21T20:27:27.564+0000] {sql.py:624} INFO - Running statement: 
            IF NOT EXISTS (SELECT * FROM INFORMATION_SCHEMA.TABLES WHERE TABLE_NAME = 'prod_fact_table')
            BEGIN
                CREATE TABLE prod_fact_table ([OrderID_SK] INT, [ProductID_SK] INT, [CustomerID_SK] INT, [LocationID_SK] INT, [DateID_SK] INT, [Sales] FLOAT, [Quantity] INT, [Discount] FLOAT, [Profit] FLOAT, [unit_price] FLOAT);
                PRINT 'Table prod_fact_table created successfully.';
            END
            , parameters: None
[2025-05-21T20:27:27.661+0000] {logging_mixin.py:190} INFO - Table prod_fact_table exists or was just created.
[2025-05-21T20:27:27.687+0000] {logging_mixin.py:190} INFO - Checking and potentially creating table: prod_dim_product
[2025-05-21T20:27:27.737+0000] {sql.py:624} INFO - Running statement: 
            IF NOT EXISTS (SELECT * FROM INFORMATION_SCHEMA.TABLES WHERE TABLE_NAME = 'prod_dim_product')
            BEGIN
                CREATE TABLE prod_dim_product ([Product ID] VARCHAR(MAX), [Category] VARCHAR(MAX), [Sub-Category] VARCHAR(MAX), [Product Name] VARCHAR(MAX), [ProductID_SK] INT);
                PRINT 'Table prod_dim_product created successfully.';
            END
            , parameters: None
[2025-05-21T20:27:27.764+0000] {logging_mixin.py:190} INFO - Table prod_dim_product exists or was just created.
[2025-05-21T20:27:27.786+0000] {logging_mixin.py:190} INFO - Checking and potentially creating table: prod_dim_order
[2025-05-21T20:27:27.819+0000] {sql.py:624} INFO - Running statement: 
            IF NOT EXISTS (SELECT * FROM INFORMATION_SCHEMA.TABLES WHERE TABLE_NAME = 'prod_dim_order')
            BEGIN
                CREATE TABLE prod_dim_order ([Order ID] VARCHAR(MAX), [Ship Date] VARCHAR(MAX), [Ship Mode] VARCHAR(MAX), [OrderID_SK] INT);
                PRINT 'Table prod_dim_order created successfully.';
            END
            , parameters: None
[2025-05-21T20:27:27.835+0000] {logging_mixin.py:190} INFO - Table prod_dim_order exists or was just created.
[2025-05-21T20:27:27.852+0000] {logging_mixin.py:190} INFO - Checking and potentially creating table: prod_dim_customer
[2025-05-21T20:27:27.880+0000] {sql.py:624} INFO - Running statement: 
            IF NOT EXISTS (SELECT * FROM INFORMATION_SCHEMA.TABLES WHERE TABLE_NAME = 'prod_dim_customer')
            BEGIN
                CREATE TABLE prod_dim_customer ([Customer ID] VARCHAR(MAX), [Customer Name] VARCHAR(MAX), [Segment] VARCHAR(MAX), [CustomerID_SK] INT);
                PRINT 'Table prod_dim_customer created successfully.';
            END
            , parameters: None
[2025-05-21T20:27:27.896+0000] {logging_mixin.py:190} INFO - Table prod_dim_customer exists or was just created.
[2025-05-21T20:27:27.912+0000] {logging_mixin.py:190} INFO - Checking and potentially creating table: prod_dim_location
[2025-05-21T20:27:27.945+0000] {sql.py:624} INFO - Running statement: 
            IF NOT EXISTS (SELECT * FROM INFORMATION_SCHEMA.TABLES WHERE TABLE_NAME = 'prod_dim_location')
            BEGIN
                CREATE TABLE prod_dim_location ([Postal Code] INT, [City] VARCHAR(MAX), [State] VARCHAR(MAX), [Country] VARCHAR(MAX), [Region] VARCHAR(MAX), [LocationID_SK] INT);
                PRINT 'Table prod_dim_location created successfully.';
            END
            , parameters: None
[2025-05-21T20:27:27.965+0000] {logging_mixin.py:190} INFO - Table prod_dim_location exists or was just created.
[2025-05-21T20:27:27.981+0000] {logging_mixin.py:190} INFO - Checking and potentially creating table: prod_dim_date
[2025-05-21T20:27:28.012+0000] {sql.py:624} INFO - Running statement: 
            IF NOT EXISTS (SELECT * FROM INFORMATION_SCHEMA.TABLES WHERE TABLE_NAME = 'prod_dim_date')
            BEGIN
                CREATE TABLE prod_dim_date ([Order Date] VARCHAR(MAX), [DateID_SK] INT, [Order Year] INT, [Order Month] INT, [Order Day] INT);
                PRINT 'Table prod_dim_date created successfully.';
            END
            , parameters: None
[2025-05-21T20:27:28.029+0000] {logging_mixin.py:190} INFO - Table prod_dim_date exists or was just created.
[2025-05-21T20:27:28.061+0000] {logging_mixin.py:190} INFO - Truncating table: prod_fact_table
[2025-05-21T20:27:28.093+0000] {sql.py:624} INFO - Running statement: TRUNCATE TABLE prod_fact_table, parameters: None
[2025-05-21T20:27:28.133+0000] {logging_mixin.py:190} INFO - Loading 9994 rows into prod_fact_table
[2025-05-21T20:27:30.279+0000] {sql.py:757} INFO - Loaded 1000 rows into prod_fact_table so far
[2025-05-21T20:27:32.224+0000] {sql.py:757} INFO - Loaded 2000 rows into prod_fact_table so far
[2025-05-21T20:27:34.337+0000] {sql.py:757} INFO - Loaded 3000 rows into prod_fact_table so far
[2025-05-21T20:27:36.273+0000] {sql.py:757} INFO - Loaded 4000 rows into prod_fact_table so far
[2025-05-21T20:27:38.179+0000] {sql.py:757} INFO - Loaded 5000 rows into prod_fact_table so far
[2025-05-21T20:27:40.029+0000] {sql.py:757} INFO - Loaded 6000 rows into prod_fact_table so far
[2025-05-21T20:27:42.025+0000] {sql.py:757} INFO - Loaded 7000 rows into prod_fact_table so far
[2025-05-21T20:27:44.287+0000] {sql.py:757} INFO - Loaded 8000 rows into prod_fact_table so far
[2025-05-21T20:27:46.646+0000] {sql.py:757} INFO - Loaded 9000 rows into prod_fact_table so far
[2025-05-21T20:27:48.908+0000] {sql.py:760} INFO - Done loading. Loaded a total of 9994 rows into prod_fact_table
[2025-05-21T20:27:48.927+0000] {logging_mixin.py:190} INFO - Truncating table: prod_dim_product
[2025-05-21T20:27:48.958+0000] {sql.py:624} INFO - Running statement: TRUNCATE TABLE prod_dim_product, parameters: None
[2025-05-21T20:27:48.973+0000] {logging_mixin.py:190} INFO - Loading 1862 rows into prod_dim_product
[2025-05-21T20:27:51.587+0000] {sql.py:757} INFO - Loaded 1000 rows into prod_dim_product so far
[2025-05-21T20:27:53.348+0000] {sql.py:760} INFO - Done loading. Loaded a total of 1862 rows into prod_dim_product
[2025-05-21T20:27:53.372+0000] {logging_mixin.py:190} INFO - Truncating table: prod_dim_order
[2025-05-21T20:27:53.403+0000] {sql.py:624} INFO - Running statement: TRUNCATE TABLE prod_dim_order, parameters: None
[2025-05-21T20:27:53.414+0000] {logging_mixin.py:190} INFO - Loading 5009 rows into prod_dim_order
[2025-05-21T20:27:55.745+0000] {sql.py:757} INFO - Loaded 1000 rows into prod_dim_order so far
[2025-05-21T20:27:57.692+0000] {sql.py:757} INFO - Loaded 2000 rows into prod_dim_order so far
[2025-05-21T20:28:00.042+0000] {sql.py:757} INFO - Loaded 3000 rows into prod_dim_order so far
[2025-05-21T20:28:02.470+0000] {sql.py:757} INFO - Loaded 4000 rows into prod_dim_order so far
[2025-05-21T20:28:04.067+0000] {sql.py:757} INFO - Loaded 5000 rows into prod_dim_order so far
[2025-05-21T20:28:04.087+0000] {sql.py:760} INFO - Done loading. Loaded a total of 5009 rows into prod_dim_order
[2025-05-21T20:28:04.097+0000] {logging_mixin.py:190} INFO - Truncating table: prod_dim_customer
[2025-05-21T20:28:04.121+0000] {sql.py:624} INFO - Running statement: TRUNCATE TABLE prod_dim_customer, parameters: None
[2025-05-21T20:28:04.128+0000] {logging_mixin.py:190} INFO - Loading 793 rows into prod_dim_customer
[2025-05-21T20:28:05.518+0000] {sql.py:760} INFO - Done loading. Loaded a total of 793 rows into prod_dim_customer
[2025-05-21T20:28:05.526+0000] {logging_mixin.py:190} INFO - Truncating table: prod_dim_location
[2025-05-21T20:28:05.548+0000] {sql.py:624} INFO - Running statement: TRUNCATE TABLE prod_dim_location, parameters: None
[2025-05-21T20:28:05.554+0000] {logging_mixin.py:190} INFO - Loading 631 rows into prod_dim_location
[2025-05-21T20:28:06.726+0000] {sql.py:760} INFO - Done loading. Loaded a total of 631 rows into prod_dim_location
[2025-05-21T20:28:06.738+0000] {logging_mixin.py:190} INFO - Truncating table: prod_dim_date
[2025-05-21T20:28:06.769+0000] {sql.py:624} INFO - Running statement: TRUNCATE TABLE prod_dim_date, parameters: None
[2025-05-21T20:28:06.777+0000] {logging_mixin.py:190} INFO - Loading 1237 rows into prod_dim_date
[2025-05-21T20:28:08.597+0000] {sql.py:757} INFO - Loaded 1000 rows into prod_dim_date so far
[2025-05-21T20:28:09.004+0000] {sql.py:760} INFO - Done loading. Loaded a total of 1237 rows into prod_dim_date
[2025-05-21T20:28:09.007+0000] {python.py:240} INFO - Done. Returned value was: None
[2025-05-21T20:28:09.021+0000] {taskinstance.py:340} INFO - ::group::Post task execution logs
[2025-05-21T20:28:09.023+0000] {taskinstance.py:352} INFO - Marking task as SUCCESS. dag_id=superstore_dag, task_id=load_data_to_prod_db, run_id=manual__2025-05-21T20:27:07.342752+00:00, execution_date=20250521T202707, start_date=20250521T202727, end_date=20250521T202809
[2025-05-21T20:28:09.110+0000] {logging_mixin.py:190} INFO - Task instance in success state
[2025-05-21T20:28:09.111+0000] {logging_mixin.py:190} INFO -  Previous state of the Task instance: running
[2025-05-21T20:28:09.113+0000] {logging_mixin.py:190} INFO - Dag name:superstore_dag queued_at:2025-05-21 20:27:07.370739+00:00
[2025-05-21T20:28:09.115+0000] {logging_mixin.py:190} INFO - Task hostname:f99110ea561c operator:PythonOperator
[2025-05-21T20:28:09.135+0000] {local_task_job_runner.py:266} INFO - Task exited with return code 0
[2025-05-21T20:28:09.158+0000] {taskinstance.py:3900} INFO - 0 downstream tasks scheduled from follow-on schedule check
[2025-05-21T20:28:09.179+0000] {local_task_job_runner.py:245} INFO - ::endgroup::
