[2025-03-31T17:05:59.028+0000] {local_task_job_runner.py:123} INFO - ::group::Pre task execution logs
[2025-03-31T17:05:59.048+0000] {taskinstance.py:2612} INFO - Dependencies all met for dep_context=non-requeueable deps ti=<TaskInstance: forecast_sales_dag.forecast_aggregate_sales manual__2025-03-31T17:05:55.488308+00:00 [queued]>
[2025-03-31T17:05:59.062+0000] {taskinstance.py:2612} INFO - Dependencies all met for dep_context=requeueable deps ti=<TaskInstance: forecast_sales_dag.forecast_aggregate_sales manual__2025-03-31T17:05:55.488308+00:00 [queued]>
[2025-03-31T17:05:59.065+0000] {taskinstance.py:2865} INFO - Starting attempt 1 of 2
[2025-03-31T17:05:59.103+0000] {taskinstance.py:2888} INFO - Executing <Task(PythonOperator): forecast_aggregate_sales> on 2025-03-31 17:05:55.488308+00:00
[2025-03-31T17:05:59.112+0000] {standard_task_runner.py:72} INFO - Started process 6505 to run task
[2025-03-31T17:05:59.117+0000] {standard_task_runner.py:104} INFO - Running: ['***', 'tasks', 'run', 'forecast_sales_dag', 'forecast_aggregate_sales', 'manual__2025-03-31T17:05:55.488308+00:00', '--job-id', '331', '--raw', '--subdir', 'DAGS_FOLDER/forecast_etl.py', '--cfg-path', '/tmp/tmpzecr7mmb']
[2025-03-31T17:05:59.120+0000] {standard_task_runner.py:105} INFO - Job 331: Subtask forecast_aggregate_sales
[2025-03-31T17:05:59.196+0000] {task_command.py:467} INFO - Running <TaskInstance: forecast_sales_dag.forecast_aggregate_sales manual__2025-03-31T17:05:55.488308+00:00 [running]> on host 2eb76630dc09
[2025-03-31T17:05:59.366+0000] {taskinstance.py:3131} INFO - Exporting env vars: AIRFLOW_CTX_DAG_OWNER='***' AIRFLOW_CTX_DAG_ID='forecast_sales_dag' AIRFLOW_CTX_TASK_ID='forecast_aggregate_sales' AIRFLOW_CTX_EXECUTION_DATE='2025-03-31T17:05:55.488308+00:00' AIRFLOW_CTX_TRY_NUMBER='1' AIRFLOW_CTX_DAG_RUN_ID='manual__2025-03-31T17:05:55.488308+00:00'
[2025-03-31T17:05:59.370+0000] {logging_mixin.py:190} INFO - Task instance is in running state
[2025-03-31T17:05:59.372+0000] {logging_mixin.py:190} INFO -  Previous state of the Task instance: queued
[2025-03-31T17:05:59.374+0000] {logging_mixin.py:190} INFO - Current task name:forecast_aggregate_sales state:running start_date:2025-03-31 17:05:59.051303+00:00
[2025-03-31T17:05:59.376+0000] {logging_mixin.py:190} INFO - Dag name:forecast_sales_dag and current dag run status:running
[2025-03-31T17:05:59.379+0000] {taskinstance.py:731} INFO - ::endgroup::
[2025-03-31T17:05:59.447+0000] {forecaster.py:961} INFO - Disabling daily seasonality. Run prophet with daily_seasonality=True to override this.
[2025-03-31T17:05:59.488+0000] {filesystem.py:118} DEBUG - input tempfile: /tmp/tmpsyokpit1/1j4szubh.json
[2025-03-31T17:05:59.628+0000] {filesystem.py:118} DEBUG - input tempfile: /tmp/tmpsyokpit1/19sf_t40.json
[2025-03-31T17:05:59.631+0000] {model.py:2042} DEBUG - idx 0
[2025-03-31T17:05:59.633+0000] {model.py:2043} DEBUG - running CmdStan, num_threads: None
[2025-03-31T17:05:59.636+0000] {model.py:2055} DEBUG - CmdStan args: ['/home/***/.local/lib/python3.9/site-packages/prophet/stan_model/prophet_model.bin', 'random', 'seed=12124', 'data', 'file=/tmp/tmpsyokpit1/1j4szubh.json', 'init=/tmp/tmpsyokpit1/19sf_t40.json', 'output', 'file=/tmp/tmpsyokpit1/prophet_modelhs8tr50o/prophet_model-20250331170559.csv', 'method=optimize', 'algorithm=lbfgs', 'iter=10000']
[2025-03-31T17:05:59.638+0000] {logging_mixin.py:190} WARNING - 17:05:59 - cmdstanpy - INFO - Chain [1] start processing
[2025-03-31T17:05:59.638+0000] {model.py:2058} INFO - Chain [1] start processing
[2025-03-31T17:05:59.711+0000] {logging_mixin.py:190} WARNING - 17:05:59 - cmdstanpy - INFO - Chain [1] done processing
[2025-03-31T17:05:59.711+0000] {model.py:2115} INFO - Chain [1] done processing
[2025-03-31T17:06:00.246+0000] {logging_mixin.py:190} INFO - Aggregate sales forecast completed and results saved.
[2025-03-31T17:06:00.248+0000] {python.py:240} INFO - Done. Returned value was: None
[2025-03-31T17:06:00.260+0000] {taskinstance.py:340} INFO - ::group::Post task execution logs
[2025-03-31T17:06:00.262+0000] {taskinstance.py:352} INFO - Marking task as SUCCESS. dag_id=forecast_sales_dag, task_id=forecast_aggregate_sales, run_id=manual__2025-03-31T17:05:55.488308+00:00, execution_date=20250331T170555, start_date=20250331T170559, end_date=20250331T170600
[2025-03-31T17:06:00.295+0000] {logging_mixin.py:190} INFO - Task instance in success state
[2025-03-31T17:06:00.297+0000] {logging_mixin.py:190} INFO -  Previous state of the Task instance: running
[2025-03-31T17:06:00.299+0000] {logging_mixin.py:190} INFO - Dag name:forecast_sales_dag queued_at:2025-03-31 17:05:55.503757+00:00
[2025-03-31T17:06:00.301+0000] {logging_mixin.py:190} INFO - Task hostname:2eb76630dc09 operator:PythonOperator
[2025-03-31T17:06:00.342+0000] {local_task_job_runner.py:266} INFO - Task exited with return code 0
[2025-03-31T17:06:00.366+0000] {taskinstance.py:3900} INFO - 1 downstream tasks scheduled from follow-on schedule check
[2025-03-31T17:06:00.388+0000] {local_task_job_runner.py:245} INFO - ::endgroup::
