[2025-03-28T14:01:14.545+0000] {local_task_job_runner.py:123} INFO - ::group::Pre task execution logs
[2025-03-28T14:01:14.568+0000] {taskinstance.py:2612} INFO - Dependencies all met for dep_context=non-requeueable deps ti=<TaskInstance: superstore_dag.forecast_aggregate_sales manual__2025-03-28T14:00:55.842262+00:00 [queued]>
[2025-03-28T14:01:14.582+0000] {taskinstance.py:2612} INFO - Dependencies all met for dep_context=requeueable deps ti=<TaskInstance: superstore_dag.forecast_aggregate_sales manual__2025-03-28T14:00:55.842262+00:00 [queued]>
[2025-03-28T14:01:14.585+0000] {taskinstance.py:2865} INFO - Starting attempt 1 of 2
[2025-03-28T14:01:14.626+0000] {taskinstance.py:2888} INFO - Executing <Task(PythonOperator): forecast_aggregate_sales> on 2025-03-28 14:00:55.842262+00:00
[2025-03-28T14:01:14.636+0000] {standard_task_runner.py:72} INFO - Started process 658 to run task
[2025-03-28T14:01:14.639+0000] {standard_task_runner.py:104} INFO - Running: ['***', 'tasks', 'run', 'superstore_dag', 'forecast_aggregate_sales', 'manual__2025-03-28T14:00:55.842262+00:00', '--job-id', '72', '--raw', '--subdir', 'DAGS_FOLDER/superstore_dag.py', '--cfg-path', '/tmp/tmppks9jsqr']
[2025-03-28T14:01:14.643+0000] {standard_task_runner.py:105} INFO - Job 72: Subtask forecast_aggregate_sales
[2025-03-28T14:01:14.723+0000] {task_command.py:467} INFO - Running <TaskInstance: superstore_dag.forecast_aggregate_sales manual__2025-03-28T14:00:55.842262+00:00 [running]> on host b7fc87b83960
[2025-03-28T14:01:14.903+0000] {taskinstance.py:3131} INFO - Exporting env vars: AIRFLOW_CTX_DAG_OWNER='***' AIRFLOW_CTX_DAG_ID='superstore_dag' AIRFLOW_CTX_TASK_ID='forecast_aggregate_sales' AIRFLOW_CTX_EXECUTION_DATE='2025-03-28T14:00:55.842262+00:00' AIRFLOW_CTX_TRY_NUMBER='1' AIRFLOW_CTX_DAG_RUN_ID='manual__2025-03-28T14:00:55.842262+00:00'
[2025-03-28T14:01:14.907+0000] {logging_mixin.py:190} INFO - Task instance is in running state
[2025-03-28T14:01:14.911+0000] {logging_mixin.py:190} INFO -  Previous state of the Task instance: queued
[2025-03-28T14:01:14.913+0000] {logging_mixin.py:190} INFO - Current task name:forecast_aggregate_sales state:running start_date:2025-03-28 14:01:14.570519+00:00
[2025-03-28T14:01:14.915+0000] {logging_mixin.py:190} INFO - Dag name:superstore_dag and current dag run status:running
[2025-03-28T14:01:14.918+0000] {taskinstance.py:731} INFO - ::endgroup::
[2025-03-28T14:01:14.995+0000] {forecaster.py:961} INFO - Disabling daily seasonality. Run prophet with daily_seasonality=True to override this.
[2025-03-28T14:01:15.030+0000] {filesystem.py:118} DEBUG - input tempfile: /tmp/tmpx2ix_5mq/oy54vtic.json
[2025-03-28T14:01:15.131+0000] {filesystem.py:118} DEBUG - input tempfile: /tmp/tmpx2ix_5mq/bzuer7ac.json
[2025-03-28T14:01:15.134+0000] {model.py:2042} DEBUG - idx 0
[2025-03-28T14:01:15.135+0000] {model.py:2043} DEBUG - running CmdStan, num_threads: None
[2025-03-28T14:01:15.137+0000] {model.py:2055} DEBUG - CmdStan args: ['/home/***/.local/lib/python3.9/site-packages/prophet/stan_model/prophet_model.bin', 'random', 'seed=76467', 'data', 'file=/tmp/tmpx2ix_5mq/oy54vtic.json', 'init=/tmp/tmpx2ix_5mq/bzuer7ac.json', 'output', 'file=/tmp/tmpx2ix_5mq/prophet_model2226k5tm/prophet_model-20250328140115.csv', 'method=optimize', 'algorithm=lbfgs', 'iter=10000']
[2025-03-28T14:01:15.138+0000] {logging_mixin.py:190} WARNING - 14:01:15 - cmdstanpy - INFO - Chain [1] start processing
[2025-03-28T14:01:15.138+0000] {model.py:2058} INFO - Chain [1] start processing
[2025-03-28T14:01:15.194+0000] {logging_mixin.py:190} WARNING - 14:01:15 - cmdstanpy - INFO - Chain [1] done processing
[2025-03-28T14:01:15.194+0000] {model.py:2115} INFO - Chain [1] done processing
[2025-03-28T14:01:15.601+0000] {logging_mixin.py:190} INFO - Aggregate sales forecast completed and results saved.
[2025-03-28T14:01:15.604+0000] {python.py:240} INFO - Done. Returned value was: None
[2025-03-28T14:01:15.617+0000] {taskinstance.py:340} INFO - ::group::Post task execution logs
[2025-03-28T14:01:15.620+0000] {taskinstance.py:352} INFO - Marking task as SUCCESS. dag_id=superstore_dag, task_id=forecast_aggregate_sales, run_id=manual__2025-03-28T14:00:55.842262+00:00, execution_date=20250328T140055, start_date=20250328T140114, end_date=20250328T140115
[2025-03-28T14:01:15.657+0000] {logging_mixin.py:190} INFO - Task instance in success state
[2025-03-28T14:01:15.660+0000] {logging_mixin.py:190} INFO -  Previous state of the Task instance: running
[2025-03-28T14:01:15.662+0000] {logging_mixin.py:190} INFO - Dag name:superstore_dag queued_at:2025-03-28 14:00:55.864263+00:00
[2025-03-28T14:01:15.665+0000] {logging_mixin.py:190} INFO - Task hostname:b7fc87b83960 operator:PythonOperator
[2025-03-28T14:01:15.698+0000] {local_task_job_runner.py:266} INFO - Task exited with return code 0
[2025-03-28T14:01:15.722+0000] {taskinstance.py:3900} INFO - 1 downstream tasks scheduled from follow-on schedule check
[2025-03-28T14:01:15.745+0000] {local_task_job_runner.py:245} INFO - ::endgroup::
