[2025-05-21T20:27:24.218+0000] {local_task_job_runner.py:123} INFO - ::group::Pre task execution logs
[2025-05-21T20:27:24.239+0000] {taskinstance.py:2612} INFO - Dependencies all met for dep_context=non-requeueable deps ti=<TaskInstance: superstore_dag.write_data_to_csv manual__2025-05-21T20:27:07.342752+00:00 [queued]>
[2025-05-21T20:27:24.252+0000] {taskinstance.py:2612} INFO - Dependencies all met for dep_context=requeueable deps ti=<TaskInstance: superstore_dag.write_data_to_csv manual__2025-05-21T20:27:07.342752+00:00 [queued]>
[2025-05-21T20:27:24.256+0000] {taskinstance.py:2865} INFO - Starting attempt 1 of 2
[2025-05-21T20:27:24.295+0000] {taskinstance.py:2888} INFO - Executing <Task(PythonOperator): write_data_to_csv> on 2025-05-21 20:27:07.342752+00:00
[2025-05-21T20:27:24.304+0000] {standard_task_runner.py:72} INFO - Started process 148 to run task
[2025-05-21T20:27:24.308+0000] {standard_task_runner.py:104} INFO - Running: ['***', 'tasks', 'run', 'superstore_dag', 'write_data_to_csv', 'manual__2025-05-21T20:27:07.342752+00:00', '--job-id', '346', '--raw', '--subdir', 'DAGS_FOLDER/superstore_dag.py', '--cfg-path', '/tmp/tmp5ussrlsx']
[2025-05-21T20:27:24.313+0000] {standard_task_runner.py:105} INFO - Job 346: Subtask write_data_to_csv
[2025-05-21T20:27:24.413+0000] {task_command.py:467} INFO - Running <TaskInstance: superstore_dag.write_data_to_csv manual__2025-05-21T20:27:07.342752+00:00 [running]> on host f99110ea561c
[2025-05-21T20:27:24.593+0000] {taskinstance.py:3131} INFO - Exporting env vars: AIRFLOW_CTX_DAG_OWNER='***' AIRFLOW_CTX_DAG_ID='superstore_dag' AIRFLOW_CTX_TASK_ID='write_data_to_csv' AIRFLOW_CTX_EXECUTION_DATE='2025-05-21T20:27:07.342752+00:00' AIRFLOW_CTX_TRY_NUMBER='1' AIRFLOW_CTX_DAG_RUN_ID='manual__2025-05-21T20:27:07.342752+00:00'
[2025-05-21T20:27:24.599+0000] {logging_mixin.py:190} INFO - Task instance is in running state
[2025-05-21T20:27:24.602+0000] {logging_mixin.py:190} INFO -  Previous state of the Task instance: queued
[2025-05-21T20:27:24.604+0000] {logging_mixin.py:190} INFO - Current task name:write_data_to_csv state:running start_date:2025-05-21 20:27:24.242168+00:00
[2025-05-21T20:27:24.607+0000] {logging_mixin.py:190} INFO - Dag name:superstore_dag and current dag run status:running
[2025-05-21T20:27:24.609+0000] {taskinstance.py:731} INFO - ::endgroup::
[2025-05-21T20:27:24.883+0000] {logging_mixin.py:190} INFO - Fact, dimension, and aggregate sales tables saved as CSV in the extract folder.
[2025-05-21T20:27:24.887+0000] {python.py:240} INFO - Done. Returned value was: None
[2025-05-21T20:27:24.900+0000] {taskinstance.py:340} INFO - ::group::Post task execution logs
[2025-05-21T20:27:24.904+0000] {taskinstance.py:352} INFO - Marking task as SUCCESS. dag_id=superstore_dag, task_id=write_data_to_csv, run_id=manual__2025-05-21T20:27:07.342752+00:00, execution_date=20250521T202707, start_date=20250521T202724, end_date=20250521T202724
[2025-05-21T20:27:24.938+0000] {logging_mixin.py:190} INFO - Task instance in success state
[2025-05-21T20:27:24.940+0000] {logging_mixin.py:190} INFO -  Previous state of the Task instance: running
[2025-05-21T20:27:24.942+0000] {logging_mixin.py:190} INFO - Dag name:superstore_dag queued_at:2025-05-21 20:27:07.370739+00:00
[2025-05-21T20:27:24.944+0000] {logging_mixin.py:190} INFO - Task hostname:f99110ea561c operator:PythonOperator
[2025-05-21T20:27:24.967+0000] {local_task_job_runner.py:266} INFO - Task exited with return code 0
[2025-05-21T20:27:24.995+0000] {taskinstance.py:3900} INFO - 1 downstream tasks scheduled from follow-on schedule check
[2025-05-21T20:27:25.019+0000] {local_task_job_runner.py:245} INFO - ::endgroup::
