[2025-03-29T05:23:46.236+0000] {local_task_job_runner.py:123} INFO - ::group::Pre task execution logs
[2025-03-29T05:23:46.265+0000] {taskinstance.py:2612} INFO - Dependencies all met for dep_context=non-requeueable deps ti=<TaskInstance: forecast_sales_dag.forecast_aggregate_sales manual__2025-03-29T05:18:37.904053+00:00 [queued]>
[2025-03-29T05:23:46.280+0000] {taskinstance.py:2612} INFO - Dependencies all met for dep_context=requeueable deps ti=<TaskInstance: forecast_sales_dag.forecast_aggregate_sales manual__2025-03-29T05:18:37.904053+00:00 [queued]>
[2025-03-29T05:23:46.282+0000] {taskinstance.py:2865} INFO - Starting attempt 2 of 2
[2025-03-29T05:23:46.325+0000] {taskinstance.py:2888} INFO - Executing <Task(PythonOperator): forecast_aggregate_sales> on 2025-03-29 05:18:37.904053+00:00
[2025-03-29T05:23:46.336+0000] {standard_task_runner.py:72} INFO - Started process 1319 to run task
[2025-03-29T05:23:46.342+0000] {standard_task_runner.py:104} INFO - Running: ['***', 'tasks', 'run', 'forecast_sales_dag', 'forecast_aggregate_sales', 'manual__2025-03-29T05:18:37.904053+00:00', '--job-id', '242', '--raw', '--subdir', 'DAGS_FOLDER/forecast_etl.py', '--cfg-path', '/tmp/tmptqvys01p']
[2025-03-29T05:23:46.345+0000] {standard_task_runner.py:105} INFO - Job 242: Subtask forecast_aggregate_sales
[2025-03-29T05:23:46.420+0000] {task_command.py:467} INFO - Running <TaskInstance: forecast_sales_dag.forecast_aggregate_sales manual__2025-03-29T05:18:37.904053+00:00 [running]> on host 2eb76630dc09
[2025-03-29T05:23:46.583+0000] {taskinstance.py:3131} INFO - Exporting env vars: AIRFLOW_CTX_DAG_OWNER='***' AIRFLOW_CTX_DAG_ID='forecast_sales_dag' AIRFLOW_CTX_TASK_ID='forecast_aggregate_sales' AIRFLOW_CTX_EXECUTION_DATE='2025-03-29T05:18:37.904053+00:00' AIRFLOW_CTX_TRY_NUMBER='2' AIRFLOW_CTX_DAG_RUN_ID='manual__2025-03-29T05:18:37.904053+00:00'
[2025-03-29T05:23:46.588+0000] {logging_mixin.py:190} INFO - Task instance is in running state
[2025-03-29T05:23:46.590+0000] {logging_mixin.py:190} INFO -  Previous state of the Task instance: queued
[2025-03-29T05:23:46.591+0000] {logging_mixin.py:190} INFO - Current task name:forecast_aggregate_sales state:running start_date:2025-03-29 05:23:46.267276+00:00
[2025-03-29T05:23:46.593+0000] {logging_mixin.py:190} INFO - Dag name:forecast_sales_dag and current dag run status:running
[2025-03-29T05:23:46.595+0000] {taskinstance.py:731} INFO - ::endgroup::
[2025-03-29T05:23:46.665+0000] {forecaster.py:961} INFO - Disabling daily seasonality. Run prophet with daily_seasonality=True to override this.
[2025-03-29T05:23:46.700+0000] {filesystem.py:118} DEBUG - input tempfile: /tmp/tmp0xppat5m/f38sfp1d.json
[2025-03-29T05:23:46.844+0000] {filesystem.py:118} DEBUG - input tempfile: /tmp/tmp0xppat5m/29152hny.json
[2025-03-29T05:23:46.855+0000] {model.py:2042} DEBUG - idx 0
[2025-03-29T05:23:46.857+0000] {model.py:2043} DEBUG - running CmdStan, num_threads: None
[2025-03-29T05:23:46.858+0000] {model.py:2055} DEBUG - CmdStan args: ['/home/***/.local/lib/python3.9/site-packages/prophet/stan_model/prophet_model.bin', 'random', 'seed=33262', 'data', 'file=/tmp/tmp0xppat5m/f38sfp1d.json', 'init=/tmp/tmp0xppat5m/29152hny.json', 'output', 'file=/tmp/tmp0xppat5m/prophet_modeli4ee31i2/prophet_model-20250329052346.csv', 'method=optimize', 'algorithm=lbfgs', 'iter=10000']
[2025-03-29T05:23:46.859+0000] {logging_mixin.py:190} WARNING - 05:23:46 - cmdstanpy - INFO - Chain [1] start processing
[2025-03-29T05:23:46.859+0000] {model.py:2058} INFO - Chain [1] start processing
[2025-03-29T05:23:47.007+0000] {logging_mixin.py:190} WARNING - 05:23:47 - cmdstanpy - INFO - Chain [1] done processing
[2025-03-29T05:23:47.006+0000] {model.py:2115} INFO - Chain [1] done processing
[2025-03-29T05:23:47.569+0000] {logging_mixin.py:190} INFO - Aggregate sales forecast completed and results saved.
[2025-03-29T05:23:47.575+0000] {python.py:240} INFO - Done. Returned value was: None
[2025-03-29T05:23:47.609+0000] {taskinstance.py:340} INFO - ::group::Post task execution logs
[2025-03-29T05:23:47.614+0000] {taskinstance.py:352} INFO - Marking task as SUCCESS. dag_id=forecast_sales_dag, task_id=forecast_aggregate_sales, run_id=manual__2025-03-29T05:18:37.904053+00:00, execution_date=20250329T051837, start_date=20250329T052346, end_date=20250329T052347
[2025-03-29T05:23:47.663+0000] {logging_mixin.py:190} INFO - Task instance in success state
[2025-03-29T05:23:47.665+0000] {logging_mixin.py:190} INFO -  Previous state of the Task instance: running
[2025-03-29T05:23:47.667+0000] {logging_mixin.py:190} INFO - Dag name:forecast_sales_dag queued_at:2025-03-29 05:18:37.922556+00:00
[2025-03-29T05:23:47.670+0000] {logging_mixin.py:190} INFO - Task hostname:2eb76630dc09 operator:PythonOperator
[2025-03-29T05:23:47.724+0000] {local_task_job_runner.py:266} INFO - Task exited with return code 0
[2025-03-29T05:23:47.754+0000] {taskinstance.py:3900} INFO - 1 downstream tasks scheduled from follow-on schedule check
[2025-03-29T05:23:47.778+0000] {local_task_job_runner.py:245} INFO - ::endgroup::
