[2025-03-29T05:19:07.711+0000] {local_task_job_runner.py:123} INFO - ::group::Pre task execution logs
[2025-03-29T05:19:07.730+0000] {taskinstance.py:2612} INFO - Dependencies all met for dep_context=non-requeueable deps ti=<TaskInstance: forecast_sales_dag.forecast_aggregate_sales manual__2025-03-29T05:19:04.437056+00:00 [queued]>
[2025-03-29T05:19:07.742+0000] {taskinstance.py:2612} INFO - Dependencies all met for dep_context=requeueable deps ti=<TaskInstance: forecast_sales_dag.forecast_aggregate_sales manual__2025-03-29T05:19:04.437056+00:00 [queued]>
[2025-03-29T05:19:07.745+0000] {taskinstance.py:2865} INFO - Starting attempt 1 of 2
[2025-03-29T05:19:07.787+0000] {taskinstance.py:2888} INFO - Executing <Task(PythonOperator): forecast_aggregate_sales> on 2025-03-29 05:19:04.437056+00:00
[2025-03-29T05:19:07.796+0000] {standard_task_runner.py:72} INFO - Started process 1192 to run task
[2025-03-29T05:19:07.801+0000] {standard_task_runner.py:104} INFO - Running: ['***', 'tasks', 'run', 'forecast_sales_dag', 'forecast_aggregate_sales', 'manual__2025-03-29T05:19:04.437056+00:00', '--job-id', '237', '--raw', '--subdir', 'DAGS_FOLDER/forecast_etl.py', '--cfg-path', '/tmp/tmpuek99t0u']
[2025-03-29T05:19:07.805+0000] {standard_task_runner.py:105} INFO - Job 237: Subtask forecast_aggregate_sales
[2025-03-29T05:19:07.876+0000] {task_command.py:467} INFO - Running <TaskInstance: forecast_sales_dag.forecast_aggregate_sales manual__2025-03-29T05:19:04.437056+00:00 [running]> on host 2eb76630dc09
[2025-03-29T05:19:08.031+0000] {taskinstance.py:3131} INFO - Exporting env vars: AIRFLOW_CTX_DAG_OWNER='***' AIRFLOW_CTX_DAG_ID='forecast_sales_dag' AIRFLOW_CTX_TASK_ID='forecast_aggregate_sales' AIRFLOW_CTX_EXECUTION_DATE='2025-03-29T05:19:04.437056+00:00' AIRFLOW_CTX_TRY_NUMBER='1' AIRFLOW_CTX_DAG_RUN_ID='manual__2025-03-29T05:19:04.437056+00:00'
[2025-03-29T05:19:08.034+0000] {logging_mixin.py:190} INFO - Task instance is in running state
[2025-03-29T05:19:08.035+0000] {logging_mixin.py:190} INFO -  Previous state of the Task instance: queued
[2025-03-29T05:19:08.037+0000] {logging_mixin.py:190} INFO - Current task name:forecast_aggregate_sales state:running start_date:2025-03-29 05:19:07.732561+00:00
[2025-03-29T05:19:08.038+0000] {logging_mixin.py:190} INFO - Dag name:forecast_sales_dag and current dag run status:running
[2025-03-29T05:19:08.039+0000] {taskinstance.py:731} INFO - ::endgroup::
[2025-03-29T05:19:08.102+0000] {forecaster.py:961} INFO - Disabling daily seasonality. Run prophet with daily_seasonality=True to override this.
[2025-03-29T05:19:08.143+0000] {filesystem.py:118} DEBUG - input tempfile: /tmp/tmpj4r4p5zn/9sn75bzf.json
[2025-03-29T05:19:08.246+0000] {filesystem.py:118} DEBUG - input tempfile: /tmp/tmpj4r4p5zn/1suzqse1.json
[2025-03-29T05:19:08.249+0000] {model.py:2042} DEBUG - idx 0
[2025-03-29T05:19:08.251+0000] {model.py:2043} DEBUG - running CmdStan, num_threads: None
[2025-03-29T05:19:08.252+0000] {model.py:2055} DEBUG - CmdStan args: ['/home/***/.local/lib/python3.9/site-packages/prophet/stan_model/prophet_model.bin', 'random', 'seed=91040', 'data', 'file=/tmp/tmpj4r4p5zn/9sn75bzf.json', 'init=/tmp/tmpj4r4p5zn/1suzqse1.json', 'output', 'file=/tmp/tmpj4r4p5zn/prophet_model8c_enp3z/prophet_model-20250329051908.csv', 'method=optimize', 'algorithm=lbfgs', 'iter=10000']
[2025-03-29T05:19:08.254+0000] {logging_mixin.py:190} WARNING - 05:19:08 - cmdstanpy - INFO - Chain [1] start processing
[2025-03-29T05:19:08.254+0000] {model.py:2058} INFO - Chain [1] start processing
[2025-03-29T05:19:08.313+0000] {logging_mixin.py:190} WARNING - 05:19:08 - cmdstanpy - INFO - Chain [1] done processing
[2025-03-29T05:19:08.313+0000] {model.py:2115} INFO - Chain [1] done processing
[2025-03-29T05:19:08.919+0000] {logging_mixin.py:190} INFO - Aggregate sales forecast completed and results saved.
[2025-03-29T05:19:08.921+0000] {python.py:240} INFO - Done. Returned value was: None
[2025-03-29T05:19:08.932+0000] {taskinstance.py:340} INFO - ::group::Post task execution logs
[2025-03-29T05:19:08.934+0000] {taskinstance.py:352} INFO - Marking task as SUCCESS. dag_id=forecast_sales_dag, task_id=forecast_aggregate_sales, run_id=manual__2025-03-29T05:19:04.437056+00:00, execution_date=20250329T051904, start_date=20250329T051907, end_date=20250329T051908
[2025-03-29T05:19:08.966+0000] {logging_mixin.py:190} INFO - Task instance in success state
[2025-03-29T05:19:08.969+0000] {logging_mixin.py:190} INFO -  Previous state of the Task instance: running
[2025-03-29T05:19:08.971+0000] {logging_mixin.py:190} INFO - Dag name:forecast_sales_dag queued_at:2025-03-29 05:19:04.459088+00:00
[2025-03-29T05:19:08.972+0000] {logging_mixin.py:190} INFO - Task hostname:2eb76630dc09 operator:PythonOperator
[2025-03-29T05:19:09.023+0000] {local_task_job_runner.py:266} INFO - Task exited with return code 0
[2025-03-29T05:19:09.044+0000] {taskinstance.py:3900} INFO - 0 downstream tasks scheduled from follow-on schedule check
[2025-03-29T05:19:09.066+0000] {local_task_job_runner.py:245} INFO - ::endgroup::
