[2025-03-28T14:31:38.399+0000] {local_task_job_runner.py:123} INFO - ::group::Pre task execution logs
[2025-03-28T14:31:38.419+0000] {taskinstance.py:2612} INFO - Dependencies all met for dep_context=non-requeueable deps ti=<TaskInstance: superstore_dag.compare_and_save_records manual__2025-03-28T14:31:30.119149+00:00 [queued]>
[2025-03-28T14:31:38.430+0000] {taskinstance.py:2612} INFO - Dependencies all met for dep_context=requeueable deps ti=<TaskInstance: superstore_dag.compare_and_save_records manual__2025-03-28T14:31:30.119149+00:00 [queued]>
[2025-03-28T14:31:38.433+0000] {taskinstance.py:2865} INFO - Starting attempt 1 of 2
[2025-03-28T14:31:38.470+0000] {taskinstance.py:2888} INFO - Executing <Task(PythonOperator): compare_and_save_records> on 2025-03-28 14:31:30.119149+00:00
[2025-03-28T14:31:38.479+0000] {standard_task_runner.py:72} INFO - Started process 1213 to run task
[2025-03-28T14:31:38.484+0000] {standard_task_runner.py:104} INFO - Running: ['***', 'tasks', 'run', 'superstore_dag', 'compare_and_save_records', 'manual__2025-03-28T14:31:30.119149+00:00', '--job-id', '81', '--raw', '--subdir', 'DAGS_FOLDER/superstore_dag.py', '--cfg-path', '/tmp/tmpkrrd_mot']
[2025-03-28T14:31:38.487+0000] {standard_task_runner.py:105} INFO - Job 81: Subtask compare_and_save_records
[2025-03-28T14:31:38.559+0000] {task_command.py:467} INFO - Running <TaskInstance: superstore_dag.compare_and_save_records manual__2025-03-28T14:31:30.119149+00:00 [running]> on host b7fc87b83960
[2025-03-28T14:31:38.689+0000] {taskinstance.py:3131} INFO - Exporting env vars: AIRFLOW_CTX_DAG_OWNER='***' AIRFLOW_CTX_DAG_ID='superstore_dag' AIRFLOW_CTX_TASK_ID='compare_and_save_records' AIRFLOW_CTX_EXECUTION_DATE='2025-03-28T14:31:30.119149+00:00' AIRFLOW_CTX_TRY_NUMBER='1' AIRFLOW_CTX_DAG_RUN_ID='manual__2025-03-28T14:31:30.119149+00:00'
[2025-03-28T14:31:38.693+0000] {logging_mixin.py:190} INFO - Task instance is in running state
[2025-03-28T14:31:38.695+0000] {logging_mixin.py:190} INFO -  Previous state of the Task instance: queued
[2025-03-28T14:31:38.698+0000] {logging_mixin.py:190} INFO - Current task name:compare_and_save_records state:running start_date:2025-03-28 14:31:38.421636+00:00
[2025-03-28T14:31:38.700+0000] {logging_mixin.py:190} INFO - Dag name:superstore_dag and current dag run status:running
[2025-03-28T14:31:38.702+0000] {taskinstance.py:731} INFO - ::endgroup::
[2025-03-28T14:31:39.021+0000] {logging_mixin.py:190} INFO - Number of new records/rows added: 0
[2025-03-28T14:31:39.022+0000] {logging_mixin.py:190} INFO - Number of old records modified: 0
[2025-03-28T14:31:39.134+0000] {python.py:240} INFO - Done. Returned value was:       Row ID        Order ID  Order Date  ... Quantity Discount    Profit
0          1  CA-2016-152156  2016-11-08  ...        2     0.00   41.9136
1          2  CA-2016-152156  2016-11-08  ...        3     0.00  219.5820
2          3  CA-2016-138688  2016-06-12  ...        2     0.00    6.8714
3          4  US-2015-108966  2015-10-11  ...        5     0.45 -383.0310
4          5  US-2015-108966  2015-10-11  ...        2     0.20    2.5164
...      ...             ...         ...  ...      ...      ...       ...
4995    4996  CA-2014-132227  2014-11-04  ...        4     0.20   18.8732
4996    4997  CA-2017-155824  2017-03-10  ...        1     0.20    3.6588
4997    4998  CA-2017-155824  2017-03-10  ...        4     0.70  -10.0372
4998    4999  CA-2016-129238  2016-01-31  ...        1     0.20    8.2194
4999    5000  CA-2016-129238  2016-01-31  ...        5     0.00   27.7830

[5000 rows x 21 columns]
[2025-03-28T14:31:39.274+0000] {taskinstance.py:340} INFO - ::group::Post task execution logs
[2025-03-28T14:31:39.276+0000] {taskinstance.py:352} INFO - Marking task as SUCCESS. dag_id=superstore_dag, task_id=compare_and_save_records, run_id=manual__2025-03-28T14:31:30.119149+00:00, execution_date=20250328T143130, start_date=20250328T143138, end_date=20250328T143139
[2025-03-28T14:31:39.307+0000] {logging_mixin.py:190} INFO - Task instance in success state
[2025-03-28T14:31:39.309+0000] {logging_mixin.py:190} INFO -  Previous state of the Task instance: running
[2025-03-28T14:31:39.311+0000] {logging_mixin.py:190} INFO - Dag name:superstore_dag queued_at:2025-03-28 14:31:30.128800+00:00
[2025-03-28T14:31:39.313+0000] {logging_mixin.py:190} INFO - Task hostname:b7fc87b83960 operator:PythonOperator
[2025-03-28T14:31:39.344+0000] {local_task_job_runner.py:266} INFO - Task exited with return code 0
[2025-03-28T14:31:39.377+0000] {taskinstance.py:3900} INFO - 1 downstream tasks scheduled from follow-on schedule check
[2025-03-28T14:31:39.399+0000] {local_task_job_runner.py:245} INFO - ::endgroup::
