[2025-03-28T16:51:29.668+0000] {local_task_job_runner.py:123} INFO - ::group::Pre task execution logs
[2025-03-28T16:51:29.694+0000] {taskinstance.py:2612} INFO - Dependencies all met for dep_context=non-requeueable deps ti=<TaskInstance: superstore_dag.write_data_to_csv manual__2025-03-28T16:51:11.801303+00:00 [queued]>
[2025-03-28T16:51:29.707+0000] {taskinstance.py:2612} INFO - Dependencies all met for dep_context=requeueable deps ti=<TaskInstance: superstore_dag.write_data_to_csv manual__2025-03-28T16:51:11.801303+00:00 [queued]>
[2025-03-28T16:51:29.710+0000] {taskinstance.py:2865} INFO - Starting attempt 1 of 2
[2025-03-28T16:51:29.770+0000] {taskinstance.py:2888} INFO - Executing <Task(PythonOperator): write_data_to_csv> on 2025-03-28 16:51:11.801303+00:00
[2025-03-28T16:51:29.782+0000] {standard_task_runner.py:72} INFO - Started process 2960 to run task
[2025-03-28T16:51:29.788+0000] {standard_task_runner.py:104} INFO - Running: ['***', 'tasks', 'run', 'superstore_dag', 'write_data_to_csv', 'manual__2025-03-28T16:51:11.801303+00:00', '--job-id', '117', '--raw', '--subdir', 'DAGS_FOLDER/superstore_dag.py', '--cfg-path', '/tmp/tmp3fxprzwf']
[2025-03-28T16:51:29.792+0000] {standard_task_runner.py:105} INFO - Job 117: Subtask write_data_to_csv
[2025-03-28T16:51:29.866+0000] {task_command.py:467} INFO - Running <TaskInstance: superstore_dag.write_data_to_csv manual__2025-03-28T16:51:11.801303+00:00 [running]> on host b7fc87b83960
[2025-03-28T16:51:30.053+0000] {taskinstance.py:3131} INFO - Exporting env vars: AIRFLOW_CTX_DAG_OWNER='***' AIRFLOW_CTX_DAG_ID='superstore_dag' AIRFLOW_CTX_TASK_ID='write_data_to_csv' AIRFLOW_CTX_EXECUTION_DATE='2025-03-28T16:51:11.801303+00:00' AIRFLOW_CTX_TRY_NUMBER='1' AIRFLOW_CTX_DAG_RUN_ID='manual__2025-03-28T16:51:11.801303+00:00'
[2025-03-28T16:51:30.059+0000] {logging_mixin.py:190} INFO - Task instance is in running state
[2025-03-28T16:51:30.062+0000] {logging_mixin.py:190} INFO -  Previous state of the Task instance: queued
[2025-03-28T16:51:30.066+0000] {logging_mixin.py:190} INFO - Current task name:write_data_to_csv state:running start_date:2025-03-28 16:51:29.696405+00:00
[2025-03-28T16:51:30.070+0000] {logging_mixin.py:190} INFO - Dag name:superstore_dag and current dag run status:running
[2025-03-28T16:51:30.073+0000] {taskinstance.py:731} INFO - ::endgroup::
[2025-03-28T16:51:30.259+0000] {logging_mixin.py:190} INFO - Fact, dimension, and aggregate sales tables saved as CSV in the extract folder.
[2025-03-28T16:51:30.260+0000] {python.py:240} INFO - Done. Returned value was: None
[2025-03-28T16:51:30.273+0000] {taskinstance.py:340} INFO - ::group::Post task execution logs
[2025-03-28T16:51:30.274+0000] {taskinstance.py:352} INFO - Marking task as SUCCESS. dag_id=superstore_dag, task_id=write_data_to_csv, run_id=manual__2025-03-28T16:51:11.801303+00:00, execution_date=20250328T165111, start_date=20250328T165129, end_date=20250328T165130
[2025-03-28T16:51:30.305+0000] {logging_mixin.py:190} INFO - Task instance in success state
[2025-03-28T16:51:30.307+0000] {logging_mixin.py:190} INFO -  Previous state of the Task instance: running
[2025-03-28T16:51:30.309+0000] {logging_mixin.py:190} INFO - Dag name:superstore_dag queued_at:2025-03-28 16:51:11.820605+00:00
[2025-03-28T16:51:30.310+0000] {logging_mixin.py:190} INFO - Task hostname:b7fc87b83960 operator:PythonOperator
[2025-03-28T16:51:30.327+0000] {local_task_job_runner.py:266} INFO - Task exited with return code 0
[2025-03-28T16:51:30.366+0000] {taskinstance.py:3900} INFO - 1 downstream tasks scheduled from follow-on schedule check
[2025-03-28T16:51:30.376+0000] {local_task_job_runner.py:245} INFO - ::endgroup::
