[2025-03-28T15:04:53.038+0000] {local_task_job_runner.py:123} INFO - ::group::Pre task execution logs
[2025-03-28T15:04:53.056+0000] {taskinstance.py:2612} INFO - Dependencies all met for dep_context=non-requeueable deps ti=<TaskInstance: superstore_dag.compare_and_save_records manual__2025-03-28T15:04:44.689514+00:00 [queued]>
[2025-03-28T15:04:53.067+0000] {taskinstance.py:2612} INFO - Dependencies all met for dep_context=requeueable deps ti=<TaskInstance: superstore_dag.compare_and_save_records manual__2025-03-28T15:04:44.689514+00:00 [queued]>
[2025-03-28T15:04:53.069+0000] {taskinstance.py:2865} INFO - Starting attempt 1 of 2
[2025-03-28T15:04:53.109+0000] {taskinstance.py:2888} INFO - Executing <Task(PythonOperator): compare_and_save_records> on 2025-03-28 15:04:44.689514+00:00
[2025-03-28T15:04:53.118+0000] {standard_task_runner.py:72} INFO - Started process 2074 to run task
[2025-03-28T15:04:53.122+0000] {standard_task_runner.py:104} INFO - Running: ['***', 'tasks', 'run', 'superstore_dag', 'compare_and_save_records', 'manual__2025-03-28T15:04:44.689514+00:00', '--job-id', '102', '--raw', '--subdir', 'DAGS_FOLDER/superstore_dag.py', '--cfg-path', '/tmp/tmpuuotf_kp']
[2025-03-28T15:04:53.124+0000] {standard_task_runner.py:105} INFO - Job 102: Subtask compare_and_save_records
[2025-03-28T15:04:53.197+0000] {task_command.py:467} INFO - Running <TaskInstance: superstore_dag.compare_and_save_records manual__2025-03-28T15:04:44.689514+00:00 [running]> on host b7fc87b83960
[2025-03-28T15:04:53.357+0000] {taskinstance.py:3131} INFO - Exporting env vars: AIRFLOW_CTX_DAG_OWNER='***' AIRFLOW_CTX_DAG_ID='superstore_dag' AIRFLOW_CTX_TASK_ID='compare_and_save_records' AIRFLOW_CTX_EXECUTION_DATE='2025-03-28T15:04:44.689514+00:00' AIRFLOW_CTX_TRY_NUMBER='1' AIRFLOW_CTX_DAG_RUN_ID='manual__2025-03-28T15:04:44.689514+00:00'
[2025-03-28T15:04:53.360+0000] {logging_mixin.py:190} INFO - Task instance is in running state
[2025-03-28T15:04:53.362+0000] {logging_mixin.py:190} INFO -  Previous state of the Task instance: queued
[2025-03-28T15:04:53.364+0000] {logging_mixin.py:190} INFO - Current task name:compare_and_save_records state:running start_date:2025-03-28 15:04:53.058016+00:00
[2025-03-28T15:04:53.367+0000] {logging_mixin.py:190} INFO - Dag name:superstore_dag and current dag run status:running
[2025-03-28T15:04:53.369+0000] {taskinstance.py:731} INFO - ::endgroup::
[2025-03-28T15:04:53.677+0000] {logging_mixin.py:190} INFO - Number of new records/rows added: 0
[2025-03-28T15:04:53.679+0000] {logging_mixin.py:190} INFO - Number of old records modified: 0
[2025-03-28T15:04:53.783+0000] {python.py:240} INFO - Done. Returned value was:       Row ID        Order ID  Order Date  ... Quantity Discount    Profit
0          1  CA-2016-152156  2016-11-08  ...        2     0.00   41.9136
1          2  CA-2016-152156  2016-11-08  ...        3     0.00  219.5820
2          3  CA-2016-138688  2016-06-12  ...        2     0.00    6.8714
3          4  US-2015-108966  2015-10-11  ...        5     0.45 -383.0310
4          5  US-2015-108966  2015-10-11  ...        2     0.20    2.5164
...      ...             ...         ...  ...      ...      ...       ...
3995    3996  CA-2015-105627  2015-03-08  ...        7     0.00  189.4046
3996    3997  CA-2015-105627  2015-03-08  ...        5     0.00  223.2855
3997    3998  CA-2015-105627  2015-03-08  ...        1     0.00    4.4940
3998    3999  CA-2015-105627  2015-03-08  ...        6     0.00   82.0776
3999    4000  US-2015-149629  2015-07-17  ...        5     0.20    5.7980

[4000 rows x 21 columns]
[2025-03-28T15:04:53.918+0000] {taskinstance.py:340} INFO - ::group::Post task execution logs
[2025-03-28T15:04:53.921+0000] {taskinstance.py:352} INFO - Marking task as SUCCESS. dag_id=superstore_dag, task_id=compare_and_save_records, run_id=manual__2025-03-28T15:04:44.689514+00:00, execution_date=20250328T150444, start_date=20250328T150453, end_date=20250328T150453
[2025-03-28T15:04:53.953+0000] {logging_mixin.py:190} INFO - Task instance in success state
[2025-03-28T15:04:53.955+0000] {logging_mixin.py:190} INFO -  Previous state of the Task instance: running
[2025-03-28T15:04:53.957+0000] {logging_mixin.py:190} INFO - Dag name:superstore_dag queued_at:2025-03-28 15:04:44.710371+00:00
[2025-03-28T15:04:53.960+0000] {logging_mixin.py:190} INFO - Task hostname:b7fc87b83960 operator:PythonOperator
[2025-03-28T15:04:53.980+0000] {local_task_job_runner.py:266} INFO - Task exited with return code 0
[2025-03-28T15:04:54.008+0000] {taskinstance.py:3900} INFO - 1 downstream tasks scheduled from follow-on schedule check
[2025-03-28T15:04:54.030+0000] {local_task_job_runner.py:245} INFO - ::endgroup::
