[2025-03-31T13:11:03.034+0000] {local_task_job_runner.py:123} INFO - ::group::Pre task execution logs
[2025-03-31T13:11:03.054+0000] {taskinstance.py:2612} INFO - Dependencies all met for dep_context=non-requeueable deps ti=<TaskInstance: forecast_sales_dag.forecast_aggregate_sales manual__2025-03-31T13:05:53.673191+00:00 [queued]>
[2025-03-31T13:11:03.067+0000] {taskinstance.py:2612} INFO - Dependencies all met for dep_context=requeueable deps ti=<TaskInstance: forecast_sales_dag.forecast_aggregate_sales manual__2025-03-31T13:05:53.673191+00:00 [queued]>
[2025-03-31T13:11:03.070+0000] {taskinstance.py:2865} INFO - Starting attempt 2 of 2
[2025-03-31T13:11:03.106+0000] {taskinstance.py:2888} INFO - Executing <Task(PythonOperator): forecast_aggregate_sales> on 2025-03-31 13:05:53.673191+00:00
[2025-03-31T13:11:03.116+0000] {standard_task_runner.py:72} INFO - Started process 4350 to run task
[2025-03-31T13:11:03.122+0000] {standard_task_runner.py:104} INFO - Running: ['***', 'tasks', 'run', 'forecast_sales_dag', 'forecast_aggregate_sales', 'manual__2025-03-31T13:05:53.673191+00:00', '--job-id', '281', '--raw', '--subdir', 'DAGS_FOLDER/forecast_etl.py', '--cfg-path', '/tmp/tmpn2mf12p1']
[2025-03-31T13:11:03.126+0000] {standard_task_runner.py:105} INFO - Job 281: Subtask forecast_aggregate_sales
[2025-03-31T13:11:03.234+0000] {task_command.py:467} INFO - Running <TaskInstance: forecast_sales_dag.forecast_aggregate_sales manual__2025-03-31T13:05:53.673191+00:00 [running]> on host 2eb76630dc09
[2025-03-31T13:11:03.388+0000] {taskinstance.py:3131} INFO - Exporting env vars: AIRFLOW_CTX_DAG_OWNER='***' AIRFLOW_CTX_DAG_ID='forecast_sales_dag' AIRFLOW_CTX_TASK_ID='forecast_aggregate_sales' AIRFLOW_CTX_EXECUTION_DATE='2025-03-31T13:05:53.673191+00:00' AIRFLOW_CTX_TRY_NUMBER='2' AIRFLOW_CTX_DAG_RUN_ID='manual__2025-03-31T13:05:53.673191+00:00'
[2025-03-31T13:11:03.391+0000] {logging_mixin.py:190} INFO - Task instance is in running state
[2025-03-31T13:11:03.392+0000] {logging_mixin.py:190} INFO -  Previous state of the Task instance: queued
[2025-03-31T13:11:03.394+0000] {logging_mixin.py:190} INFO - Current task name:forecast_aggregate_sales state:running start_date:2025-03-31 13:11:03.057018+00:00
[2025-03-31T13:11:03.396+0000] {logging_mixin.py:190} INFO - Dag name:forecast_sales_dag and current dag run status:running
[2025-03-31T13:11:03.397+0000] {taskinstance.py:731} INFO - ::endgroup::
[2025-03-31T13:11:03.454+0000] {forecaster.py:961} INFO - Disabling daily seasonality. Run prophet with daily_seasonality=True to override this.
[2025-03-31T13:11:03.482+0000] {filesystem.py:118} DEBUG - input tempfile: /tmp/tmpit9zt5by/o8cnntd7.json
[2025-03-31T13:11:03.663+0000] {filesystem.py:118} DEBUG - input tempfile: /tmp/tmpit9zt5by/7v6k06gy.json
[2025-03-31T13:11:03.666+0000] {model.py:2042} DEBUG - idx 0
[2025-03-31T13:11:03.668+0000] {model.py:2043} DEBUG - running CmdStan, num_threads: None
[2025-03-31T13:11:03.670+0000] {model.py:2055} DEBUG - CmdStan args: ['/home/***/.local/lib/python3.9/site-packages/prophet/stan_model/prophet_model.bin', 'random', 'seed=40150', 'data', 'file=/tmp/tmpit9zt5by/o8cnntd7.json', 'init=/tmp/tmpit9zt5by/7v6k06gy.json', 'output', 'file=/tmp/tmpit9zt5by/prophet_model2up5xa8y/prophet_model-20250331131103.csv', 'method=optimize', 'algorithm=lbfgs', 'iter=10000']
[2025-03-31T13:11:03.672+0000] {logging_mixin.py:190} WARNING - 13:11:03 - cmdstanpy - INFO - Chain [1] start processing
[2025-03-31T13:11:03.671+0000] {model.py:2058} INFO - Chain [1] start processing
[2025-03-31T13:11:03.736+0000] {logging_mixin.py:190} WARNING - 13:11:03 - cmdstanpy - INFO - Chain [1] done processing
[2025-03-31T13:11:03.735+0000] {model.py:2115} INFO - Chain [1] done processing
[2025-03-31T13:11:04.194+0000] {logging_mixin.py:190} INFO - Aggregate sales forecast completed and results saved.
[2025-03-31T13:11:04.198+0000] {python.py:240} INFO - Done. Returned value was: None
[2025-03-31T13:11:04.217+0000] {taskinstance.py:340} INFO - ::group::Post task execution logs
[2025-03-31T13:11:04.219+0000] {taskinstance.py:352} INFO - Marking task as SUCCESS. dag_id=forecast_sales_dag, task_id=forecast_aggregate_sales, run_id=manual__2025-03-31T13:05:53.673191+00:00, execution_date=20250331T130553, start_date=20250331T131103, end_date=20250331T131104
[2025-03-31T13:11:04.251+0000] {logging_mixin.py:190} INFO - Task instance in success state
[2025-03-31T13:11:04.253+0000] {logging_mixin.py:190} INFO -  Previous state of the Task instance: running
[2025-03-31T13:11:04.256+0000] {logging_mixin.py:190} INFO - Dag name:forecast_sales_dag queued_at:2025-03-31 13:05:53.687724+00:00
[2025-03-31T13:11:04.258+0000] {logging_mixin.py:190} INFO - Task hostname:2eb76630dc09 operator:PythonOperator
[2025-03-31T13:11:04.289+0000] {local_task_job_runner.py:266} INFO - Task exited with return code 0
[2025-03-31T13:11:04.315+0000] {taskinstance.py:3900} INFO - 1 downstream tasks scheduled from follow-on schedule check
[2025-03-31T13:11:04.339+0000] {local_task_job_runner.py:245} INFO - ::endgroup::
