[2025-03-31T17:21:16.066+0000] {local_task_job_runner.py:123} INFO - ::group::Pre task execution logs
[2025-03-31T17:21:16.093+0000] {taskinstance.py:2612} INFO - Dependencies all met for dep_context=non-requeueable deps ti=<TaskInstance: forecast_sales_dag.forecast_aggregate_sales manual__2025-03-31T17:21:12.506292+00:00 [queued]>
[2025-03-31T17:21:16.109+0000] {taskinstance.py:2612} INFO - Dependencies all met for dep_context=requeueable deps ti=<TaskInstance: forecast_sales_dag.forecast_aggregate_sales manual__2025-03-31T17:21:12.506292+00:00 [queued]>
[2025-03-31T17:21:16.138+0000] {taskinstance.py:2865} INFO - Starting attempt 1 of 2
[2025-03-31T17:21:16.225+0000] {taskinstance.py:2888} INFO - Executing <Task(PythonOperator): forecast_aggregate_sales> on 2025-03-31 17:21:12.506292+00:00
[2025-03-31T17:21:16.235+0000] {standard_task_runner.py:72} INFO - Started process 6777 to run task
[2025-03-31T17:21:16.240+0000] {standard_task_runner.py:104} INFO - Running: ['***', 'tasks', 'run', 'forecast_sales_dag', 'forecast_aggregate_sales', 'manual__2025-03-31T17:21:12.506292+00:00', '--job-id', '337', '--raw', '--subdir', 'DAGS_FOLDER/forecast_etl.py', '--cfg-path', '/tmp/tmputf0smp9']
[2025-03-31T17:21:16.243+0000] {standard_task_runner.py:105} INFO - Job 337: Subtask forecast_aggregate_sales
[2025-03-31T17:21:16.334+0000] {task_command.py:467} INFO - Running <TaskInstance: forecast_sales_dag.forecast_aggregate_sales manual__2025-03-31T17:21:12.506292+00:00 [running]> on host 2eb76630dc09
[2025-03-31T17:21:16.475+0000] {taskinstance.py:3131} INFO - Exporting env vars: AIRFLOW_CTX_DAG_OWNER='***' AIRFLOW_CTX_DAG_ID='forecast_sales_dag' AIRFLOW_CTX_TASK_ID='forecast_aggregate_sales' AIRFLOW_CTX_EXECUTION_DATE='2025-03-31T17:21:12.506292+00:00' AIRFLOW_CTX_TRY_NUMBER='1' AIRFLOW_CTX_DAG_RUN_ID='manual__2025-03-31T17:21:12.506292+00:00'
[2025-03-31T17:21:16.478+0000] {logging_mixin.py:190} INFO - Task instance is in running state
[2025-03-31T17:21:16.481+0000] {logging_mixin.py:190} INFO -  Previous state of the Task instance: queued
[2025-03-31T17:21:16.483+0000] {logging_mixin.py:190} INFO - Current task name:forecast_aggregate_sales state:running start_date:2025-03-31 17:21:16.095660+00:00
[2025-03-31T17:21:16.486+0000] {logging_mixin.py:190} INFO - Dag name:forecast_sales_dag and current dag run status:running
[2025-03-31T17:21:16.489+0000] {taskinstance.py:731} INFO - ::endgroup::
[2025-03-31T17:21:16.566+0000] {forecaster.py:961} INFO - Disabling daily seasonality. Run prophet with daily_seasonality=True to override this.
[2025-03-31T17:21:16.596+0000] {filesystem.py:118} DEBUG - input tempfile: /tmp/tmp1xahhs18/iqk5mo79.json
[2025-03-31T17:21:16.696+0000] {filesystem.py:118} DEBUG - input tempfile: /tmp/tmp1xahhs18/_7j6ayjr.json
[2025-03-31T17:21:16.700+0000] {model.py:2042} DEBUG - idx 0
[2025-03-31T17:21:16.702+0000] {model.py:2043} DEBUG - running CmdStan, num_threads: None
[2025-03-31T17:21:16.704+0000] {model.py:2055} DEBUG - CmdStan args: ['/home/***/.local/lib/python3.9/site-packages/prophet/stan_model/prophet_model.bin', 'random', 'seed=59432', 'data', 'file=/tmp/tmp1xahhs18/iqk5mo79.json', 'init=/tmp/tmp1xahhs18/_7j6ayjr.json', 'output', 'file=/tmp/tmp1xahhs18/prophet_model1nm7q3m5/prophet_model-20250331172116.csv', 'method=optimize', 'algorithm=lbfgs', 'iter=10000']
[2025-03-31T17:21:16.707+0000] {logging_mixin.py:190} WARNING - 17:21:16 - cmdstanpy - INFO - Chain [1] start processing
[2025-03-31T17:21:16.707+0000] {model.py:2058} INFO - Chain [1] start processing
[2025-03-31T17:21:16.769+0000] {logging_mixin.py:190} WARNING - 17:21:16 - cmdstanpy - INFO - Chain [1] done processing
[2025-03-31T17:21:16.769+0000] {model.py:2115} INFO - Chain [1] done processing
[2025-03-31T17:21:17.281+0000] {logging_mixin.py:190} INFO - Aggregate sales forecast completed and results saved.
[2025-03-31T17:21:17.284+0000] {python.py:240} INFO - Done. Returned value was: None
[2025-03-31T17:21:17.310+0000] {taskinstance.py:340} INFO - ::group::Post task execution logs
[2025-03-31T17:21:17.313+0000] {taskinstance.py:352} INFO - Marking task as SUCCESS. dag_id=forecast_sales_dag, task_id=forecast_aggregate_sales, run_id=manual__2025-03-31T17:21:12.506292+00:00, execution_date=20250331T172112, start_date=20250331T172116, end_date=20250331T172117
[2025-03-31T17:21:17.358+0000] {logging_mixin.py:190} INFO - Task instance in success state
[2025-03-31T17:21:17.360+0000] {logging_mixin.py:190} INFO -  Previous state of the Task instance: running
[2025-03-31T17:21:17.362+0000] {logging_mixin.py:190} INFO - Dag name:forecast_sales_dag queued_at:2025-03-31 17:21:12.520101+00:00
[2025-03-31T17:21:17.365+0000] {logging_mixin.py:190} INFO - Task hostname:2eb76630dc09 operator:PythonOperator
[2025-03-31T17:21:17.418+0000] {local_task_job_runner.py:266} INFO - Task exited with return code 0
[2025-03-31T17:21:17.462+0000] {taskinstance.py:3900} INFO - 1 downstream tasks scheduled from follow-on schedule check
[2025-03-31T17:21:17.483+0000] {local_task_job_runner.py:245} INFO - ::endgroup::
