[2025-03-28T07:04:10.833+0000] {local_task_job_runner.py:123} INFO - ::group::Pre task execution logs
[2025-03-28T07:04:10.862+0000] {taskinstance.py:2612} INFO - Dependencies all met for dep_context=non-requeueable deps ti=<TaskInstance: superstore_dag.compare_and_save_records manual__2025-03-28T07:04:04.436222+00:00 [queued]>
[2025-03-28T07:04:10.882+0000] {taskinstance.py:2612} INFO - Dependencies all met for dep_context=requeueable deps ti=<TaskInstance: superstore_dag.compare_and_save_records manual__2025-03-28T07:04:04.436222+00:00 [queued]>
[2025-03-28T07:04:10.885+0000] {taskinstance.py:2865} INFO - Starting attempt 1 of 2
[2025-03-28T07:04:10.932+0000] {taskinstance.py:2888} INFO - Executing <Task(PythonOperator): compare_and_save_records> on 2025-03-28 07:04:04.436222+00:00
[2025-03-28T07:04:10.942+0000] {standard_task_runner.py:72} INFO - Started process 686 to run task
[2025-03-28T07:04:10.952+0000] {standard_task_runner.py:104} INFO - Running: ['***', 'tasks', 'run', 'superstore_dag', 'compare_and_save_records', 'manual__2025-03-28T07:04:04.436222+00:00', '--job-id', '52', '--raw', '--subdir', 'DAGS_FOLDER/superstore_dag.py', '--cfg-path', '/tmp/tmp9bhxoy1c']
[2025-03-28T07:04:10.955+0000] {standard_task_runner.py:105} INFO - Job 52: Subtask compare_and_save_records
[2025-03-28T07:04:11.052+0000] {task_command.py:467} INFO - Running <TaskInstance: superstore_dag.compare_and_save_records manual__2025-03-28T07:04:04.436222+00:00 [running]> on host e0cefe7bdbf4
[2025-03-28T07:04:11.243+0000] {taskinstance.py:3131} INFO - Exporting env vars: AIRFLOW_CTX_DAG_OWNER='***' AIRFLOW_CTX_DAG_ID='superstore_dag' AIRFLOW_CTX_TASK_ID='compare_and_save_records' AIRFLOW_CTX_EXECUTION_DATE='2025-03-28T07:04:04.436222+00:00' AIRFLOW_CTX_TRY_NUMBER='1' AIRFLOW_CTX_DAG_RUN_ID='manual__2025-03-28T07:04:04.436222+00:00'
[2025-03-28T07:04:11.247+0000] {logging_mixin.py:190} INFO - Task instance is in running state
[2025-03-28T07:04:11.249+0000] {logging_mixin.py:190} INFO -  Previous state of the Task instance: queued
[2025-03-28T07:04:11.252+0000] {logging_mixin.py:190} INFO - Current task name:compare_and_save_records state:running start_date:2025-03-28 07:04:10.865097+00:00
[2025-03-28T07:04:11.253+0000] {logging_mixin.py:190} INFO - Dag name:superstore_dag and current dag run status:running
[2025-03-28T07:04:11.255+0000] {taskinstance.py:731} INFO - ::endgroup::
[2025-03-28T07:04:11.646+0000] {logging_mixin.py:190} INFO - Number of new records/rows added: 8994
[2025-03-28T07:04:11.651+0000] {logging_mixin.py:190} INFO - Number of old records modified: 0
[2025-03-28T07:04:12.302+0000] {python.py:240} INFO - Done. Returned value was:       Row ID        Order ID  Order Date  ... Quantity Discount    Profit
0          1  CA-2016-152156  2016-11-08  ...        2     0.00   41.9136
1          2  CA-2016-152156  2016-11-08  ...        3     0.00  219.5820
2          3  CA-2016-138688  2016-06-12  ...        2     0.00    6.8714
3          4  US-2015-108966  2015-10-11  ...        5     0.45 -383.0310
4          5  US-2015-108966  2015-10-11  ...        2     0.20    2.5164
...      ...             ...         ...  ...      ...      ...       ...
9989    9990  CA-2014-110422  2014-01-21  ...        3     0.20    4.1028
9990    9991  CA-2017-121258  2017-02-26  ...        2     0.00   15.6332
9991    9992  CA-2017-121258  2017-02-26  ...        2     0.20   19.3932
9992    9993  CA-2017-121258  2017-02-26  ...        4     0.00   13.3200
9993    9994  CA-2017-119914  2017-05-04  ...        2     0.00   72.9480

[9994 rows x 21 columns]
[2025-03-28T07:04:12.546+0000] {taskinstance.py:340} INFO - ::group::Post task execution logs
[2025-03-28T07:04:12.548+0000] {taskinstance.py:352} INFO - Marking task as SUCCESS. dag_id=superstore_dag, task_id=compare_and_save_records, run_id=manual__2025-03-28T07:04:04.436222+00:00, execution_date=20250328T070404, start_date=20250328T070410, end_date=20250328T070412
[2025-03-28T07:04:12.604+0000] {logging_mixin.py:190} INFO - Task instance in success state
[2025-03-28T07:04:12.607+0000] {logging_mixin.py:190} INFO -  Previous state of the Task instance: running
[2025-03-28T07:04:12.613+0000] {logging_mixin.py:190} INFO - Dag name:superstore_dag queued_at:2025-03-28 07:04:04.462331+00:00
[2025-03-28T07:04:12.615+0000] {logging_mixin.py:190} INFO - Task hostname:e0cefe7bdbf4 operator:PythonOperator
[2025-03-28T07:04:12.653+0000] {local_task_job_runner.py:266} INFO - Task exited with return code 0
[2025-03-28T07:04:12.667+0000] {local_task_job_runner.py:245} INFO - ::endgroup::
