[2025-03-30T20:44:28.996+0000] {local_task_job_runner.py:123} INFO - ::group::Pre task execution logs
[2025-03-30T20:44:29.018+0000] {taskinstance.py:2612} INFO - Dependencies all met for dep_context=non-requeueable deps ti=<TaskInstance: forecast_sales_dag.forecast_aggregate_sales manual__2025-03-30T20:44:25.390623+00:00 [queued]>
[2025-03-30T20:44:29.028+0000] {taskinstance.py:2612} INFO - Dependencies all met for dep_context=requeueable deps ti=<TaskInstance: forecast_sales_dag.forecast_aggregate_sales manual__2025-03-30T20:44:25.390623+00:00 [queued]>
[2025-03-30T20:44:29.030+0000] {taskinstance.py:2865} INFO - Starting attempt 1 of 2
[2025-03-30T20:44:29.070+0000] {taskinstance.py:2888} INFO - Executing <Task(PythonOperator): forecast_aggregate_sales> on 2025-03-30 20:44:25.390623+00:00
[2025-03-30T20:44:29.078+0000] {standard_task_runner.py:72} INFO - Started process 3073 to run task
[2025-03-30T20:44:29.083+0000] {standard_task_runner.py:104} INFO - Running: ['***', 'tasks', 'run', 'forecast_sales_dag', 'forecast_aggregate_sales', 'manual__2025-03-30T20:44:25.390623+00:00', '--job-id', '262', '--raw', '--subdir', 'DAGS_FOLDER/forecast_etl.py', '--cfg-path', '/tmp/tmp1dhrnf1b']
[2025-03-30T20:44:29.086+0000] {standard_task_runner.py:105} INFO - Job 262: Subtask forecast_aggregate_sales
[2025-03-30T20:44:29.217+0000] {task_command.py:467} INFO - Running <TaskInstance: forecast_sales_dag.forecast_aggregate_sales manual__2025-03-30T20:44:25.390623+00:00 [running]> on host 2eb76630dc09
[2025-03-30T20:44:29.375+0000] {taskinstance.py:3131} INFO - Exporting env vars: AIRFLOW_CTX_DAG_OWNER='***' AIRFLOW_CTX_DAG_ID='forecast_sales_dag' AIRFLOW_CTX_TASK_ID='forecast_aggregate_sales' AIRFLOW_CTX_EXECUTION_DATE='2025-03-30T20:44:25.390623+00:00' AIRFLOW_CTX_TRY_NUMBER='1' AIRFLOW_CTX_DAG_RUN_ID='manual__2025-03-30T20:44:25.390623+00:00'
[2025-03-30T20:44:29.379+0000] {logging_mixin.py:190} INFO - Task instance is in running state
[2025-03-30T20:44:29.382+0000] {logging_mixin.py:190} INFO -  Previous state of the Task instance: queued
[2025-03-30T20:44:29.384+0000] {logging_mixin.py:190} INFO - Current task name:forecast_aggregate_sales state:running start_date:2025-03-30 20:44:29.020346+00:00
[2025-03-30T20:44:29.386+0000] {logging_mixin.py:190} INFO - Dag name:forecast_sales_dag and current dag run status:running
[2025-03-30T20:44:29.388+0000] {taskinstance.py:731} INFO - ::endgroup::
[2025-03-30T20:44:29.448+0000] {forecaster.py:961} INFO - Disabling daily seasonality. Run prophet with daily_seasonality=True to override this.
[2025-03-30T20:44:29.477+0000] {filesystem.py:118} DEBUG - input tempfile: /tmp/tmpr4ceon08/xvpg83nq.json
[2025-03-30T20:44:29.620+0000] {filesystem.py:118} DEBUG - input tempfile: /tmp/tmpr4ceon08/8ieqtq2d.json
[2025-03-30T20:44:29.624+0000] {model.py:2042} DEBUG - idx 0
[2025-03-30T20:44:29.626+0000] {model.py:2043} DEBUG - running CmdStan, num_threads: None
[2025-03-30T20:44:29.632+0000] {model.py:2055} DEBUG - CmdStan args: ['/home/***/.local/lib/python3.9/site-packages/prophet/stan_model/prophet_model.bin', 'random', 'seed=78598', 'data', 'file=/tmp/tmpr4ceon08/xvpg83nq.json', 'init=/tmp/tmpr4ceon08/8ieqtq2d.json', 'output', 'file=/tmp/tmpr4ceon08/prophet_modelasp5ft3j/prophet_model-20250330204429.csv', 'method=optimize', 'algorithm=lbfgs', 'iter=10000']
[2025-03-30T20:44:29.634+0000] {logging_mixin.py:190} WARNING - 20:44:29 - cmdstanpy - INFO - Chain [1] start processing
[2025-03-30T20:44:29.634+0000] {model.py:2058} INFO - Chain [1] start processing
[2025-03-30T20:44:29.712+0000] {logging_mixin.py:190} WARNING - 20:44:29 - cmdstanpy - INFO - Chain [1] done processing
[2025-03-30T20:44:29.711+0000] {model.py:2115} INFO - Chain [1] done processing
[2025-03-30T20:44:30.211+0000] {logging_mixin.py:190} INFO - Aggregate sales forecast completed and results saved.
[2025-03-30T20:44:30.216+0000] {python.py:240} INFO - Done. Returned value was: None
[2025-03-30T20:44:30.244+0000] {taskinstance.py:340} INFO - ::group::Post task execution logs
[2025-03-30T20:44:30.249+0000] {taskinstance.py:352} INFO - Marking task as SUCCESS. dag_id=forecast_sales_dag, task_id=forecast_aggregate_sales, run_id=manual__2025-03-30T20:44:25.390623+00:00, execution_date=20250330T204425, start_date=20250330T204429, end_date=20250330T204430
[2025-03-30T20:44:30.302+0000] {logging_mixin.py:190} INFO - Task instance in success state
[2025-03-30T20:44:30.307+0000] {logging_mixin.py:190} INFO -  Previous state of the Task instance: running
[2025-03-30T20:44:30.311+0000] {logging_mixin.py:190} INFO - Dag name:forecast_sales_dag queued_at:2025-03-30 20:44:25.425760+00:00
[2025-03-30T20:44:30.315+0000] {logging_mixin.py:190} INFO - Task hostname:2eb76630dc09 operator:PythonOperator
[2025-03-30T20:44:30.345+0000] {local_task_job_runner.py:266} INFO - Task exited with return code 0
[2025-03-30T20:44:30.411+0000] {taskinstance.py:3900} INFO - 1 downstream tasks scheduled from follow-on schedule check
[2025-03-30T20:44:30.439+0000] {local_task_job_runner.py:245} INFO - ::endgroup::
