[2025-03-28T06:57:47.527+0000] {local_task_job_runner.py:123} INFO - ::group::Pre task execution logs
[2025-03-28T06:57:47.547+0000] {taskinstance.py:2612} INFO - Dependencies all met for dep_context=non-requeueable deps ti=<TaskInstance: superstore_dag.load_data_to_prod_db manual__2025-03-28T06:57:28.928955+00:00 [queued]>
[2025-03-28T06:57:47.560+0000] {taskinstance.py:2612} INFO - Dependencies all met for dep_context=requeueable deps ti=<TaskInstance: superstore_dag.load_data_to_prod_db manual__2025-03-28T06:57:28.928955+00:00 [queued]>
[2025-03-28T06:57:47.564+0000] {taskinstance.py:2865} INFO - Starting attempt 1 of 2
[2025-03-28T06:57:47.602+0000] {taskinstance.py:2888} INFO - Executing <Task(PythonOperator): load_data_to_prod_db> on 2025-03-28 06:57:28.928955+00:00
[2025-03-28T06:57:47.611+0000] {standard_task_runner.py:72} INFO - Started process 540 to run task
[2025-03-28T06:57:47.615+0000] {standard_task_runner.py:104} INFO - Running: ['***', 'tasks', 'run', 'superstore_dag', 'load_data_to_prod_db', 'manual__2025-03-28T06:57:28.928955+00:00', '--job-id', '44', '--raw', '--subdir', 'DAGS_FOLDER/superstore_dag.py', '--cfg-path', '/tmp/tmpgyazs_1b']
[2025-03-28T06:57:47.619+0000] {standard_task_runner.py:105} INFO - Job 44: Subtask load_data_to_prod_db
[2025-03-28T06:57:47.702+0000] {task_command.py:467} INFO - Running <TaskInstance: superstore_dag.load_data_to_prod_db manual__2025-03-28T06:57:28.928955+00:00 [running]> on host e0cefe7bdbf4
[2025-03-28T06:57:47.838+0000] {taskinstance.py:3131} INFO - Exporting env vars: AIRFLOW_CTX_DAG_OWNER='***' AIRFLOW_CTX_DAG_ID='superstore_dag' AIRFLOW_CTX_TASK_ID='load_data_to_prod_db' AIRFLOW_CTX_EXECUTION_DATE='2025-03-28T06:57:28.928955+00:00' AIRFLOW_CTX_TRY_NUMBER='1' AIRFLOW_CTX_DAG_RUN_ID='manual__2025-03-28T06:57:28.928955+00:00'
[2025-03-28T06:57:47.841+0000] {logging_mixin.py:190} INFO - Task instance is in running state
[2025-03-28T06:57:47.844+0000] {logging_mixin.py:190} INFO -  Previous state of the Task instance: queued
[2025-03-28T06:57:47.847+0000] {logging_mixin.py:190} INFO - Current task name:load_data_to_prod_db state:running start_date:2025-03-28 06:57:47.550042+00:00
[2025-03-28T06:57:47.850+0000] {logging_mixin.py:190} INFO - Dag name:superstore_dag and current dag run status:running
[2025-03-28T06:57:47.852+0000] {taskinstance.py:731} INFO - ::endgroup::
[2025-03-28T06:57:47.873+0000] {logging_mixin.py:190} INFO - Checking and potentially creating table: prod_fact_table
[2025-03-28T06:57:47.885+0000] {base.py:84} INFO - Retrieving connection '***_default'
[2025-03-28T06:57:47.918+0000] {sql.py:624} INFO - Running statement: 
            IF NOT EXISTS (SELECT * FROM INFORMATION_SCHEMA.TABLES WHERE TABLE_NAME = 'prod_fact_table')
            BEGIN
                CREATE TABLE prod_fact_table ([OrderID_SK] INT, [ProductID_SK] INT, [CustomerID_SK] INT, [LocationID_SK] INT, [DateID_SK] INT, [Sales] FLOAT, [Quantity] INT, [Discount] FLOAT, [Profit] FLOAT, [unit_price] FLOAT);
                PRINT 'Table prod_fact_table created successfully.';
            END
            , parameters: None
[2025-03-28T06:57:47.969+0000] {logging_mixin.py:190} INFO - Table prod_fact_table exists or was just created.
[2025-03-28T06:57:47.983+0000] {logging_mixin.py:190} INFO - Checking and potentially creating table: prod_dim_product
[2025-03-28T06:57:48.017+0000] {sql.py:624} INFO - Running statement: 
            IF NOT EXISTS (SELECT * FROM INFORMATION_SCHEMA.TABLES WHERE TABLE_NAME = 'prod_dim_product')
            BEGIN
                CREATE TABLE prod_dim_product ([Product ID] VARCHAR(MAX), [Category] VARCHAR(MAX), [Sub-Category] VARCHAR(MAX), [Product Name] VARCHAR(MAX), [ProductID_SK] INT);
                PRINT 'Table prod_dim_product created successfully.';
            END
            , parameters: None
[2025-03-28T06:57:48.038+0000] {logging_mixin.py:190} INFO - Table prod_dim_product exists or was just created.
[2025-03-28T06:57:48.053+0000] {logging_mixin.py:190} INFO - Checking and potentially creating table: prod_dim_order
[2025-03-28T06:57:48.081+0000] {sql.py:624} INFO - Running statement: 
            IF NOT EXISTS (SELECT * FROM INFORMATION_SCHEMA.TABLES WHERE TABLE_NAME = 'prod_dim_order')
            BEGIN
                CREATE TABLE prod_dim_order ([Order ID] VARCHAR(MAX), [Ship Date] VARCHAR(MAX), [Ship Mode] VARCHAR(MAX), [OrderID_SK] INT);
                PRINT 'Table prod_dim_order created successfully.';
            END
            , parameters: None
[2025-03-28T06:57:48.101+0000] {logging_mixin.py:190} INFO - Table prod_dim_order exists or was just created.
[2025-03-28T06:57:48.117+0000] {logging_mixin.py:190} INFO - Checking and potentially creating table: prod_dim_customer
[2025-03-28T06:57:48.147+0000] {sql.py:624} INFO - Running statement: 
            IF NOT EXISTS (SELECT * FROM INFORMATION_SCHEMA.TABLES WHERE TABLE_NAME = 'prod_dim_customer')
            BEGIN
                CREATE TABLE prod_dim_customer ([Customer ID] VARCHAR(MAX), [Customer Name] VARCHAR(MAX), [Segment] VARCHAR(MAX), [CustomerID_SK] INT);
                PRINT 'Table prod_dim_customer created successfully.';
            END
            , parameters: None
[2025-03-28T06:57:48.165+0000] {logging_mixin.py:190} INFO - Table prod_dim_customer exists or was just created.
[2025-03-28T06:57:48.175+0000] {logging_mixin.py:190} INFO - Checking and potentially creating table: prod_dim_location
[2025-03-28T06:57:48.203+0000] {sql.py:624} INFO - Running statement: 
            IF NOT EXISTS (SELECT * FROM INFORMATION_SCHEMA.TABLES WHERE TABLE_NAME = 'prod_dim_location')
            BEGIN
                CREATE TABLE prod_dim_location ([Postal Code] INT, [City] VARCHAR(MAX), [State] VARCHAR(MAX), [Country] VARCHAR(MAX), [Region] VARCHAR(MAX), [LocationID_SK] INT);
                PRINT 'Table prod_dim_location created successfully.';
            END
            , parameters: None
[2025-03-28T06:57:48.215+0000] {logging_mixin.py:190} INFO - Table prod_dim_location exists or was just created.
[2025-03-28T06:57:48.223+0000] {logging_mixin.py:190} INFO - Checking and potentially creating table: prod_dim_date
[2025-03-28T06:57:48.252+0000] {sql.py:624} INFO - Running statement: 
            IF NOT EXISTS (SELECT * FROM INFORMATION_SCHEMA.TABLES WHERE TABLE_NAME = 'prod_dim_date')
            BEGIN
                CREATE TABLE prod_dim_date ([Order Date] VARCHAR(MAX), [DateID_SK] INT, [Order Year] INT, [Order Month] INT, [Order Day] INT);
                PRINT 'Table prod_dim_date created successfully.';
            END
            , parameters: None
[2025-03-28T06:57:48.269+0000] {logging_mixin.py:190} INFO - Table prod_dim_date exists or was just created.
[2025-03-28T06:57:48.291+0000] {logging_mixin.py:190} INFO - Truncating table: prod_fact_table
[2025-03-28T06:57:48.318+0000] {sql.py:624} INFO - Running statement: TRUNCATE TABLE prod_fact_table, parameters: None
[2025-03-28T06:57:48.345+0000] {logging_mixin.py:190} INFO - Loading 9994 rows into prod_fact_table
[2025-03-28T06:57:50.444+0000] {sql.py:757} INFO - Loaded 1000 rows into prod_fact_table so far
[2025-03-28T06:57:54.208+0000] {sql.py:757} INFO - Loaded 2000 rows into prod_fact_table so far
[2025-03-28T06:57:59.652+0000] {sql.py:757} INFO - Loaded 3000 rows into prod_fact_table so far
[2025-03-28T06:58:04.837+0000] {sql.py:757} INFO - Loaded 4000 rows into prod_fact_table so far
[2025-03-28T06:58:10.774+0000] {sql.py:757} INFO - Loaded 5000 rows into prod_fact_table so far
[2025-03-28T06:58:13.839+0000] {sql.py:757} INFO - Loaded 6000 rows into prod_fact_table so far
[2025-03-28T06:58:18.322+0000] {sql.py:757} INFO - Loaded 7000 rows into prod_fact_table so far
[2025-03-28T06:58:21.767+0000] {sql.py:757} INFO - Loaded 8000 rows into prod_fact_table so far
[2025-03-28T06:58:26.223+0000] {sql.py:757} INFO - Loaded 9000 rows into prod_fact_table so far
[2025-03-28T06:58:29.556+0000] {sql.py:760} INFO - Done loading. Loaded a total of 9994 rows into prod_fact_table
[2025-03-28T06:58:29.590+0000] {logging_mixin.py:190} INFO - Truncating table: prod_dim_product
[2025-03-28T06:58:29.642+0000] {sql.py:624} INFO - Running statement: TRUNCATE TABLE prod_dim_product, parameters: None
[2025-03-28T06:58:29.659+0000] {logging_mixin.py:190} INFO - Loading 1862 rows into prod_dim_product
[2025-03-28T06:58:33.279+0000] {sql.py:757} INFO - Loaded 1000 rows into prod_dim_product so far
[2025-03-28T06:58:36.805+0000] {sql.py:760} INFO - Done loading. Loaded a total of 1862 rows into prod_dim_product
[2025-03-28T06:58:36.829+0000] {logging_mixin.py:190} INFO - Truncating table: prod_dim_order
[2025-03-28T06:58:36.883+0000] {sql.py:624} INFO - Running statement: TRUNCATE TABLE prod_dim_order, parameters: None
[2025-03-28T06:58:36.895+0000] {logging_mixin.py:190} INFO - Loading 5009 rows into prod_dim_order
[2025-03-28T06:58:41.428+0000] {sql.py:757} INFO - Loaded 1000 rows into prod_dim_order so far
[2025-03-28T06:58:43.592+0000] {sql.py:757} INFO - Loaded 2000 rows into prod_dim_order so far
[2025-03-28T06:58:46.259+0000] {sql.py:757} INFO - Loaded 3000 rows into prod_dim_order so far
[2025-03-28T06:58:48.549+0000] {sql.py:757} INFO - Loaded 4000 rows into prod_dim_order so far
[2025-03-28T06:58:50.582+0000] {sql.py:757} INFO - Loaded 5000 rows into prod_dim_order so far
[2025-03-28T06:58:50.609+0000] {sql.py:760} INFO - Done loading. Loaded a total of 5009 rows into prod_dim_order
[2025-03-28T06:58:50.628+0000] {logging_mixin.py:190} INFO - Truncating table: prod_dim_customer
[2025-03-28T06:58:50.662+0000] {sql.py:624} INFO - Running statement: TRUNCATE TABLE prod_dim_customer, parameters: None
[2025-03-28T06:58:50.669+0000] {logging_mixin.py:190} INFO - Loading 793 rows into prod_dim_customer
[2025-03-28T06:58:52.347+0000] {sql.py:760} INFO - Done loading. Loaded a total of 793 rows into prod_dim_customer
[2025-03-28T06:58:52.358+0000] {logging_mixin.py:190} INFO - Truncating table: prod_dim_location
[2025-03-28T06:58:52.385+0000] {sql.py:624} INFO - Running statement: TRUNCATE TABLE prod_dim_location, parameters: None
[2025-03-28T06:58:52.391+0000] {logging_mixin.py:190} INFO - Loading 631 rows into prod_dim_location
[2025-03-28T06:58:53.611+0000] {sql.py:760} INFO - Done loading. Loaded a total of 631 rows into prod_dim_location
[2025-03-28T06:58:53.620+0000] {logging_mixin.py:190} INFO - Truncating table: prod_dim_date
[2025-03-28T06:58:53.644+0000] {sql.py:624} INFO - Running statement: TRUNCATE TABLE prod_dim_date, parameters: None
[2025-03-28T06:58:53.651+0000] {logging_mixin.py:190} INFO - Loading 1237 rows into prod_dim_date
[2025-03-28T06:58:55.718+0000] {sql.py:757} INFO - Loaded 1000 rows into prod_dim_date so far
[2025-03-28T06:58:56.106+0000] {sql.py:760} INFO - Done loading. Loaded a total of 1237 rows into prod_dim_date
[2025-03-28T06:58:56.109+0000] {python.py:240} INFO - Done. Returned value was: None
[2025-03-28T06:58:56.122+0000] {taskinstance.py:340} INFO - ::group::Post task execution logs
[2025-03-28T06:58:56.125+0000] {taskinstance.py:352} INFO - Marking task as SUCCESS. dag_id=superstore_dag, task_id=load_data_to_prod_db, run_id=manual__2025-03-28T06:57:28.928955+00:00, execution_date=20250328T065728, start_date=20250328T065747, end_date=20250328T065856
[2025-03-28T06:58:56.158+0000] {logging_mixin.py:190} INFO - Task instance in success state
[2025-03-28T06:58:56.160+0000] {logging_mixin.py:190} INFO -  Previous state of the Task instance: running
[2025-03-28T06:58:56.162+0000] {logging_mixin.py:190} INFO - Dag name:superstore_dag queued_at:2025-03-28 06:57:28.962503+00:00
[2025-03-28T06:58:56.165+0000] {logging_mixin.py:190} INFO - Task hostname:e0cefe7bdbf4 operator:PythonOperator
[2025-03-28T06:58:56.220+0000] {local_task_job_runner.py:266} INFO - Task exited with return code 0
[2025-03-28T06:58:56.242+0000] {taskinstance.py:3900} INFO - 0 downstream tasks scheduled from follow-on schedule check
[2025-03-28T06:58:56.282+0000] {local_task_job_runner.py:245} INFO - ::endgroup::
