[2025-03-28T06:58:40.827+0000] {local_task_job_runner.py:123} INFO - ::group::Pre task execution logs
[2025-03-28T06:58:40.899+0000] {taskinstance.py:2612} INFO - Dependencies all met for dep_context=non-requeueable deps ti=<TaskInstance: superstore_dag.load_data_to_prod_db manual__2025-03-27T23:35:40.962186+00:00 [queued]>
[2025-03-28T06:58:40.928+0000] {taskinstance.py:2612} INFO - Dependencies all met for dep_context=requeueable deps ti=<TaskInstance: superstore_dag.load_data_to_prod_db manual__2025-03-27T23:35:40.962186+00:00 [queued]>
[2025-03-28T06:58:40.938+0000] {taskinstance.py:2865} INFO - Starting attempt 2 of 2
[2025-03-28T06:58:41.046+0000] {taskinstance.py:2888} INFO - Executing <Task(PythonOperator): load_data_to_prod_db> on 2025-03-27 23:35:40.962186+00:00
[2025-03-28T06:58:41.065+0000] {standard_task_runner.py:72} INFO - Started process 559 to run task
[2025-03-28T06:58:41.070+0000] {standard_task_runner.py:104} INFO - Running: ['***', 'tasks', 'run', 'superstore_dag', 'load_data_to_prod_db', 'manual__2025-03-27T23:35:40.962186+00:00', '--job-id', '45', '--raw', '--subdir', 'DAGS_FOLDER/superstore_dag.py', '--cfg-path', '/tmp/tmpxmrx_u8j']
[2025-03-28T06:58:41.091+0000] {standard_task_runner.py:105} INFO - Job 45: Subtask load_data_to_prod_db
[2025-03-28T06:58:41.236+0000] {task_command.py:467} INFO - Running <TaskInstance: superstore_dag.load_data_to_prod_db manual__2025-03-27T23:35:40.962186+00:00 [running]> on host e0cefe7bdbf4
[2025-03-28T06:58:41.516+0000] {taskinstance.py:3131} INFO - Exporting env vars: AIRFLOW_CTX_DAG_OWNER='***' AIRFLOW_CTX_DAG_ID='superstore_dag' AIRFLOW_CTX_TASK_ID='load_data_to_prod_db' AIRFLOW_CTX_EXECUTION_DATE='2025-03-27T23:35:40.962186+00:00' AIRFLOW_CTX_TRY_NUMBER='2' AIRFLOW_CTX_DAG_RUN_ID='manual__2025-03-27T23:35:40.962186+00:00'
[2025-03-28T06:58:41.520+0000] {logging_mixin.py:190} INFO - Task instance is in running state
[2025-03-28T06:58:41.525+0000] {logging_mixin.py:190} INFO -  Previous state of the Task instance: queued
[2025-03-28T06:58:41.530+0000] {logging_mixin.py:190} INFO - Current task name:load_data_to_prod_db state:running start_date:2025-03-28 06:58:40.906150+00:00
[2025-03-28T06:58:41.534+0000] {logging_mixin.py:190} INFO - Dag name:superstore_dag and current dag run status:running
[2025-03-28T06:58:41.537+0000] {taskinstance.py:731} INFO - ::endgroup::
[2025-03-28T06:58:41.562+0000] {logging_mixin.py:190} INFO - Checking and potentially creating table: prod_fact_table
[2025-03-28T06:58:41.586+0000] {base.py:84} INFO - Retrieving connection '***_default'
[2025-03-28T06:58:41.638+0000] {sql.py:624} INFO - Running statement: 
            IF NOT EXISTS (SELECT * FROM INFORMATION_SCHEMA.TABLES WHERE TABLE_NAME = 'prod_fact_table')
            BEGIN
                CREATE TABLE prod_fact_table ([OrderID_SK] INT, [ProductID_SK] INT, [CustomerID_SK] INT, [LocationID_SK] INT, [DateID_SK] INT, [Sales] FLOAT, [Quantity] INT, [Discount] FLOAT, [Profit] FLOAT, [unit_price] FLOAT);
                PRINT 'Table prod_fact_table created successfully.';
            END
            , parameters: None
[2025-03-28T06:58:41.671+0000] {logging_mixin.py:190} INFO - Table prod_fact_table exists or was just created.
[2025-03-28T06:58:41.685+0000] {logging_mixin.py:190} INFO - Checking and potentially creating table: prod_dim_product
[2025-03-28T06:58:41.716+0000] {sql.py:624} INFO - Running statement: 
            IF NOT EXISTS (SELECT * FROM INFORMATION_SCHEMA.TABLES WHERE TABLE_NAME = 'prod_dim_product')
            BEGIN
                CREATE TABLE prod_dim_product ([Product ID] VARCHAR(MAX), [Category] VARCHAR(MAX), [Sub-Category] VARCHAR(MAX), [Product Name] VARCHAR(MAX), [ProductID_SK] INT);
                PRINT 'Table prod_dim_product created successfully.';
            END
            , parameters: None
[2025-03-28T06:58:41.742+0000] {logging_mixin.py:190} INFO - Table prod_dim_product exists or was just created.
[2025-03-28T06:58:41.757+0000] {logging_mixin.py:190} INFO - Checking and potentially creating table: prod_dim_order
[2025-03-28T06:58:41.794+0000] {sql.py:624} INFO - Running statement: 
            IF NOT EXISTS (SELECT * FROM INFORMATION_SCHEMA.TABLES WHERE TABLE_NAME = 'prod_dim_order')
            BEGIN
                CREATE TABLE prod_dim_order ([Order ID] VARCHAR(MAX), [Ship Date] VARCHAR(MAX), [Ship Mode] VARCHAR(MAX), [OrderID_SK] INT);
                PRINT 'Table prod_dim_order created successfully.';
            END
            , parameters: None
[2025-03-28T06:58:41.827+0000] {logging_mixin.py:190} INFO - Table prod_dim_order exists or was just created.
[2025-03-28T06:58:41.838+0000] {logging_mixin.py:190} INFO - Checking and potentially creating table: prod_dim_customer
[2025-03-28T06:58:41.871+0000] {sql.py:624} INFO - Running statement: 
            IF NOT EXISTS (SELECT * FROM INFORMATION_SCHEMA.TABLES WHERE TABLE_NAME = 'prod_dim_customer')
            BEGIN
                CREATE TABLE prod_dim_customer ([Customer ID] VARCHAR(MAX), [Customer Name] VARCHAR(MAX), [Segment] VARCHAR(MAX), [CustomerID_SK] INT);
                PRINT 'Table prod_dim_customer created successfully.';
            END
            , parameters: None
[2025-03-28T06:58:41.906+0000] {logging_mixin.py:190} INFO - Table prod_dim_customer exists or was just created.
[2025-03-28T06:58:41.919+0000] {logging_mixin.py:190} INFO - Checking and potentially creating table: prod_dim_location
[2025-03-28T06:58:41.952+0000] {sql.py:624} INFO - Running statement: 
            IF NOT EXISTS (SELECT * FROM INFORMATION_SCHEMA.TABLES WHERE TABLE_NAME = 'prod_dim_location')
            BEGIN
                CREATE TABLE prod_dim_location ([Postal Code] INT, [City] VARCHAR(MAX), [State] VARCHAR(MAX), [Country] VARCHAR(MAX), [Region] VARCHAR(MAX), [LocationID_SK] INT);
                PRINT 'Table prod_dim_location created successfully.';
            END
            , parameters: None
[2025-03-28T06:58:41.977+0000] {logging_mixin.py:190} INFO - Table prod_dim_location exists or was just created.
[2025-03-28T06:58:41.988+0000] {logging_mixin.py:190} INFO - Checking and potentially creating table: prod_dim_date
[2025-03-28T06:58:42.022+0000] {sql.py:624} INFO - Running statement: 
            IF NOT EXISTS (SELECT * FROM INFORMATION_SCHEMA.TABLES WHERE TABLE_NAME = 'prod_dim_date')
            BEGIN
                CREATE TABLE prod_dim_date ([Order Date] VARCHAR(MAX), [DateID_SK] INT, [Order Year] INT, [Order Month] INT, [Order Day] INT);
                PRINT 'Table prod_dim_date created successfully.';
            END
            , parameters: None
[2025-03-28T06:58:42.052+0000] {logging_mixin.py:190} INFO - Table prod_dim_date exists or was just created.
[2025-03-28T06:58:42.089+0000] {logging_mixin.py:190} INFO - Truncating table: prod_fact_table
[2025-03-28T06:58:42.137+0000] {sql.py:624} INFO - Running statement: TRUNCATE TABLE prod_fact_table, parameters: None
[2025-03-28T06:58:42.152+0000] {logging_mixin.py:190} INFO - Loading 9994 rows into prod_fact_table
[2025-03-28T06:58:44.225+0000] {sql.py:757} INFO - Loaded 1000 rows into prod_fact_table so far
[2025-03-28T06:58:46.810+0000] {sql.py:757} INFO - Loaded 2000 rows into prod_fact_table so far
[2025-03-28T06:58:49.196+0000] {sql.py:757} INFO - Loaded 3000 rows into prod_fact_table so far
[2025-03-28T06:58:51.372+0000] {sql.py:757} INFO - Loaded 4000 rows into prod_fact_table so far
[2025-03-28T06:58:53.335+0000] {sql.py:757} INFO - Loaded 5000 rows into prod_fact_table so far
[2025-03-28T06:58:55.388+0000] {sql.py:757} INFO - Loaded 6000 rows into prod_fact_table so far
[2025-03-28T06:58:57.122+0000] {sql.py:757} INFO - Loaded 7000 rows into prod_fact_table so far
[2025-03-28T06:58:58.905+0000] {sql.py:757} INFO - Loaded 8000 rows into prod_fact_table so far
[2025-03-28T06:59:01.202+0000] {sql.py:757} INFO - Loaded 9000 rows into prod_fact_table so far
[2025-03-28T06:59:03.371+0000] {sql.py:760} INFO - Done loading. Loaded a total of 9994 rows into prod_fact_table
[2025-03-28T06:59:03.385+0000] {logging_mixin.py:190} INFO - Truncating table: prod_dim_product
[2025-03-28T06:59:03.412+0000] {sql.py:624} INFO - Running statement: TRUNCATE TABLE prod_dim_product, parameters: None
[2025-03-28T06:59:03.420+0000] {logging_mixin.py:190} INFO - Loading 1862 rows into prod_dim_product
[2025-03-28T06:59:05.599+0000] {sql.py:757} INFO - Loaded 1000 rows into prod_dim_product so far
[2025-03-28T06:59:07.280+0000] {sql.py:760} INFO - Done loading. Loaded a total of 1862 rows into prod_dim_product
[2025-03-28T06:59:07.296+0000] {logging_mixin.py:190} INFO - Truncating table: prod_dim_order
[2025-03-28T06:59:07.336+0000] {sql.py:624} INFO - Running statement: TRUNCATE TABLE prod_dim_order, parameters: None
[2025-03-28T06:59:07.344+0000] {logging_mixin.py:190} INFO - Loading 5009 rows into prod_dim_order
[2025-03-28T06:59:09.125+0000] {sql.py:757} INFO - Loaded 1000 rows into prod_dim_order so far
[2025-03-28T06:59:11.475+0000] {sql.py:757} INFO - Loaded 2000 rows into prod_dim_order so far
[2025-03-28T06:59:13.319+0000] {sql.py:757} INFO - Loaded 3000 rows into prod_dim_order so far
[2025-03-28T06:59:15.245+0000] {sql.py:757} INFO - Loaded 4000 rows into prod_dim_order so far
[2025-03-28T06:59:17.284+0000] {sql.py:757} INFO - Loaded 5000 rows into prod_dim_order so far
[2025-03-28T06:59:17.311+0000] {sql.py:760} INFO - Done loading. Loaded a total of 5009 rows into prod_dim_order
[2025-03-28T06:59:17.322+0000] {logging_mixin.py:190} INFO - Truncating table: prod_dim_customer
[2025-03-28T06:59:17.346+0000] {sql.py:624} INFO - Running statement: TRUNCATE TABLE prod_dim_customer, parameters: None
[2025-03-28T06:59:17.354+0000] {logging_mixin.py:190} INFO - Loading 793 rows into prod_dim_customer
[2025-03-28T06:59:18.804+0000] {sql.py:760} INFO - Done loading. Loaded a total of 793 rows into prod_dim_customer
[2025-03-28T06:59:18.817+0000] {logging_mixin.py:190} INFO - Truncating table: prod_dim_location
[2025-03-28T06:59:18.843+0000] {sql.py:624} INFO - Running statement: TRUNCATE TABLE prod_dim_location, parameters: None
[2025-03-28T06:59:18.850+0000] {logging_mixin.py:190} INFO - Loading 631 rows into prod_dim_location
[2025-03-28T06:59:20.050+0000] {sql.py:760} INFO - Done loading. Loaded a total of 631 rows into prod_dim_location
[2025-03-28T06:59:20.065+0000] {logging_mixin.py:190} INFO - Truncating table: prod_dim_date
[2025-03-28T06:59:20.090+0000] {sql.py:624} INFO - Running statement: TRUNCATE TABLE prod_dim_date, parameters: None
[2025-03-28T06:59:20.098+0000] {logging_mixin.py:190} INFO - Loading 1237 rows into prod_dim_date
[2025-03-28T06:59:22.185+0000] {sql.py:757} INFO - Loaded 1000 rows into prod_dim_date so far
[2025-03-28T06:59:22.726+0000] {sql.py:760} INFO - Done loading. Loaded a total of 1237 rows into prod_dim_date
[2025-03-28T06:59:22.729+0000] {python.py:240} INFO - Done. Returned value was: None
[2025-03-28T06:59:22.744+0000] {taskinstance.py:340} INFO - ::group::Post task execution logs
[2025-03-28T06:59:22.746+0000] {taskinstance.py:352} INFO - Marking task as SUCCESS. dag_id=superstore_dag, task_id=load_data_to_prod_db, run_id=manual__2025-03-27T23:35:40.962186+00:00, execution_date=20250327T233540, start_date=20250328T065840, end_date=20250328T065922
[2025-03-28T06:59:22.779+0000] {logging_mixin.py:190} INFO - Task instance in success state
[2025-03-28T06:59:22.781+0000] {logging_mixin.py:190} INFO -  Previous state of the Task instance: running
[2025-03-28T06:59:22.784+0000] {logging_mixin.py:190} INFO - Dag name:superstore_dag queued_at:2025-03-27 23:35:40.982497+00:00
[2025-03-28T06:59:22.787+0000] {logging_mixin.py:190} INFO - Task hostname:e0cefe7bdbf4 operator:PythonOperator
[2025-03-28T06:59:22.822+0000] {local_task_job_runner.py:266} INFO - Task exited with return code 0
[2025-03-28T06:59:22.844+0000] {taskinstance.py:3900} INFO - 0 downstream tasks scheduled from follow-on schedule check
[2025-03-28T06:59:22.867+0000] {local_task_job_runner.py:245} INFO - ::endgroup::
