[2025-03-31T13:44:35.796+0000] {local_task_job_runner.py:123} INFO - ::group::Pre task execution logs
[2025-03-31T13:44:35.818+0000] {taskinstance.py:2612} INFO - Dependencies all met for dep_context=non-requeueable deps ti=<TaskInstance: forecast_sales_dag.forecast_aggregate_sales manual__2025-03-31T13:44:31.702863+00:00 [queued]>
[2025-03-31T13:44:35.830+0000] {taskinstance.py:2612} INFO - Dependencies all met for dep_context=requeueable deps ti=<TaskInstance: forecast_sales_dag.forecast_aggregate_sales manual__2025-03-31T13:44:31.702863+00:00 [queued]>
[2025-03-31T13:44:35.832+0000] {taskinstance.py:2865} INFO - Starting attempt 1 of 2
[2025-03-31T13:44:35.868+0000] {taskinstance.py:2888} INFO - Executing <Task(PythonOperator): forecast_aggregate_sales> on 2025-03-31 13:44:31.702863+00:00
[2025-03-31T13:44:35.879+0000] {standard_task_runner.py:72} INFO - Started process 5142 to run task
[2025-03-31T13:44:35.884+0000] {standard_task_runner.py:104} INFO - Running: ['***', 'tasks', 'run', 'forecast_sales_dag', 'forecast_aggregate_sales', 'manual__2025-03-31T13:44:31.702863+00:00', '--job-id', '308', '--raw', '--subdir', 'DAGS_FOLDER/forecast_etl.py', '--cfg-path', '/tmp/tmpk7vn8hxc']
[2025-03-31T13:44:35.888+0000] {standard_task_runner.py:105} INFO - Job 308: Subtask forecast_aggregate_sales
[2025-03-31T13:44:35.968+0000] {task_command.py:467} INFO - Running <TaskInstance: forecast_sales_dag.forecast_aggregate_sales manual__2025-03-31T13:44:31.702863+00:00 [running]> on host 2eb76630dc09
[2025-03-31T13:44:36.093+0000] {taskinstance.py:3131} INFO - Exporting env vars: AIRFLOW_CTX_DAG_OWNER='***' AIRFLOW_CTX_DAG_ID='forecast_sales_dag' AIRFLOW_CTX_TASK_ID='forecast_aggregate_sales' AIRFLOW_CTX_EXECUTION_DATE='2025-03-31T13:44:31.702863+00:00' AIRFLOW_CTX_TRY_NUMBER='1' AIRFLOW_CTX_DAG_RUN_ID='manual__2025-03-31T13:44:31.702863+00:00'
[2025-03-31T13:44:36.096+0000] {logging_mixin.py:190} INFO - Task instance is in running state
[2025-03-31T13:44:36.098+0000] {logging_mixin.py:190} INFO -  Previous state of the Task instance: queued
[2025-03-31T13:44:36.099+0000] {logging_mixin.py:190} INFO - Current task name:forecast_aggregate_sales state:running start_date:2025-03-31 13:44:35.820414+00:00
[2025-03-31T13:44:36.101+0000] {logging_mixin.py:190} INFO - Dag name:forecast_sales_dag and current dag run status:running
[2025-03-31T13:44:36.102+0000] {taskinstance.py:731} INFO - ::endgroup::
[2025-03-31T13:44:36.162+0000] {forecaster.py:961} INFO - Disabling daily seasonality. Run prophet with daily_seasonality=True to override this.
[2025-03-31T13:44:36.187+0000] {filesystem.py:118} DEBUG - input tempfile: /tmp/tmp8qdo0xwh/6ucq8l1p.json
[2025-03-31T13:44:36.295+0000] {filesystem.py:118} DEBUG - input tempfile: /tmp/tmp8qdo0xwh/6rvrccjp.json
[2025-03-31T13:44:36.298+0000] {model.py:2042} DEBUG - idx 0
[2025-03-31T13:44:36.300+0000] {model.py:2043} DEBUG - running CmdStan, num_threads: None
[2025-03-31T13:44:36.303+0000] {model.py:2055} DEBUG - CmdStan args: ['/home/***/.local/lib/python3.9/site-packages/prophet/stan_model/prophet_model.bin', 'random', 'seed=972', 'data', 'file=/tmp/tmp8qdo0xwh/6ucq8l1p.json', 'init=/tmp/tmp8qdo0xwh/6rvrccjp.json', 'output', 'file=/tmp/tmp8qdo0xwh/prophet_model80pwv_nm/prophet_model-20250331134436.csv', 'method=optimize', 'algorithm=lbfgs', 'iter=10000']
[2025-03-31T13:44:36.305+0000] {logging_mixin.py:190} WARNING - 13:44:36 - cmdstanpy - INFO - Chain [1] start processing
[2025-03-31T13:44:36.304+0000] {model.py:2058} INFO - Chain [1] start processing
[2025-03-31T13:44:36.368+0000] {logging_mixin.py:190} WARNING - 13:44:36 - cmdstanpy - INFO - Chain [1] done processing
[2025-03-31T13:44:36.367+0000] {model.py:2115} INFO - Chain [1] done processing
[2025-03-31T13:44:36.879+0000] {logging_mixin.py:190} INFO - Aggregate sales forecast completed and results saved.
[2025-03-31T13:44:36.881+0000] {python.py:240} INFO - Done. Returned value was: None
[2025-03-31T13:44:36.892+0000] {taskinstance.py:340} INFO - ::group::Post task execution logs
[2025-03-31T13:44:36.895+0000] {taskinstance.py:352} INFO - Marking task as SUCCESS. dag_id=forecast_sales_dag, task_id=forecast_aggregate_sales, run_id=manual__2025-03-31T13:44:31.702863+00:00, execution_date=20250331T134431, start_date=20250331T134435, end_date=20250331T134436
[2025-03-31T13:44:36.912+0000] {logging_mixin.py:190} INFO - Task instance in success state
[2025-03-31T13:44:36.914+0000] {logging_mixin.py:190} INFO -  Previous state of the Task instance: running
[2025-03-31T13:44:36.916+0000] {logging_mixin.py:190} INFO - Dag name:forecast_sales_dag queued_at:2025-03-31 13:44:31.719409+00:00
[2025-03-31T13:44:36.918+0000] {logging_mixin.py:190} INFO - Task hostname:2eb76630dc09 operator:PythonOperator
[2025-03-31T13:44:36.944+0000] {local_task_job_runner.py:266} INFO - Task exited with return code 0
[2025-03-31T13:44:36.969+0000] {taskinstance.py:3900} INFO - 1 downstream tasks scheduled from follow-on schedule check
[2025-03-31T13:44:36.989+0000] {local_task_job_runner.py:245} INFO - ::endgroup::
