[2025-03-29T04:29:39.711+0000] {local_task_job_runner.py:123} INFO - ::group::Pre task execution logs
[2025-03-29T04:29:39.732+0000] {taskinstance.py:2612} INFO - Dependencies all met for dep_context=non-requeueable deps ti=<TaskInstance: superstore_dag.load_data_to_prod_db manual__2025-03-29T04:29:23.453877+00:00 [queued]>
[2025-03-29T04:29:39.748+0000] {taskinstance.py:2612} INFO - Dependencies all met for dep_context=requeueable deps ti=<TaskInstance: superstore_dag.load_data_to_prod_db manual__2025-03-29T04:29:23.453877+00:00 [queued]>
[2025-03-29T04:29:39.751+0000] {taskinstance.py:2865} INFO - Starting attempt 1 of 2
[2025-03-29T04:29:39.788+0000] {taskinstance.py:2888} INFO - Executing <Task(PythonOperator): load_data_to_prod_db> on 2025-03-29 04:29:23.453877+00:00
[2025-03-29T04:29:39.796+0000] {standard_task_runner.py:72} INFO - Started process 153 to run task
[2025-03-29T04:29:39.800+0000] {standard_task_runner.py:104} INFO - Running: ['***', 'tasks', 'run', 'superstore_dag', 'load_data_to_prod_db', 'manual__2025-03-29T04:29:23.453877+00:00', '--job-id', '209', '--raw', '--subdir', 'DAGS_FOLDER/superstore_dag.py', '--cfg-path', '/tmp/tmpbgten2zy']
[2025-03-29T04:29:39.803+0000] {standard_task_runner.py:105} INFO - Job 209: Subtask load_data_to_prod_db
[2025-03-29T04:29:39.916+0000] {task_command.py:467} INFO - Running <TaskInstance: superstore_dag.load_data_to_prod_db manual__2025-03-29T04:29:23.453877+00:00 [running]> on host 2eb76630dc09
[2025-03-29T04:29:40.047+0000] {taskinstance.py:3131} INFO - Exporting env vars: AIRFLOW_CTX_DAG_OWNER='***' AIRFLOW_CTX_DAG_ID='superstore_dag' AIRFLOW_CTX_TASK_ID='load_data_to_prod_db' AIRFLOW_CTX_EXECUTION_DATE='2025-03-29T04:29:23.453877+00:00' AIRFLOW_CTX_TRY_NUMBER='1' AIRFLOW_CTX_DAG_RUN_ID='manual__2025-03-29T04:29:23.453877+00:00'
[2025-03-29T04:29:40.051+0000] {logging_mixin.py:190} INFO - Task instance is in running state
[2025-03-29T04:29:40.053+0000] {logging_mixin.py:190} INFO -  Previous state of the Task instance: queued
[2025-03-29T04:29:40.055+0000] {logging_mixin.py:190} INFO - Current task name:load_data_to_prod_db state:running start_date:2025-03-29 04:29:39.734501+00:00
[2025-03-29T04:29:40.057+0000] {logging_mixin.py:190} INFO - Dag name:superstore_dag and current dag run status:running
[2025-03-29T04:29:40.059+0000] {taskinstance.py:731} INFO - ::endgroup::
[2025-03-29T04:29:40.079+0000] {logging_mixin.py:190} INFO - Checking and potentially creating table: prod_fact_table
[2025-03-29T04:29:40.091+0000] {base.py:84} INFO - Retrieving connection '***_default'
[2025-03-29T04:29:40.153+0000] {sql.py:624} INFO - Running statement: 
            IF NOT EXISTS (SELECT * FROM INFORMATION_SCHEMA.TABLES WHERE TABLE_NAME = 'prod_fact_table')
            BEGIN
                CREATE TABLE prod_fact_table ([OrderID_SK] INT, [ProductID_SK] INT, [CustomerID_SK] INT, [LocationID_SK] INT, [DateID_SK] INT, [Sales] FLOAT, [Quantity] INT, [Discount] FLOAT, [Profit] FLOAT, [unit_price] FLOAT);
                PRINT 'Table prod_fact_table created successfully.';
            END
            , parameters: None
[2025-03-29T04:29:40.241+0000] {logging_mixin.py:190} INFO - Table prod_fact_table exists or was just created.
[2025-03-29T04:29:40.253+0000] {logging_mixin.py:190} INFO - Checking and potentially creating table: prod_dim_product
[2025-03-29T04:29:40.280+0000] {sql.py:624} INFO - Running statement: 
            IF NOT EXISTS (SELECT * FROM INFORMATION_SCHEMA.TABLES WHERE TABLE_NAME = 'prod_dim_product')
            BEGIN
                CREATE TABLE prod_dim_product ([Product ID] VARCHAR(MAX), [Category] VARCHAR(MAX), [Sub-Category] VARCHAR(MAX), [Product Name] VARCHAR(MAX), [ProductID_SK] INT);
                PRINT 'Table prod_dim_product created successfully.';
            END
            , parameters: None
[2025-03-29T04:29:40.324+0000] {logging_mixin.py:190} INFO - Table prod_dim_product exists or was just created.
[2025-03-29T04:29:40.334+0000] {logging_mixin.py:190} INFO - Checking and potentially creating table: prod_dim_order
[2025-03-29T04:29:40.363+0000] {sql.py:624} INFO - Running statement: 
            IF NOT EXISTS (SELECT * FROM INFORMATION_SCHEMA.TABLES WHERE TABLE_NAME = 'prod_dim_order')
            BEGIN
                CREATE TABLE prod_dim_order ([Order ID] VARCHAR(MAX), [Ship Date] VARCHAR(MAX), [Ship Mode] VARCHAR(MAX), [OrderID_SK] INT);
                PRINT 'Table prod_dim_order created successfully.';
            END
            , parameters: None
[2025-03-29T04:29:40.419+0000] {logging_mixin.py:190} INFO - Table prod_dim_order exists or was just created.
[2025-03-29T04:29:40.432+0000] {logging_mixin.py:190} INFO - Checking and potentially creating table: prod_dim_customer
[2025-03-29T04:29:40.465+0000] {sql.py:624} INFO - Running statement: 
            IF NOT EXISTS (SELECT * FROM INFORMATION_SCHEMA.TABLES WHERE TABLE_NAME = 'prod_dim_customer')
            BEGIN
                CREATE TABLE prod_dim_customer ([Customer ID] VARCHAR(MAX), [Customer Name] VARCHAR(MAX), [Segment] VARCHAR(MAX), [CustomerID_SK] INT);
                PRINT 'Table prod_dim_customer created successfully.';
            END
            , parameters: None
[2025-03-29T04:29:40.480+0000] {logging_mixin.py:190} INFO - Table prod_dim_customer exists or was just created.
[2025-03-29T04:29:40.495+0000] {logging_mixin.py:190} INFO - Checking and potentially creating table: prod_dim_location
[2025-03-29T04:29:40.528+0000] {sql.py:624} INFO - Running statement: 
            IF NOT EXISTS (SELECT * FROM INFORMATION_SCHEMA.TABLES WHERE TABLE_NAME = 'prod_dim_location')
            BEGIN
                CREATE TABLE prod_dim_location ([Postal Code] INT, [City] VARCHAR(MAX), [State] VARCHAR(MAX), [Country] VARCHAR(MAX), [Region] VARCHAR(MAX), [LocationID_SK] INT);
                PRINT 'Table prod_dim_location created successfully.';
            END
            , parameters: None
[2025-03-29T04:29:40.544+0000] {logging_mixin.py:190} INFO - Table prod_dim_location exists or was just created.
[2025-03-29T04:29:40.556+0000] {logging_mixin.py:190} INFO - Checking and potentially creating table: prod_dim_date
[2025-03-29T04:29:40.583+0000] {sql.py:624} INFO - Running statement: 
            IF NOT EXISTS (SELECT * FROM INFORMATION_SCHEMA.TABLES WHERE TABLE_NAME = 'prod_dim_date')
            BEGIN
                CREATE TABLE prod_dim_date ([Order Date] VARCHAR(MAX), [DateID_SK] INT, [Order Year] INT, [Order Month] INT, [Order Day] INT);
                PRINT 'Table prod_dim_date created successfully.';
            END
            , parameters: None
[2025-03-29T04:29:40.596+0000] {logging_mixin.py:190} INFO - Table prod_dim_date exists or was just created.
[2025-03-29T04:29:40.617+0000] {logging_mixin.py:190} INFO - Truncating table: prod_fact_table
[2025-03-29T04:29:40.646+0000] {sql.py:624} INFO - Running statement: TRUNCATE TABLE prod_fact_table, parameters: None
[2025-03-29T04:29:40.681+0000] {logging_mixin.py:190} INFO - Loading 4000 rows into prod_fact_table
[2025-03-29T04:29:43.089+0000] {sql.py:757} INFO - Loaded 1000 rows into prod_fact_table so far
[2025-03-29T04:29:45.392+0000] {sql.py:757} INFO - Loaded 2000 rows into prod_fact_table so far
[2025-03-29T04:29:47.292+0000] {sql.py:757} INFO - Loaded 3000 rows into prod_fact_table so far
[2025-03-29T04:29:49.113+0000] {sql.py:757} INFO - Loaded 4000 rows into prod_fact_table so far
[2025-03-29T04:29:49.118+0000] {sql.py:760} INFO - Done loading. Loaded a total of 4000 rows into prod_fact_table
[2025-03-29T04:29:49.131+0000] {logging_mixin.py:190} INFO - Truncating table: prod_dim_product
[2025-03-29T04:29:49.153+0000] {sql.py:624} INFO - Running statement: TRUNCATE TABLE prod_dim_product, parameters: None
[2025-03-29T04:29:49.163+0000] {logging_mixin.py:190} INFO - Loading 1615 rows into prod_dim_product
[2025-03-29T04:29:50.866+0000] {sql.py:757} INFO - Loaded 1000 rows into prod_dim_product so far
[2025-03-29T04:29:52.029+0000] {sql.py:760} INFO - Done loading. Loaded a total of 1615 rows into prod_dim_product
[2025-03-29T04:29:52.040+0000] {logging_mixin.py:190} INFO - Truncating table: prod_dim_order
[2025-03-29T04:29:52.067+0000] {sql.py:624} INFO - Running statement: TRUNCATE TABLE prod_dim_order, parameters: None
[2025-03-29T04:29:52.075+0000] {logging_mixin.py:190} INFO - Loading 1980 rows into prod_dim_order
[2025-03-29T04:29:54.031+0000] {sql.py:757} INFO - Loaded 1000 rows into prod_dim_order so far
[2025-03-29T04:29:55.609+0000] {sql.py:760} INFO - Done loading. Loaded a total of 1980 rows into prod_dim_order
[2025-03-29T04:29:55.619+0000] {logging_mixin.py:190} INFO - Truncating table: prod_dim_customer
[2025-03-29T04:29:55.640+0000] {sql.py:624} INFO - Running statement: TRUNCATE TABLE prod_dim_customer, parameters: None
[2025-03-29T04:29:55.647+0000] {logging_mixin.py:190} INFO - Loading 730 rows into prod_dim_customer
[2025-03-29T04:29:56.996+0000] {sql.py:760} INFO - Done loading. Loaded a total of 730 rows into prod_dim_customer
[2025-03-29T04:29:57.014+0000] {logging_mixin.py:190} INFO - Truncating table: prod_dim_location
[2025-03-29T04:29:57.046+0000] {sql.py:624} INFO - Running statement: TRUNCATE TABLE prod_dim_location, parameters: None
[2025-03-29T04:29:57.054+0000] {logging_mixin.py:190} INFO - Loading 469 rows into prod_dim_location
[2025-03-29T04:29:58.067+0000] {sql.py:760} INFO - Done loading. Loaded a total of 469 rows into prod_dim_location
[2025-03-29T04:29:58.078+0000] {logging_mixin.py:190} INFO - Truncating table: prod_dim_date
[2025-03-29T04:29:58.105+0000] {sql.py:624} INFO - Running statement: TRUNCATE TABLE prod_dim_date, parameters: None
[2025-03-29T04:29:58.114+0000] {logging_mixin.py:190} INFO - Loading 937 rows into prod_dim_date
[2025-03-29T04:29:59.934+0000] {sql.py:760} INFO - Done loading. Loaded a total of 937 rows into prod_dim_date
[2025-03-29T04:29:59.936+0000] {python.py:240} INFO - Done. Returned value was: None
[2025-03-29T04:29:59.948+0000] {taskinstance.py:340} INFO - ::group::Post task execution logs
[2025-03-29T04:29:59.950+0000] {taskinstance.py:352} INFO - Marking task as SUCCESS. dag_id=superstore_dag, task_id=load_data_to_prod_db, run_id=manual__2025-03-29T04:29:23.453877+00:00, execution_date=20250329T042923, start_date=20250329T042939, end_date=20250329T042959
[2025-03-29T04:29:59.983+0000] {logging_mixin.py:190} INFO - Task instance in success state
[2025-03-29T04:29:59.985+0000] {logging_mixin.py:190} INFO -  Previous state of the Task instance: running
[2025-03-29T04:29:59.988+0000] {logging_mixin.py:190} INFO - Dag name:superstore_dag queued_at:2025-03-29 04:29:23.489574+00:00
[2025-03-29T04:29:59.990+0000] {logging_mixin.py:190} INFO - Task hostname:2eb76630dc09 operator:PythonOperator
[2025-03-29T04:30:00.024+0000] {local_task_job_runner.py:266} INFO - Task exited with return code 0
[2025-03-29T04:30:00.041+0000] {taskinstance.py:3900} INFO - 0 downstream tasks scheduled from follow-on schedule check
[2025-03-29T04:30:00.065+0000] {local_task_job_runner.py:245} INFO - ::endgroup::
