[2025-03-30T20:37:20.170+0000] {local_task_job_runner.py:123} INFO - ::group::Pre task execution logs
[2025-03-30T20:37:20.200+0000] {taskinstance.py:2612} INFO - Dependencies all met for dep_context=non-requeueable deps ti=<TaskInstance: forecast_sales_dag.forecast_aggregate_sales manual__2025-03-30T20:37:15.932014+00:00 [queued]>
[2025-03-30T20:37:20.216+0000] {taskinstance.py:2612} INFO - Dependencies all met for dep_context=requeueable deps ti=<TaskInstance: forecast_sales_dag.forecast_aggregate_sales manual__2025-03-30T20:37:15.932014+00:00 [queued]>
[2025-03-30T20:37:20.218+0000] {taskinstance.py:2865} INFO - Starting attempt 1 of 2
[2025-03-30T20:37:20.260+0000] {taskinstance.py:2888} INFO - Executing <Task(PythonOperator): forecast_aggregate_sales> on 2025-03-30 20:37:15.932014+00:00
[2025-03-30T20:37:20.268+0000] {standard_task_runner.py:72} INFO - Started process 2941 to run task
[2025-03-30T20:37:20.276+0000] {standard_task_runner.py:104} INFO - Running: ['***', 'tasks', 'run', 'forecast_sales_dag', 'forecast_aggregate_sales', 'manual__2025-03-30T20:37:15.932014+00:00', '--job-id', '259', '--raw', '--subdir', 'DAGS_FOLDER/forecast_etl.py', '--cfg-path', '/tmp/tmpkblkky31']
[2025-03-30T20:37:20.279+0000] {standard_task_runner.py:105} INFO - Job 259: Subtask forecast_aggregate_sales
[2025-03-30T20:37:20.366+0000] {task_command.py:467} INFO - Running <TaskInstance: forecast_sales_dag.forecast_aggregate_sales manual__2025-03-30T20:37:15.932014+00:00 [running]> on host 2eb76630dc09
[2025-03-30T20:37:20.524+0000] {taskinstance.py:3131} INFO - Exporting env vars: AIRFLOW_CTX_DAG_OWNER='***' AIRFLOW_CTX_DAG_ID='forecast_sales_dag' AIRFLOW_CTX_TASK_ID='forecast_aggregate_sales' AIRFLOW_CTX_EXECUTION_DATE='2025-03-30T20:37:15.932014+00:00' AIRFLOW_CTX_TRY_NUMBER='1' AIRFLOW_CTX_DAG_RUN_ID='manual__2025-03-30T20:37:15.932014+00:00'
[2025-03-30T20:37:20.528+0000] {logging_mixin.py:190} INFO - Task instance is in running state
[2025-03-30T20:37:20.531+0000] {logging_mixin.py:190} INFO -  Previous state of the Task instance: queued
[2025-03-30T20:37:20.533+0000] {logging_mixin.py:190} INFO - Current task name:forecast_aggregate_sales state:running start_date:2025-03-30 20:37:20.202805+00:00
[2025-03-30T20:37:20.535+0000] {logging_mixin.py:190} INFO - Dag name:forecast_sales_dag and current dag run status:running
[2025-03-30T20:37:20.538+0000] {taskinstance.py:731} INFO - ::endgroup::
[2025-03-30T20:37:20.613+0000] {forecaster.py:961} INFO - Disabling daily seasonality. Run prophet with daily_seasonality=True to override this.
[2025-03-30T20:37:20.641+0000] {filesystem.py:118} DEBUG - input tempfile: /tmp/tmp80bmxrth/php0jsm2.json
[2025-03-30T20:37:20.742+0000] {filesystem.py:118} DEBUG - input tempfile: /tmp/tmp80bmxrth/271s1m3c.json
[2025-03-30T20:37:20.746+0000] {model.py:2042} DEBUG - idx 0
[2025-03-30T20:37:20.748+0000] {model.py:2043} DEBUG - running CmdStan, num_threads: None
[2025-03-30T20:37:20.751+0000] {model.py:2055} DEBUG - CmdStan args: ['/home/***/.local/lib/python3.9/site-packages/prophet/stan_model/prophet_model.bin', 'random', 'seed=75835', 'data', 'file=/tmp/tmp80bmxrth/php0jsm2.json', 'init=/tmp/tmp80bmxrth/271s1m3c.json', 'output', 'file=/tmp/tmp80bmxrth/prophet_modelub1obef6/prophet_model-20250330203720.csv', 'method=optimize', 'algorithm=lbfgs', 'iter=10000']
[2025-03-30T20:37:20.753+0000] {logging_mixin.py:190} WARNING - 20:37:20 - cmdstanpy - INFO - Chain [1] start processing
[2025-03-30T20:37:20.753+0000] {model.py:2058} INFO - Chain [1] start processing
[2025-03-30T20:37:20.823+0000] {logging_mixin.py:190} WARNING - 20:37:20 - cmdstanpy - INFO - Chain [1] done processing
[2025-03-30T20:37:20.823+0000] {model.py:2115} INFO - Chain [1] done processing
[2025-03-30T20:37:21.293+0000] {logging_mixin.py:190} INFO - Aggregate sales forecast completed and results saved.
[2025-03-30T20:37:21.296+0000] {python.py:240} INFO - Done. Returned value was: None
[2025-03-30T20:37:21.320+0000] {taskinstance.py:340} INFO - ::group::Post task execution logs
[2025-03-30T20:37:21.325+0000] {taskinstance.py:352} INFO - Marking task as SUCCESS. dag_id=forecast_sales_dag, task_id=forecast_aggregate_sales, run_id=manual__2025-03-30T20:37:15.932014+00:00, execution_date=20250330T203715, start_date=20250330T203720, end_date=20250330T203721
[2025-03-30T20:37:21.376+0000] {logging_mixin.py:190} INFO - Task instance in success state
[2025-03-30T20:37:21.379+0000] {logging_mixin.py:190} INFO -  Previous state of the Task instance: running
[2025-03-30T20:37:21.382+0000] {logging_mixin.py:190} INFO - Dag name:forecast_sales_dag queued_at:2025-03-30 20:37:15.950244+00:00
[2025-03-30T20:37:21.384+0000] {logging_mixin.py:190} INFO - Task hostname:2eb76630dc09 operator:PythonOperator
[2025-03-30T20:37:21.444+0000] {local_task_job_runner.py:266} INFO - Task exited with return code 0
[2025-03-30T20:37:21.501+0000] {taskinstance.py:3900} INFO - 1 downstream tasks scheduled from follow-on schedule check
[2025-03-30T20:37:21.548+0000] {local_task_job_runner.py:245} INFO - ::endgroup::
