[2025-03-29T04:32:03.566+0000] {local_task_job_runner.py:123} INFO - ::group::Pre task execution logs
[2025-03-29T04:32:03.586+0000] {taskinstance.py:2612} INFO - Dependencies all met for dep_context=non-requeueable deps ti=<TaskInstance: superstore_dag.load_data_to_prod_db manual__2025-03-29T04:31:47.288971+00:00 [queued]>
[2025-03-29T04:32:03.599+0000] {taskinstance.py:2612} INFO - Dependencies all met for dep_context=requeueable deps ti=<TaskInstance: superstore_dag.load_data_to_prod_db manual__2025-03-29T04:31:47.288971+00:00 [queued]>
[2025-03-29T04:32:03.601+0000] {taskinstance.py:2865} INFO - Starting attempt 1 of 2
[2025-03-29T04:32:03.640+0000] {taskinstance.py:2888} INFO - Executing <Task(PythonOperator): load_data_to_prod_db> on 2025-03-29 04:31:47.288971+00:00
[2025-03-29T04:32:03.647+0000] {standard_task_runner.py:72} INFO - Started process 259 to run task
[2025-03-29T04:32:03.652+0000] {standard_task_runner.py:104} INFO - Running: ['***', 'tasks', 'run', 'superstore_dag', 'load_data_to_prod_db', 'manual__2025-03-29T04:31:47.288971+00:00', '--job-id', '214', '--raw', '--subdir', 'DAGS_FOLDER/superstore_dag.py', '--cfg-path', '/tmp/tmp48gwxafh']
[2025-03-29T04:32:03.654+0000] {standard_task_runner.py:105} INFO - Job 214: Subtask load_data_to_prod_db
[2025-03-29T04:32:03.727+0000] {task_command.py:467} INFO - Running <TaskInstance: superstore_dag.load_data_to_prod_db manual__2025-03-29T04:31:47.288971+00:00 [running]> on host 2eb76630dc09
[2025-03-29T04:32:03.860+0000] {taskinstance.py:3131} INFO - Exporting env vars: AIRFLOW_CTX_DAG_OWNER='***' AIRFLOW_CTX_DAG_ID='superstore_dag' AIRFLOW_CTX_TASK_ID='load_data_to_prod_db' AIRFLOW_CTX_EXECUTION_DATE='2025-03-29T04:31:47.288971+00:00' AIRFLOW_CTX_TRY_NUMBER='1' AIRFLOW_CTX_DAG_RUN_ID='manual__2025-03-29T04:31:47.288971+00:00'
[2025-03-29T04:32:03.864+0000] {logging_mixin.py:190} INFO - Task instance is in running state
[2025-03-29T04:32:03.866+0000] {logging_mixin.py:190} INFO -  Previous state of the Task instance: queued
[2025-03-29T04:32:03.868+0000] {logging_mixin.py:190} INFO - Current task name:load_data_to_prod_db state:running start_date:2025-03-29 04:32:03.588091+00:00
[2025-03-29T04:32:03.869+0000] {logging_mixin.py:190} INFO - Dag name:superstore_dag and current dag run status:running
[2025-03-29T04:32:03.871+0000] {taskinstance.py:731} INFO - ::endgroup::
[2025-03-29T04:32:03.892+0000] {logging_mixin.py:190} INFO - Checking and potentially creating table: prod_fact_table
[2025-03-29T04:32:03.906+0000] {base.py:84} INFO - Retrieving connection '***_default'
[2025-03-29T04:32:03.934+0000] {sql.py:624} INFO - Running statement: 
            IF NOT EXISTS (SELECT * FROM INFORMATION_SCHEMA.TABLES WHERE TABLE_NAME = 'prod_fact_table')
            BEGIN
                CREATE TABLE prod_fact_table ([OrderID_SK] INT, [ProductID_SK] INT, [CustomerID_SK] INT, [LocationID_SK] INT, [DateID_SK] INT, [Sales] FLOAT, [Quantity] INT, [Discount] FLOAT, [Profit] FLOAT, [unit_price] FLOAT);
                PRINT 'Table prod_fact_table created successfully.';
            END
            , parameters: None
[2025-03-29T04:32:03.995+0000] {logging_mixin.py:190} INFO - Table prod_fact_table exists or was just created.
[2025-03-29T04:32:04.006+0000] {logging_mixin.py:190} INFO - Checking and potentially creating table: prod_dim_product
[2025-03-29T04:32:04.032+0000] {sql.py:624} INFO - Running statement: 
            IF NOT EXISTS (SELECT * FROM INFORMATION_SCHEMA.TABLES WHERE TABLE_NAME = 'prod_dim_product')
            BEGIN
                CREATE TABLE prod_dim_product ([Product ID] VARCHAR(MAX), [Category] VARCHAR(MAX), [Sub-Category] VARCHAR(MAX), [Product Name] VARCHAR(MAX), [ProductID_SK] INT);
                PRINT 'Table prod_dim_product created successfully.';
            END
            , parameters: None
[2025-03-29T04:32:04.045+0000] {logging_mixin.py:190} INFO - Table prod_dim_product exists or was just created.
[2025-03-29T04:32:04.059+0000] {logging_mixin.py:190} INFO - Checking and potentially creating table: prod_dim_order
[2025-03-29T04:32:04.086+0000] {sql.py:624} INFO - Running statement: 
            IF NOT EXISTS (SELECT * FROM INFORMATION_SCHEMA.TABLES WHERE TABLE_NAME = 'prod_dim_order')
            BEGIN
                CREATE TABLE prod_dim_order ([Order ID] VARCHAR(MAX), [Ship Date] VARCHAR(MAX), [Ship Mode] VARCHAR(MAX), [OrderID_SK] INT);
                PRINT 'Table prod_dim_order created successfully.';
            END
            , parameters: None
[2025-03-29T04:32:04.100+0000] {logging_mixin.py:190} INFO - Table prod_dim_order exists or was just created.
[2025-03-29T04:32:04.111+0000] {logging_mixin.py:190} INFO - Checking and potentially creating table: prod_dim_customer
[2025-03-29T04:32:04.138+0000] {sql.py:624} INFO - Running statement: 
            IF NOT EXISTS (SELECT * FROM INFORMATION_SCHEMA.TABLES WHERE TABLE_NAME = 'prod_dim_customer')
            BEGIN
                CREATE TABLE prod_dim_customer ([Customer ID] VARCHAR(MAX), [Customer Name] VARCHAR(MAX), [Segment] VARCHAR(MAX), [CustomerID_SK] INT);
                PRINT 'Table prod_dim_customer created successfully.';
            END
            , parameters: None
[2025-03-29T04:32:04.151+0000] {logging_mixin.py:190} INFO - Table prod_dim_customer exists or was just created.
[2025-03-29T04:32:04.161+0000] {logging_mixin.py:190} INFO - Checking and potentially creating table: prod_dim_location
[2025-03-29T04:32:04.183+0000] {sql.py:624} INFO - Running statement: 
            IF NOT EXISTS (SELECT * FROM INFORMATION_SCHEMA.TABLES WHERE TABLE_NAME = 'prod_dim_location')
            BEGIN
                CREATE TABLE prod_dim_location ([Postal Code] INT, [City] VARCHAR(MAX), [State] VARCHAR(MAX), [Country] VARCHAR(MAX), [Region] VARCHAR(MAX), [LocationID_SK] INT);
                PRINT 'Table prod_dim_location created successfully.';
            END
            , parameters: None
[2025-03-29T04:32:04.195+0000] {logging_mixin.py:190} INFO - Table prod_dim_location exists or was just created.
[2025-03-29T04:32:04.205+0000] {logging_mixin.py:190} INFO - Checking and potentially creating table: prod_dim_date
[2025-03-29T04:32:04.230+0000] {sql.py:624} INFO - Running statement: 
            IF NOT EXISTS (SELECT * FROM INFORMATION_SCHEMA.TABLES WHERE TABLE_NAME = 'prod_dim_date')
            BEGIN
                CREATE TABLE prod_dim_date ([Order Date] VARCHAR(MAX), [DateID_SK] INT, [Order Year] INT, [Order Month] INT, [Order Day] INT);
                PRINT 'Table prod_dim_date created successfully.';
            END
            , parameters: None
[2025-03-29T04:32:04.240+0000] {logging_mixin.py:190} INFO - Table prod_dim_date exists or was just created.
[2025-03-29T04:32:04.264+0000] {logging_mixin.py:190} INFO - Truncating table: prod_fact_table
[2025-03-29T04:32:04.290+0000] {sql.py:624} INFO - Running statement: TRUNCATE TABLE prod_fact_table, parameters: None
[2025-03-29T04:32:04.301+0000] {logging_mixin.py:190} INFO - Loading 9994 rows into prod_fact_table
[2025-03-29T04:32:06.046+0000] {sql.py:757} INFO - Loaded 1000 rows into prod_fact_table so far
[2025-03-29T04:32:08.299+0000] {sql.py:757} INFO - Loaded 2000 rows into prod_fact_table so far
[2025-03-29T04:32:10.574+0000] {sql.py:757} INFO - Loaded 3000 rows into prod_fact_table so far
[2025-03-29T04:32:13.183+0000] {sql.py:757} INFO - Loaded 4000 rows into prod_fact_table so far
[2025-03-29T04:32:15.576+0000] {sql.py:757} INFO - Loaded 5000 rows into prod_fact_table so far
[2025-03-29T04:32:17.967+0000] {sql.py:757} INFO - Loaded 6000 rows into prod_fact_table so far
[2025-03-29T04:32:19.935+0000] {sql.py:757} INFO - Loaded 7000 rows into prod_fact_table so far
[2025-03-29T04:32:22.068+0000] {sql.py:757} INFO - Loaded 8000 rows into prod_fact_table so far
[2025-03-29T04:32:24.341+0000] {sql.py:757} INFO - Loaded 9000 rows into prod_fact_table so far
[2025-03-29T04:32:26.181+0000] {sql.py:760} INFO - Done loading. Loaded a total of 9994 rows into prod_fact_table
[2025-03-29T04:32:26.191+0000] {logging_mixin.py:190} INFO - Truncating table: prod_dim_product
[2025-03-29T04:32:26.215+0000] {sql.py:624} INFO - Running statement: TRUNCATE TABLE prod_dim_product, parameters: None
[2025-03-29T04:32:26.223+0000] {logging_mixin.py:190} INFO - Loading 1862 rows into prod_dim_product
[2025-03-29T04:32:28.482+0000] {sql.py:757} INFO - Loaded 1000 rows into prod_dim_product so far
[2025-03-29T04:32:30.047+0000] {sql.py:760} INFO - Done loading. Loaded a total of 1862 rows into prod_dim_product
[2025-03-29T04:32:30.064+0000] {logging_mixin.py:190} INFO - Truncating table: prod_dim_order
[2025-03-29T04:32:30.092+0000] {sql.py:624} INFO - Running statement: TRUNCATE TABLE prod_dim_order, parameters: None
[2025-03-29T04:32:30.102+0000] {logging_mixin.py:190} INFO - Loading 5009 rows into prod_dim_order
[2025-03-29T04:32:32.048+0000] {sql.py:757} INFO - Loaded 1000 rows into prod_dim_order so far
[2025-03-29T04:32:33.630+0000] {sql.py:757} INFO - Loaded 2000 rows into prod_dim_order so far
[2025-03-29T04:32:35.414+0000] {sql.py:757} INFO - Loaded 3000 rows into prod_dim_order so far
[2025-03-29T04:32:37.366+0000] {sql.py:757} INFO - Loaded 4000 rows into prod_dim_order so far
[2025-03-29T04:32:39.234+0000] {sql.py:757} INFO - Loaded 5000 rows into prod_dim_order so far
[2025-03-29T04:32:39.251+0000] {sql.py:760} INFO - Done loading. Loaded a total of 5009 rows into prod_dim_order
[2025-03-29T04:32:39.260+0000] {logging_mixin.py:190} INFO - Truncating table: prod_dim_customer
[2025-03-29T04:32:39.282+0000] {sql.py:624} INFO - Running statement: TRUNCATE TABLE prod_dim_customer, parameters: None
[2025-03-29T04:32:39.289+0000] {logging_mixin.py:190} INFO - Loading 793 rows into prod_dim_customer
[2025-03-29T04:32:40.584+0000] {sql.py:760} INFO - Done loading. Loaded a total of 793 rows into prod_dim_customer
[2025-03-29T04:32:40.596+0000] {logging_mixin.py:190} INFO - Truncating table: prod_dim_location
[2025-03-29T04:32:40.621+0000] {sql.py:624} INFO - Running statement: TRUNCATE TABLE prod_dim_location, parameters: None
[2025-03-29T04:32:40.629+0000] {logging_mixin.py:190} INFO - Loading 631 rows into prod_dim_location
[2025-03-29T04:32:41.846+0000] {sql.py:760} INFO - Done loading. Loaded a total of 631 rows into prod_dim_location
[2025-03-29T04:32:41.860+0000] {logging_mixin.py:190} INFO - Truncating table: prod_dim_date
[2025-03-29T04:32:41.892+0000] {sql.py:624} INFO - Running statement: TRUNCATE TABLE prod_dim_date, parameters: None
[2025-03-29T04:32:41.903+0000] {logging_mixin.py:190} INFO - Loading 1237 rows into prod_dim_date
[2025-03-29T04:32:44.370+0000] {sql.py:757} INFO - Loaded 1000 rows into prod_dim_date so far
[2025-03-29T04:32:44.885+0000] {sql.py:760} INFO - Done loading. Loaded a total of 1237 rows into prod_dim_date
[2025-03-29T04:32:44.888+0000] {python.py:240} INFO - Done. Returned value was: None
[2025-03-29T04:32:44.901+0000] {taskinstance.py:340} INFO - ::group::Post task execution logs
[2025-03-29T04:32:44.903+0000] {taskinstance.py:352} INFO - Marking task as SUCCESS. dag_id=superstore_dag, task_id=load_data_to_prod_db, run_id=manual__2025-03-29T04:31:47.288971+00:00, execution_date=20250329T043147, start_date=20250329T043203, end_date=20250329T043244
[2025-03-29T04:32:44.937+0000] {logging_mixin.py:190} INFO - Task instance in success state
[2025-03-29T04:32:44.939+0000] {logging_mixin.py:190} INFO -  Previous state of the Task instance: running
[2025-03-29T04:32:44.941+0000] {logging_mixin.py:190} INFO - Dag name:superstore_dag queued_at:2025-03-29 04:31:47.307965+00:00
[2025-03-29T04:32:44.943+0000] {logging_mixin.py:190} INFO - Task hostname:2eb76630dc09 operator:PythonOperator
[2025-03-29T04:32:44.992+0000] {local_task_job_runner.py:266} INFO - Task exited with return code 0
[2025-03-29T04:32:45.010+0000] {taskinstance.py:3900} INFO - 0 downstream tasks scheduled from follow-on schedule check
[2025-03-29T04:32:45.033+0000] {local_task_job_runner.py:245} INFO - ::endgroup::
