[2025-03-29T04:52:57.097+0000] {local_task_job_runner.py:123} INFO - ::group::Pre task execution logs
[2025-03-29T04:52:57.115+0000] {taskinstance.py:2612} INFO - Dependencies all met for dep_context=non-requeueable deps ti=<TaskInstance: forecast_sales_dag.forecast_aggregate_sales manual__2025-03-29T04:52:53.463039+00:00 [queued]>
[2025-03-29T04:52:57.125+0000] {taskinstance.py:2612} INFO - Dependencies all met for dep_context=requeueable deps ti=<TaskInstance: forecast_sales_dag.forecast_aggregate_sales manual__2025-03-29T04:52:53.463039+00:00 [queued]>
[2025-03-29T04:52:57.129+0000] {taskinstance.py:2865} INFO - Starting attempt 1 of 2
[2025-03-29T04:52:57.166+0000] {taskinstance.py:2888} INFO - Executing <Task(PythonOperator): forecast_aggregate_sales> on 2025-03-29 04:52:53.463039+00:00
[2025-03-29T04:52:57.175+0000] {standard_task_runner.py:72} INFO - Started process 655 to run task
[2025-03-29T04:52:57.180+0000] {standard_task_runner.py:104} INFO - Running: ['***', 'tasks', 'run', 'forecast_sales_dag', 'forecast_aggregate_sales', 'manual__2025-03-29T04:52:53.463039+00:00', '--job-id', '224', '--raw', '--subdir', 'DAGS_FOLDER/forecast_etl.py', '--cfg-path', '/tmp/tmp_5wmtt3k']
[2025-03-29T04:52:57.183+0000] {standard_task_runner.py:105} INFO - Job 224: Subtask forecast_aggregate_sales
[2025-03-29T04:52:57.257+0000] {task_command.py:467} INFO - Running <TaskInstance: forecast_sales_dag.forecast_aggregate_sales manual__2025-03-29T04:52:53.463039+00:00 [running]> on host 2eb76630dc09
[2025-03-29T04:52:57.385+0000] {taskinstance.py:3131} INFO - Exporting env vars: AIRFLOW_CTX_DAG_OWNER='***' AIRFLOW_CTX_DAG_ID='forecast_sales_dag' AIRFLOW_CTX_TASK_ID='forecast_aggregate_sales' AIRFLOW_CTX_EXECUTION_DATE='2025-03-29T04:52:53.463039+00:00' AIRFLOW_CTX_TRY_NUMBER='1' AIRFLOW_CTX_DAG_RUN_ID='manual__2025-03-29T04:52:53.463039+00:00'
[2025-03-29T04:52:57.388+0000] {logging_mixin.py:190} INFO - Task instance is in running state
[2025-03-29T04:52:57.391+0000] {logging_mixin.py:190} INFO -  Previous state of the Task instance: queued
[2025-03-29T04:52:57.393+0000] {logging_mixin.py:190} INFO - Current task name:forecast_aggregate_sales state:running start_date:2025-03-29 04:52:57.118084+00:00
[2025-03-29T04:52:57.396+0000] {logging_mixin.py:190} INFO - Dag name:forecast_sales_dag and current dag run status:running
[2025-03-29T04:52:57.398+0000] {taskinstance.py:731} INFO - ::endgroup::
[2025-03-29T04:52:57.455+0000] {forecaster.py:961} INFO - Disabling daily seasonality. Run prophet with daily_seasonality=True to override this.
[2025-03-29T04:52:57.478+0000] {filesystem.py:118} DEBUG - input tempfile: /tmp/tmphufakmlf/__r3cuus.json
[2025-03-29T04:52:57.578+0000] {filesystem.py:118} DEBUG - input tempfile: /tmp/tmphufakmlf/xdgr3k53.json
[2025-03-29T04:52:57.582+0000] {model.py:2042} DEBUG - idx 0
[2025-03-29T04:52:57.584+0000] {model.py:2043} DEBUG - running CmdStan, num_threads: None
[2025-03-29T04:52:57.586+0000] {model.py:2055} DEBUG - CmdStan args: ['/home/***/.local/lib/python3.9/site-packages/prophet/stan_model/prophet_model.bin', 'random', 'seed=98221', 'data', 'file=/tmp/tmphufakmlf/__r3cuus.json', 'init=/tmp/tmphufakmlf/xdgr3k53.json', 'output', 'file=/tmp/tmphufakmlf/prophet_model50f1m8ak/prophet_model-20250329045257.csv', 'method=optimize', 'algorithm=lbfgs', 'iter=10000']
[2025-03-29T04:52:57.588+0000] {logging_mixin.py:190} WARNING - 04:52:57 - cmdstanpy - INFO - Chain [1] start processing
[2025-03-29T04:52:57.588+0000] {model.py:2058} INFO - Chain [1] start processing
[2025-03-29T04:52:57.649+0000] {logging_mixin.py:190} WARNING - 04:52:57 - cmdstanpy - INFO - Chain [1] done processing
[2025-03-29T04:52:57.648+0000] {model.py:2115} INFO - Chain [1] done processing
[2025-03-29T04:52:58.057+0000] {logging_mixin.py:190} INFO - Aggregate sales forecast completed and results saved.
[2025-03-29T04:52:58.060+0000] {python.py:240} INFO - Done. Returned value was: None
[2025-03-29T04:52:58.073+0000] {taskinstance.py:340} INFO - ::group::Post task execution logs
[2025-03-29T04:52:58.076+0000] {taskinstance.py:352} INFO - Marking task as SUCCESS. dag_id=forecast_sales_dag, task_id=forecast_aggregate_sales, run_id=manual__2025-03-29T04:52:53.463039+00:00, execution_date=20250329T045253, start_date=20250329T045257, end_date=20250329T045258
[2025-03-29T04:52:58.116+0000] {logging_mixin.py:190} INFO - Task instance in success state
[2025-03-29T04:52:58.118+0000] {logging_mixin.py:190} INFO -  Previous state of the Task instance: running
[2025-03-29T04:52:58.120+0000] {logging_mixin.py:190} INFO - Dag name:forecast_sales_dag queued_at:2025-03-29 04:52:53.474988+00:00
[2025-03-29T04:52:58.122+0000] {logging_mixin.py:190} INFO - Task hostname:2eb76630dc09 operator:PythonOperator
[2025-03-29T04:52:58.160+0000] {local_task_job_runner.py:266} INFO - Task exited with return code 0
[2025-03-29T04:52:58.186+0000] {taskinstance.py:3900} INFO - 1 downstream tasks scheduled from follow-on schedule check
[2025-03-29T04:52:58.208+0000] {local_task_job_runner.py:245} INFO - ::endgroup::
