[2025-03-31T14:03:47.059+0000] {local_task_job_runner.py:123} INFO - ::group::Pre task execution logs
[2025-03-31T14:03:47.084+0000] {taskinstance.py:2612} INFO - Dependencies all met for dep_context=non-requeueable deps ti=<TaskInstance: forecast_sales_dag.forecast_aggregate_sales manual__2025-03-31T14:03:43.600117+00:00 [queued]>
[2025-03-31T14:03:47.100+0000] {taskinstance.py:2612} INFO - Dependencies all met for dep_context=requeueable deps ti=<TaskInstance: forecast_sales_dag.forecast_aggregate_sales manual__2025-03-31T14:03:43.600117+00:00 [queued]>
[2025-03-31T14:03:47.103+0000] {taskinstance.py:2865} INFO - Starting attempt 1 of 2
[2025-03-31T14:03:47.147+0000] {taskinstance.py:2888} INFO - Executing <Task(PythonOperator): forecast_aggregate_sales> on 2025-03-31 14:03:43.600117+00:00
[2025-03-31T14:03:47.159+0000] {standard_task_runner.py:72} INFO - Started process 5568 to run task
[2025-03-31T14:03:47.165+0000] {standard_task_runner.py:104} INFO - Running: ['***', 'tasks', 'run', 'forecast_sales_dag', 'forecast_aggregate_sales', 'manual__2025-03-31T14:03:43.600117+00:00', '--job-id', '322', '--raw', '--subdir', 'DAGS_FOLDER/forecast_etl.py', '--cfg-path', '/tmp/tmpwsj1374o']
[2025-03-31T14:03:47.169+0000] {standard_task_runner.py:105} INFO - Job 322: Subtask forecast_aggregate_sales
[2025-03-31T14:03:47.248+0000] {task_command.py:467} INFO - Running <TaskInstance: forecast_sales_dag.forecast_aggregate_sales manual__2025-03-31T14:03:43.600117+00:00 [running]> on host 2eb76630dc09
[2025-03-31T14:03:47.387+0000] {taskinstance.py:3131} INFO - Exporting env vars: AIRFLOW_CTX_DAG_OWNER='***' AIRFLOW_CTX_DAG_ID='forecast_sales_dag' AIRFLOW_CTX_TASK_ID='forecast_aggregate_sales' AIRFLOW_CTX_EXECUTION_DATE='2025-03-31T14:03:43.600117+00:00' AIRFLOW_CTX_TRY_NUMBER='1' AIRFLOW_CTX_DAG_RUN_ID='manual__2025-03-31T14:03:43.600117+00:00'
[2025-03-31T14:03:47.391+0000] {logging_mixin.py:190} INFO - Task instance is in running state
[2025-03-31T14:03:47.393+0000] {logging_mixin.py:190} INFO -  Previous state of the Task instance: queued
[2025-03-31T14:03:47.395+0000] {logging_mixin.py:190} INFO - Current task name:forecast_aggregate_sales state:running start_date:2025-03-31 14:03:47.086563+00:00
[2025-03-31T14:03:47.397+0000] {logging_mixin.py:190} INFO - Dag name:forecast_sales_dag and current dag run status:running
[2025-03-31T14:03:47.400+0000] {taskinstance.py:731} INFO - ::endgroup::
[2025-03-31T14:03:47.478+0000] {forecaster.py:961} INFO - Disabling daily seasonality. Run prophet with daily_seasonality=True to override this.
[2025-03-31T14:03:47.509+0000] {filesystem.py:118} DEBUG - input tempfile: /tmp/tmpx4lursen/f7jccy9v.json
[2025-03-31T14:03:47.630+0000] {filesystem.py:118} DEBUG - input tempfile: /tmp/tmpx4lursen/zt856wm3.json
[2025-03-31T14:03:47.635+0000] {model.py:2042} DEBUG - idx 0
[2025-03-31T14:03:47.638+0000] {model.py:2043} DEBUG - running CmdStan, num_threads: None
[2025-03-31T14:03:47.640+0000] {model.py:2055} DEBUG - CmdStan args: ['/home/***/.local/lib/python3.9/site-packages/prophet/stan_model/prophet_model.bin', 'random', 'seed=96033', 'data', 'file=/tmp/tmpx4lursen/f7jccy9v.json', 'init=/tmp/tmpx4lursen/zt856wm3.json', 'output', 'file=/tmp/tmpx4lursen/prophet_modela72yx8vf/prophet_model-20250331140347.csv', 'method=optimize', 'algorithm=lbfgs', 'iter=10000']
[2025-03-31T14:03:47.643+0000] {logging_mixin.py:190} WARNING - 14:03:47 - cmdstanpy - INFO - Chain [1] start processing
[2025-03-31T14:03:47.642+0000] {model.py:2058} INFO - Chain [1] start processing
[2025-03-31T14:03:47.708+0000] {logging_mixin.py:190} WARNING - 14:03:47 - cmdstanpy - INFO - Chain [1] done processing
[2025-03-31T14:03:47.708+0000] {model.py:2115} INFO - Chain [1] done processing
[2025-03-31T14:03:48.238+0000] {logging_mixin.py:190} INFO - Aggregate sales forecast completed and results saved.
[2025-03-31T14:03:48.240+0000] {python.py:240} INFO - Done. Returned value was: None
[2025-03-31T14:03:48.251+0000] {taskinstance.py:340} INFO - ::group::Post task execution logs
[2025-03-31T14:03:48.253+0000] {taskinstance.py:352} INFO - Marking task as SUCCESS. dag_id=forecast_sales_dag, task_id=forecast_aggregate_sales, run_id=manual__2025-03-31T14:03:43.600117+00:00, execution_date=20250331T140343, start_date=20250331T140347, end_date=20250331T140348
[2025-03-31T14:03:48.286+0000] {logging_mixin.py:190} INFO - Task instance in success state
[2025-03-31T14:03:48.287+0000] {logging_mixin.py:190} INFO -  Previous state of the Task instance: running
[2025-03-31T14:03:48.289+0000] {logging_mixin.py:190} INFO - Dag name:forecast_sales_dag queued_at:2025-03-31 14:03:43.620211+00:00
[2025-03-31T14:03:48.291+0000] {logging_mixin.py:190} INFO - Task hostname:2eb76630dc09 operator:PythonOperator
[2025-03-31T14:03:48.315+0000] {local_task_job_runner.py:266} INFO - Task exited with return code 0
[2025-03-31T14:03:48.340+0000] {taskinstance.py:3900} INFO - 1 downstream tasks scheduled from follow-on schedule check
[2025-03-31T14:03:48.363+0000] {local_task_job_runner.py:245} INFO - ::endgroup::
