[2025-03-31T13:15:14.229+0000] {local_task_job_runner.py:123} INFO - ::group::Pre task execution logs
[2025-03-31T13:15:14.258+0000] {taskinstance.py:2612} INFO - Dependencies all met for dep_context=non-requeueable deps ti=<TaskInstance: forecast_sales_dag.forecast_aggregate_sales manual__2025-03-31T13:15:10.205498+00:00 [queued]>
[2025-03-31T13:15:14.272+0000] {taskinstance.py:2612} INFO - Dependencies all met for dep_context=requeueable deps ti=<TaskInstance: forecast_sales_dag.forecast_aggregate_sales manual__2025-03-31T13:15:10.205498+00:00 [queued]>
[2025-03-31T13:15:14.275+0000] {taskinstance.py:2865} INFO - Starting attempt 1 of 2
[2025-03-31T13:15:14.313+0000] {taskinstance.py:2888} INFO - Executing <Task(PythonOperator): forecast_aggregate_sales> on 2025-03-31 13:15:10.205498+00:00
[2025-03-31T13:15:14.325+0000] {standard_task_runner.py:72} INFO - Started process 4453 to run task
[2025-03-31T13:15:14.335+0000] {standard_task_runner.py:104} INFO - Running: ['***', 'tasks', 'run', 'forecast_sales_dag', 'forecast_aggregate_sales', 'manual__2025-03-31T13:15:10.205498+00:00', '--job-id', '285', '--raw', '--subdir', 'DAGS_FOLDER/forecast_etl.py', '--cfg-path', '/tmp/tmpkovt0qj6']
[2025-03-31T13:15:14.342+0000] {standard_task_runner.py:105} INFO - Job 285: Subtask forecast_aggregate_sales
[2025-03-31T13:15:14.475+0000] {task_command.py:467} INFO - Running <TaskInstance: forecast_sales_dag.forecast_aggregate_sales manual__2025-03-31T13:15:10.205498+00:00 [running]> on host 2eb76630dc09
[2025-03-31T13:15:14.639+0000] {taskinstance.py:3131} INFO - Exporting env vars: AIRFLOW_CTX_DAG_OWNER='***' AIRFLOW_CTX_DAG_ID='forecast_sales_dag' AIRFLOW_CTX_TASK_ID='forecast_aggregate_sales' AIRFLOW_CTX_EXECUTION_DATE='2025-03-31T13:15:10.205498+00:00' AIRFLOW_CTX_TRY_NUMBER='1' AIRFLOW_CTX_DAG_RUN_ID='manual__2025-03-31T13:15:10.205498+00:00'
[2025-03-31T13:15:14.643+0000] {logging_mixin.py:190} INFO - Task instance is in running state
[2025-03-31T13:15:14.645+0000] {logging_mixin.py:190} INFO -  Previous state of the Task instance: queued
[2025-03-31T13:15:14.648+0000] {logging_mixin.py:190} INFO - Current task name:forecast_aggregate_sales state:running start_date:2025-03-31 13:15:14.260968+00:00
[2025-03-31T13:15:14.650+0000] {logging_mixin.py:190} INFO - Dag name:forecast_sales_dag and current dag run status:running
[2025-03-31T13:15:14.652+0000] {taskinstance.py:731} INFO - ::endgroup::
[2025-03-31T13:15:14.723+0000] {forecaster.py:961} INFO - Disabling daily seasonality. Run prophet with daily_seasonality=True to override this.
[2025-03-31T13:15:14.750+0000] {filesystem.py:118} DEBUG - input tempfile: /tmp/tmp55dzs0w1/n2m5v1wg.json
[2025-03-31T13:15:14.871+0000] {filesystem.py:118} DEBUG - input tempfile: /tmp/tmp55dzs0w1/d1pqu0gb.json
[2025-03-31T13:15:14.874+0000] {model.py:2042} DEBUG - idx 0
[2025-03-31T13:15:14.877+0000] {model.py:2043} DEBUG - running CmdStan, num_threads: None
[2025-03-31T13:15:14.878+0000] {model.py:2055} DEBUG - CmdStan args: ['/home/***/.local/lib/python3.9/site-packages/prophet/stan_model/prophet_model.bin', 'random', 'seed=45969', 'data', 'file=/tmp/tmp55dzs0w1/n2m5v1wg.json', 'init=/tmp/tmp55dzs0w1/d1pqu0gb.json', 'output', 'file=/tmp/tmp55dzs0w1/prophet_modelu2o32a7s/prophet_model-20250331131514.csv', 'method=optimize', 'algorithm=lbfgs', 'iter=10000']
[2025-03-31T13:15:14.880+0000] {logging_mixin.py:190} WARNING - 13:15:14 - cmdstanpy - INFO - Chain [1] start processing
[2025-03-31T13:15:14.880+0000] {model.py:2058} INFO - Chain [1] start processing
[2025-03-31T13:15:14.950+0000] {logging_mixin.py:190} WARNING - 13:15:14 - cmdstanpy - INFO - Chain [1] done processing
[2025-03-31T13:15:14.950+0000] {model.py:2115} INFO - Chain [1] done processing
[2025-03-31T13:15:15.440+0000] {logging_mixin.py:190} INFO - Aggregate sales forecast completed and results saved.
[2025-03-31T13:15:15.442+0000] {python.py:240} INFO - Done. Returned value was: None
[2025-03-31T13:15:15.456+0000] {taskinstance.py:340} INFO - ::group::Post task execution logs
[2025-03-31T13:15:15.458+0000] {taskinstance.py:352} INFO - Marking task as SUCCESS. dag_id=forecast_sales_dag, task_id=forecast_aggregate_sales, run_id=manual__2025-03-31T13:15:10.205498+00:00, execution_date=20250331T131510, start_date=20250331T131514, end_date=20250331T131515
[2025-03-31T13:15:15.491+0000] {logging_mixin.py:190} INFO - Task instance in success state
[2025-03-31T13:15:15.492+0000] {logging_mixin.py:190} INFO -  Previous state of the Task instance: running
[2025-03-31T13:15:15.494+0000] {logging_mixin.py:190} INFO - Dag name:forecast_sales_dag queued_at:2025-03-31 13:15:10.220453+00:00
[2025-03-31T13:15:15.495+0000] {logging_mixin.py:190} INFO - Task hostname:2eb76630dc09 operator:PythonOperator
[2025-03-31T13:15:15.546+0000] {local_task_job_runner.py:266} INFO - Task exited with return code 0
[2025-03-31T13:15:15.577+0000] {taskinstance.py:3900} INFO - 1 downstream tasks scheduled from follow-on schedule check
[2025-03-31T13:15:15.599+0000] {local_task_job_runner.py:245} INFO - ::endgroup::
