[2025-03-29T05:23:46.148+0000] {local_task_job_runner.py:123} INFO - ::group::Pre task execution logs
[2025-03-29T05:23:46.173+0000] {taskinstance.py:2612} INFO - Dependencies all met for dep_context=non-requeueable deps ti=<TaskInstance: forecast_sales_dag.forecast_aggregate_sales manual__2025-03-29T05:23:42.576827+00:00 [queued]>
[2025-03-29T05:23:46.183+0000] {taskinstance.py:2612} INFO - Dependencies all met for dep_context=requeueable deps ti=<TaskInstance: forecast_sales_dag.forecast_aggregate_sales manual__2025-03-29T05:23:42.576827+00:00 [queued]>
[2025-03-29T05:23:46.188+0000] {taskinstance.py:2865} INFO - Starting attempt 1 of 2
[2025-03-29T05:23:46.228+0000] {taskinstance.py:2888} INFO - Executing <Task(PythonOperator): forecast_aggregate_sales> on 2025-03-29 05:23:42.576827+00:00
[2025-03-29T05:23:46.237+0000] {standard_task_runner.py:72} INFO - Started process 1317 to run task
[2025-03-29T05:23:46.242+0000] {standard_task_runner.py:104} INFO - Running: ['***', 'tasks', 'run', 'forecast_sales_dag', 'forecast_aggregate_sales', 'manual__2025-03-29T05:23:42.576827+00:00', '--job-id', '241', '--raw', '--subdir', 'DAGS_FOLDER/forecast_etl.py', '--cfg-path', '/tmp/tmp5xln4jk3']
[2025-03-29T05:23:46.245+0000] {standard_task_runner.py:105} INFO - Job 241: Subtask forecast_aggregate_sales
[2025-03-29T05:23:46.333+0000] {task_command.py:467} INFO - Running <TaskInstance: forecast_sales_dag.forecast_aggregate_sales manual__2025-03-29T05:23:42.576827+00:00 [running]> on host 2eb76630dc09
[2025-03-29T05:23:46.471+0000] {taskinstance.py:3131} INFO - Exporting env vars: AIRFLOW_CTX_DAG_OWNER='***' AIRFLOW_CTX_DAG_ID='forecast_sales_dag' AIRFLOW_CTX_TASK_ID='forecast_aggregate_sales' AIRFLOW_CTX_EXECUTION_DATE='2025-03-29T05:23:42.576827+00:00' AIRFLOW_CTX_TRY_NUMBER='1' AIRFLOW_CTX_DAG_RUN_ID='manual__2025-03-29T05:23:42.576827+00:00'
[2025-03-29T05:23:46.473+0000] {logging_mixin.py:190} INFO - Task instance is in running state
[2025-03-29T05:23:46.475+0000] {logging_mixin.py:190} INFO -  Previous state of the Task instance: queued
[2025-03-29T05:23:46.477+0000] {logging_mixin.py:190} INFO - Current task name:forecast_aggregate_sales state:running start_date:2025-03-29 05:23:46.175682+00:00
[2025-03-29T05:23:46.479+0000] {logging_mixin.py:190} INFO - Dag name:forecast_sales_dag and current dag run status:running
[2025-03-29T05:23:46.481+0000] {taskinstance.py:731} INFO - ::endgroup::
[2025-03-29T05:23:46.549+0000] {forecaster.py:961} INFO - Disabling daily seasonality. Run prophet with daily_seasonality=True to override this.
[2025-03-29T05:23:46.583+0000] {filesystem.py:118} DEBUG - input tempfile: /tmp/tmpr6wjho0z/cmfsm92q.json
[2025-03-29T05:23:46.711+0000] {filesystem.py:118} DEBUG - input tempfile: /tmp/tmpr6wjho0z/zftoc50i.json
[2025-03-29T05:23:46.714+0000] {model.py:2042} DEBUG - idx 0
[2025-03-29T05:23:46.715+0000] {model.py:2043} DEBUG - running CmdStan, num_threads: None
[2025-03-29T05:23:46.717+0000] {model.py:2055} DEBUG - CmdStan args: ['/home/***/.local/lib/python3.9/site-packages/prophet/stan_model/prophet_model.bin', 'random', 'seed=80633', 'data', 'file=/tmp/tmpr6wjho0z/cmfsm92q.json', 'init=/tmp/tmpr6wjho0z/zftoc50i.json', 'output', 'file=/tmp/tmpr6wjho0z/prophet_modelc1vge3ft/prophet_model-20250329052346.csv', 'method=optimize', 'algorithm=lbfgs', 'iter=10000']
[2025-03-29T05:23:46.720+0000] {logging_mixin.py:190} WARNING - 05:23:46 - cmdstanpy - INFO - Chain [1] start processing
[2025-03-29T05:23:46.719+0000] {model.py:2058} INFO - Chain [1] start processing
[2025-03-29T05:23:46.807+0000] {logging_mixin.py:190} WARNING - 05:23:46 - cmdstanpy - INFO - Chain [1] done processing
[2025-03-29T05:23:46.806+0000] {model.py:2115} INFO - Chain [1] done processing
[2025-03-29T05:23:47.321+0000] {logging_mixin.py:190} INFO - Aggregate sales forecast completed and results saved.
[2025-03-29T05:23:47.324+0000] {python.py:240} INFO - Done. Returned value was: None
[2025-03-29T05:23:47.336+0000] {taskinstance.py:340} INFO - ::group::Post task execution logs
[2025-03-29T05:23:47.338+0000] {taskinstance.py:352} INFO - Marking task as SUCCESS. dag_id=forecast_sales_dag, task_id=forecast_aggregate_sales, run_id=manual__2025-03-29T05:23:42.576827+00:00, execution_date=20250329T052342, start_date=20250329T052346, end_date=20250329T052347
[2025-03-29T05:23:47.394+0000] {logging_mixin.py:190} INFO - Task instance in success state
[2025-03-29T05:23:47.396+0000] {logging_mixin.py:190} INFO -  Previous state of the Task instance: running
[2025-03-29T05:23:47.398+0000] {logging_mixin.py:190} INFO - Dag name:forecast_sales_dag queued_at:2025-03-29 05:23:42.592733+00:00
[2025-03-29T05:23:47.400+0000] {logging_mixin.py:190} INFO - Task hostname:2eb76630dc09 operator:PythonOperator
[2025-03-29T05:23:47.422+0000] {local_task_job_runner.py:266} INFO - Task exited with return code 0
[2025-03-29T05:23:47.448+0000] {taskinstance.py:3900} INFO - 1 downstream tasks scheduled from follow-on schedule check
[2025-03-29T05:23:47.516+0000] {local_task_job_runner.py:245} INFO - ::endgroup::
