[2025-03-28T14:45:17.236+0000] {local_task_job_runner.py:123} INFO - ::group::Pre task execution logs
[2025-03-28T14:45:17.257+0000] {taskinstance.py:2612} INFO - Dependencies all met for dep_context=non-requeueable deps ti=<TaskInstance: superstore_dag.transform_data manual__2025-03-28T14:45:05.376269+00:00 [queued]>
[2025-03-28T14:45:17.269+0000] {taskinstance.py:2612} INFO - Dependencies all met for dep_context=requeueable deps ti=<TaskInstance: superstore_dag.transform_data manual__2025-03-28T14:45:05.376269+00:00 [queued]>
[2025-03-28T14:45:17.285+0000] {taskinstance.py:2865} INFO - Starting attempt 1 of 2
[2025-03-28T14:45:17.340+0000] {taskinstance.py:2888} INFO - Executing <Task(PythonOperator): transform_data> on 2025-03-28 14:45:05.376269+00:00
[2025-03-28T14:45:17.353+0000] {standard_task_runner.py:72} INFO - Started process 1667 to run task
[2025-03-28T14:45:17.358+0000] {standard_task_runner.py:104} INFO - Running: ['***', 'tasks', 'run', 'superstore_dag', 'transform_data', 'manual__2025-03-28T14:45:05.376269+00:00', '--job-id', '94', '--raw', '--subdir', 'DAGS_FOLDER/superstore_dag.py', '--cfg-path', '/tmp/tmpdf94z6m7']
[2025-03-28T14:45:17.361+0000] {standard_task_runner.py:105} INFO - Job 94: Subtask transform_data
[2025-03-28T14:45:17.531+0000] {task_command.py:467} INFO - Running <TaskInstance: superstore_dag.transform_data manual__2025-03-28T14:45:05.376269+00:00 [running]> on host b7fc87b83960
[2025-03-28T14:45:17.712+0000] {taskinstance.py:3131} INFO - Exporting env vars: AIRFLOW_CTX_DAG_OWNER='***' AIRFLOW_CTX_DAG_ID='superstore_dag' AIRFLOW_CTX_TASK_ID='transform_data' AIRFLOW_CTX_EXECUTION_DATE='2025-03-28T14:45:05.376269+00:00' AIRFLOW_CTX_TRY_NUMBER='1' AIRFLOW_CTX_DAG_RUN_ID='manual__2025-03-28T14:45:05.376269+00:00'
[2025-03-28T14:45:17.716+0000] {logging_mixin.py:190} INFO - Task instance is in running state
[2025-03-28T14:45:17.718+0000] {logging_mixin.py:190} INFO -  Previous state of the Task instance: queued
[2025-03-28T14:45:17.720+0000] {logging_mixin.py:190} INFO - Current task name:transform_data state:running start_date:2025-03-28 14:45:17.259312+00:00
[2025-03-28T14:45:17.722+0000] {logging_mixin.py:190} INFO - Dag name:superstore_dag and current dag run status:running
[2025-03-28T14:45:17.725+0000] {taskinstance.py:731} INFO - ::endgroup::
[2025-03-28T14:45:17.804+0000] {logging_mixin.py:190} INFO - Columns in the DataFrame received for transformation:
[2025-03-28T14:45:17.808+0000] {logging_mixin.py:190} INFO - Index(['Row ID', 'Order ID', 'Order Date', 'Ship Date', 'Ship Mode',
       'Customer ID', 'Customer Name', 'Segment', 'Country', 'City', 'State',
       'Postal Code', 'Region', 'Product ID', 'Category', 'Sub-Category',
       'Product Name', 'Sales', 'Quantity', 'Discount', 'Profit'],
      dtype='object')
[2025-03-28T14:45:17.839+0000] {warnings.py:109} WARNING - /opt/***/dags/superstore_dag.py:137: SettingWithCopyWarning: 
A value is trying to be set on a copy of a slice from a DataFrame.
Try using .loc[row_indexer,col_indexer] = value instead

See the caveats in the documentation: https://pandas.pydata.org/pandas-docs/stable/user_guide/indexing.html#returning-a-view-versus-a-copy
  fact_df['unit_price'] = fact_df['Sales'] / fact_df['Quantity']

[2025-03-28T14:45:17.860+0000] {python.py:240} INFO - Done. Returned value was: (      OrderID_SK  ProductID_SK  CustomerID_SK  ...  Discount    Profit  unit_price
0              1             1              1  ...      0.00   41.9136    130.9800
1              1             2              1  ...      0.00  219.5820    243.9800
2              2             3              2  ...      0.00    6.8714      7.3100
3              3             4              3  ...      0.45 -383.0310    191.5155
4              3             5              3  ...      0.20    2.5164     11.1840
...          ...           ...            ...  ...       ...       ...         ...
4995        2473          1527            450  ...      0.20   18.8732     13.0160
4996        2474          1713            755  ...      0.20    3.6588     48.7840
4997        2474           635            755  ...      0.70  -10.0372      3.2730
4998        2475          1547            338  ...      0.20    8.2194    109.5920
4999        2475          1714            338  ...      0.00   27.7830     11.3400

[5000 rows x 10 columns],            Product ID  ... ProductID_SK
0     FUR-BO-10001798  ...            1
1     FUR-CH-10000454  ...            2
2     OFF-LA-10000240  ...            3
3     FUR-TA-10000577  ...            4
4     OFF-ST-10000760  ...            5
...               ...  ...          ...
1709  TEC-PH-10003356  ...         1710
1710  OFF-AP-10002670  ...         1711
1711  OFF-FA-10003485  ...         1712
1712  OFF-AP-10000390  ...         1713
1713  OFF-PA-10002764  ...         1714

[1714 rows x 5 columns],             Order ID   Ship Date       Ship Mode  OrderID_SK
0     CA-2016-152156  2016-11-11    Second Class           1
1     CA-2016-138688  2016-06-16    Second Class           2
2     US-2015-108966  2015-10-18  Standard Class           3
3     CA-2014-115812  2014-06-14  Standard Class           4
4     CA-2017-114412  2017-04-20  Standard Class           5
...              ...         ...             ...         ...
2470  US-2017-122714  2017-12-13  Standard Class        2471
2471  CA-2015-153038  2015-12-25  Standard Class        2472
2472  CA-2014-132227  2014-11-10  Standard Class        2473
2473  CA-2017-155824  2017-03-15  Standard Class        2474
2474  CA-2016-129238  2016-02-04  Standard Class        2475

[2475 rows x 4 columns],     Customer ID    Customer Name    Segment  CustomerID_SK
0      CG-12520      Claire Gute   Consumer              1
1      DV-13045  Darrin Van Huff  Corporate              2
2      SO-20335   Sean O'Donnell   Consumer              3
3      BH-11710  Brosina Hoffman   Consumer              4
4      AA-10480     Andrew Allen   Consumer              5
..          ...              ...        ...            ...
751    MF-18250   Monica Federle  Corporate            752
752    LW-17125   Liz Willingham   Consumer            753
753    AR-10345     Alex Russell  Corporate            754
754    KS-16300       Karen Seio  Corporate            755
755    AB-10015    Aaron Bergman   Consumer            756

[756 rows x 4 columns],     Postal Code             City  ...   Region LocationID_SK
0         42420        Henderson  ...    South             1
1         90036      Los Angeles  ...     West             2
2         33311  Fort Lauderdale  ...    South             3
3         90032      Los Angeles  ...     West             4
4         28027          Concord  ...    South             5
..          ...              ...  ...      ...           ...
514       32503        Pensacola  ...    South           515
515       77573      League City  ...  Central           516
516       20877     Gaithersburg  ...     East           517
517       84043             Lehi  ...     West           518
518       35401       Tuscaloosa  ...    South           519

[519 rows x 6 columns],      Order Date  DateID_SK  Order Year  Order Month  Order Day
0    2016-11-08          1        2016           11          8
1    2016-06-12          2        2016            6         12
2    2015-10-11          3        2015           10         11
3    2014-06-09          4        2014            6          9
4    2017-04-15          5        2017            4         15
...         ...        ...         ...          ...        ...
1007 2015-03-15       1008        2015            3         15
1008 2017-01-06       1009        2017            1          6
1009 2014-03-07       1010        2014            3          7
1010 2014-09-03       1011        2014            9          3
1011 2016-01-31       1012        2016            1         31

[1012 rows x 5 columns],              ds          y
0    2014-01-04   288.0600
1    2014-01-05    19.5360
2    2014-01-09    40.5440
3    2014-01-10    54.8300
4    2014-01-11     9.9400
...         ...        ...
1007 2017-12-26    47.8820
1008 2017-12-27   177.6360
1009 2017-12-28  1038.5688
1010 2017-12-29   911.6740
1011 2017-12-30   710.7660

[1012 rows x 2 columns])
[2025-03-28T14:45:18.085+0000] {taskinstance.py:340} INFO - ::group::Post task execution logs
[2025-03-28T14:45:18.088+0000] {taskinstance.py:352} INFO - Marking task as SUCCESS. dag_id=superstore_dag, task_id=transform_data, run_id=manual__2025-03-28T14:45:05.376269+00:00, execution_date=20250328T144505, start_date=20250328T144517, end_date=20250328T144518
[2025-03-28T14:45:18.120+0000] {logging_mixin.py:190} INFO - Task instance in success state
[2025-03-28T14:45:18.122+0000] {logging_mixin.py:190} INFO -  Previous state of the Task instance: running
[2025-03-28T14:45:18.124+0000] {logging_mixin.py:190} INFO - Dag name:superstore_dag queued_at:2025-03-28 14:45:05.393152+00:00
[2025-03-28T14:45:18.127+0000] {logging_mixin.py:190} INFO - Task hostname:b7fc87b83960 operator:PythonOperator
[2025-03-28T14:45:18.179+0000] {local_task_job_runner.py:266} INFO - Task exited with return code 0
[2025-03-28T14:45:18.219+0000] {taskinstance.py:3900} INFO - 1 downstream tasks scheduled from follow-on schedule check
[2025-03-28T14:45:18.241+0000] {local_task_job_runner.py:245} INFO - ::endgroup::
