[2025-03-28T17:03:31.151+0000] {local_task_job_runner.py:123} INFO - ::group::Pre task execution logs
[2025-03-28T17:03:31.175+0000] {taskinstance.py:2612} INFO - Dependencies all met for dep_context=non-requeueable deps ti=<TaskInstance: superstore_dag.transform_data manual__2025-03-28T17:03:16.225697+00:00 [queued]>
[2025-03-28T17:03:31.190+0000] {taskinstance.py:2612} INFO - Dependencies all met for dep_context=requeueable deps ti=<TaskInstance: superstore_dag.transform_data manual__2025-03-28T17:03:16.225697+00:00 [queued]>
[2025-03-28T17:03:31.199+0000] {taskinstance.py:2865} INFO - Starting attempt 1 of 2
[2025-03-28T17:03:31.235+0000] {taskinstance.py:2888} INFO - Executing <Task(PythonOperator): transform_data> on 2025-03-28 17:03:16.225697+00:00
[2025-03-28T17:03:31.248+0000] {standard_task_runner.py:72} INFO - Started process 3344 to run task
[2025-03-28T17:03:31.253+0000] {standard_task_runner.py:104} INFO - Running: ['***', 'tasks', 'run', 'superstore_dag', 'transform_data', 'manual__2025-03-28T17:03:16.225697+00:00', '--job-id', '128', '--raw', '--subdir', 'DAGS_FOLDER/superstore_dag.py', '--cfg-path', '/tmp/tmppv95gqvc']
[2025-03-28T17:03:31.257+0000] {standard_task_runner.py:105} INFO - Job 128: Subtask transform_data
[2025-03-28T17:03:31.335+0000] {task_command.py:467} INFO - Running <TaskInstance: superstore_dag.transform_data manual__2025-03-28T17:03:16.225697+00:00 [running]> on host b7fc87b83960
[2025-03-28T17:03:31.471+0000] {taskinstance.py:3131} INFO - Exporting env vars: AIRFLOW_CTX_DAG_OWNER='***' AIRFLOW_CTX_DAG_ID='superstore_dag' AIRFLOW_CTX_TASK_ID='transform_data' AIRFLOW_CTX_EXECUTION_DATE='2025-03-28T17:03:16.225697+00:00' AIRFLOW_CTX_TRY_NUMBER='1' AIRFLOW_CTX_DAG_RUN_ID='manual__2025-03-28T17:03:16.225697+00:00'
[2025-03-28T17:03:31.475+0000] {logging_mixin.py:190} INFO - Task instance is in running state
[2025-03-28T17:03:31.477+0000] {logging_mixin.py:190} INFO -  Previous state of the Task instance: queued
[2025-03-28T17:03:31.479+0000] {logging_mixin.py:190} INFO - Current task name:transform_data state:running start_date:2025-03-28 17:03:31.177435+00:00
[2025-03-28T17:03:31.481+0000] {logging_mixin.py:190} INFO - Dag name:superstore_dag and current dag run status:running
[2025-03-28T17:03:31.483+0000] {taskinstance.py:731} INFO - ::endgroup::
[2025-03-28T17:03:31.563+0000] {logging_mixin.py:190} INFO - Columns in the DataFrame received for transformation:
[2025-03-28T17:03:31.567+0000] {logging_mixin.py:190} INFO - Index(['Row ID', 'Order ID', 'Order Date', 'Ship Date', 'Ship Mode',
       'Customer ID', 'Customer Name', 'Segment', 'Country', 'City', 'State',
       'Postal Code', 'Region', 'Product ID', 'Category', 'Sub-Category',
       'Product Name', 'Sales', 'Quantity', 'Discount', 'Profit'],
      dtype='object')
[2025-03-28T17:03:31.611+0000] {warnings.py:109} WARNING - /opt/***/dags/superstore_dag.py:137: SettingWithCopyWarning: 
A value is trying to be set on a copy of a slice from a DataFrame.
Try using .loc[row_indexer,col_indexer] = value instead

See the caveats in the documentation: https://pandas.pydata.org/pandas-docs/stable/user_guide/indexing.html#returning-a-view-versus-a-copy
  fact_df['unit_price'] = fact_df['Sales'] / fact_df['Quantity']

[2025-03-28T17:03:31.641+0000] {python.py:240} INFO - Done. Returned value was: (      OrderID_SK  ProductID_SK  CustomerID_SK  ...  Discount    Profit  unit_price
0              1             1              1  ...      0.00   41.9136    130.9800
1              1             2              1  ...      0.00  219.5820    243.9800
2              2             3              2  ...      0.00    6.8714      7.3100
3              3             4              3  ...      0.45 -383.0310    191.5155
4              3             5              3  ...      0.20    2.5164     11.1840
...          ...           ...            ...  ...       ...       ...         ...
3995        1979          1266            730  ...      0.00  189.4046    122.9900
3996        1979           349            730  ...      0.00  223.2855    153.9900
3997        1979          1615            730  ...      0.00    4.4940     14.9800
3998        1979          1293            730  ...      0.00   82.0776     62.1800
3999        1980           267            173  ...      0.20    5.7980     46.3840

[4000 rows x 10 columns],            Product ID  ... ProductID_SK
0     FUR-BO-10001798  ...            1
1     FUR-CH-10000454  ...            2
2     OFF-LA-10000240  ...            3
3     FUR-TA-10000577  ...            4
4     OFF-ST-10000760  ...            5
...               ...  ...          ...
1610  OFF-PA-10002606  ...         1611
1611  FUR-FU-10003731  ...         1612
1612  OFF-AP-10001962  ...         1613
1613  FUR-FU-10003798  ...         1614
1614  OFF-AR-10002704  ...         1615

[1615 rows x 5 columns],             Order ID   Ship Date       Ship Mode  OrderID_SK
0     CA-2016-152156  2016-11-11    Second Class           1
1     CA-2016-138688  2016-06-16    Second Class           2
2     US-2015-108966  2015-10-18  Standard Class           3
3     CA-2014-115812  2014-06-14  Standard Class           4
4     CA-2017-114412  2017-04-20  Standard Class           5
...              ...         ...             ...         ...
1975  CA-2014-122588  2014-11-27    Second Class        1976
1976  CA-2014-137589  2014-11-08  Standard Class        1977
1977  CA-2015-161998  2015-05-05  Standard Class        1978
1978  CA-2015-105627  2015-03-12  Standard Class        1979
1979  US-2015-149629  2015-07-20    Second Class        1980

[1980 rows x 4 columns],     Customer ID     Customer Name      Segment  CustomerID_SK
0      CG-12520       Claire Gute     Consumer              1
1      DV-13045   Darrin Van Huff    Corporate              2
2      SO-20335    Sean O'Donnell     Consumer              3
3      BH-11710   Brosina Hoffman     Consumer              4
4      AA-10480      Andrew Allen     Consumer              5
..          ...               ...          ...            ...
725    VT-21700  Valerie Takahito  Home Office            726
726    MG-17695     Maureen Gnade     Consumer            727
727    SP-20920      Susan Pistek     Consumer            728
728    CS-12175   Charles Sheldon    Corporate            729
729    DK-12895       Dana Kaydos     Consumer            730

[730 rows x 4 columns],     Postal Code             City  ...   Region LocationID_SK
0         42420        Henderson  ...    South             1
1         90036      Los Angeles  ...     West             2
2         33311  Fort Lauderdale  ...    South             3
3         90032      Los Angeles  ...     West             4
4         28027          Concord  ...    South             5
..          ...              ...  ...      ...           ...
464       78539         Edinburg  ...  Central           465
465       77520          Baytown  ...  Central           466
466       46142        Greenwood  ...  Central           467
467       90712         Lakewood  ...     West           468
468        2895       Woonsocket  ...     East           469

[469 rows x 6 columns],     Order Date  DateID_SK  Order Year  Order Month  Order Day
0   2016-11-08          1        2016           11          8
1   2016-06-12          2        2016            6         12
2   2015-10-11          3        2015           10         11
3   2014-06-09          4        2014            6          9
4   2017-04-15          5        2017            4         15
..         ...        ...         ...          ...        ...
932 2015-06-01        933        2015            6          1
933 2015-02-22        934        2015            2         22
934 2017-12-15        935        2017           12         15
935 2014-11-03        936        2014           11          3
936 2015-03-08        937        2015            3          8

[937 rows x 5 columns],             ds         y
0   2014-01-04  288.0600
1   2014-01-05   19.5360
2   2014-01-09   40.5440
3   2014-01-10   54.8300
4   2014-01-11    9.9400
..         ...       ...
932 2017-12-26   47.8820
933 2017-12-27  177.6360
934 2017-12-28  973.7848
935 2017-12-29  701.9740
936 2017-12-30  710.7660

[937 rows x 2 columns])
[2025-03-28T17:03:31.843+0000] {taskinstance.py:340} INFO - ::group::Post task execution logs
[2025-03-28T17:03:31.845+0000] {taskinstance.py:352} INFO - Marking task as SUCCESS. dag_id=superstore_dag, task_id=transform_data, run_id=manual__2025-03-28T17:03:16.225697+00:00, execution_date=20250328T170316, start_date=20250328T170331, end_date=20250328T170331
[2025-03-28T17:03:31.877+0000] {logging_mixin.py:190} INFO - Task instance in success state
[2025-03-28T17:03:31.880+0000] {logging_mixin.py:190} INFO -  Previous state of the Task instance: running
[2025-03-28T17:03:31.882+0000] {logging_mixin.py:190} INFO - Dag name:superstore_dag queued_at:2025-03-28 17:03:16.238878+00:00
[2025-03-28T17:03:31.884+0000] {logging_mixin.py:190} INFO - Task hostname:b7fc87b83960 operator:PythonOperator
[2025-03-28T17:03:31.913+0000] {local_task_job_runner.py:266} INFO - Task exited with return code 0
[2025-03-28T17:03:31.956+0000] {taskinstance.py:3900} INFO - 1 downstream tasks scheduled from follow-on schedule check
[2025-03-28T17:03:31.978+0000] {local_task_job_runner.py:245} INFO - ::endgroup::
