[2025-03-31T13:21:31.286+0000] {local_task_job_runner.py:123} INFO - ::group::Pre task execution logs
[2025-03-31T13:21:31.305+0000] {taskinstance.py:2612} INFO - Dependencies all met for dep_context=non-requeueable deps ti=<TaskInstance: forecast_sales_dag.forecast_aggregate_sales manual__2025-03-31T13:21:27.645245+00:00 [queued]>
[2025-03-31T13:21:31.316+0000] {taskinstance.py:2612} INFO - Dependencies all met for dep_context=requeueable deps ti=<TaskInstance: forecast_sales_dag.forecast_aggregate_sales manual__2025-03-31T13:21:27.645245+00:00 [queued]>
[2025-03-31T13:21:31.319+0000] {taskinstance.py:2865} INFO - Starting attempt 1 of 2
[2025-03-31T13:21:31.355+0000] {taskinstance.py:2888} INFO - Executing <Task(PythonOperator): forecast_aggregate_sales> on 2025-03-31 13:21:27.645245+00:00
[2025-03-31T13:21:31.365+0000] {standard_task_runner.py:72} INFO - Started process 4582 to run task
[2025-03-31T13:21:31.370+0000] {standard_task_runner.py:104} INFO - Running: ['***', 'tasks', 'run', 'forecast_sales_dag', 'forecast_aggregate_sales', 'manual__2025-03-31T13:21:27.645245+00:00', '--job-id', '289', '--raw', '--subdir', 'DAGS_FOLDER/forecast_etl.py', '--cfg-path', '/tmp/tmp3k8c20dd']
[2025-03-31T13:21:31.373+0000] {standard_task_runner.py:105} INFO - Job 289: Subtask forecast_aggregate_sales
[2025-03-31T13:21:31.448+0000] {task_command.py:467} INFO - Running <TaskInstance: forecast_sales_dag.forecast_aggregate_sales manual__2025-03-31T13:21:27.645245+00:00 [running]> on host 2eb76630dc09
[2025-03-31T13:21:31.616+0000] {taskinstance.py:3131} INFO - Exporting env vars: AIRFLOW_CTX_DAG_OWNER='***' AIRFLOW_CTX_DAG_ID='forecast_sales_dag' AIRFLOW_CTX_TASK_ID='forecast_aggregate_sales' AIRFLOW_CTX_EXECUTION_DATE='2025-03-31T13:21:27.645245+00:00' AIRFLOW_CTX_TRY_NUMBER='1' AIRFLOW_CTX_DAG_RUN_ID='manual__2025-03-31T13:21:27.645245+00:00'
[2025-03-31T13:21:31.620+0000] {logging_mixin.py:190} INFO - Task instance is in running state
[2025-03-31T13:21:31.622+0000] {logging_mixin.py:190} INFO -  Previous state of the Task instance: queued
[2025-03-31T13:21:31.625+0000] {logging_mixin.py:190} INFO - Current task name:forecast_aggregate_sales state:running start_date:2025-03-31 13:21:31.307628+00:00
[2025-03-31T13:21:31.627+0000] {logging_mixin.py:190} INFO - Dag name:forecast_sales_dag and current dag run status:running
[2025-03-31T13:21:31.631+0000] {taskinstance.py:731} INFO - ::endgroup::
[2025-03-31T13:21:31.707+0000] {forecaster.py:961} INFO - Disabling daily seasonality. Run prophet with daily_seasonality=True to override this.
[2025-03-31T13:21:31.752+0000] {filesystem.py:118} DEBUG - input tempfile: /tmp/tmpfx0e7omc/u64xqwcp.json
[2025-03-31T13:21:31.866+0000] {filesystem.py:118} DEBUG - input tempfile: /tmp/tmpfx0e7omc/fndl1rze.json
[2025-03-31T13:21:31.869+0000] {model.py:2042} DEBUG - idx 0
[2025-03-31T13:21:31.871+0000] {model.py:2043} DEBUG - running CmdStan, num_threads: None
[2025-03-31T13:21:31.873+0000] {model.py:2055} DEBUG - CmdStan args: ['/home/***/.local/lib/python3.9/site-packages/prophet/stan_model/prophet_model.bin', 'random', 'seed=74562', 'data', 'file=/tmp/tmpfx0e7omc/u64xqwcp.json', 'init=/tmp/tmpfx0e7omc/fndl1rze.json', 'output', 'file=/tmp/tmpfx0e7omc/prophet_modelrb7n36dm/prophet_model-20250331132131.csv', 'method=optimize', 'algorithm=lbfgs', 'iter=10000']
[2025-03-31T13:21:31.875+0000] {logging_mixin.py:190} WARNING - 13:21:31 - cmdstanpy - INFO - Chain [1] start processing
[2025-03-31T13:21:31.875+0000] {model.py:2058} INFO - Chain [1] start processing
[2025-03-31T13:21:31.943+0000] {logging_mixin.py:190} WARNING - 13:21:31 - cmdstanpy - INFO - Chain [1] done processing
[2025-03-31T13:21:31.942+0000] {model.py:2115} INFO - Chain [1] done processing
[2025-03-31T13:21:32.457+0000] {logging_mixin.py:190} INFO - Aggregate sales forecast completed and results saved.
[2025-03-31T13:21:32.460+0000] {python.py:240} INFO - Done. Returned value was: None
[2025-03-31T13:21:32.477+0000] {taskinstance.py:340} INFO - ::group::Post task execution logs
[2025-03-31T13:21:32.481+0000] {taskinstance.py:352} INFO - Marking task as SUCCESS. dag_id=forecast_sales_dag, task_id=forecast_aggregate_sales, run_id=manual__2025-03-31T13:21:27.645245+00:00, execution_date=20250331T132127, start_date=20250331T132131, end_date=20250331T132132
[2025-03-31T13:21:32.520+0000] {logging_mixin.py:190} INFO - Task instance in success state
[2025-03-31T13:21:32.523+0000] {logging_mixin.py:190} INFO -  Previous state of the Task instance: running
[2025-03-31T13:21:32.526+0000] {logging_mixin.py:190} INFO - Dag name:forecast_sales_dag queued_at:2025-03-31 13:21:27.661279+00:00
[2025-03-31T13:21:32.528+0000] {logging_mixin.py:190} INFO - Task hostname:2eb76630dc09 operator:PythonOperator
[2025-03-31T13:21:32.584+0000] {local_task_job_runner.py:266} INFO - Task exited with return code 0
[2025-03-31T13:21:32.631+0000] {taskinstance.py:3900} INFO - 1 downstream tasks scheduled from follow-on schedule check
[2025-03-31T13:21:32.655+0000] {local_task_job_runner.py:245} INFO - ::endgroup::
