[2025-03-31T17:09:37.229+0000] {local_task_job_runner.py:123} INFO - ::group::Pre task execution logs
[2025-03-31T17:09:37.255+0000] {taskinstance.py:2612} INFO - Dependencies all met for dep_context=non-requeueable deps ti=<TaskInstance: forecast_sales_dag.forecast_aggregate_sales manual__2025-03-31T17:09:33.353715+00:00 [queued]>
[2025-03-31T17:09:37.272+0000] {taskinstance.py:2612} INFO - Dependencies all met for dep_context=requeueable deps ti=<TaskInstance: forecast_sales_dag.forecast_aggregate_sales manual__2025-03-31T17:09:33.353715+00:00 [queued]>
[2025-03-31T17:09:37.274+0000] {taskinstance.py:2865} INFO - Starting attempt 1 of 2
[2025-03-31T17:09:37.315+0000] {taskinstance.py:2888} INFO - Executing <Task(PythonOperator): forecast_aggregate_sales> on 2025-03-31 17:09:33.353715+00:00
[2025-03-31T17:09:37.325+0000] {standard_task_runner.py:72} INFO - Started process 6578 to run task
[2025-03-31T17:09:37.331+0000] {standard_task_runner.py:104} INFO - Running: ['***', 'tasks', 'run', 'forecast_sales_dag', 'forecast_aggregate_sales', 'manual__2025-03-31T17:09:33.353715+00:00', '--job-id', '333', '--raw', '--subdir', 'DAGS_FOLDER/forecast_etl.py', '--cfg-path', '/tmp/tmp4kymh7je']
[2025-03-31T17:09:37.334+0000] {standard_task_runner.py:105} INFO - Job 333: Subtask forecast_aggregate_sales
[2025-03-31T17:09:37.414+0000] {task_command.py:467} INFO - Running <TaskInstance: forecast_sales_dag.forecast_aggregate_sales manual__2025-03-31T17:09:33.353715+00:00 [running]> on host 2eb76630dc09
[2025-03-31T17:09:37.539+0000] {taskinstance.py:3131} INFO - Exporting env vars: AIRFLOW_CTX_DAG_OWNER='***' AIRFLOW_CTX_DAG_ID='forecast_sales_dag' AIRFLOW_CTX_TASK_ID='forecast_aggregate_sales' AIRFLOW_CTX_EXECUTION_DATE='2025-03-31T17:09:33.353715+00:00' AIRFLOW_CTX_TRY_NUMBER='1' AIRFLOW_CTX_DAG_RUN_ID='manual__2025-03-31T17:09:33.353715+00:00'
[2025-03-31T17:09:37.541+0000] {logging_mixin.py:190} INFO - Task instance is in running state
[2025-03-31T17:09:37.543+0000] {logging_mixin.py:190} INFO -  Previous state of the Task instance: queued
[2025-03-31T17:09:37.545+0000] {logging_mixin.py:190} INFO - Current task name:forecast_aggregate_sales state:running start_date:2025-03-31 17:09:37.257799+00:00
[2025-03-31T17:09:37.547+0000] {logging_mixin.py:190} INFO - Dag name:forecast_sales_dag and current dag run status:running
[2025-03-31T17:09:37.549+0000] {taskinstance.py:731} INFO - ::endgroup::
[2025-03-31T17:09:37.622+0000] {forecaster.py:961} INFO - Disabling daily seasonality. Run prophet with daily_seasonality=True to override this.
[2025-03-31T17:09:37.650+0000] {filesystem.py:118} DEBUG - input tempfile: /tmp/tmpvqmruvcu/x027gk86.json
[2025-03-31T17:09:37.750+0000] {filesystem.py:118} DEBUG - input tempfile: /tmp/tmpvqmruvcu/kvv3i4bf.json
[2025-03-31T17:09:37.754+0000] {model.py:2042} DEBUG - idx 0
[2025-03-31T17:09:37.757+0000] {model.py:2043} DEBUG - running CmdStan, num_threads: None
[2025-03-31T17:09:37.759+0000] {model.py:2055} DEBUG - CmdStan args: ['/home/***/.local/lib/python3.9/site-packages/prophet/stan_model/prophet_model.bin', 'random', 'seed=15979', 'data', 'file=/tmp/tmpvqmruvcu/x027gk86.json', 'init=/tmp/tmpvqmruvcu/kvv3i4bf.json', 'output', 'file=/tmp/tmpvqmruvcu/prophet_modelmyb91kh2/prophet_model-20250331170937.csv', 'method=optimize', 'algorithm=lbfgs', 'iter=10000']
[2025-03-31T17:09:37.762+0000] {logging_mixin.py:190} WARNING - 17:09:37 - cmdstanpy - INFO - Chain [1] start processing
[2025-03-31T17:09:37.762+0000] {model.py:2058} INFO - Chain [1] start processing
[2025-03-31T17:09:37.829+0000] {logging_mixin.py:190} WARNING - 17:09:37 - cmdstanpy - INFO - Chain [1] done processing
[2025-03-31T17:09:37.828+0000] {model.py:2115} INFO - Chain [1] done processing
[2025-03-31T17:09:38.325+0000] {logging_mixin.py:190} INFO - Aggregate sales forecast completed and results saved.
[2025-03-31T17:09:38.328+0000] {python.py:240} INFO - Done. Returned value was: None
[2025-03-31T17:09:38.340+0000] {taskinstance.py:340} INFO - ::group::Post task execution logs
[2025-03-31T17:09:38.343+0000] {taskinstance.py:352} INFO - Marking task as SUCCESS. dag_id=forecast_sales_dag, task_id=forecast_aggregate_sales, run_id=manual__2025-03-31T17:09:33.353715+00:00, execution_date=20250331T170933, start_date=20250331T170937, end_date=20250331T170938
[2025-03-31T17:09:38.376+0000] {logging_mixin.py:190} INFO - Task instance in success state
[2025-03-31T17:09:38.378+0000] {logging_mixin.py:190} INFO -  Previous state of the Task instance: running
[2025-03-31T17:09:38.381+0000] {logging_mixin.py:190} INFO - Dag name:forecast_sales_dag queued_at:2025-03-31 17:09:33.372910+00:00
[2025-03-31T17:09:38.382+0000] {logging_mixin.py:190} INFO - Task hostname:2eb76630dc09 operator:PythonOperator
[2025-03-31T17:09:38.426+0000] {local_task_job_runner.py:266} INFO - Task exited with return code 0
[2025-03-31T17:09:38.452+0000] {taskinstance.py:3900} INFO - 1 downstream tasks scheduled from follow-on schedule check
[2025-03-31T17:09:38.480+0000] {local_task_job_runner.py:245} INFO - ::endgroup::
