[2025-03-31T13:27:49.161+0000] {local_task_job_runner.py:123} INFO - ::group::Pre task execution logs
[2025-03-31T13:27:49.188+0000] {taskinstance.py:2612} INFO - Dependencies all met for dep_context=non-requeueable deps ti=<TaskInstance: forecast_sales_dag.forecast_aggregate_sales manual__2025-03-31T13:27:45.569575+00:00 [queued]>
[2025-03-31T13:27:49.201+0000] {taskinstance.py:2612} INFO - Dependencies all met for dep_context=requeueable deps ti=<TaskInstance: forecast_sales_dag.forecast_aggregate_sales manual__2025-03-31T13:27:45.569575+00:00 [queued]>
[2025-03-31T13:27:49.204+0000] {taskinstance.py:2865} INFO - Starting attempt 1 of 2
[2025-03-31T13:27:49.243+0000] {taskinstance.py:2888} INFO - Executing <Task(PythonOperator): forecast_aggregate_sales> on 2025-03-31 13:27:45.569575+00:00
[2025-03-31T13:27:49.252+0000] {standard_task_runner.py:72} INFO - Started process 4737 to run task
[2025-03-31T13:27:49.256+0000] {standard_task_runner.py:104} INFO - Running: ['***', 'tasks', 'run', 'forecast_sales_dag', 'forecast_aggregate_sales', 'manual__2025-03-31T13:27:45.569575+00:00', '--job-id', '294', '--raw', '--subdir', 'DAGS_FOLDER/forecast_etl.py', '--cfg-path', '/tmp/tmp94gicufb']
[2025-03-31T13:27:49.260+0000] {standard_task_runner.py:105} INFO - Job 294: Subtask forecast_aggregate_sales
[2025-03-31T13:27:49.401+0000] {task_command.py:467} INFO - Running <TaskInstance: forecast_sales_dag.forecast_aggregate_sales manual__2025-03-31T13:27:45.569575+00:00 [running]> on host 2eb76630dc09
[2025-03-31T13:27:49.647+0000] {taskinstance.py:3131} INFO - Exporting env vars: AIRFLOW_CTX_DAG_OWNER='***' AIRFLOW_CTX_DAG_ID='forecast_sales_dag' AIRFLOW_CTX_TASK_ID='forecast_aggregate_sales' AIRFLOW_CTX_EXECUTION_DATE='2025-03-31T13:27:45.569575+00:00' AIRFLOW_CTX_TRY_NUMBER='1' AIRFLOW_CTX_DAG_RUN_ID='manual__2025-03-31T13:27:45.569575+00:00'
[2025-03-31T13:27:49.654+0000] {logging_mixin.py:190} INFO - Task instance is in running state
[2025-03-31T13:27:49.657+0000] {logging_mixin.py:190} INFO -  Previous state of the Task instance: queued
[2025-03-31T13:27:49.662+0000] {logging_mixin.py:190} INFO - Current task name:forecast_aggregate_sales state:running start_date:2025-03-31 13:27:49.190471+00:00
[2025-03-31T13:27:49.666+0000] {logging_mixin.py:190} INFO - Dag name:forecast_sales_dag and current dag run status:running
[2025-03-31T13:27:49.671+0000] {taskinstance.py:731} INFO - ::endgroup::
[2025-03-31T13:27:49.766+0000] {forecaster.py:961} INFO - Disabling daily seasonality. Run prophet with daily_seasonality=True to override this.
[2025-03-31T13:27:49.806+0000] {filesystem.py:118} DEBUG - input tempfile: /tmp/tmpnz22cx4a/rsvo8f0j.json
[2025-03-31T13:27:49.906+0000] {filesystem.py:118} DEBUG - input tempfile: /tmp/tmpnz22cx4a/adsod9l7.json
[2025-03-31T13:27:49.910+0000] {model.py:2042} DEBUG - idx 0
[2025-03-31T13:27:49.913+0000] {model.py:2043} DEBUG - running CmdStan, num_threads: None
[2025-03-31T13:27:49.914+0000] {model.py:2055} DEBUG - CmdStan args: ['/home/***/.local/lib/python3.9/site-packages/prophet/stan_model/prophet_model.bin', 'random', 'seed=57630', 'data', 'file=/tmp/tmpnz22cx4a/rsvo8f0j.json', 'init=/tmp/tmpnz22cx4a/adsod9l7.json', 'output', 'file=/tmp/tmpnz22cx4a/prophet_modelmt392uvv/prophet_model-20250331132749.csv', 'method=optimize', 'algorithm=lbfgs', 'iter=10000']
[2025-03-31T13:27:49.916+0000] {logging_mixin.py:190} WARNING - 13:27:49 - cmdstanpy - INFO - Chain [1] start processing
[2025-03-31T13:27:49.916+0000] {model.py:2058} INFO - Chain [1] start processing
[2025-03-31T13:27:49.979+0000] {logging_mixin.py:190} WARNING - 13:27:49 - cmdstanpy - INFO - Chain [1] done processing
[2025-03-31T13:27:49.979+0000] {model.py:2115} INFO - Chain [1] done processing
[2025-03-31T13:27:50.406+0000] {logging_mixin.py:190} INFO - Aggregate sales forecast completed and results saved.
[2025-03-31T13:27:50.409+0000] {python.py:240} INFO - Done. Returned value was: None
[2025-03-31T13:27:50.422+0000] {taskinstance.py:340} INFO - ::group::Post task execution logs
[2025-03-31T13:27:50.424+0000] {taskinstance.py:352} INFO - Marking task as SUCCESS. dag_id=forecast_sales_dag, task_id=forecast_aggregate_sales, run_id=manual__2025-03-31T13:27:45.569575+00:00, execution_date=20250331T132745, start_date=20250331T132749, end_date=20250331T132750
[2025-03-31T13:27:50.459+0000] {logging_mixin.py:190} INFO - Task instance in success state
[2025-03-31T13:27:50.462+0000] {logging_mixin.py:190} INFO -  Previous state of the Task instance: running
[2025-03-31T13:27:50.463+0000] {logging_mixin.py:190} INFO - Dag name:forecast_sales_dag queued_at:2025-03-31 13:27:45.583570+00:00
[2025-03-31T13:27:50.465+0000] {logging_mixin.py:190} INFO - Task hostname:2eb76630dc09 operator:PythonOperator
[2025-03-31T13:27:50.517+0000] {local_task_job_runner.py:266} INFO - Task exited with return code 0
[2025-03-31T13:27:50.542+0000] {taskinstance.py:3900} INFO - 1 downstream tasks scheduled from follow-on schedule check
[2025-03-31T13:27:50.564+0000] {local_task_job_runner.py:245} INFO - ::endgroup::
