[2025-03-31T13:32:01.131+0000] {local_task_job_runner.py:123} INFO - ::group::Pre task execution logs
[2025-03-31T13:32:01.160+0000] {taskinstance.py:2612} INFO - Dependencies all met for dep_context=non-requeueable deps ti=<TaskInstance: forecast_sales_dag.forecast_aggregate_sales manual__2025-03-31T13:31:57.507211+00:00 [queued]>
[2025-03-31T13:32:01.178+0000] {taskinstance.py:2612} INFO - Dependencies all met for dep_context=requeueable deps ti=<TaskInstance: forecast_sales_dag.forecast_aggregate_sales manual__2025-03-31T13:31:57.507211+00:00 [queued]>
[2025-03-31T13:32:01.181+0000] {taskinstance.py:2865} INFO - Starting attempt 1 of 2
[2025-03-31T13:32:01.218+0000] {taskinstance.py:2888} INFO - Executing <Task(PythonOperator): forecast_aggregate_sales> on 2025-03-31 13:31:57.507211+00:00
[2025-03-31T13:32:01.227+0000] {standard_task_runner.py:72} INFO - Started process 4857 to run task
[2025-03-31T13:32:01.232+0000] {standard_task_runner.py:104} INFO - Running: ['***', 'tasks', 'run', 'forecast_sales_dag', 'forecast_aggregate_sales', 'manual__2025-03-31T13:31:57.507211+00:00', '--job-id', '299', '--raw', '--subdir', 'DAGS_FOLDER/forecast_etl.py', '--cfg-path', '/tmp/tmpbykax4xn']
[2025-03-31T13:32:01.235+0000] {standard_task_runner.py:105} INFO - Job 299: Subtask forecast_aggregate_sales
[2025-03-31T13:32:01.316+0000] {task_command.py:467} INFO - Running <TaskInstance: forecast_sales_dag.forecast_aggregate_sales manual__2025-03-31T13:31:57.507211+00:00 [running]> on host 2eb76630dc09
[2025-03-31T13:32:01.492+0000] {taskinstance.py:3131} INFO - Exporting env vars: AIRFLOW_CTX_DAG_OWNER='***' AIRFLOW_CTX_DAG_ID='forecast_sales_dag' AIRFLOW_CTX_TASK_ID='forecast_aggregate_sales' AIRFLOW_CTX_EXECUTION_DATE='2025-03-31T13:31:57.507211+00:00' AIRFLOW_CTX_TRY_NUMBER='1' AIRFLOW_CTX_DAG_RUN_ID='manual__2025-03-31T13:31:57.507211+00:00'
[2025-03-31T13:32:01.494+0000] {logging_mixin.py:190} INFO - Task instance is in running state
[2025-03-31T13:32:01.496+0000] {logging_mixin.py:190} INFO -  Previous state of the Task instance: queued
[2025-03-31T13:32:01.498+0000] {logging_mixin.py:190} INFO - Current task name:forecast_aggregate_sales state:running start_date:2025-03-31 13:32:01.163308+00:00
[2025-03-31T13:32:01.500+0000] {logging_mixin.py:190} INFO - Dag name:forecast_sales_dag and current dag run status:running
[2025-03-31T13:32:01.503+0000] {taskinstance.py:731} INFO - ::endgroup::
[2025-03-31T13:32:01.563+0000] {forecaster.py:961} INFO - Disabling daily seasonality. Run prophet with daily_seasonality=True to override this.
[2025-03-31T13:32:01.590+0000] {filesystem.py:118} DEBUG - input tempfile: /tmp/tmpua12ud1t/oqxy_w33.json
[2025-03-31T13:32:01.694+0000] {filesystem.py:118} DEBUG - input tempfile: /tmp/tmpua12ud1t/j5rstucp.json
[2025-03-31T13:32:01.697+0000] {model.py:2042} DEBUG - idx 0
[2025-03-31T13:32:01.699+0000] {model.py:2043} DEBUG - running CmdStan, num_threads: None
[2025-03-31T13:32:01.701+0000] {model.py:2055} DEBUG - CmdStan args: ['/home/***/.local/lib/python3.9/site-packages/prophet/stan_model/prophet_model.bin', 'random', 'seed=41739', 'data', 'file=/tmp/tmpua12ud1t/oqxy_w33.json', 'init=/tmp/tmpua12ud1t/j5rstucp.json', 'output', 'file=/tmp/tmpua12ud1t/prophet_modelnj1rdoxd/prophet_model-20250331133201.csv', 'method=optimize', 'algorithm=lbfgs', 'iter=10000']
[2025-03-31T13:32:01.703+0000] {logging_mixin.py:190} WARNING - 13:32:01 - cmdstanpy - INFO - Chain [1] start processing
[2025-03-31T13:32:01.703+0000] {model.py:2058} INFO - Chain [1] start processing
[2025-03-31T13:32:01.772+0000] {logging_mixin.py:190} WARNING - 13:32:01 - cmdstanpy - INFO - Chain [1] done processing
[2025-03-31T13:32:01.771+0000] {model.py:2115} INFO - Chain [1] done processing
[2025-03-31T13:32:02.273+0000] {logging_mixin.py:190} INFO - Aggregate sales forecast completed and results saved.
[2025-03-31T13:32:02.275+0000] {python.py:240} INFO - Done. Returned value was: None
[2025-03-31T13:32:02.287+0000] {taskinstance.py:340} INFO - ::group::Post task execution logs
[2025-03-31T13:32:02.290+0000] {taskinstance.py:352} INFO - Marking task as SUCCESS. dag_id=forecast_sales_dag, task_id=forecast_aggregate_sales, run_id=manual__2025-03-31T13:31:57.507211+00:00, execution_date=20250331T133157, start_date=20250331T133201, end_date=20250331T133202
[2025-03-31T13:32:02.325+0000] {logging_mixin.py:190} INFO - Task instance in success state
[2025-03-31T13:32:02.328+0000] {logging_mixin.py:190} INFO -  Previous state of the Task instance: running
[2025-03-31T13:32:02.330+0000] {logging_mixin.py:190} INFO - Dag name:forecast_sales_dag queued_at:2025-03-31 13:31:57.519125+00:00
[2025-03-31T13:32:02.333+0000] {logging_mixin.py:190} INFO - Task hostname:2eb76630dc09 operator:PythonOperator
[2025-03-31T13:32:02.368+0000] {local_task_job_runner.py:266} INFO - Task exited with return code 0
[2025-03-31T13:32:02.396+0000] {taskinstance.py:3900} INFO - 1 downstream tasks scheduled from follow-on schedule check
[2025-03-31T13:32:02.418+0000] {local_task_job_runner.py:245} INFO - ::endgroup::
