[2025-03-28T17:03:40.148+0000] {local_task_job_runner.py:123} INFO - ::group::Pre task execution logs
[2025-03-28T17:03:40.167+0000] {taskinstance.py:2612} INFO - Dependencies all met for dep_context=non-requeueable deps ti=<TaskInstance: superstore_dag.forecast_aggregate_sales manual__2025-03-28T17:03:16.225697+00:00 [queued]>
[2025-03-28T17:03:40.179+0000] {taskinstance.py:2612} INFO - Dependencies all met for dep_context=requeueable deps ti=<TaskInstance: superstore_dag.forecast_aggregate_sales manual__2025-03-28T17:03:16.225697+00:00 [queued]>
[2025-03-28T17:03:40.191+0000] {taskinstance.py:2865} INFO - Starting attempt 1 of 2
[2025-03-28T17:03:40.247+0000] {taskinstance.py:2888} INFO - Executing <Task(PythonOperator): forecast_aggregate_sales> on 2025-03-28 17:03:16.225697+00:00
[2025-03-28T17:03:40.272+0000] {standard_task_runner.py:72} INFO - Started process 3396 to run task
[2025-03-28T17:03:40.282+0000] {standard_task_runner.py:104} INFO - Running: ['***', 'tasks', 'run', 'superstore_dag', 'forecast_aggregate_sales', 'manual__2025-03-28T17:03:16.225697+00:00', '--job-id', '130', '--raw', '--subdir', 'DAGS_FOLDER/superstore_dag.py', '--cfg-path', '/tmp/tmp5uh5u4wt']
[2025-03-28T17:03:40.290+0000] {standard_task_runner.py:105} INFO - Job 130: Subtask forecast_aggregate_sales
[2025-03-28T17:03:40.413+0000] {task_command.py:467} INFO - Running <TaskInstance: superstore_dag.forecast_aggregate_sales manual__2025-03-28T17:03:16.225697+00:00 [running]> on host b7fc87b83960
[2025-03-28T17:03:40.569+0000] {taskinstance.py:3131} INFO - Exporting env vars: AIRFLOW_CTX_DAG_OWNER='***' AIRFLOW_CTX_DAG_ID='superstore_dag' AIRFLOW_CTX_TASK_ID='forecast_aggregate_sales' AIRFLOW_CTX_EXECUTION_DATE='2025-03-28T17:03:16.225697+00:00' AIRFLOW_CTX_TRY_NUMBER='1' AIRFLOW_CTX_DAG_RUN_ID='manual__2025-03-28T17:03:16.225697+00:00'
[2025-03-28T17:03:40.573+0000] {logging_mixin.py:190} INFO - Task instance is in running state
[2025-03-28T17:03:40.575+0000] {logging_mixin.py:190} INFO -  Previous state of the Task instance: queued
[2025-03-28T17:03:40.577+0000] {logging_mixin.py:190} INFO - Current task name:forecast_aggregate_sales state:running start_date:2025-03-28 17:03:40.169314+00:00
[2025-03-28T17:03:40.579+0000] {logging_mixin.py:190} INFO - Dag name:superstore_dag and current dag run status:running
[2025-03-28T17:03:40.581+0000] {taskinstance.py:731} INFO - ::endgroup::
[2025-03-28T17:03:40.650+0000] {forecaster.py:961} INFO - Disabling daily seasonality. Run prophet with daily_seasonality=True to override this.
[2025-03-28T17:03:40.679+0000] {filesystem.py:118} DEBUG - input tempfile: /tmp/tmpy2wuwy3i/44i6dn2q.json
[2025-03-28T17:03:40.799+0000] {filesystem.py:118} DEBUG - input tempfile: /tmp/tmpy2wuwy3i/3_ew639g.json
[2025-03-28T17:03:40.803+0000] {model.py:2042} DEBUG - idx 0
[2025-03-28T17:03:40.806+0000] {model.py:2043} DEBUG - running CmdStan, num_threads: None
[2025-03-28T17:03:40.809+0000] {model.py:2055} DEBUG - CmdStan args: ['/home/***/.local/lib/python3.9/site-packages/prophet/stan_model/prophet_model.bin', 'random', 'seed=13140', 'data', 'file=/tmp/tmpy2wuwy3i/44i6dn2q.json', 'init=/tmp/tmpy2wuwy3i/3_ew639g.json', 'output', 'file=/tmp/tmpy2wuwy3i/prophet_modely0o9n4_q/prophet_model-20250328170340.csv', 'method=optimize', 'algorithm=lbfgs', 'iter=10000']
[2025-03-28T17:03:40.811+0000] {logging_mixin.py:190} WARNING - 17:03:40 - cmdstanpy - INFO - Chain [1] start processing
[2025-03-28T17:03:40.811+0000] {model.py:2058} INFO - Chain [1] start processing
[2025-03-28T17:03:40.890+0000] {logging_mixin.py:190} WARNING - 17:03:40 - cmdstanpy - INFO - Chain [1] done processing
[2025-03-28T17:03:40.890+0000] {model.py:2115} INFO - Chain [1] done processing
[2025-03-28T17:03:41.397+0000] {logging_mixin.py:190} INFO - Aggregate sales forecast completed and results saved.
[2025-03-28T17:03:41.400+0000] {python.py:240} INFO - Done. Returned value was: None
[2025-03-28T17:03:41.414+0000] {taskinstance.py:340} INFO - ::group::Post task execution logs
[2025-03-28T17:03:41.416+0000] {taskinstance.py:352} INFO - Marking task as SUCCESS. dag_id=superstore_dag, task_id=forecast_aggregate_sales, run_id=manual__2025-03-28T17:03:16.225697+00:00, execution_date=20250328T170316, start_date=20250328T170340, end_date=20250328T170341
[2025-03-28T17:03:41.468+0000] {logging_mixin.py:190} INFO - Task instance in success state
[2025-03-28T17:03:41.471+0000] {logging_mixin.py:190} INFO -  Previous state of the Task instance: running
[2025-03-28T17:03:41.474+0000] {logging_mixin.py:190} INFO - Dag name:superstore_dag queued_at:2025-03-28 17:03:16.238878+00:00
[2025-03-28T17:03:41.476+0000] {logging_mixin.py:190} INFO - Task hostname:b7fc87b83960 operator:PythonOperator
[2025-03-28T17:03:41.514+0000] {local_task_job_runner.py:266} INFO - Task exited with return code 0
[2025-03-28T17:03:41.549+0000] {taskinstance.py:3900} INFO - 1 downstream tasks scheduled from follow-on schedule check
[2025-03-28T17:03:41.599+0000] {local_task_job_runner.py:245} INFO - ::endgroup::
