[2025-03-31T13:24:20.106+0000] {local_task_job_runner.py:123} INFO - ::group::Pre task execution logs
[2025-03-31T13:24:20.132+0000] {taskinstance.py:2612} INFO - Dependencies all met for dep_context=non-requeueable deps ti=<TaskInstance: forecast_sales_dag.forecast_aggregate_sales manual__2025-03-31T13:24:16.685769+00:00 [queued]>
[2025-03-31T13:24:20.143+0000] {taskinstance.py:2612} INFO - Dependencies all met for dep_context=requeueable deps ti=<TaskInstance: forecast_sales_dag.forecast_aggregate_sales manual__2025-03-31T13:24:16.685769+00:00 [queued]>
[2025-03-31T13:24:20.145+0000] {taskinstance.py:2865} INFO - Starting attempt 1 of 2
[2025-03-31T13:24:20.182+0000] {taskinstance.py:2888} INFO - Executing <Task(PythonOperator): forecast_aggregate_sales> on 2025-03-31 13:24:16.685769+00:00
[2025-03-31T13:24:20.191+0000] {standard_task_runner.py:72} INFO - Started process 4647 to run task
[2025-03-31T13:24:20.196+0000] {standard_task_runner.py:104} INFO - Running: ['***', 'tasks', 'run', 'forecast_sales_dag', 'forecast_aggregate_sales', 'manual__2025-03-31T13:24:16.685769+00:00', '--job-id', '291', '--raw', '--subdir', 'DAGS_FOLDER/forecast_etl.py', '--cfg-path', '/tmp/tmpanlik122']
[2025-03-31T13:24:20.199+0000] {standard_task_runner.py:105} INFO - Job 291: Subtask forecast_aggregate_sales
[2025-03-31T13:24:20.287+0000] {task_command.py:467} INFO - Running <TaskInstance: forecast_sales_dag.forecast_aggregate_sales manual__2025-03-31T13:24:16.685769+00:00 [running]> on host 2eb76630dc09
[2025-03-31T13:24:20.428+0000] {taskinstance.py:3131} INFO - Exporting env vars: AIRFLOW_CTX_DAG_OWNER='***' AIRFLOW_CTX_DAG_ID='forecast_sales_dag' AIRFLOW_CTX_TASK_ID='forecast_aggregate_sales' AIRFLOW_CTX_EXECUTION_DATE='2025-03-31T13:24:16.685769+00:00' AIRFLOW_CTX_TRY_NUMBER='1' AIRFLOW_CTX_DAG_RUN_ID='manual__2025-03-31T13:24:16.685769+00:00'
[2025-03-31T13:24:20.433+0000] {logging_mixin.py:190} INFO - Task instance is in running state
[2025-03-31T13:24:20.437+0000] {logging_mixin.py:190} INFO -  Previous state of the Task instance: queued
[2025-03-31T13:24:20.440+0000] {logging_mixin.py:190} INFO - Current task name:forecast_aggregate_sales state:running start_date:2025-03-31 13:24:20.134365+00:00
[2025-03-31T13:24:20.443+0000] {logging_mixin.py:190} INFO - Dag name:forecast_sales_dag and current dag run status:running
[2025-03-31T13:24:20.446+0000] {taskinstance.py:731} INFO - ::endgroup::
[2025-03-31T13:24:20.556+0000] {forecaster.py:961} INFO - Disabling daily seasonality. Run prophet with daily_seasonality=True to override this.
[2025-03-31T13:24:20.591+0000] {filesystem.py:118} DEBUG - input tempfile: /tmp/tmpy6_5r4v4/cqzsdpsx.json
[2025-03-31T13:24:20.707+0000] {filesystem.py:118} DEBUG - input tempfile: /tmp/tmpy6_5r4v4/998u7yzj.json
[2025-03-31T13:24:20.712+0000] {model.py:2042} DEBUG - idx 0
[2025-03-31T13:24:20.714+0000] {model.py:2043} DEBUG - running CmdStan, num_threads: None
[2025-03-31T13:24:20.717+0000] {model.py:2055} DEBUG - CmdStan args: ['/home/***/.local/lib/python3.9/site-packages/prophet/stan_model/prophet_model.bin', 'random', 'seed=82328', 'data', 'file=/tmp/tmpy6_5r4v4/cqzsdpsx.json', 'init=/tmp/tmpy6_5r4v4/998u7yzj.json', 'output', 'file=/tmp/tmpy6_5r4v4/prophet_modeljv1n1qs7/prophet_model-20250331132420.csv', 'method=optimize', 'algorithm=lbfgs', 'iter=10000']
[2025-03-31T13:24:20.720+0000] {logging_mixin.py:190} WARNING - 13:24:20 - cmdstanpy - INFO - Chain [1] start processing
[2025-03-31T13:24:20.720+0000] {model.py:2058} INFO - Chain [1] start processing
[2025-03-31T13:24:20.801+0000] {logging_mixin.py:190} WARNING - 13:24:20 - cmdstanpy - INFO - Chain [1] done processing
[2025-03-31T13:24:20.800+0000] {model.py:2115} INFO - Chain [1] done processing
[2025-03-31T13:24:21.255+0000] {logging_mixin.py:190} INFO - Aggregate sales forecast completed and results saved.
[2025-03-31T13:24:21.257+0000] {python.py:240} INFO - Done. Returned value was: None
[2025-03-31T13:24:21.268+0000] {taskinstance.py:340} INFO - ::group::Post task execution logs
[2025-03-31T13:24:21.271+0000] {taskinstance.py:352} INFO - Marking task as SUCCESS. dag_id=forecast_sales_dag, task_id=forecast_aggregate_sales, run_id=manual__2025-03-31T13:24:16.685769+00:00, execution_date=20250331T132416, start_date=20250331T132420, end_date=20250331T132421
[2025-03-31T13:24:21.302+0000] {logging_mixin.py:190} INFO - Task instance in success state
[2025-03-31T13:24:21.305+0000] {logging_mixin.py:190} INFO -  Previous state of the Task instance: running
[2025-03-31T13:24:21.306+0000] {logging_mixin.py:190} INFO - Dag name:forecast_sales_dag queued_at:2025-03-31 13:24:16.699473+00:00
[2025-03-31T13:24:21.308+0000] {logging_mixin.py:190} INFO - Task hostname:2eb76630dc09 operator:PythonOperator
[2025-03-31T13:24:21.329+0000] {local_task_job_runner.py:266} INFO - Task exited with return code 0
[2025-03-31T13:24:21.357+0000] {taskinstance.py:3900} INFO - 1 downstream tasks scheduled from follow-on schedule check
[2025-03-31T13:24:21.381+0000] {local_task_job_runner.py:245} INFO - ::endgroup::
