[2025-03-29T05:55:19.080+0000] {local_task_job_runner.py:123} INFO - ::group::Pre task execution logs
[2025-03-29T05:55:19.102+0000] {taskinstance.py:2612} INFO - Dependencies all met for dep_context=non-requeueable deps ti=<TaskInstance: forecast_sales_dag.forecast_aggregate_sales manual__2025-03-29T05:55:15.309809+00:00 [queued]>
[2025-03-29T05:55:19.114+0000] {taskinstance.py:2612} INFO - Dependencies all met for dep_context=requeueable deps ti=<TaskInstance: forecast_sales_dag.forecast_aggregate_sales manual__2025-03-29T05:55:15.309809+00:00 [queued]>
[2025-03-29T05:55:19.116+0000] {taskinstance.py:2865} INFO - Starting attempt 1 of 2
[2025-03-29T05:55:19.184+0000] {taskinstance.py:2888} INFO - Executing <Task(PythonOperator): forecast_aggregate_sales> on 2025-03-29 05:55:15.309809+00:00
[2025-03-29T05:55:19.193+0000] {standard_task_runner.py:72} INFO - Started process 1874 to run task
[2025-03-29T05:55:19.198+0000] {standard_task_runner.py:104} INFO - Running: ['***', 'tasks', 'run', 'forecast_sales_dag', 'forecast_aggregate_sales', 'manual__2025-03-29T05:55:15.309809+00:00', '--job-id', '253', '--raw', '--subdir', 'DAGS_FOLDER/forecast_etl.py', '--cfg-path', '/tmp/tmp0u7qexq2']
[2025-03-29T05:55:19.201+0000] {standard_task_runner.py:105} INFO - Job 253: Subtask forecast_aggregate_sales
[2025-03-29T05:55:19.272+0000] {task_command.py:467} INFO - Running <TaskInstance: forecast_sales_dag.forecast_aggregate_sales manual__2025-03-29T05:55:15.309809+00:00 [running]> on host 2eb76630dc09
[2025-03-29T05:55:19.402+0000] {taskinstance.py:3131} INFO - Exporting env vars: AIRFLOW_CTX_DAG_OWNER='***' AIRFLOW_CTX_DAG_ID='forecast_sales_dag' AIRFLOW_CTX_TASK_ID='forecast_aggregate_sales' AIRFLOW_CTX_EXECUTION_DATE='2025-03-29T05:55:15.309809+00:00' AIRFLOW_CTX_TRY_NUMBER='1' AIRFLOW_CTX_DAG_RUN_ID='manual__2025-03-29T05:55:15.309809+00:00'
[2025-03-29T05:55:19.405+0000] {logging_mixin.py:190} INFO - Task instance is in running state
[2025-03-29T05:55:19.408+0000] {logging_mixin.py:190} INFO -  Previous state of the Task instance: queued
[2025-03-29T05:55:19.409+0000] {logging_mixin.py:190} INFO - Current task name:forecast_aggregate_sales state:running start_date:2025-03-29 05:55:19.104380+00:00
[2025-03-29T05:55:19.412+0000] {logging_mixin.py:190} INFO - Dag name:forecast_sales_dag and current dag run status:running
[2025-03-29T05:55:19.414+0000] {taskinstance.py:731} INFO - ::endgroup::
[2025-03-29T05:55:19.471+0000] {forecaster.py:961} INFO - Disabling daily seasonality. Run prophet with daily_seasonality=True to override this.
[2025-03-29T05:55:19.496+0000] {filesystem.py:118} DEBUG - input tempfile: /tmp/tmpmp_xjvgr/9becfqi4.json
[2025-03-29T05:55:19.597+0000] {filesystem.py:118} DEBUG - input tempfile: /tmp/tmpmp_xjvgr/pabsbpko.json
[2025-03-29T05:55:19.600+0000] {model.py:2042} DEBUG - idx 0
[2025-03-29T05:55:19.603+0000] {model.py:2043} DEBUG - running CmdStan, num_threads: None
[2025-03-29T05:55:19.604+0000] {model.py:2055} DEBUG - CmdStan args: ['/home/***/.local/lib/python3.9/site-packages/prophet/stan_model/prophet_model.bin', 'random', 'seed=53623', 'data', 'file=/tmp/tmpmp_xjvgr/9becfqi4.json', 'init=/tmp/tmpmp_xjvgr/pabsbpko.json', 'output', 'file=/tmp/tmpmp_xjvgr/prophet_modelrm7ygc5q/prophet_model-20250329055519.csv', 'method=optimize', 'algorithm=lbfgs', 'iter=10000']
[2025-03-29T05:55:19.606+0000] {logging_mixin.py:190} WARNING - 05:55:19 - cmdstanpy - INFO - Chain [1] start processing
[2025-03-29T05:55:19.606+0000] {model.py:2058} INFO - Chain [1] start processing
[2025-03-29T05:55:19.670+0000] {logging_mixin.py:190} WARNING - 05:55:19 - cmdstanpy - INFO - Chain [1] done processing
[2025-03-29T05:55:19.669+0000] {model.py:2115} INFO - Chain [1] done processing
[2025-03-29T05:55:20.152+0000] {logging_mixin.py:190} INFO - Aggregate sales forecast completed and results saved.
[2025-03-29T05:55:20.155+0000] {python.py:240} INFO - Done. Returned value was: None
[2025-03-29T05:55:20.168+0000] {taskinstance.py:340} INFO - ::group::Post task execution logs
[2025-03-29T05:55:20.170+0000] {taskinstance.py:352} INFO - Marking task as SUCCESS. dag_id=forecast_sales_dag, task_id=forecast_aggregate_sales, run_id=manual__2025-03-29T05:55:15.309809+00:00, execution_date=20250329T055515, start_date=20250329T055519, end_date=20250329T055520
[2025-03-29T05:55:20.201+0000] {logging_mixin.py:190} INFO - Task instance in success state
[2025-03-29T05:55:20.204+0000] {logging_mixin.py:190} INFO -  Previous state of the Task instance: running
[2025-03-29T05:55:20.206+0000] {logging_mixin.py:190} INFO - Dag name:forecast_sales_dag queued_at:2025-03-29 05:55:15.326258+00:00
[2025-03-29T05:55:20.208+0000] {logging_mixin.py:190} INFO - Task hostname:2eb76630dc09 operator:PythonOperator
[2025-03-29T05:55:20.257+0000] {local_task_job_runner.py:266} INFO - Task exited with return code 0
[2025-03-29T05:55:20.307+0000] {taskinstance.py:3900} INFO - 1 downstream tasks scheduled from follow-on schedule check
[2025-03-29T05:55:20.334+0000] {local_task_job_runner.py:245} INFO - ::endgroup::
