[2025-03-31T13:47:52.048+0000] {local_task_job_runner.py:123} INFO - ::group::Pre task execution logs
[2025-03-31T13:47:52.069+0000] {taskinstance.py:2612} INFO - Dependencies all met for dep_context=non-requeueable deps ti=<TaskInstance: forecast_sales_dag.forecast_aggregate_sales manual__2025-03-31T13:47:48.117842+00:00 [queued]>
[2025-03-31T13:47:52.081+0000] {taskinstance.py:2612} INFO - Dependencies all met for dep_context=requeueable deps ti=<TaskInstance: forecast_sales_dag.forecast_aggregate_sales manual__2025-03-31T13:47:48.117842+00:00 [queued]>
[2025-03-31T13:47:52.085+0000] {taskinstance.py:2865} INFO - Starting attempt 1 of 2
[2025-03-31T13:47:52.123+0000] {taskinstance.py:2888} INFO - Executing <Task(PythonOperator): forecast_aggregate_sales> on 2025-03-31 13:47:48.117842+00:00
[2025-03-31T13:47:52.133+0000] {standard_task_runner.py:72} INFO - Started process 5255 to run task
[2025-03-31T13:47:52.138+0000] {standard_task_runner.py:104} INFO - Running: ['***', 'tasks', 'run', 'forecast_sales_dag', 'forecast_aggregate_sales', 'manual__2025-03-31T13:47:48.117842+00:00', '--job-id', '313', '--raw', '--subdir', 'DAGS_FOLDER/forecast_etl.py', '--cfg-path', '/tmp/tmp84vgs3tl']
[2025-03-31T13:47:52.142+0000] {standard_task_runner.py:105} INFO - Job 313: Subtask forecast_aggregate_sales
[2025-03-31T13:47:52.218+0000] {task_command.py:467} INFO - Running <TaskInstance: forecast_sales_dag.forecast_aggregate_sales manual__2025-03-31T13:47:48.117842+00:00 [running]> on host 2eb76630dc09
[2025-03-31T13:47:52.363+0000] {taskinstance.py:3131} INFO - Exporting env vars: AIRFLOW_CTX_DAG_OWNER='***' AIRFLOW_CTX_DAG_ID='forecast_sales_dag' AIRFLOW_CTX_TASK_ID='forecast_aggregate_sales' AIRFLOW_CTX_EXECUTION_DATE='2025-03-31T13:47:48.117842+00:00' AIRFLOW_CTX_TRY_NUMBER='1' AIRFLOW_CTX_DAG_RUN_ID='manual__2025-03-31T13:47:48.117842+00:00'
[2025-03-31T13:47:52.366+0000] {logging_mixin.py:190} INFO - Task instance is in running state
[2025-03-31T13:47:52.369+0000] {logging_mixin.py:190} INFO -  Previous state of the Task instance: queued
[2025-03-31T13:47:52.371+0000] {logging_mixin.py:190} INFO - Current task name:forecast_aggregate_sales state:running start_date:2025-03-31 13:47:52.071877+00:00
[2025-03-31T13:47:52.374+0000] {logging_mixin.py:190} INFO - Dag name:forecast_sales_dag and current dag run status:running
[2025-03-31T13:47:52.376+0000] {taskinstance.py:731} INFO - ::endgroup::
[2025-03-31T13:47:52.455+0000] {forecaster.py:961} INFO - Disabling daily seasonality. Run prophet with daily_seasonality=True to override this.
[2025-03-31T13:47:52.487+0000] {filesystem.py:118} DEBUG - input tempfile: /tmp/tmpxbj4njen/892ifvzd.json
[2025-03-31T13:47:52.621+0000] {filesystem.py:118} DEBUG - input tempfile: /tmp/tmpxbj4njen/i2tk61fg.json
[2025-03-31T13:47:52.624+0000] {model.py:2042} DEBUG - idx 0
[2025-03-31T13:47:52.626+0000] {model.py:2043} DEBUG - running CmdStan, num_threads: None
[2025-03-31T13:47:52.630+0000] {model.py:2055} DEBUG - CmdStan args: ['/home/***/.local/lib/python3.9/site-packages/prophet/stan_model/prophet_model.bin', 'random', 'seed=65215', 'data', 'file=/tmp/tmpxbj4njen/892ifvzd.json', 'init=/tmp/tmpxbj4njen/i2tk61fg.json', 'output', 'file=/tmp/tmpxbj4njen/prophet_model9qly3oer/prophet_model-20250331134752.csv', 'method=optimize', 'algorithm=lbfgs', 'iter=10000']
[2025-03-31T13:47:52.632+0000] {logging_mixin.py:190} WARNING - 13:47:52 - cmdstanpy - INFO - Chain [1] start processing
[2025-03-31T13:47:52.632+0000] {model.py:2058} INFO - Chain [1] start processing
[2025-03-31T13:47:52.711+0000] {logging_mixin.py:190} WARNING - 13:47:52 - cmdstanpy - INFO - Chain [1] done processing
[2025-03-31T13:47:52.710+0000] {model.py:2115} INFO - Chain [1] done processing
[2025-03-31T13:47:53.327+0000] {logging_mixin.py:190} INFO - Aggregate sales forecast completed and results saved.
[2025-03-31T13:47:53.330+0000] {python.py:240} INFO - Done. Returned value was: None
[2025-03-31T13:47:53.343+0000] {taskinstance.py:340} INFO - ::group::Post task execution logs
[2025-03-31T13:47:53.345+0000] {taskinstance.py:352} INFO - Marking task as SUCCESS. dag_id=forecast_sales_dag, task_id=forecast_aggregate_sales, run_id=manual__2025-03-31T13:47:48.117842+00:00, execution_date=20250331T134748, start_date=20250331T134752, end_date=20250331T134753
[2025-03-31T13:47:53.400+0000] {logging_mixin.py:190} INFO - Task instance in success state
[2025-03-31T13:47:53.402+0000] {logging_mixin.py:190} INFO -  Previous state of the Task instance: running
[2025-03-31T13:47:53.404+0000] {logging_mixin.py:190} INFO - Dag name:forecast_sales_dag queued_at:2025-03-31 13:47:48.133495+00:00
[2025-03-31T13:47:53.406+0000] {logging_mixin.py:190} INFO - Task hostname:2eb76630dc09 operator:PythonOperator
[2025-03-31T13:47:53.427+0000] {local_task_job_runner.py:266} INFO - Task exited with return code 0
[2025-03-31T13:47:53.452+0000] {taskinstance.py:3900} INFO - 1 downstream tasks scheduled from follow-on schedule check
[2025-03-31T13:47:53.497+0000] {local_task_job_runner.py:245} INFO - ::endgroup::
