[2025-03-28T14:29:32.580+0000] {local_task_job_runner.py:123} INFO - ::group::Pre task execution logs
[2025-03-28T14:29:32.600+0000] {taskinstance.py:2612} INFO - Dependencies all met for dep_context=non-requeueable deps ti=<TaskInstance: superstore_dag.compare_and_save_records manual__2025-03-28T14:29:24.916710+00:00 [queued]>
[2025-03-28T14:29:32.613+0000] {taskinstance.py:2612} INFO - Dependencies all met for dep_context=requeueable deps ti=<TaskInstance: superstore_dag.compare_and_save_records manual__2025-03-28T14:29:24.916710+00:00 [queued]>
[2025-03-28T14:29:32.617+0000] {taskinstance.py:2865} INFO - Starting attempt 1 of 2
[2025-03-28T14:29:32.655+0000] {taskinstance.py:2888} INFO - Executing <Task(PythonOperator): compare_and_save_records> on 2025-03-28 14:29:24.916710+00:00
[2025-03-28T14:29:32.664+0000] {standard_task_runner.py:72} INFO - Started process 1073 to run task
[2025-03-28T14:29:32.668+0000] {standard_task_runner.py:104} INFO - Running: ['***', 'tasks', 'run', 'superstore_dag', 'compare_and_save_records', 'manual__2025-03-28T14:29:24.916710+00:00', '--job-id', '76', '--raw', '--subdir', 'DAGS_FOLDER/superstore_dag.py', '--cfg-path', '/tmp/tmp4x0gl0gj']
[2025-03-28T14:29:32.671+0000] {standard_task_runner.py:105} INFO - Job 76: Subtask compare_and_save_records
[2025-03-28T14:29:32.752+0000] {task_command.py:467} INFO - Running <TaskInstance: superstore_dag.compare_and_save_records manual__2025-03-28T14:29:24.916710+00:00 [running]> on host b7fc87b83960
[2025-03-28T14:29:32.906+0000] {taskinstance.py:3131} INFO - Exporting env vars: AIRFLOW_CTX_DAG_OWNER='***' AIRFLOW_CTX_DAG_ID='superstore_dag' AIRFLOW_CTX_TASK_ID='compare_and_save_records' AIRFLOW_CTX_EXECUTION_DATE='2025-03-28T14:29:24.916710+00:00' AIRFLOW_CTX_TRY_NUMBER='1' AIRFLOW_CTX_DAG_RUN_ID='manual__2025-03-28T14:29:24.916710+00:00'
[2025-03-28T14:29:32.909+0000] {logging_mixin.py:190} INFO - Task instance is in running state
[2025-03-28T14:29:32.912+0000] {logging_mixin.py:190} INFO -  Previous state of the Task instance: queued
[2025-03-28T14:29:32.914+0000] {logging_mixin.py:190} INFO - Current task name:compare_and_save_records state:running start_date:2025-03-28 14:29:32.603535+00:00
[2025-03-28T14:29:32.917+0000] {logging_mixin.py:190} INFO - Dag name:superstore_dag and current dag run status:running
[2025-03-28T14:29:32.919+0000] {taskinstance.py:731} INFO - ::endgroup::
[2025-03-28T14:29:33.204+0000] {logging_mixin.py:190} INFO - Number of new records/rows added: 0
[2025-03-28T14:29:33.207+0000] {logging_mixin.py:190} INFO - Number of old records modified: 0
[2025-03-28T14:29:33.329+0000] {python.py:240} INFO - Done. Returned value was:       Row ID        Order ID  Order Date  ... Quantity Discount    Profit
0          1  CA-2016-152156  2016-11-08  ...        2     0.00   41.9136
1          2  CA-2016-152156  2016-11-08  ...        3     0.00  219.5820
2          3  CA-2016-138688  2016-06-12  ...        2     0.00    6.8714
3          4  US-2015-108966  2015-10-11  ...        5     0.45 -383.0310
4          5  US-2015-108966  2015-10-11  ...        2     0.20    2.5164
...      ...             ...         ...  ...      ...      ...       ...
4995    4996  CA-2014-132227  2014-11-04  ...        4     0.20   18.8732
4996    4997  CA-2017-155824  2017-03-10  ...        1     0.20    3.6588
4997    4998  CA-2017-155824  2017-03-10  ...        4     0.70  -10.0372
4998    4999  CA-2016-129238  2016-01-31  ...        1     0.20    8.2194
4999    5000  CA-2016-129238  2016-01-31  ...        5     0.00   27.7830

[5000 rows x 21 columns]
[2025-03-28T14:29:33.555+0000] {taskinstance.py:340} INFO - ::group::Post task execution logs
[2025-03-28T14:29:33.559+0000] {taskinstance.py:352} INFO - Marking task as SUCCESS. dag_id=superstore_dag, task_id=compare_and_save_records, run_id=manual__2025-03-28T14:29:24.916710+00:00, execution_date=20250328T142924, start_date=20250328T142932, end_date=20250328T142933
[2025-03-28T14:29:33.620+0000] {logging_mixin.py:190} INFO - Task instance in success state
[2025-03-28T14:29:33.625+0000] {logging_mixin.py:190} INFO -  Previous state of the Task instance: running
[2025-03-28T14:29:33.629+0000] {logging_mixin.py:190} INFO - Dag name:superstore_dag queued_at:2025-03-28 14:29:24.928115+00:00
[2025-03-28T14:29:33.633+0000] {logging_mixin.py:190} INFO - Task hostname:b7fc87b83960 operator:PythonOperator
[2025-03-28T14:29:33.690+0000] {local_task_job_runner.py:266} INFO - Task exited with return code 0
[2025-03-28T14:29:33.748+0000] {taskinstance.py:3900} INFO - 1 downstream tasks scheduled from follow-on schedule check
[2025-03-28T14:29:33.782+0000] {local_task_job_runner.py:245} INFO - ::endgroup::
