[2025-03-28T17:14:30.628+0000] {local_task_job_runner.py:123} INFO - ::group::Pre task execution logs
[2025-03-28T17:14:30.646+0000] {taskinstance.py:2612} INFO - Dependencies all met for dep_context=non-requeueable deps ti=<TaskInstance: superstore_dag.write_data_to_csv manual__2025-03-28T17:14:12.845846+00:00 [queued]>
[2025-03-28T17:14:30.657+0000] {taskinstance.py:2612} INFO - Dependencies all met for dep_context=requeueable deps ti=<TaskInstance: superstore_dag.write_data_to_csv manual__2025-03-28T17:14:12.845846+00:00 [queued]>
[2025-03-28T17:14:30.660+0000] {taskinstance.py:2865} INFO - Starting attempt 1 of 2
[2025-03-28T17:14:30.696+0000] {taskinstance.py:2888} INFO - Executing <Task(PythonOperator): write_data_to_csv> on 2025-03-28 17:14:12.845846+00:00
[2025-03-28T17:14:30.707+0000] {standard_task_runner.py:72} INFO - Started process 3650 to run task
[2025-03-28T17:14:30.712+0000] {standard_task_runner.py:104} INFO - Running: ['***', 'tasks', 'run', 'superstore_dag', 'write_data_to_csv', 'manual__2025-03-28T17:14:12.845846+00:00', '--job-id', '136', '--raw', '--subdir', 'DAGS_FOLDER/superstore_dag.py', '--cfg-path', '/tmp/tmpf0lzvze4']
[2025-03-28T17:14:30.715+0000] {standard_task_runner.py:105} INFO - Job 136: Subtask write_data_to_csv
[2025-03-28T17:14:30.799+0000] {task_command.py:467} INFO - Running <TaskInstance: superstore_dag.write_data_to_csv manual__2025-03-28T17:14:12.845846+00:00 [running]> on host b7fc87b83960
[2025-03-28T17:14:30.952+0000] {taskinstance.py:3131} INFO - Exporting env vars: AIRFLOW_CTX_DAG_OWNER='***' AIRFLOW_CTX_DAG_ID='superstore_dag' AIRFLOW_CTX_TASK_ID='write_data_to_csv' AIRFLOW_CTX_EXECUTION_DATE='2025-03-28T17:14:12.845846+00:00' AIRFLOW_CTX_TRY_NUMBER='1' AIRFLOW_CTX_DAG_RUN_ID='manual__2025-03-28T17:14:12.845846+00:00'
[2025-03-28T17:14:30.956+0000] {logging_mixin.py:190} INFO - Task instance is in running state
[2025-03-28T17:14:30.959+0000] {logging_mixin.py:190} INFO -  Previous state of the Task instance: queued
[2025-03-28T17:14:30.961+0000] {logging_mixin.py:190} INFO - Current task name:write_data_to_csv state:running start_date:2025-03-28 17:14:30.648883+00:00
[2025-03-28T17:14:30.963+0000] {logging_mixin.py:190} INFO - Dag name:superstore_dag and current dag run status:running
[2025-03-28T17:14:30.965+0000] {taskinstance.py:731} INFO - ::endgroup::
[2025-03-28T17:14:31.157+0000] {logging_mixin.py:190} INFO - Fact, dimension, and aggregate sales tables saved as CSV in the extract folder.
[2025-03-28T17:14:31.160+0000] {python.py:240} INFO - Done. Returned value was: None
[2025-03-28T17:14:31.172+0000] {taskinstance.py:340} INFO - ::group::Post task execution logs
[2025-03-28T17:14:31.174+0000] {taskinstance.py:352} INFO - Marking task as SUCCESS. dag_id=superstore_dag, task_id=write_data_to_csv, run_id=manual__2025-03-28T17:14:12.845846+00:00, execution_date=20250328T171412, start_date=20250328T171430, end_date=20250328T171431
[2025-03-28T17:14:31.231+0000] {logging_mixin.py:190} INFO - Task instance in success state
[2025-03-28T17:14:31.234+0000] {logging_mixin.py:190} INFO -  Previous state of the Task instance: running
[2025-03-28T17:14:31.236+0000] {logging_mixin.py:190} INFO - Dag name:superstore_dag queued_at:2025-03-28 17:14:12.869702+00:00
[2025-03-28T17:14:31.239+0000] {logging_mixin.py:190} INFO - Task hostname:b7fc87b83960 operator:PythonOperator
[2025-03-28T17:14:31.289+0000] {local_task_job_runner.py:266} INFO - Task exited with return code 0
[2025-03-28T17:14:31.325+0000] {taskinstance.py:3900} INFO - 1 downstream tasks scheduled from follow-on schedule check
[2025-03-28T17:14:31.349+0000] {local_task_job_runner.py:245} INFO - ::endgroup::
