[2025-03-29T06:00:03.012+0000] {local_task_job_runner.py:123} INFO - ::group::Pre task execution logs
[2025-03-29T06:00:03.030+0000] {taskinstance.py:2612} INFO - Dependencies all met for dep_context=non-requeueable deps ti=<TaskInstance: forecast_sales_dag.forecast_aggregate_sales manual__2025-03-29T05:54:56.022481+00:00 [queued]>
[2025-03-29T06:00:03.040+0000] {taskinstance.py:2612} INFO - Dependencies all met for dep_context=requeueable deps ti=<TaskInstance: forecast_sales_dag.forecast_aggregate_sales manual__2025-03-29T05:54:56.022481+00:00 [queued]>
[2025-03-29T06:00:03.042+0000] {taskinstance.py:2865} INFO - Starting attempt 2 of 2
[2025-03-29T06:00:03.076+0000] {taskinstance.py:2888} INFO - Executing <Task(PythonOperator): forecast_aggregate_sales> on 2025-03-29 05:54:56.022481+00:00
[2025-03-29T06:00:03.085+0000] {standard_task_runner.py:72} INFO - Started process 1960 to run task
[2025-03-29T06:00:03.090+0000] {standard_task_runner.py:104} INFO - Running: ['***', 'tasks', 'run', 'forecast_sales_dag', 'forecast_aggregate_sales', 'manual__2025-03-29T05:54:56.022481+00:00', '--job-id', '255', '--raw', '--subdir', 'DAGS_FOLDER/forecast_etl.py', '--cfg-path', '/tmp/tmpf4puz_8k']
[2025-03-29T06:00:03.093+0000] {standard_task_runner.py:105} INFO - Job 255: Subtask forecast_aggregate_sales
[2025-03-29T06:00:03.171+0000] {task_command.py:467} INFO - Running <TaskInstance: forecast_sales_dag.forecast_aggregate_sales manual__2025-03-29T05:54:56.022481+00:00 [running]> on host 2eb76630dc09
[2025-03-29T06:00:03.287+0000] {taskinstance.py:3131} INFO - Exporting env vars: AIRFLOW_CTX_DAG_OWNER='***' AIRFLOW_CTX_DAG_ID='forecast_sales_dag' AIRFLOW_CTX_TASK_ID='forecast_aggregate_sales' AIRFLOW_CTX_EXECUTION_DATE='2025-03-29T05:54:56.022481+00:00' AIRFLOW_CTX_TRY_NUMBER='2' AIRFLOW_CTX_DAG_RUN_ID='manual__2025-03-29T05:54:56.022481+00:00'
[2025-03-29T06:00:03.290+0000] {logging_mixin.py:190} INFO - Task instance is in running state
[2025-03-29T06:00:03.292+0000] {logging_mixin.py:190} INFO -  Previous state of the Task instance: queued
[2025-03-29T06:00:03.294+0000] {logging_mixin.py:190} INFO - Current task name:forecast_aggregate_sales state:running start_date:2025-03-29 06:00:03.031993+00:00
[2025-03-29T06:00:03.295+0000] {logging_mixin.py:190} INFO - Dag name:forecast_sales_dag and current dag run status:running
[2025-03-29T06:00:03.296+0000] {taskinstance.py:731} INFO - ::endgroup::
[2025-03-29T06:00:03.347+0000] {forecaster.py:961} INFO - Disabling daily seasonality. Run prophet with daily_seasonality=True to override this.
[2025-03-29T06:00:03.369+0000] {filesystem.py:118} DEBUG - input tempfile: /tmp/tmp7j4p8ftc/lrbf93ad.json
[2025-03-29T06:00:03.471+0000] {filesystem.py:118} DEBUG - input tempfile: /tmp/tmp7j4p8ftc/qlw580jk.json
[2025-03-29T06:00:03.474+0000] {model.py:2042} DEBUG - idx 0
[2025-03-29T06:00:03.476+0000] {model.py:2043} DEBUG - running CmdStan, num_threads: None
[2025-03-29T06:00:03.478+0000] {model.py:2055} DEBUG - CmdStan args: ['/home/***/.local/lib/python3.9/site-packages/prophet/stan_model/prophet_model.bin', 'random', 'seed=90577', 'data', 'file=/tmp/tmp7j4p8ftc/lrbf93ad.json', 'init=/tmp/tmp7j4p8ftc/qlw580jk.json', 'output', 'file=/tmp/tmp7j4p8ftc/prophet_modelg1mhrp13/prophet_model-20250329060003.csv', 'method=optimize', 'algorithm=lbfgs', 'iter=10000']
[2025-03-29T06:00:03.480+0000] {logging_mixin.py:190} WARNING - 06:00:03 - cmdstanpy - INFO - Chain [1] start processing
[2025-03-29T06:00:03.480+0000] {model.py:2058} INFO - Chain [1] start processing
[2025-03-29T06:00:03.542+0000] {logging_mixin.py:190} WARNING - 06:00:03 - cmdstanpy - INFO - Chain [1] done processing
[2025-03-29T06:00:03.541+0000] {model.py:2115} INFO - Chain [1] done processing
[2025-03-29T06:00:04.042+0000] {logging_mixin.py:190} INFO - Aggregate sales forecast completed and results saved.
[2025-03-29T06:00:04.044+0000] {python.py:240} INFO - Done. Returned value was: None
[2025-03-29T06:00:04.061+0000] {taskinstance.py:340} INFO - ::group::Post task execution logs
[2025-03-29T06:00:04.067+0000] {taskinstance.py:352} INFO - Marking task as SUCCESS. dag_id=forecast_sales_dag, task_id=forecast_aggregate_sales, run_id=manual__2025-03-29T05:54:56.022481+00:00, execution_date=20250329T055456, start_date=20250329T060003, end_date=20250329T060004
[2025-03-29T06:00:04.103+0000] {logging_mixin.py:190} INFO - Task instance in success state
[2025-03-29T06:00:04.109+0000] {logging_mixin.py:190} INFO -  Previous state of the Task instance: running
[2025-03-29T06:00:04.116+0000] {logging_mixin.py:190} INFO - Dag name:forecast_sales_dag queued_at:2025-03-29 05:54:56.034754+00:00
[2025-03-29T06:00:04.120+0000] {logging_mixin.py:190} INFO - Task hostname:2eb76630dc09 operator:PythonOperator
[2025-03-29T06:00:04.149+0000] {local_task_job_runner.py:266} INFO - Task exited with return code 0
[2025-03-29T06:00:04.173+0000] {taskinstance.py:3900} INFO - 1 downstream tasks scheduled from follow-on schedule check
[2025-03-29T06:00:04.212+0000] {local_task_job_runner.py:245} INFO - ::endgroup::
