[2025-03-29T04:36:56.213+0000] {local_task_job_runner.py:123} INFO - ::group::Pre task execution logs
[2025-03-29T04:36:56.232+0000] {taskinstance.py:2612} INFO - Dependencies all met for dep_context=non-requeueable deps ti=<TaskInstance: forecast_sales_dag.forecast_aggregate_sales manual__2025-03-29T04:36:53.094889+00:00 [queued]>
[2025-03-29T04:36:56.245+0000] {taskinstance.py:2612} INFO - Dependencies all met for dep_context=requeueable deps ti=<TaskInstance: forecast_sales_dag.forecast_aggregate_sales manual__2025-03-29T04:36:53.094889+00:00 [queued]>
[2025-03-29T04:36:56.256+0000] {taskinstance.py:2865} INFO - Starting attempt 1 of 2
[2025-03-29T04:36:56.293+0000] {taskinstance.py:2888} INFO - Executing <Task(PythonOperator): forecast_aggregate_sales> on 2025-03-29 04:36:53.094889+00:00
[2025-03-29T04:36:56.308+0000] {standard_task_runner.py:72} INFO - Started process 358 to run task
[2025-03-29T04:36:56.315+0000] {standard_task_runner.py:104} INFO - Running: ['***', 'tasks', 'run', 'forecast_sales_dag', 'forecast_aggregate_sales', 'manual__2025-03-29T04:36:53.094889+00:00', '--job-id', '217', '--raw', '--subdir', 'DAGS_FOLDER/forecast_etl.py', '--cfg-path', '/tmp/tmp3btmqcb9']
[2025-03-29T04:36:56.318+0000] {standard_task_runner.py:105} INFO - Job 217: Subtask forecast_aggregate_sales
[2025-03-29T04:36:56.391+0000] {task_command.py:467} INFO - Running <TaskInstance: forecast_sales_dag.forecast_aggregate_sales manual__2025-03-29T04:36:53.094889+00:00 [running]> on host 2eb76630dc09
[2025-03-29T04:36:56.515+0000] {taskinstance.py:3131} INFO - Exporting env vars: AIRFLOW_CTX_DAG_OWNER='***' AIRFLOW_CTX_DAG_ID='forecast_sales_dag' AIRFLOW_CTX_TASK_ID='forecast_aggregate_sales' AIRFLOW_CTX_EXECUTION_DATE='2025-03-29T04:36:53.094889+00:00' AIRFLOW_CTX_TRY_NUMBER='1' AIRFLOW_CTX_DAG_RUN_ID='manual__2025-03-29T04:36:53.094889+00:00'
[2025-03-29T04:36:56.517+0000] {logging_mixin.py:190} INFO - Task instance is in running state
[2025-03-29T04:36:56.519+0000] {logging_mixin.py:190} INFO -  Previous state of the Task instance: queued
[2025-03-29T04:36:56.522+0000] {logging_mixin.py:190} INFO - Current task name:forecast_aggregate_sales state:running start_date:2025-03-29 04:36:56.235457+00:00
[2025-03-29T04:36:56.524+0000] {logging_mixin.py:190} INFO - Dag name:forecast_sales_dag and current dag run status:running
[2025-03-29T04:36:56.526+0000] {taskinstance.py:731} INFO - ::endgroup::
[2025-03-29T04:36:56.594+0000] {forecaster.py:961} INFO - Disabling daily seasonality. Run prophet with daily_seasonality=True to override this.
[2025-03-29T04:36:56.626+0000] {filesystem.py:118} DEBUG - input tempfile: /tmp/tmpkyc941i1/oqhv9iye.json
[2025-03-29T04:36:56.732+0000] {filesystem.py:118} DEBUG - input tempfile: /tmp/tmpkyc941i1/_jhomzda.json
[2025-03-29T04:36:56.736+0000] {model.py:2042} DEBUG - idx 0
[2025-03-29T04:36:56.738+0000] {model.py:2043} DEBUG - running CmdStan, num_threads: None
[2025-03-29T04:36:56.741+0000] {model.py:2055} DEBUG - CmdStan args: ['/home/***/.local/lib/python3.9/site-packages/prophet/stan_model/prophet_model.bin', 'random', 'seed=26323', 'data', 'file=/tmp/tmpkyc941i1/oqhv9iye.json', 'init=/tmp/tmpkyc941i1/_jhomzda.json', 'output', 'file=/tmp/tmpkyc941i1/prophet_modeliek0dk6w/prophet_model-20250329043656.csv', 'method=optimize', 'algorithm=lbfgs', 'iter=10000']
[2025-03-29T04:36:56.744+0000] {logging_mixin.py:190} WARNING - 04:36:56 - cmdstanpy - INFO - Chain [1] start processing
[2025-03-29T04:36:56.743+0000] {model.py:2058} INFO - Chain [1] start processing
[2025-03-29T04:36:56.806+0000] {logging_mixin.py:190} WARNING - 04:36:56 - cmdstanpy - INFO - Chain [1] done processing
[2025-03-29T04:36:56.806+0000] {model.py:2115} INFO - Chain [1] done processing
[2025-03-29T04:36:57.262+0000] {logging_mixin.py:190} INFO - Aggregate sales forecast completed and results saved.
[2025-03-29T04:36:57.265+0000] {python.py:240} INFO - Done. Returned value was: None
[2025-03-29T04:36:57.276+0000] {taskinstance.py:340} INFO - ::group::Post task execution logs
[2025-03-29T04:36:57.279+0000] {taskinstance.py:352} INFO - Marking task as SUCCESS. dag_id=forecast_sales_dag, task_id=forecast_aggregate_sales, run_id=manual__2025-03-29T04:36:53.094889+00:00, execution_date=20250329T043653, start_date=20250329T043656, end_date=20250329T043657
[2025-03-29T04:36:57.311+0000] {logging_mixin.py:190} INFO - Task instance in success state
[2025-03-29T04:36:57.313+0000] {logging_mixin.py:190} INFO -  Previous state of the Task instance: running
[2025-03-29T04:36:57.316+0000] {logging_mixin.py:190} INFO - Dag name:forecast_sales_dag queued_at:2025-03-29 04:36:53.111230+00:00
[2025-03-29T04:36:57.318+0000] {logging_mixin.py:190} INFO - Task hostname:2eb76630dc09 operator:PythonOperator
[2025-03-29T04:36:57.336+0000] {local_task_job_runner.py:266} INFO - Task exited with return code 0
[2025-03-29T04:36:57.348+0000] {local_task_job_runner.py:245} INFO - ::endgroup::
