[2025-03-28T17:35:04.729+0000] {local_task_job_runner.py:123} INFO - ::group::Pre task execution logs
[2025-03-28T17:35:04.749+0000] {taskinstance.py:2612} INFO - Dependencies all met for dep_context=non-requeueable deps ti=<TaskInstance: superstore_dag.write_data_to_csv manual__2025-03-28T17:34:47.363728+00:00 [queued]>
[2025-03-28T17:35:04.762+0000] {taskinstance.py:2612} INFO - Dependencies all met for dep_context=requeueable deps ti=<TaskInstance: superstore_dag.write_data_to_csv manual__2025-03-28T17:34:47.363728+00:00 [queued]>
[2025-03-28T17:35:04.764+0000] {taskinstance.py:2865} INFO - Starting attempt 1 of 2
[2025-03-28T17:35:04.801+0000] {taskinstance.py:2888} INFO - Executing <Task(PythonOperator): write_data_to_csv> on 2025-03-28 17:34:47.363728+00:00
[2025-03-28T17:35:04.814+0000] {standard_task_runner.py:72} INFO - Started process 4802 to run task
[2025-03-28T17:35:04.819+0000] {standard_task_runner.py:104} INFO - Running: ['***', 'tasks', 'run', 'superstore_dag', 'write_data_to_csv', 'manual__2025-03-28T17:34:47.363728+00:00', '--job-id', '177', '--raw', '--subdir', 'DAGS_FOLDER/superstore_dag.py', '--cfg-path', '/tmp/tmperu1poqr']
[2025-03-28T17:35:04.827+0000] {standard_task_runner.py:105} INFO - Job 177: Subtask write_data_to_csv
[2025-03-28T17:35:04.902+0000] {task_command.py:467} INFO - Running <TaskInstance: superstore_dag.write_data_to_csv manual__2025-03-28T17:34:47.363728+00:00 [running]> on host b7fc87b83960
[2025-03-28T17:35:05.061+0000] {taskinstance.py:3131} INFO - Exporting env vars: AIRFLOW_CTX_DAG_OWNER='***' AIRFLOW_CTX_DAG_ID='superstore_dag' AIRFLOW_CTX_TASK_ID='write_data_to_csv' AIRFLOW_CTX_EXECUTION_DATE='2025-03-28T17:34:47.363728+00:00' AIRFLOW_CTX_TRY_NUMBER='1' AIRFLOW_CTX_DAG_RUN_ID='manual__2025-03-28T17:34:47.363728+00:00'
[2025-03-28T17:35:05.064+0000] {logging_mixin.py:190} INFO - Task instance is in running state
[2025-03-28T17:35:05.066+0000] {logging_mixin.py:190} INFO -  Previous state of the Task instance: queued
[2025-03-28T17:35:05.069+0000] {logging_mixin.py:190} INFO - Current task name:write_data_to_csv state:running start_date:2025-03-28 17:35:04.751581+00:00
[2025-03-28T17:35:05.072+0000] {logging_mixin.py:190} INFO - Dag name:superstore_dag and current dag run status:running
[2025-03-28T17:35:05.075+0000] {taskinstance.py:731} INFO - ::endgroup::
[2025-03-28T17:35:05.282+0000] {logging_mixin.py:190} INFO - Fact, dimension, and aggregate sales tables saved as CSV in the extract folder.
[2025-03-28T17:35:05.284+0000] {python.py:240} INFO - Done. Returned value was: None
[2025-03-28T17:35:05.295+0000] {taskinstance.py:340} INFO - ::group::Post task execution logs
[2025-03-28T17:35:05.297+0000] {taskinstance.py:352} INFO - Marking task as SUCCESS. dag_id=superstore_dag, task_id=write_data_to_csv, run_id=manual__2025-03-28T17:34:47.363728+00:00, execution_date=20250328T173447, start_date=20250328T173504, end_date=20250328T173505
[2025-03-28T17:35:05.327+0000] {logging_mixin.py:190} INFO - Task instance in success state
[2025-03-28T17:35:05.329+0000] {logging_mixin.py:190} INFO -  Previous state of the Task instance: running
[2025-03-28T17:35:05.331+0000] {logging_mixin.py:190} INFO - Dag name:superstore_dag queued_at:2025-03-28 17:34:47.372048+00:00
[2025-03-28T17:35:05.333+0000] {logging_mixin.py:190} INFO - Task hostname:b7fc87b83960 operator:PythonOperator
[2025-03-28T17:35:05.356+0000] {local_task_job_runner.py:266} INFO - Task exited with return code 0
[2025-03-28T17:35:05.371+0000] {local_task_job_runner.py:245} INFO - ::endgroup::
