[2025-03-31T20:38:14.506+0000] {local_task_job_runner.py:123} INFO - ::group::Pre task execution logs
[2025-03-31T20:38:14.527+0000] {taskinstance.py:2612} INFO - Dependencies all met for dep_context=non-requeueable deps ti=<TaskInstance: forecast_sales_dag.forecast_aggregate_sales manual__2025-03-31T20:38:09.840761+00:00 [queued]>
[2025-03-31T20:38:14.544+0000] {taskinstance.py:2612} INFO - Dependencies all met for dep_context=requeueable deps ti=<TaskInstance: forecast_sales_dag.forecast_aggregate_sales manual__2025-03-31T20:38:09.840761+00:00 [queued]>
[2025-03-31T20:38:14.547+0000] {taskinstance.py:2865} INFO - Starting attempt 1 of 2
[2025-03-31T20:38:14.584+0000] {taskinstance.py:2888} INFO - Executing <Task(PythonOperator): forecast_aggregate_sales> on 2025-03-31 20:38:09.840761+00:00
[2025-03-31T20:38:14.596+0000] {standard_task_runner.py:72} INFO - Started process 8019 to run task
[2025-03-31T20:38:14.601+0000] {standard_task_runner.py:104} INFO - Running: ['***', 'tasks', 'run', 'forecast_sales_dag', 'forecast_aggregate_sales', 'manual__2025-03-31T20:38:09.840761+00:00', '--job-id', '339', '--raw', '--subdir', 'DAGS_FOLDER/forecast_etl.py', '--cfg-path', '/tmp/tmpi49t6ygx']
[2025-03-31T20:38:14.604+0000] {standard_task_runner.py:105} INFO - Job 339: Subtask forecast_aggregate_sales
[2025-03-31T20:38:14.706+0000] {task_command.py:467} INFO - Running <TaskInstance: forecast_sales_dag.forecast_aggregate_sales manual__2025-03-31T20:38:09.840761+00:00 [running]> on host 2eb76630dc09
[2025-03-31T20:38:14.959+0000] {taskinstance.py:3131} INFO - Exporting env vars: AIRFLOW_CTX_DAG_OWNER='***' AIRFLOW_CTX_DAG_ID='forecast_sales_dag' AIRFLOW_CTX_TASK_ID='forecast_aggregate_sales' AIRFLOW_CTX_EXECUTION_DATE='2025-03-31T20:38:09.840761+00:00' AIRFLOW_CTX_TRY_NUMBER='1' AIRFLOW_CTX_DAG_RUN_ID='manual__2025-03-31T20:38:09.840761+00:00'
[2025-03-31T20:38:14.962+0000] {logging_mixin.py:190} INFO - Task instance is in running state
[2025-03-31T20:38:14.963+0000] {logging_mixin.py:190} INFO -  Previous state of the Task instance: queued
[2025-03-31T20:38:14.966+0000] {logging_mixin.py:190} INFO - Current task name:forecast_aggregate_sales state:running start_date:2025-03-31 20:38:14.529426+00:00
[2025-03-31T20:38:14.969+0000] {logging_mixin.py:190} INFO - Dag name:forecast_sales_dag and current dag run status:running
[2025-03-31T20:38:14.971+0000] {taskinstance.py:731} INFO - ::endgroup::
[2025-03-31T20:38:15.042+0000] {forecaster.py:961} INFO - Disabling daily seasonality. Run prophet with daily_seasonality=True to override this.
[2025-03-31T20:38:15.070+0000] {filesystem.py:118} DEBUG - input tempfile: /tmp/tmpem4ndey4/f18h30ok.json
[2025-03-31T20:38:15.180+0000] {filesystem.py:118} DEBUG - input tempfile: /tmp/tmpem4ndey4/zhnlj48z.json
[2025-03-31T20:38:15.184+0000] {model.py:2042} DEBUG - idx 0
[2025-03-31T20:38:15.187+0000] {model.py:2043} DEBUG - running CmdStan, num_threads: None
[2025-03-31T20:38:15.189+0000] {model.py:2055} DEBUG - CmdStan args: ['/home/***/.local/lib/python3.9/site-packages/prophet/stan_model/prophet_model.bin', 'random', 'seed=71838', 'data', 'file=/tmp/tmpem4ndey4/f18h30ok.json', 'init=/tmp/tmpem4ndey4/zhnlj48z.json', 'output', 'file=/tmp/tmpem4ndey4/prophet_modelunzvly4z/prophet_model-20250331203815.csv', 'method=optimize', 'algorithm=lbfgs', 'iter=10000']
[2025-03-31T20:38:15.191+0000] {logging_mixin.py:190} WARNING - 20:38:15 - cmdstanpy - INFO - Chain [1] start processing
[2025-03-31T20:38:15.191+0000] {model.py:2058} INFO - Chain [1] start processing
[2025-03-31T20:38:15.268+0000] {logging_mixin.py:190} WARNING - 20:38:15 - cmdstanpy - INFO - Chain [1] done processing
[2025-03-31T20:38:15.268+0000] {model.py:2115} INFO - Chain [1] done processing
[2025-03-31T20:38:17.032+0000] {logging_mixin.py:190} INFO - Aggregate sales forecast completed and results saved.
[2025-03-31T20:38:17.036+0000] {python.py:240} INFO - Done. Returned value was: None
[2025-03-31T20:38:17.060+0000] {taskinstance.py:340} INFO - ::group::Post task execution logs
[2025-03-31T20:38:17.062+0000] {taskinstance.py:352} INFO - Marking task as SUCCESS. dag_id=forecast_sales_dag, task_id=forecast_aggregate_sales, run_id=manual__2025-03-31T20:38:09.840761+00:00, execution_date=20250331T203809, start_date=20250331T203814, end_date=20250331T203817
[2025-03-31T20:38:17.107+0000] {logging_mixin.py:190} INFO - Task instance in success state
[2025-03-31T20:38:17.109+0000] {logging_mixin.py:190} INFO -  Previous state of the Task instance: running
[2025-03-31T20:38:17.111+0000] {logging_mixin.py:190} INFO - Dag name:forecast_sales_dag queued_at:2025-03-31 20:38:09.860486+00:00
[2025-03-31T20:38:17.113+0000] {logging_mixin.py:190} INFO - Task hostname:2eb76630dc09 operator:PythonOperator
[2025-03-31T20:38:17.148+0000] {local_task_job_runner.py:266} INFO - Task exited with return code 0
[2025-03-31T20:38:17.181+0000] {taskinstance.py:3900} INFO - 1 downstream tasks scheduled from follow-on schedule check
[2025-03-31T20:38:17.204+0000] {local_task_job_runner.py:245} INFO - ::endgroup::
